<?xml version="1.0" encoding="UTF-8"?>
<!-- Generated by org.testng.reporters.JUnitXMLReporter -->
<testsuite ignored="2" hostname="DESKTOP-4JORBA0" failures="1" tests="22" name="TestCategory" time="922.288" errors="0" timestamp="2024-08-02T14:27:48 IST">
  <testcase classname="visionETL.Test.ETL_Category" name="ETL_CT_002" time="14.286"/>
  <testcase classname="visionETL.Test.ETL_Category" name="ETL_CT_003" time="28.789"/>
  <testcase classname="visionETL.Test.ETL_Category" name="ETL_CT_004" time="34.497"/>
  <testcase classname="visionETL.Test.ETL_Category" name="ETL_CT_005" time="48.859"/>
  <testcase classname="visionETL.Test.ETL_Category" name="ETL_CT_006" time="22.718"/>
  <testcase classname="visionETL.Test.ETL_Category" name="ETL_CT_008" time="30.286"/>
  <testcase classname="visionETL.Test.ETL_Category" name="ETL_CT_009" time="25.922"/>
  <testcase classname="visionETL.Test.ETL_Category" name="ETL_CT_010" time="78.994"/>
  <testcase classname="visionETL.Test.ETL_Category" name="ETL_CT_011" time="27.528"/>
  <testcase classname="visionETL.Test.ETL_Category" name="ETL_CT_012" time="18.523"/>
  <testcase classname="visionETL.Test.ETL_Category" name="ETL_CT_013" time="27.158"/>
  <testcase classname="visionETL.Test.ETL_Category" name="ETL_CT_014" time="50.364"/>
  <testcase classname="visionETL.Test.ETL_Category" name="ETL_CT_015" time="43.51"/>
  <testcase classname="visionETL.Test.ETL_Category" name="ETL_CT_016" time="15.72"/>
  <testcase classname="visionETL.Test.ETL_Category" name="ETL_CT_017" time="27.673"/>
  <testcase classname="visionETL.Test.ETL_Category" name="ETL_CT_018" time="54.376"/>
  <testcase classname="visionETL.Test.ETL_Category" name="ETL_CT_019" time="23.461"/>
  <testcase classname="visionETL.Test.ETL_Category" name="ETL_CT_020" time="23.965"/>
  <testcase classname="visionETL.Test.ETL_Category" name="ETL_CT_021" time="53.996"/>
  <testcase classname="visionETL.Test.ETL_Category" name="ETL_CT_022" time="34.276"/>
  <testcase classname="visionETL.Test.ETL_Category" name="ETL_CT_023" time="35.091">
    <failure type="org.openqa.selenium.NoSuchElementException" message="no such element: Unable to locate element: {&amp;quot;method&amp;quot;:&amp;quot;xpath&amp;quot;,&amp;quot;selector&amp;quot;:&amp;quot;//button[contains(text(),&amp;apos;Yes&amp;apos;)]&amp;quot;}
  (Session info: chrome=127.0.6533.88)
For documentation on this error, please visit: https://www.selenium.dev/documentation/webdriver/troubleshooting/errors#no-such-element-exception
Build info: version: &amp;apos;4.14.1&amp;apos;, revision: &amp;apos;03f8ede370&amp;apos;
System info: os.name: &amp;apos;Windows 10&amp;apos;, os.arch: &amp;apos;amd64&amp;apos;, os.version: &amp;apos;10.0&amp;apos;, java.version: &amp;apos;17.0.8.1&amp;apos;
Driver info: org.openqa.selenium.chrome.ChromeDriver
Command: [5c1b8eef9b38b4a088eb5c5263bb9761, findElement {using=xpath, value=//button[contains(text(),&amp;apos;Yes&amp;apos;)]}]
Capabilities {acceptInsecureCerts: false, browserName: chrome, browserVersion: 127.0.6533.88, chrome: {chromedriverVersion: 127.0.6533.88 (a2d0cb026721..., userDataDir: C:\Users\Welcome\AppData\Lo...}, fedcm:accounts: true, goog:chromeOptions: {debuggerAddress: localhost:59151}, networkConnectionEnabled: false, pageLoadStrategy: normal, platformName: windows, proxy: Proxy(), se:cdp: ws://localhost:59151/devtoo..., se:cdpVersion: 127.0.6533.88, setWindowRect: true, strictFileInteractability: false, timeouts: {implicit: 0, pageLoad: 300000, script: 30000}, unhandledPromptBehavior: dismiss and notify, webauthn:extension:credBlob: true, webauthn:extension:largeBlob: true, webauthn:extension:minPinLength: true, webauthn:extension:prf: true, webauthn:virtualAuthenticators: true}
Session ID: 5c1b8eef9b38b4a088eb5c5263bb9761">
      <![CDATA[org.openqa.selenium.NoSuchElementException: no such element: Unable to locate element: {"method":"xpath","selector":"//button[contains(text(),'Yes')]"}
  (Session info: chrome=127.0.6533.88)
For documentation on this error, please visit: https://www.selenium.dev/documentation/webdriver/troubleshooting/errors#no-such-element-exception
Build info: version: '4.14.1', revision: '03f8ede370'
System info: os.name: 'Windows 10', os.arch: 'amd64', os.version: '10.0', java.version: '17.0.8.1'
Driver info: org.openqa.selenium.chrome.ChromeDriver
Command: [5c1b8eef9b38b4a088eb5c5263bb9761, findElement {using=xpath, value=//button[contains(text(),'Yes')]}]
Capabilities {acceptInsecureCerts: false, browserName: chrome, browserVersion: 127.0.6533.88, chrome: {chromedriverVersion: 127.0.6533.88 (a2d0cb026721..., userDataDir: C:\Users\Welcome\AppData\Lo...}, fedcm:accounts: true, goog:chromeOptions: {debuggerAddress: localhost:59151}, networkConnectionEnabled: false, pageLoadStrategy: normal, platformName: windows, proxy: Proxy(), se:cdp: ws://localhost:59151/devtoo..., se:cdpVersion: 127.0.6533.88, setWindowRect: true, strictFileInteractability: false, timeouts: {implicit: 0, pageLoad: 300000, script: 30000}, unhandledPromptBehavior: dismiss and notify, webauthn:extension:credBlob: true, webauthn:extension:largeBlob: true, webauthn:extension:minPinLength: true, webauthn:extension:prf: true, webauthn:virtualAuthenticators: true}
Session ID: 5c1b8eef9b38b4a088eb5c5263bb9761
at org.openqa.selenium.remote.codec.w3c.W3CHttpResponseCodec.createException(W3CHttpResponseCodec.java:200)
at org.openqa.selenium.remote.codec.w3c.W3CHttpResponseCodec.decode(W3CHttpResponseCodec.java:133)
at org.openqa.selenium.remote.codec.w3c.W3CHttpResponseCodec.decode(W3CHttpResponseCodec.java:52)
at org.openqa.selenium.remote.HttpCommandExecutor.execute(HttpCommandExecutor.java:191)
at org.openqa.selenium.remote.service.DriverCommandExecutor.invokeExecute(DriverCommandExecutor.java:200)
at org.openqa.selenium.remote.service.DriverCommandExecutor.execute(DriverCommandExecutor.java:175)
at org.openqa.selenium.remote.RemoteWebDriver.execute(RemoteWebDriver.java:602)
at org.openqa.selenium.remote.ElementLocation$ElementFinder$2.findElement(ElementLocation.java:165)
at org.openqa.selenium.remote.ElementLocation.findElement(ElementLocation.java:59)
at org.openqa.selenium.remote.RemoteWebDriver.findElement(RemoteWebDriver.java:359)
at org.openqa.selenium.remote.RemoteWebDriver.findElement(RemoteWebDriver.java:353)
at visionETL.Test.ETL_Category.ETL_CT_023(ETL_Category.java:1194)
at java.base/java.util.ArrayList.forEach(ArrayList.java:1511)
at java.base/java.util.concurrent.FutureTask.run(FutureTask.java:264)
at java.base/java.util.concurrent.ThreadPoolExecutor.runWorker(ThreadPoolExecutor.java:1136)
at java.base/java.util.concurrent.ThreadPoolExecutor$Worker.run(ThreadPoolExecutor.java:635)
at java.base/java.lang.Thread.run(Thread.java:833)
... Removed 22 stack frames]]>
    </failure>
  </testcase> <!-- ETL_CT_023 -->
  <testcase classname="visionETL.Test.ETL_Category" name="ETL_CT_024" time="33.472"/>
  <testcase classname="visionETL.Test.ETL_Category" name="ETL_CT_001" time="0.0">
    <ignored/>
  </testcase> <!-- ETL_CT_001 -->
  <testcase classname="visionETL.Test.ETL_Category" name="ETL_CT_007" time="0.0">
    <ignored/>
  </testcase> <!-- ETL_CT_007 -->
</testsuite> <!-- TestCategory -->
