<?xml version="1.0" encoding="UTF-8"?>
<!-- Generated by org.testng.reporters.JUnitXMLReporter -->
<testsuite ignored="0" hostname="DESKTOP-4JORBA0" failures="2" tests="13" name="Test" time="42.537" errors="0" timestamp="2024-09-27T14:37:33 IST">
  <testcase classname="visionRA.Test.BaseClass" name="@BeforeMethod setUp" time="2.331">
    <failure type="org.openqa.selenium.NoSuchWindowException" message="no such window: target window already closed
from unknown error: web view not found
  (Session info: chrome=128.0.6613.138)
Build info: version: &amp;apos;4.14.1&amp;apos;, revision: &amp;apos;03f8ede370&amp;apos;
System info: os.name: &amp;apos;Windows 10&amp;apos;, os.arch: &amp;apos;amd64&amp;apos;, os.version: &amp;apos;10.0&amp;apos;, java.version: &amp;apos;21.0.2&amp;apos;
Driver info: org.openqa.selenium.chrome.ChromeDriver
Command: [997b26da62d55742b33a190e4f8a4d75, maximizeCurrentWindow {}]
Capabilities {acceptInsecureCerts: false, browserName: chrome, browserVersion: 128.0.6613.138, chrome: {chromedriverVersion: 128.0.6613.137 (fe621c5aa2d..., userDataDir: C:\Users\Welcome\AppData\Lo...}, fedcm:accounts: true, goog:chromeOptions: {debuggerAddress: localhost:54647}, networkConnectionEnabled: false, pageLoadStrategy: normal, platformName: windows, proxy: Proxy(), setWindowRect: true, strictFileInteractability: false, timeouts: {implicit: 0, pageLoad: 300000, script: 30000}, unhandledPromptBehavior: dismiss and notify, webauthn:extension:credBlob: true, webauthn:extension:largeBlob: true, webauthn:extension:minPinLength: true, webauthn:extension:prf: true, webauthn:virtualAuthenticators: true}
Session ID: 997b26da62d55742b33a190e4f8a4d75">
      <![CDATA[org.openqa.selenium.NoSuchWindowException: no such window: target window already closed
from unknown error: web view not found
  (Session info: chrome=128.0.6613.138)
Build info: version: '4.14.1', revision: '03f8ede370'
System info: os.name: 'Windows 10', os.arch: 'amd64', os.version: '10.0', java.version: '21.0.2'
Driver info: org.openqa.selenium.chrome.ChromeDriver
Command: [997b26da62d55742b33a190e4f8a4d75, maximizeCurrentWindow {}]
Capabilities {acceptInsecureCerts: false, browserName: chrome, browserVersion: 128.0.6613.138, chrome: {chromedriverVersion: 128.0.6613.137 (fe621c5aa2d..., userDataDir: C:\Users\Welcome\AppData\Lo...}, fedcm:accounts: true, goog:chromeOptions: {debuggerAddress: localhost:54647}, networkConnectionEnabled: false, pageLoadStrategy: normal, platformName: windows, proxy: Proxy(), setWindowRect: true, strictFileInteractability: false, timeouts: {implicit: 0, pageLoad: 300000, script: 30000}, unhandledPromptBehavior: dismiss and notify, webauthn:extension:credBlob: true, webauthn:extension:largeBlob: true, webauthn:extension:minPinLength: true, webauthn:extension:prf: true, webauthn:virtualAuthenticators: true}
Session ID: 997b26da62d55742b33a190e4f8a4d75
at org.openqa.selenium.remote.codec.w3c.W3CHttpResponseCodec.createException(W3CHttpResponseCodec.java:200)
at org.openqa.selenium.remote.codec.w3c.W3CHttpResponseCodec.decode(W3CHttpResponseCodec.java:133)
at org.openqa.selenium.remote.codec.w3c.W3CHttpResponseCodec.decode(W3CHttpResponseCodec.java:52)
at org.openqa.selenium.remote.HttpCommandExecutor.execute(HttpCommandExecutor.java:191)
at org.openqa.selenium.remote.service.DriverCommandExecutor.invokeExecute(DriverCommandExecutor.java:200)
at org.openqa.selenium.remote.service.DriverCommandExecutor.execute(DriverCommandExecutor.java:175)
at org.openqa.selenium.remote.RemoteWebDriver.execute(RemoteWebDriver.java:602)
at org.openqa.selenium.remote.RemoteWebDriver.execute(RemoteWebDriver.java:675)
at org.openqa.selenium.remote.RemoteWebDriver.execute(RemoteWebDriver.java:679)
at org.openqa.selenium.remote.RemoteWebDriver$RemoteWebDriverOptions$RemoteWindow.maximize(RemoteWebDriver.java:1073)
at visionRA.Test.BaseClass.setUp(BaseClass.java:21)
at java.base/java.util.ArrayList.forEach(ArrayList.java:1596)
... Removed 32 stack frames]]>
    </failure>
  </testcase> <!-- @BeforeMethod setUp -->
  <testcase classname="visionRA.Test.RA_ReconConfiguration" name="@BeforeMethod setUpLogin" time="-1.727428053142E9">
    <skipped/>
  </testcase> <!-- @BeforeMethod setUpLogin -->
  <testcase classname="visionRA.Test.BaseClass" name="@AfterMethod tearDown" time="-1.727428053164E9">
    <skipped/>
  </testcase> <!-- @AfterMethod tearDown -->
  <testcase classname="visionRA.Test.BaseClass" name="@BeforeMethod setUp" time="-1.72742805317E9">
    <skipped/>
  </testcase> <!-- @BeforeMethod setUp -->
  <testcase classname="visionRA.Test.RA_ReconConfiguration" name="@BeforeMethod setUpLogin" time="-1.727428053174E9">
    <skipped/>
  </testcase> <!-- @BeforeMethod setUpLogin -->
  <testcase classname="visionRA.Test.BaseClass" name="@AfterMethod tearDown" time="-1.727428053195E9">
    <skipped/>
  </testcase> <!-- @AfterMethod tearDown -->
  <testcase classname="visionRA.Test.BaseClass" name="@BeforeMethod setUp" time="-1.727428053199E9">
    <skipped/>
  </testcase> <!-- @BeforeMethod setUp -->
  <testcase classname="visionRA.Test.RA_ReconConfiguration" name="@BeforeMethod setUpLogin" time="-1.727428053203E9">
    <skipped/>
  </testcase> <!-- @BeforeMethod setUpLogin -->
  <testcase classname="visionRA.Test.BaseClass" name="@AfterMethod tearDown" time="-1.727428053219E9">
    <skipped/>
  </testcase> <!-- @AfterMethod tearDown -->
  <testcase classname="visionRA.Test.BaseClass" name="@BeforeMethod setUp" time="-1.727428053222E9">
    <skipped/>
  </testcase> <!-- @BeforeMethod setUp -->
  <testcase classname="visionRA.Test.RA_ReconConfiguration" name="@BeforeMethod setUpLogin" time="-1.727428053226E9">
    <skipped/>
  </testcase> <!-- @BeforeMethod setUpLogin -->
  <testcase classname="visionRA.Test.BaseClass" name="@AfterMethod tearDown" time="-1.727428053253E9">
    <skipped/>
  </testcase> <!-- @AfterMethod tearDown -->
  <testcase classname="visionRA.Test.BaseClass" name="@BeforeMethod setUp" time="-1.727428053262E9">
    <skipped/>
  </testcase> <!-- @BeforeMethod setUp -->
  <testcase classname="visionRA.Test.RA_ReconConfiguration" name="@BeforeMethod setUpLogin" time="-1.727428053267E9">
    <skipped/>
  </testcase> <!-- @BeforeMethod setUpLogin -->
  <testcase classname="visionRA.Test.BaseClass" name="@AfterMethod tearDown" time="-1.727428053288E9">
    <skipped/>
  </testcase> <!-- @AfterMethod tearDown -->
  <testcase classname="visionRA.Test.BaseClass" name="@BeforeMethod setUp" time="-1.727428053291E9">
    <skipped/>
  </testcase> <!-- @BeforeMethod setUp -->
  <testcase classname="visionRA.Test.RA_ReconConfiguration" name="@BeforeMethod setUpLogin" time="-1.727428053292E9">
    <skipped/>
  </testcase> <!-- @BeforeMethod setUpLogin -->
  <testcase classname="visionRA.Test.BaseClass" name="@AfterMethod tearDown" time="-1.727428053304E9">
    <skipped/>
  </testcase> <!-- @AfterMethod tearDown -->
  <testcase classname="visionRA.Test.BaseClass" name="@BeforeMethod setUp" time="-1.72742805331E9">
    <skipped/>
  </testcase> <!-- @BeforeMethod setUp -->
  <testcase classname="visionRA.Test.RA_ReconConfiguration" name="@BeforeMethod setUpLogin" time="-1.727428053313E9">
    <skipped/>
  </testcase> <!-- @BeforeMethod setUpLogin -->
  <testcase classname="visionRA.Test.BaseClass" name="@AfterMethod tearDown" time="-1.727428053325E9">
    <skipped/>
  </testcase> <!-- @AfterMethod tearDown -->
  <testcase classname="visionRA.Test.BaseClass" name="@BeforeMethod setUp" time="-1.727428053328E9">
    <skipped/>
  </testcase> <!-- @BeforeMethod setUp -->
  <testcase classname="visionRA.Test.RA_ReconConfiguration" name="@BeforeMethod setUpLogin" time="-1.72742805333E9">
    <skipped/>
  </testcase> <!-- @BeforeMethod setUpLogin -->
  <testcase classname="visionRA.Test.BaseClass" name="@AfterMethod tearDown" time="-1.727428053342E9">
    <skipped/>
  </testcase> <!-- @AfterMethod tearDown -->
  <testcase classname="visionRA.Test.BaseClass" name="@BeforeMethod setUp" time="-1.727428053345E9">
    <skipped/>
  </testcase> <!-- @BeforeMethod setUp -->
  <testcase classname="visionRA.Test.RA_ReconConfiguration" name="@BeforeMethod setUpLogin" time="-1.727428053346E9">
    <skipped/>
  </testcase> <!-- @BeforeMethod setUpLogin -->
  <testcase classname="visionRA.Test.BaseClass" name="@AfterMethod tearDown" time="-1.72742805336E9">
    <skipped/>
  </testcase> <!-- @AfterMethod tearDown -->
  <testcase classname="visionRA.Test.BaseClass" name="@BeforeMethod setUp" time="-1.727428053364E9">
    <skipped/>
  </testcase> <!-- @BeforeMethod setUp -->
  <testcase classname="visionRA.Test.RA_ReconConfiguration" name="@BeforeMethod setUpLogin" time="-1.727428053366E9">
    <skipped/>
  </testcase> <!-- @BeforeMethod setUpLogin -->
  <testcase classname="visionRA.Test.BaseClass" name="@AfterMethod tearDown" time="-1.727428053378E9">
    <skipped/>
  </testcase> <!-- @AfterMethod tearDown -->
  <testcase classname="visionRA.Test.BaseClass" name="@BeforeMethod setUp" time="-1.727428053382E9">
    <skipped/>
  </testcase> <!-- @BeforeMethod setUp -->
  <testcase classname="visionRA.Test.RA_ReconConfiguration" name="@BeforeMethod setUpLogin" time="-1.727428053383E9">
    <skipped/>
  </testcase> <!-- @BeforeMethod setUpLogin -->
  <testcase classname="visionRA.Test.BaseClass" name="@AfterMethod tearDown" time="-1.727428053398E9">
    <skipped/>
  </testcase> <!-- @AfterMethod tearDown -->
  <testcase classname="visionRA.Test.RA_ReconConfiguration" name="RA_RC_001" time="10.261">
    <failure type="org.openqa.selenium.NoSuchElementException" message="no such element: Unable to locate element: {&amp;quot;method&amp;quot;:&amp;quot;xpath&amp;quot;,&amp;quot;selector&amp;quot;:&amp;quot;//body/app-root[1]/app-main-container[1]/div[1]/app-side-bar[1]/div[1]/div[2]/ul[1]/li[3]/a[1]/p[1]&amp;quot;}
  (Session info: chrome=128.0.6613.138)
For documentation on this error, please visit: https://www.selenium.dev/documentation/webdriver/troubleshooting/errors#no-such-element-exception
Build info: version: &amp;apos;4.14.1&amp;apos;, revision: &amp;apos;03f8ede370&amp;apos;
System info: os.name: &amp;apos;Windows 10&amp;apos;, os.arch: &amp;apos;amd64&amp;apos;, os.version: &amp;apos;10.0&amp;apos;, java.version: &amp;apos;21.0.2&amp;apos;
Driver info: org.openqa.selenium.chrome.ChromeDriver
Command: [fbe0cd7ef7ccfad0eb4e871f49e45563, findElement {using=xpath, value=//body/app-root[1]/app-main-container[1]/div[1]/app-side-bar[1]/div[1]/div[2]/ul[1]/li[3]/a[1]/p[1]}]
Capabilities {acceptInsecureCerts: false, browserName: chrome, browserVersion: 128.0.6613.138, chrome: {chromedriverVersion: 128.0.6613.137 (fe621c5aa2d..., userDataDir: C:\Users\Welcome\AppData\Lo...}, fedcm:accounts: true, goog:chromeOptions: {debuggerAddress: localhost:54550}, networkConnectionEnabled: false, pageLoadStrategy: normal, platformName: windows, proxy: Proxy(), se:cdp: ws://localhost:54550/devtoo..., se:cdpVersion: 128.0.6613.138, setWindowRect: true, strictFileInteractability: false, timeouts: {implicit: 0, pageLoad: 300000, script: 30000}, unhandledPromptBehavior: dismiss and notify, webauthn:extension:credBlob: true, webauthn:extension:largeBlob: true, webauthn:extension:minPinLength: true, webauthn:extension:prf: true, webauthn:virtualAuthenticators: true}
Session ID: fbe0cd7ef7ccfad0eb4e871f49e45563">
      <![CDATA[org.openqa.selenium.NoSuchElementException: no such element: Unable to locate element: {"method":"xpath","selector":"//body/app-root[1]/app-main-container[1]/div[1]/app-side-bar[1]/div[1]/div[2]/ul[1]/li[3]/a[1]/p[1]"}
  (Session info: chrome=128.0.6613.138)
For documentation on this error, please visit: https://www.selenium.dev/documentation/webdriver/troubleshooting/errors#no-such-element-exception
Build info: version: '4.14.1', revision: '03f8ede370'
System info: os.name: 'Windows 10', os.arch: 'amd64', os.version: '10.0', java.version: '21.0.2'
Driver info: org.openqa.selenium.chrome.ChromeDriver
Command: [fbe0cd7ef7ccfad0eb4e871f49e45563, findElement {using=xpath, value=//body/app-root[1]/app-main-container[1]/div[1]/app-side-bar[1]/div[1]/div[2]/ul[1]/li[3]/a[1]/p[1]}]
Capabilities {acceptInsecureCerts: false, browserName: chrome, browserVersion: 128.0.6613.138, chrome: {chromedriverVersion: 128.0.6613.137 (fe621c5aa2d..., userDataDir: C:\Users\Welcome\AppData\Lo...}, fedcm:accounts: true, goog:chromeOptions: {debuggerAddress: localhost:54550}, networkConnectionEnabled: false, pageLoadStrategy: normal, platformName: windows, proxy: Proxy(), se:cdp: ws://localhost:54550/devtoo..., se:cdpVersion: 128.0.6613.138, setWindowRect: true, strictFileInteractability: false, timeouts: {implicit: 0, pageLoad: 300000, script: 30000}, unhandledPromptBehavior: dismiss and notify, webauthn:extension:credBlob: true, webauthn:extension:largeBlob: true, webauthn:extension:minPinLength: true, webauthn:extension:prf: true, webauthn:virtualAuthenticators: true}
Session ID: fbe0cd7ef7ccfad0eb4e871f49e45563
at org.openqa.selenium.remote.codec.w3c.W3CHttpResponseCodec.createException(W3CHttpResponseCodec.java:200)
at org.openqa.selenium.remote.codec.w3c.W3CHttpResponseCodec.decode(W3CHttpResponseCodec.java:133)
at org.openqa.selenium.remote.codec.w3c.W3CHttpResponseCodec.decode(W3CHttpResponseCodec.java:52)
at org.openqa.selenium.remote.HttpCommandExecutor.execute(HttpCommandExecutor.java:191)
at org.openqa.selenium.remote.service.DriverCommandExecutor.invokeExecute(DriverCommandExecutor.java:200)
at org.openqa.selenium.remote.service.DriverCommandExecutor.execute(DriverCommandExecutor.java:175)
at org.openqa.selenium.remote.RemoteWebDriver.execute(RemoteWebDriver.java:602)
at org.openqa.selenium.remote.ElementLocation$ElementFinder$2.findElement(ElementLocation.java:165)
at org.openqa.selenium.remote.ElementLocation.findElement(ElementLocation.java:59)
at org.openqa.selenium.remote.RemoteWebDriver.findElement(RemoteWebDriver.java:359)
at org.openqa.selenium.remote.RemoteWebDriver.findElement(RemoteWebDriver.java:353)
at visionRA.Test.RA_ReconConfiguration.RA_RC_001(RA_ReconConfiguration.java:51)
at java.base/java.util.ArrayList.forEach(ArrayList.java:1596)
... Removed 28 stack frames]]>
    </failure>
  </testcase> <!-- RA_RC_001 -->
  <testcase classname="visionRA.Test.RA_ReconConfiguration" name="RA_RC_002" time="11.316">
    <failure type="org.openqa.selenium.NoSuchElementException" message="no such element: Unable to locate element: {&amp;quot;method&amp;quot;:&amp;quot;xpath&amp;quot;,&amp;quot;selector&amp;quot;:&amp;quot;//body/app-root[1]/app-main-container[1]/div[1]/app-side-bar[1]/div[1]/div[2]/ul[1]/li[3]/a[1]/p[1]&amp;quot;}
  (Session info: chrome=128.0.6613.138)
For documentation on this error, please visit: https://www.selenium.dev/documentation/webdriver/troubleshooting/errors#no-such-element-exception
Build info: version: &amp;apos;4.14.1&amp;apos;, revision: &amp;apos;03f8ede370&amp;apos;
System info: os.name: &amp;apos;Windows 10&amp;apos;, os.arch: &amp;apos;amd64&amp;apos;, os.version: &amp;apos;10.0&amp;apos;, java.version: &amp;apos;21.0.2&amp;apos;
Driver info: org.openqa.selenium.chrome.ChromeDriver
Command: [a7eceea45692b1ea4952fe974ea159d2, findElement {using=xpath, value=//body/app-root[1]/app-main-container[1]/div[1]/app-side-bar[1]/div[1]/div[2]/ul[1]/li[3]/a[1]/p[1]}]
Capabilities {acceptInsecureCerts: false, browserName: chrome, browserVersion: 128.0.6613.138, chrome: {chromedriverVersion: 128.0.6613.137 (fe621c5aa2d..., userDataDir: C:\Users\Welcome\AppData\Lo...}, fedcm:accounts: true, goog:chromeOptions: {debuggerAddress: localhost:54599}, networkConnectionEnabled: false, pageLoadStrategy: normal, platformName: windows, proxy: Proxy(), se:cdp: ws://localhost:54599/devtoo..., se:cdpVersion: 128.0.6613.138, setWindowRect: true, strictFileInteractability: false, timeouts: {implicit: 0, pageLoad: 300000, script: 30000}, unhandledPromptBehavior: dismiss and notify, webauthn:extension:credBlob: true, webauthn:extension:largeBlob: true, webauthn:extension:minPinLength: true, webauthn:extension:prf: true, webauthn:virtualAuthenticators: true}
Session ID: a7eceea45692b1ea4952fe974ea159d2">
      <![CDATA[org.openqa.selenium.NoSuchElementException: no such element: Unable to locate element: {"method":"xpath","selector":"//body/app-root[1]/app-main-container[1]/div[1]/app-side-bar[1]/div[1]/div[2]/ul[1]/li[3]/a[1]/p[1]"}
  (Session info: chrome=128.0.6613.138)
For documentation on this error, please visit: https://www.selenium.dev/documentation/webdriver/troubleshooting/errors#no-such-element-exception
Build info: version: '4.14.1', revision: '03f8ede370'
System info: os.name: 'Windows 10', os.arch: 'amd64', os.version: '10.0', java.version: '21.0.2'
Driver info: org.openqa.selenium.chrome.ChromeDriver
Command: [a7eceea45692b1ea4952fe974ea159d2, findElement {using=xpath, value=//body/app-root[1]/app-main-container[1]/div[1]/app-side-bar[1]/div[1]/div[2]/ul[1]/li[3]/a[1]/p[1]}]
Capabilities {acceptInsecureCerts: false, browserName: chrome, browserVersion: 128.0.6613.138, chrome: {chromedriverVersion: 128.0.6613.137 (fe621c5aa2d..., userDataDir: C:\Users\Welcome\AppData\Lo...}, fedcm:accounts: true, goog:chromeOptions: {debuggerAddress: localhost:54599}, networkConnectionEnabled: false, pageLoadStrategy: normal, platformName: windows, proxy: Proxy(), se:cdp: ws://localhost:54599/devtoo..., se:cdpVersion: 128.0.6613.138, setWindowRect: true, strictFileInteractability: false, timeouts: {implicit: 0, pageLoad: 300000, script: 30000}, unhandledPromptBehavior: dismiss and notify, webauthn:extension:credBlob: true, webauthn:extension:largeBlob: true, webauthn:extension:minPinLength: true, webauthn:extension:prf: true, webauthn:virtualAuthenticators: true}
Session ID: a7eceea45692b1ea4952fe974ea159d2
at org.openqa.selenium.remote.codec.w3c.W3CHttpResponseCodec.createException(W3CHttpResponseCodec.java:200)
at org.openqa.selenium.remote.codec.w3c.W3CHttpResponseCodec.decode(W3CHttpResponseCodec.java:133)
at org.openqa.selenium.remote.codec.w3c.W3CHttpResponseCodec.decode(W3CHttpResponseCodec.java:52)
at org.openqa.selenium.remote.HttpCommandExecutor.execute(HttpCommandExecutor.java:191)
at org.openqa.selenium.remote.service.DriverCommandExecutor.invokeExecute(DriverCommandExecutor.java:200)
at org.openqa.selenium.remote.service.DriverCommandExecutor.execute(DriverCommandExecutor.java:175)
at org.openqa.selenium.remote.RemoteWebDriver.execute(RemoteWebDriver.java:602)
at org.openqa.selenium.remote.ElementLocation$ElementFinder$2.findElement(ElementLocation.java:165)
at org.openqa.selenium.remote.ElementLocation.findElement(ElementLocation.java:59)
at org.openqa.selenium.remote.RemoteWebDriver.findElement(RemoteWebDriver.java:359)
at org.openqa.selenium.remote.RemoteWebDriver.findElement(RemoteWebDriver.java:353)
at visionRA.Test.RA_ReconConfiguration.RA_RC_002(RA_ReconConfiguration.java:91)
at java.base/java.util.ArrayList.forEach(ArrayList.java:1596)
... Removed 28 stack frames]]>
    </failure>
  </testcase> <!-- RA_RC_002 -->
  <testcase classname="visionRA.Test.RA_ReconConfiguration" name="RA_RC_003" time="0.001">
    <skipped/>
  </testcase> <!-- RA_RC_003 -->
  <testcase classname="visionRA.Test.RA_ReconConfiguration" name="RA_RC_006" time="0.0">
    <skipped/>
  </testcase> <!-- RA_RC_006 -->
  <testcase classname="visionRA.Test.RA_ReconConfiguration" name="RA_RC_007" time="0.0">
    <skipped/>
  </testcase> <!-- RA_RC_007 -->
  <testcase classname="visionRA.Test.RA_ReconConfiguration" name="RA_RC_008" time="0.0">
    <skipped/>
  </testcase> <!-- RA_RC_008 -->
  <testcase classname="visionRA.Test.RA_ReconConfiguration" name="RA_RC_009" time="0.0">
    <skipped/>
  </testcase> <!-- RA_RC_009 -->
  <testcase classname="visionRA.Test.RA_ReconConfiguration" name="RA_RC_010" time="0.0">
    <skipped/>
  </testcase> <!-- RA_RC_010 -->
  <testcase classname="visionRA.Test.RA_ReconConfiguration" name="RA_RC_011" time="0.0">
    <skipped/>
  </testcase> <!-- RA_RC_011 -->
  <testcase classname="visionRA.Test.RA_ReconConfiguration" name="RA_RC_012" time="0.0">
    <skipped/>
  </testcase> <!-- RA_RC_012 -->
  <testcase classname="visionRA.Test.RA_ReconConfiguration" name="RA_RC_013" time="0.0">
    <skipped/>
  </testcase> <!-- RA_RC_013 -->
  <testcase classname="visionRA.Test.RA_ReconConfiguration" name="RA_RC_014" time="0.0">
    <skipped/>
  </testcase> <!-- RA_RC_014 -->
  <testcase classname="visionRA.Test.RA_ReconConfiguration" name="RA_RC_015" time="0.0">
    <skipped/>
  </testcase> <!-- RA_RC_015 -->
</testsuite> <!-- Test -->
