<?xml version="1.0" encoding="UTF-8"?>
<!-- Generated by org.testng.reporters.JUnitReportReporter -->
<testsuite hostname="DESKTOP-4JORBA0" failures="0" tests="25" name="visionRA.Test.RA_TranslineConfig" time="1523.234" errors="1" timestamp="2024-10-18T15:28:44 IST" skipped="0">
  <testcase classname="visionRA.Test.RA_TranslineConfig" name="VAT_TAS_DC_001" time="25.292"/>
  <system-out/>
  <testcase classname="visionRA.Test.RA_TranslineConfig" name="VAT_TAS_DC_002" time="67.843"/>
  <system-out/>
  <testcase classname="visionRA.Test.RA_TranslineConfig" name="VAT_TAS_DC_003" time="35.607"/>
  <system-out/>
  <testcase classname="visionRA.Test.RA_TranslineConfig" name="VAT_TAS_DC_004" time="40.173"/>
  <system-out/>
  <testcase classname="visionRA.Test.RA_TranslineConfig" name="VAT_TAS_DC_005" time="35.825"/>
  <system-out/>
  <testcase classname="visionRA.Test.RA_TranslineConfig" name="VAT_TAS_DC_006" time="38.524"/>
  <system-out/>
  <testcase classname="visionRA.Test.RA_TranslineConfig" name="VAT_TAS_DC_008" time="37.094"/>
  <system-out/>
  <testcase classname="visionRA.Test.RA_TranslineConfig" name="VAT_TAS_DC_009" time="51.260"/>
  <system-out/>
  <testcase classname="visionRA.Test.RA_TranslineConfig" name="VAT_TAS_DC_010" time="50.230"/>
  <system-out/>
  <testcase classname="visionRA.Test.RA_TranslineConfig" name="VAT_TAS_DC_011" time="58.882"/>
  <system-out/>
  <testcase classname="visionRA.Test.RA_TranslineConfig" name="VAT_TAS_DC_012" time="45.879"/>
  <system-out/>
  <testcase classname="visionRA.Test.RA_TranslineConfig" name="VAT_TAS_DC_013" time="45.956"/>
  <system-out/>
  <testcase classname="visionRA.Test.RA_TranslineConfig" name="VAT_TAS_DC_015" time="76.007"/>
  <system-out/>
  <testcase classname="visionRA.Test.RA_TranslineConfig" name="VAT_TAS_DC_016" time="85.063"/>
  <system-out/>
  <testcase classname="visionRA.Test.RA_TranslineConfig" name="VAT_TAS_DC_017" time="94.444"/>
  <system-out/>
  <testcase classname="visionRA.Test.RA_TranslineConfig" name="VAT_TAS_DC_019" time="65.859"/>
  <system-out/>
  <testcase classname="visionRA.Test.RA_TranslineConfig" name="VAT_TAS_DC_023" time="54.090"/>
  <system-out/>
  <testcase classname="visionRA.Test.RA_TranslineConfig" name="VAT_TAS_DC_026" time="99.647"/>
  <system-out/>
  <testcase classname="visionRA.Test.RA_TranslineConfig" name="VAT_TAS_DC_007" time="42.116"/>
  <system-out/>
  <testcase classname="visionRA.Test.RA_TranslineConfig" name="VAT_TAS_DC_024" time="87.619"/>
  <system-out/>
  <testcase classname="visionRA.Test.RA_TranslineConfig" name="VAT_TAS_DC_025" time="80.719"/>
  <system-out/>
  <testcase classname="visionRA.Test.RA_TranslineConfig" name="VAT_TAS_DC_028" time="47.829"/>
  <system-out/>
  <testcase classname="visionRA.Test.RA_TranslineConfig" name="VAT_TAS_DC_029" time="117.804"/>
  <system-out/>
  <testcase classname="visionRA.Test.RA_TranslineConfig" name="VAT_TAS_DC_031" time="44.817"/>
  <system-out/>
  <testcase classname="visionRA.Test.RA_TranslineConfig" name="VAT_TAS_DC_021" time="94.655">
    <error message="no such element: Unable to locate element: {&quot;method&quot;:&quot;xpath&quot;,&quot;selector&quot;:&quot;//button[contains(text(),&#039;Yes&#039;)]&quot;}
  (Session info: chrome=129.0.6668.90)
For documentation on this error, please visit: https://www.selenium.dev/documentation/webdriver/troubleshooting/errors#no-such-element-exception
Build info: version: &#039;4.14.1&#039;, revision: &#039;03f8ede370&#039;
System info: os.name: &#039;Windows 10&#039;, os.arch: &#039;amd64&#039;, os.version: &#039;10.0&#039;, java.version: &#039;21.0.2&#039;
Driver info: org.openqa.selenium.chrome.ChromeDriver
Command: [10b38ab48481d015a79598e8c8c7136e, findElement {using=xpath, value=//button[contains(text(),&#039;Yes&#039;)]}]
Capabilities {acceptInsecureCerts: false, browserName: chrome, browserVersion: 129.0.6668.90, chrome: {chromedriverVersion: 129.0.6668.100 (cf58cba358d..., userDataDir: C:\Users\Welcome\AppData\Lo...}, fedcm:accounts: true, goog:chromeOptions: {debuggerAddress: localhost:53810}, networkConnectionEnabled: false, pageLoadStrategy: normal, platformName: windows, proxy: Proxy(), se:cdp: ws://localhost:53810/devtoo..., se:cdpVersion: 129.0.6668.90, setWindowRect: true, strictFileInteractability: false, timeouts: {implicit: 0, pageLoad: 300000, script: 30000}, unhandledPromptBehavior: dismiss and notify, webauthn:extension:credBlob: true, webauthn:extension:largeBlob: true, webauthn:extension:minPinLength: true, webauthn:extension:prf: true, webauthn:virtualAuthenticators: true}
Session ID: 10b38ab48481d015a79598e8c8c7136e" type="org.openqa.selenium.NoSuchElementException">
      <![CDATA[org.openqa.selenium.NoSuchElementException: no such element: Unable to locate element: {"method":"xpath","selector":"//button[contains(text(),'Yes')]"}
  (Session info: chrome=129.0.6668.90)
For documentation on this error, please visit: https://www.selenium.dev/documentation/webdriver/troubleshooting/errors#no-such-element-exception
Build info: version: '4.14.1', revision: '03f8ede370'
System info: os.name: 'Windows 10', os.arch: 'amd64', os.version: '10.0', java.version: '21.0.2'
Driver info: org.openqa.selenium.chrome.ChromeDriver
Command: [10b38ab48481d015a79598e8c8c7136e, findElement {using=xpath, value=//button[contains(text(),'Yes')]}]
Capabilities {acceptInsecureCerts: false, browserName: chrome, browserVersion: 129.0.6668.90, chrome: {chromedriverVersion: 129.0.6668.100 (cf58cba358d..., userDataDir: C:\Users\Welcome\AppData\Lo...}, fedcm:accounts: true, goog:chromeOptions: {debuggerAddress: localhost:53810}, networkConnectionEnabled: false, pageLoadStrategy: normal, platformName: windows, proxy: Proxy(), se:cdp: ws://localhost:53810/devtoo..., se:cdpVersion: 129.0.6668.90, setWindowRect: true, strictFileInteractability: false, timeouts: {implicit: 0, pageLoad: 300000, script: 30000}, unhandledPromptBehavior: dismiss and notify, webauthn:extension:credBlob: true, webauthn:extension:largeBlob: true, webauthn:extension:minPinLength: true, webauthn:extension:prf: true, webauthn:virtualAuthenticators: true}
Session ID: 10b38ab48481d015a79598e8c8c7136e
at java.base/jdk.internal.reflect.DirectConstructorHandleAccessor.newInstance(DirectConstructorHandleAccessor.java:62)
at java.base/java.lang.reflect.Constructor.newInstanceWithCaller(Constructor.java:502)
at java.base/java.lang.reflect.Constructor.newInstance(Constructor.java:486)
at org.openqa.selenium.remote.codec.w3c.W3CHttpResponseCodec.createException(W3CHttpResponseCodec.java:200)
at org.openqa.selenium.remote.codec.w3c.W3CHttpResponseCodec.decode(W3CHttpResponseCodec.java:133)
at org.openqa.selenium.remote.codec.w3c.W3CHttpResponseCodec.decode(W3CHttpResponseCodec.java:52)
at org.openqa.selenium.remote.HttpCommandExecutor.execute(HttpCommandExecutor.java:191)
at org.openqa.selenium.remote.service.DriverCommandExecutor.invokeExecute(DriverCommandExecutor.java:200)
at org.openqa.selenium.remote.service.DriverCommandExecutor.execute(DriverCommandExecutor.java:175)
at org.openqa.selenium.remote.RemoteWebDriver.execute(RemoteWebDriver.java:602)
at org.openqa.selenium.remote.ElementLocation$ElementFinder$2.findElement(ElementLocation.java:165)
at org.openqa.selenium.remote.ElementLocation.findElement(ElementLocation.java:59)
at org.openqa.selenium.remote.RemoteWebDriver.findElement(RemoteWebDriver.java:359)
at org.openqa.selenium.remote.RemoteWebDriver.findElement(RemoteWebDriver.java:353)
at visionRA.Test.RA_TranslineConfig.VAT_TAS_DC_021(RA_TranslineConfig.java:1630)
at java.base/jdk.internal.reflect.DirectMethodHandleAccessor.invoke(DirectMethodHandleAccessor.java:103)
at java.base/java.lang.reflect.Method.invoke(Method.java:580)
at org.testng.internal.MethodInvocationHelper.invokeMethod(MethodInvocationHelper.java:133)
at org.testng.internal.TestInvoker.invokeMethod(TestInvoker.java:598)
at org.testng.internal.TestInvoker.invokeTestMethod(TestInvoker.java:173)
at org.testng.internal.MethodRunner.runInSequence(MethodRunner.java:46)
at org.testng.internal.TestInvoker$MethodInvocationAgent.invoke(TestInvoker.java:824)
at org.testng.internal.TestInvoker.invokeTestMethods(TestInvoker.java:146)
at org.testng.internal.TestMethodWorker.invokeTestMethods(TestMethodWorker.java:146)
at org.testng.internal.TestMethodWorker.run(TestMethodWorker.java:128)
at java.base/java.util.ArrayList.forEach(ArrayList.java:1596)
at org.testng.TestRunner.privateRun(TestRunner.java:794)
at org.testng.TestRunner.run(TestRunner.java:596)
at org.testng.SuiteRunner.runTest(SuiteRunner.java:377)
at org.testng.SuiteRunner.runSequentially(SuiteRunner.java:371)
at org.testng.SuiteRunner.privateRun(SuiteRunner.java:332)
at org.testng.SuiteRunner.run(SuiteRunner.java:276)
at org.testng.SuiteRunnerWorker.runSuite(SuiteRunnerWorker.java:53)
at org.testng.SuiteRunnerWorker.run(SuiteRunnerWorker.java:96)
at org.testng.TestNG.runSuitesSequentially(TestNG.java:1212)
at org.testng.TestNG.runSuitesLocally(TestNG.java:1134)
at org.testng.TestNG.runSuites(TestNG.java:1063)
at org.testng.TestNG.run(TestNG.java:1031)
at org.testng.remote.AbstractRemoteTestNG.run(AbstractRemoteTestNG.java:115)
at org.testng.remote.RemoteTestNG.initAndRun(RemoteTestNG.java:251)
at org.testng.remote.RemoteTestNG.main(RemoteTestNG.java:77)
]]>
    </error>
  </testcase> <!-- VAT_TAS_DC_021 -->
  <system-out/>
</testsuite> <!-- visionRA.Test.RA_TranslineConfig -->
