<?xml version="1.0" encoding="UTF-8"?>
<!-- Generated by org.testng.reporters.JUnitReportReporter -->
<testsuite hostname="DESKTOP-4JORBA0" failures="0" tests="40" name="Vision_ETL_v1.LandingPage" time="1264.079" errors="5" timestamp="2024-09-04T20:08:56 IST" skipped="1">
  <testcase classname="Vision_ETL_v1.LandingPage" name="ETL_LP_035" time="39.914"/>
  <system-out/>
  <testcase classname="Vision_ETL_v1.LandingPage" name="ETL_LP_032" time="34.452"/>
  <system-out/>
  <testcase classname="Vision_ETL_v1.LandingPage" name="ETL_LP_029" time="30.138">
    <error message="no such element: Unable to locate element: {&quot;method&quot;:&quot;xpath&quot;,&quot;selector&quot;:&quot;//div[contains(text(),&#039;PDF&#039;)]&quot;}
  (Session info: chrome=128.0.6613.85)
For documentation on this error, please visit: https://www.selenium.dev/documentation/webdriver/troubleshooting/errors#no-such-element-exception
Build info: version: &#039;4.14.1&#039;, revision: &#039;03f8ede370&#039;
System info: os.name: &#039;Windows 10&#039;, os.arch: &#039;amd64&#039;, os.version: &#039;10.0&#039;, java.version: &#039;21.0.2&#039;
Driver info: org.openqa.selenium.chrome.ChromeDriver
Command: [d4904d884d990f5ac5c9ebaf4ea15091, findElement {using=xpath, value=//div[contains(text(),&#039;PDF&#039;)]}]
Capabilities {acceptInsecureCerts: false, browserName: chrome, browserVersion: 128.0.6613.85, chrome: {chromedriverVersion: 128.0.6613.119 (6e439cfca4d..., userDataDir: C:\Users\Welcome\AppData\Lo...}, fedcm:accounts: true, goog:chromeOptions: {debuggerAddress: localhost:55755}, networkConnectionEnabled: false, pageLoadStrategy: normal, platformName: windows, proxy: Proxy(), se:cdp: ws://localhost:55755/devtoo..., se:cdpVersion: 128.0.6613.85, setWindowRect: true, strictFileInteractability: false, timeouts: {implicit: 0, pageLoad: 300000, script: 30000}, unhandledPromptBehavior: dismiss and notify, webauthn:extension:credBlob: true, webauthn:extension:largeBlob: true, webauthn:extension:minPinLength: true, webauthn:extension:prf: true, webauthn:virtualAuthenticators: true}
Session ID: d4904d884d990f5ac5c9ebaf4ea15091" type="org.openqa.selenium.NoSuchElementException">
      <![CDATA[org.openqa.selenium.NoSuchElementException: no such element: Unable to locate element: {"method":"xpath","selector":"//div[contains(text(),'PDF')]"}
  (Session info: chrome=128.0.6613.85)
For documentation on this error, please visit: https://www.selenium.dev/documentation/webdriver/troubleshooting/errors#no-such-element-exception
Build info: version: '4.14.1', revision: '03f8ede370'
System info: os.name: 'Windows 10', os.arch: 'amd64', os.version: '10.0', java.version: '21.0.2'
Driver info: org.openqa.selenium.chrome.ChromeDriver
Command: [d4904d884d990f5ac5c9ebaf4ea15091, findElement {using=xpath, value=//div[contains(text(),'PDF')]}]
Capabilities {acceptInsecureCerts: false, browserName: chrome, browserVersion: 128.0.6613.85, chrome: {chromedriverVersion: 128.0.6613.119 (6e439cfca4d..., userDataDir: C:\Users\Welcome\AppData\Lo...}, fedcm:accounts: true, goog:chromeOptions: {debuggerAddress: localhost:55755}, networkConnectionEnabled: false, pageLoadStrategy: normal, platformName: windows, proxy: Proxy(), se:cdp: ws://localhost:55755/devtoo..., se:cdpVersion: 128.0.6613.85, setWindowRect: true, strictFileInteractability: false, timeouts: {implicit: 0, pageLoad: 300000, script: 30000}, unhandledPromptBehavior: dismiss and notify, webauthn:extension:credBlob: true, webauthn:extension:largeBlob: true, webauthn:extension:minPinLength: true, webauthn:extension:prf: true, webauthn:virtualAuthenticators: true}
Session ID: d4904d884d990f5ac5c9ebaf4ea15091
at java.base/jdk.internal.reflect.DirectConstructorHandleAccessor.newInstance(DirectConstructorHandleAccessor.java:62)
at java.base/java.lang.reflect.Constructor.newInstanceWithCaller(Constructor.java:502)
at java.base/java.lang.reflect.Constructor.newInstance(Constructor.java:486)
at org.openqa.selenium.remote.codec.w3c.W3CHttpResponseCodec.createException(W3CHttpResponseCodec.java:200)
at org.openqa.selenium.remote.codec.w3c.W3CHttpResponseCodec.decode(W3CHttpResponseCodec.java:133)
at org.openqa.selenium.remote.codec.w3c.W3CHttpResponseCodec.decode(W3CHttpResponseCodec.java:52)
at org.openqa.selenium.remote.HttpCommandExecutor.execute(HttpCommandExecutor.java:191)
at org.openqa.selenium.remote.service.DriverCommandExecutor.invokeExecute(DriverCommandExecutor.java:200)
at org.openqa.selenium.remote.service.DriverCommandExecutor.execute(DriverCommandExecutor.java:175)
at org.openqa.selenium.remote.RemoteWebDriver.execute(RemoteWebDriver.java:602)
at org.openqa.selenium.remote.ElementLocation$ElementFinder$2.findElement(ElementLocation.java:165)
at org.openqa.selenium.remote.ElementLocation.findElement(ElementLocation.java:59)
at org.openqa.selenium.remote.RemoteWebDriver.findElement(RemoteWebDriver.java:359)
at org.openqa.selenium.remote.RemoteWebDriver.findElement(RemoteWebDriver.java:353)
at Vision_ETL_v1.LandingPage.ETL_LP_029(LandingPage.java:109)
at java.base/jdk.internal.reflect.DirectMethodHandleAccessor.invoke(DirectMethodHandleAccessor.java:103)
at java.base/java.lang.reflect.Method.invoke(Method.java:580)
at org.testng.internal.MethodInvocationHelper.invokeMethod(MethodInvocationHelper.java:133)
at org.testng.internal.TestInvoker.invokeMethod(TestInvoker.java:598)
at org.testng.internal.TestInvoker.invokeTestMethod(TestInvoker.java:173)
at org.testng.internal.MethodRunner.runInSequence(MethodRunner.java:46)
at org.testng.internal.TestInvoker$MethodInvocationAgent.invoke(TestInvoker.java:824)
at org.testng.internal.TestInvoker.invokeTestMethods(TestInvoker.java:146)
at org.testng.internal.TestMethodWorker.invokeTestMethods(TestMethodWorker.java:146)
at org.testng.internal.TestMethodWorker.run(TestMethodWorker.java:128)
at java.base/java.util.concurrent.ThreadPoolExecutor.runWorker(ThreadPoolExecutor.java:1144)
at java.base/java.util.concurrent.ThreadPoolExecutor$Worker.run(ThreadPoolExecutor.java:642)
at java.base/java.lang.Thread.run(Thread.java:1583)
]]>
    </error>
  </testcase> <!-- ETL_LP_029 -->
  <system-out/>
  <testcase classname="Vision_ETL_v1.LandingPage" name="ETL_LP_027" time="27.047">
    <error message="element click intercepted: Element &lt;input matinput=&quot;&quot; readonly=&quot;true&quot; class=&quot;mat-input-element mat-form-field-autofill-control mat-input-font ng-tns-c191-2 cdk-text-field-autofill-monitored ng-untouched ng-pristine ng-valid&quot; id=&quot;mat-input-2&quot; aria-invalid=&quot;false&quot; aria-required=&quot;false&quot; aria-haspopup=&quot;dialog&quot; min=&quot;2023-09-04T00:00:00+05:30&quot; max=&quot;2024-09-04T00:00:00+05:30&quot;&gt; is not clickable at point (396, 115). Other element would receive the click: &lt;div class=&quot;cdk-overlay-backdrop mat-overlay-transparent-backdrop cdk-overlay-backdrop-showing&quot;&gt;&lt;/div&gt;
  (Session info: chrome=128.0.6613.85)
Build info: version: &#039;4.14.1&#039;, revision: &#039;03f8ede370&#039;
System info: os.name: &#039;Windows 10&#039;, os.arch: &#039;amd64&#039;, os.version: &#039;10.0&#039;, java.version: &#039;21.0.2&#039;
Driver info: org.openqa.selenium.chrome.ChromeDriver
Command: [ab8b8ba3adc4010e1bf89e141f380255, clickElement {id=f.55BDDE6884EAD98E1B15814E339F8852.d.B2F4A1E6727719AD641E6175579A4181.e.71}]
Capabilities {acceptInsecureCerts: false, browserName: chrome, browserVersion: 128.0.6613.85, chrome: {chromedriverVersion: 128.0.6613.119 (6e439cfca4d..., userDataDir: C:\Users\Welcome\AppData\Lo...}, fedcm:accounts: true, goog:chromeOptions: {debuggerAddress: localhost:55802}, networkConnectionEnabled: false, pageLoadStrategy: normal, platformName: windows, proxy: Proxy(), se:cdp: ws://localhost:55802/devtoo..., se:cdpVersion: 128.0.6613.85, setWindowRect: true, strictFileInteractability: false, timeouts: {implicit: 0, pageLoad: 300000, script: 30000}, unhandledPromptBehavior: dismiss and notify, webauthn:extension:credBlob: true, webauthn:extension:largeBlob: true, webauthn:extension:minPinLength: true, webauthn:extension:prf: true, webauthn:virtualAuthenticators: true}
Element: [[ChromeDriver: chrome on windows (ab8b8ba3adc4010e1bf89e141f380255)] -&gt; xpath: /html[1]/body[1]/app-root[1]/app-main-container[1]/div[1]/div[2]/div[1]/app-pilot[1]/div[1]/div[1]/div[1]/div[1]/div[1]/div[1]/div[1]/div[1]/div[1]/form[1]/div[1]/div[1]/div[2]/div[2]/div[1]/app-custom-date-picker[1]/app-regular-datepicker[1]/mat-form-field[1]/div[1]/div[1]/div[1]/input[1]]
Session ID: ab8b8ba3adc4010e1bf89e141f380255" type="org.openqa.selenium.ElementClickInterceptedException">
      <![CDATA[org.openqa.selenium.ElementClickInterceptedException: element click intercepted: Element <input matinput="" readonly="true" class="mat-input-element mat-form-field-autofill-control mat-input-font ng-tns-c191-2 cdk-text-field-autofill-monitored ng-untouched ng-pristine ng-valid" id="mat-input-2" aria-invalid="false" aria-required="false" aria-haspopup="dialog" min="2023-09-04T00:00:00+05:30" max="2024-09-04T00:00:00+05:30"> is not clickable at point (396, 115). Other element would receive the click: <div class="cdk-overlay-backdrop mat-overlay-transparent-backdrop cdk-overlay-backdrop-showing"></div>
  (Session info: chrome=128.0.6613.85)
Build info: version: '4.14.1', revision: '03f8ede370'
System info: os.name: 'Windows 10', os.arch: 'amd64', os.version: '10.0', java.version: '21.0.2'
Driver info: org.openqa.selenium.chrome.ChromeDriver
Command: [ab8b8ba3adc4010e1bf89e141f380255, clickElement {id=f.55BDDE6884EAD98E1B15814E339F8852.d.B2F4A1E6727719AD641E6175579A4181.e.71}]
Capabilities {acceptInsecureCerts: false, browserName: chrome, browserVersion: 128.0.6613.85, chrome: {chromedriverVersion: 128.0.6613.119 (6e439cfca4d..., userDataDir: C:\Users\Welcome\AppData\Lo...}, fedcm:accounts: true, goog:chromeOptions: {debuggerAddress: localhost:55802}, networkConnectionEnabled: false, pageLoadStrategy: normal, platformName: windows, proxy: Proxy(), se:cdp: ws://localhost:55802/devtoo..., se:cdpVersion: 128.0.6613.85, setWindowRect: true, strictFileInteractability: false, timeouts: {implicit: 0, pageLoad: 300000, script: 30000}, unhandledPromptBehavior: dismiss and notify, webauthn:extension:credBlob: true, webauthn:extension:largeBlob: true, webauthn:extension:minPinLength: true, webauthn:extension:prf: true, webauthn:virtualAuthenticators: true}
Element: [[ChromeDriver: chrome on windows (ab8b8ba3adc4010e1bf89e141f380255)] -> xpath: /html[1]/body[1]/app-root[1]/app-main-container[1]/div[1]/div[2]/div[1]/app-pilot[1]/div[1]/div[1]/div[1]/div[1]/div[1]/div[1]/div[1]/div[1]/div[1]/form[1]/div[1]/div[1]/div[2]/div[2]/div[1]/app-custom-date-picker[1]/app-regular-datepicker[1]/mat-form-field[1]/div[1]/div[1]/div[1]/input[1]]
Session ID: ab8b8ba3adc4010e1bf89e141f380255
at java.base/jdk.internal.reflect.DirectConstructorHandleAccessor.newInstance(DirectConstructorHandleAccessor.java:62)
at java.base/java.lang.reflect.Constructor.newInstanceWithCaller(Constructor.java:502)
at java.base/java.lang.reflect.Constructor.newInstance(Constructor.java:486)
at org.openqa.selenium.remote.codec.w3c.W3CHttpResponseCodec.createException(W3CHttpResponseCodec.java:200)
at org.openqa.selenium.remote.codec.w3c.W3CHttpResponseCodec.decode(W3CHttpResponseCodec.java:133)
at org.openqa.selenium.remote.codec.w3c.W3CHttpResponseCodec.decode(W3CHttpResponseCodec.java:52)
at org.openqa.selenium.remote.HttpCommandExecutor.execute(HttpCommandExecutor.java:191)
at org.openqa.selenium.remote.service.DriverCommandExecutor.invokeExecute(DriverCommandExecutor.java:200)
at org.openqa.selenium.remote.service.DriverCommandExecutor.execute(DriverCommandExecutor.java:175)
at org.openqa.selenium.remote.RemoteWebDriver.execute(RemoteWebDriver.java:602)
at org.openqa.selenium.remote.RemoteWebElement.execute(RemoteWebElement.java:224)
at org.openqa.selenium.remote.RemoteWebElement.click(RemoteWebElement.java:77)
at Vision_ETL_v1.LandingPage.ETL_LP_027(LandingPage.java:141)
at java.base/jdk.internal.reflect.DirectMethodHandleAccessor.invoke(DirectMethodHandleAccessor.java:103)
at java.base/java.lang.reflect.Method.invoke(Method.java:580)
at org.testng.internal.MethodInvocationHelper.invokeMethod(MethodInvocationHelper.java:133)
at org.testng.internal.TestInvoker.invokeMethod(TestInvoker.java:598)
at org.testng.internal.TestInvoker.invokeTestMethod(TestInvoker.java:173)
at org.testng.internal.MethodRunner.runInSequence(MethodRunner.java:46)
at org.testng.internal.TestInvoker$MethodInvocationAgent.invoke(TestInvoker.java:824)
at org.testng.internal.TestInvoker.invokeTestMethods(TestInvoker.java:146)
at org.testng.internal.TestMethodWorker.invokeTestMethods(TestMethodWorker.java:146)
at org.testng.internal.TestMethodWorker.run(TestMethodWorker.java:128)
at java.base/java.util.concurrent.ThreadPoolExecutor.runWorker(ThreadPoolExecutor.java:1144)
at java.base/java.util.concurrent.ThreadPoolExecutor$Worker.run(ThreadPoolExecutor.java:642)
at java.base/java.lang.Thread.run(Thread.java:1583)
]]>
    </error>
  </testcase> <!-- ETL_LP_027 -->
  <system-out/>
  <testcase classname="Vision_ETL_v1.LandingPage" name="ETL_LP_026" time="44.690"/>
  <system-out/>
  <testcase classname="Vision_ETL_v1.LandingPage" name="ETL_LP_025" time="31.750"/>
  <system-out/>
  <testcase classname="Vision_ETL_v1.LandingPage" name="ETL_LP_022" time="21.848"/>
  <system-out/>
  <testcase classname="Vision_ETL_v1.LandingPage" name="ETL_LP_013" time="23.298"/>
  <system-out/>
  <testcase classname="Vision_ETL_v1.LandingPage" name="ETL_LP_014" time="28.220"/>
  <system-out/>
  <testcase classname="Vision_ETL_v1.LandingPage" name="ETL_LP_018" time="33.488"/>
  <system-out/>
  <testcase classname="Vision_ETL_v1.LandingPage" name="ETL_LP_020" time="26.401"/>
  <system-out/>
  <testcase classname="Vision_ETL_v1.LandingPage" name="ETL_LP_021" time="53.352"/>
  <system-out/>
  <testcase classname="Vision_ETL_v1.LandingPage" name="ETL_LP_039" time="34.402"/>
  <system-out/>
  <testcase classname="Vision_ETL_v1.LandingPage" name="ETL_LP_040" time="28.505"/>
  <system-out/>
  <testcase classname="Vision_ETL_v1.LandingPage" name="ETL_LP_041" time="32.160"/>
  <system-out/>
  <testcase classname="Vision_ETL_v1.LandingPage" name="ETL_LP_042" time="33.006"/>
  <system-out/>
  <testcase classname="Vision_ETL_v1.LandingPage" name="ETL_LP_043" time="31.445"/>
  <system-out/>
  <testcase classname="Vision_ETL_v1.LandingPage" name="ETL_LP_044" time="58.903"/>
  <system-out/>
  <testcase classname="Vision_ETL_v1.LandingPage" name="ETL_LP_045" time="38.106"/>
  <system-out/>
  <testcase classname="Vision_ETL_v1.LandingPage" name="ETL_LP_046" time="24.330"/>
  <system-out/>
  <testcase classname="Vision_ETL_v1.LandingPage" name="ETL_LP_047" time="24.431"/>
  <system-out/>
  <testcase classname="Vision_ETL_v1.LandingPage" name="ETL_LP_048" time="36.748"/>
  <system-out/>
  <testcase classname="Vision_ETL_v1.LandingPage" name="ETL_LP_049" time="34.474"/>
  <system-out/>
  <testcase classname="Vision_ETL_v1.LandingPage" name="ETL_LP_006" time="33.393"/>
  <system-out/>
  <testcase classname="Vision_ETL_v1.LandingPage" name="ETL_LP_009" time="22.599"/>
  <system-out/>
  <testcase classname="Vision_ETL_v1.LandingPage" name="ETL_LP_030" time="21.099"/>
  <system-out/>
  <testcase classname="Vision_ETL_v1.LandingPage" name="ETL_LP_034" time="44.092"/>
  <system-out/>
  <testcase classname="Vision_ETL_v1.LandingPage" name="ETL_LP_037" time="20.324"/>
  <system-out/>
  <testcase classname="Vision_ETL_v1.LandingPage" name="ETL_LP_023" time="25.218"/>
  <system-out/>
  <testcase classname="Vision_ETL_v1.LandingPage" name="ETL_LP_028" time="44.759"/>
  <system-out/>
  <testcase classname="Vision_ETL_v1.LandingPage" name="ETL_LP_031" time="38.750"/>
  <system-out/>
  <testcase classname="Vision_ETL_v1.LandingPage" name="ETL_LP_010" time="20.442"/>
  <system-out/>
  <testcase classname="Vision_ETL_v1.LandingPage" name="ETL_LP_050" time="21.112"/>
  <system-out/>
  <testcase classname="Vision_ETL_v1.LandingPage" name="ETL_LP_070" time="33.427"/>
  <system-out/>
  <testcase classname="Vision_ETL_v1.LandingPage" name="ETL_LP_116" time="26.819"/>
  <system-out/>
  <testcase classname="Vision_ETL_v1.LandingPage" name="ETL_LP_063" time="40.209">
    <error message="element click intercepted: Element &lt;button _ngcontent-xek-c290=&quot;&quot; type=&quot;button&quot; class=&quot;btn btn-sm btn-rose btn-outline-dark ng-star-inserted&quot;&gt;...&lt;/button&gt; is not clickable at point (682, 515). Other element would receive the click: &lt;div class=&quot;ng-dropdown-panel-items scroll-host&quot;&gt;...&lt;/div&gt;
  (Session info: chrome=128.0.6613.85)
Build info: version: &#039;4.14.1&#039;, revision: &#039;03f8ede370&#039;
System info: os.name: &#039;Windows 10&#039;, os.arch: &#039;amd64&#039;, os.version: &#039;10.0&#039;, java.version: &#039;21.0.2&#039;
Driver info: org.openqa.selenium.chrome.ChromeDriver
Command: [fef180ac79cf387a1b9aec78259cc014, clickElement {id=f.5D0AD91792DE0AABFDB05484F0B1BD61.d.933CF5E1EFE740560DB900BDFE0B85AE.e.143}]
Capabilities {acceptInsecureCerts: false, browserName: chrome, browserVersion: 128.0.6613.85, chrome: {chromedriverVersion: 128.0.6613.119 (6e439cfca4d..., userDataDir: C:\Users\Welcome\AppData\Lo...}, fedcm:accounts: true, goog:chromeOptions: {debuggerAddress: localhost:57528}, networkConnectionEnabled: false, pageLoadStrategy: normal, platformName: windows, proxy: Proxy(), se:cdp: ws://localhost:57528/devtoo..., se:cdpVersion: 128.0.6613.85, setWindowRect: true, strictFileInteractability: false, timeouts: {implicit: 0, pageLoad: 300000, script: 30000}, unhandledPromptBehavior: dismiss and notify, webauthn:extension:credBlob: true, webauthn:extension:largeBlob: true, webauthn:extension:minPinLength: true, webauthn:extension:prf: true, webauthn:virtualAuthenticators: true}
Element: [[ChromeDriver: chrome on windows (fef180ac79cf387a1b9aec78259cc014)] -&gt; xpath: //button[contains(text(),&#039;Submit&#039;)]]
Session ID: fef180ac79cf387a1b9aec78259cc014" type="org.openqa.selenium.ElementClickInterceptedException">
      <![CDATA[org.openqa.selenium.ElementClickInterceptedException: element click intercepted: Element <button _ngcontent-xek-c290="" type="button" class="btn btn-sm btn-rose btn-outline-dark ng-star-inserted">...</button> is not clickable at point (682, 515). Other element would receive the click: <div class="ng-dropdown-panel-items scroll-host">...</div>
  (Session info: chrome=128.0.6613.85)
Build info: version: '4.14.1', revision: '03f8ede370'
System info: os.name: 'Windows 10', os.arch: 'amd64', os.version: '10.0', java.version: '21.0.2'
Driver info: org.openqa.selenium.chrome.ChromeDriver
Command: [fef180ac79cf387a1b9aec78259cc014, clickElement {id=f.5D0AD91792DE0AABFDB05484F0B1BD61.d.933CF5E1EFE740560DB900BDFE0B85AE.e.143}]
Capabilities {acceptInsecureCerts: false, browserName: chrome, browserVersion: 128.0.6613.85, chrome: {chromedriverVersion: 128.0.6613.119 (6e439cfca4d..., userDataDir: C:\Users\Welcome\AppData\Lo...}, fedcm:accounts: true, goog:chromeOptions: {debuggerAddress: localhost:57528}, networkConnectionEnabled: false, pageLoadStrategy: normal, platformName: windows, proxy: Proxy(), se:cdp: ws://localhost:57528/devtoo..., se:cdpVersion: 128.0.6613.85, setWindowRect: true, strictFileInteractability: false, timeouts: {implicit: 0, pageLoad: 300000, script: 30000}, unhandledPromptBehavior: dismiss and notify, webauthn:extension:credBlob: true, webauthn:extension:largeBlob: true, webauthn:extension:minPinLength: true, webauthn:extension:prf: true, webauthn:virtualAuthenticators: true}
Element: [[ChromeDriver: chrome on windows (fef180ac79cf387a1b9aec78259cc014)] -> xpath: //button[contains(text(),'Submit')]]
Session ID: fef180ac79cf387a1b9aec78259cc014
at java.base/jdk.internal.reflect.DirectConstructorHandleAccessor.newInstance(DirectConstructorHandleAccessor.java:62)
at java.base/java.lang.reflect.Constructor.newInstanceWithCaller(Constructor.java:502)
at java.base/java.lang.reflect.Constructor.newInstance(Constructor.java:486)
at org.openqa.selenium.remote.codec.w3c.W3CHttpResponseCodec.createException(W3CHttpResponseCodec.java:200)
at org.openqa.selenium.remote.codec.w3c.W3CHttpResponseCodec.decode(W3CHttpResponseCodec.java:133)
at org.openqa.selenium.remote.codec.w3c.W3CHttpResponseCodec.decode(W3CHttpResponseCodec.java:52)
at org.openqa.selenium.remote.HttpCommandExecutor.execute(HttpCommandExecutor.java:191)
at org.openqa.selenium.remote.service.DriverCommandExecutor.invokeExecute(DriverCommandExecutor.java:200)
at org.openqa.selenium.remote.service.DriverCommandExecutor.execute(DriverCommandExecutor.java:175)
at org.openqa.selenium.remote.RemoteWebDriver.execute(RemoteWebDriver.java:602)
at org.openqa.selenium.remote.RemoteWebElement.execute(RemoteWebElement.java:224)
at org.openqa.selenium.remote.RemoteWebElement.click(RemoteWebElement.java:77)
at Vision_ETL_v1.LandingPage.ETL_LP_063(LandingPage.java:1295)
at java.base/jdk.internal.reflect.DirectMethodHandleAccessor.invoke(DirectMethodHandleAccessor.java:103)
at java.base/java.lang.reflect.Method.invoke(Method.java:580)
at org.testng.internal.MethodInvocationHelper.invokeMethod(MethodInvocationHelper.java:133)
at org.testng.internal.TestInvoker.invokeMethod(TestInvoker.java:598)
at org.testng.internal.TestInvoker.invokeTestMethod(TestInvoker.java:173)
at org.testng.internal.MethodRunner.runInSequence(MethodRunner.java:46)
at org.testng.internal.TestInvoker$MethodInvocationAgent.invoke(TestInvoker.java:824)
at org.testng.internal.TestInvoker.invokeTestMethods(TestInvoker.java:146)
at org.testng.internal.TestMethodWorker.invokeTestMethods(TestMethodWorker.java:146)
at org.testng.internal.TestMethodWorker.run(TestMethodWorker.java:128)
at java.base/java.util.concurrent.ThreadPoolExecutor.runWorker(ThreadPoolExecutor.java:1144)
at java.base/java.util.concurrent.ThreadPoolExecutor$Worker.run(ThreadPoolExecutor.java:642)
at java.base/java.lang.Thread.run(Thread.java:1583)
]]>
    </error>
  </testcase> <!-- ETL_LP_063 -->
  <system-out/>
  <testcase classname="Vision_ETL_v1.LandingPage" name="ETL_LP_066" time="42.890">
    <error message="element click intercepted: Element &lt;button _ngcontent-alu-c290=&quot;&quot; type=&quot;button&quot; class=&quot;btn btn-sm btn-rose btn-outline-dark ng-star-inserted&quot;&gt;...&lt;/button&gt; is not clickable at point (682, 515). Other element would receive the click: &lt;div class=&quot;ng-dropdown-panel-items scroll-host&quot;&gt;...&lt;/div&gt;
  (Session info: chrome=128.0.6613.85)
Build info: version: &#039;4.14.1&#039;, revision: &#039;03f8ede370&#039;
System info: os.name: &#039;Windows 10&#039;, os.arch: &#039;amd64&#039;, os.version: &#039;10.0&#039;, java.version: &#039;21.0.2&#039;
Driver info: org.openqa.selenium.chrome.ChromeDriver
Command: [50c58f3ec70fdbb6950f1022e3f9e5c4, clickElement {id=f.CA782FE0D2CD62E8D67C387176A8F943.d.30626E83280AE036DC7FCDC1EC2AD0EE.e.140}]
Capabilities {acceptInsecureCerts: false, browserName: chrome, browserVersion: 128.0.6613.85, chrome: {chromedriverVersion: 128.0.6613.119 (6e439cfca4d..., userDataDir: C:\Users\Welcome\AppData\Lo...}, fedcm:accounts: true, goog:chromeOptions: {debuggerAddress: localhost:57583}, networkConnectionEnabled: false, pageLoadStrategy: normal, platformName: windows, proxy: Proxy(), se:cdp: ws://localhost:57583/devtoo..., se:cdpVersion: 128.0.6613.85, setWindowRect: true, strictFileInteractability: false, timeouts: {implicit: 0, pageLoad: 300000, script: 30000}, unhandledPromptBehavior: dismiss and notify, webauthn:extension:credBlob: true, webauthn:extension:largeBlob: true, webauthn:extension:minPinLength: true, webauthn:extension:prf: true, webauthn:virtualAuthenticators: true}
Element: [[ChromeDriver: chrome on windows (50c58f3ec70fdbb6950f1022e3f9e5c4)] -&gt; xpath: //button[contains(text(),&#039;Submit&#039;)]]
Session ID: 50c58f3ec70fdbb6950f1022e3f9e5c4" type="org.openqa.selenium.ElementClickInterceptedException">
      <![CDATA[org.openqa.selenium.ElementClickInterceptedException: element click intercepted: Element <button _ngcontent-alu-c290="" type="button" class="btn btn-sm btn-rose btn-outline-dark ng-star-inserted">...</button> is not clickable at point (682, 515). Other element would receive the click: <div class="ng-dropdown-panel-items scroll-host">...</div>
  (Session info: chrome=128.0.6613.85)
Build info: version: '4.14.1', revision: '03f8ede370'
System info: os.name: 'Windows 10', os.arch: 'amd64', os.version: '10.0', java.version: '21.0.2'
Driver info: org.openqa.selenium.chrome.ChromeDriver
Command: [50c58f3ec70fdbb6950f1022e3f9e5c4, clickElement {id=f.CA782FE0D2CD62E8D67C387176A8F943.d.30626E83280AE036DC7FCDC1EC2AD0EE.e.140}]
Capabilities {acceptInsecureCerts: false, browserName: chrome, browserVersion: 128.0.6613.85, chrome: {chromedriverVersion: 128.0.6613.119 (6e439cfca4d..., userDataDir: C:\Users\Welcome\AppData\Lo...}, fedcm:accounts: true, goog:chromeOptions: {debuggerAddress: localhost:57583}, networkConnectionEnabled: false, pageLoadStrategy: normal, platformName: windows, proxy: Proxy(), se:cdp: ws://localhost:57583/devtoo..., se:cdpVersion: 128.0.6613.85, setWindowRect: true, strictFileInteractability: false, timeouts: {implicit: 0, pageLoad: 300000, script: 30000}, unhandledPromptBehavior: dismiss and notify, webauthn:extension:credBlob: true, webauthn:extension:largeBlob: true, webauthn:extension:minPinLength: true, webauthn:extension:prf: true, webauthn:virtualAuthenticators: true}
Element: [[ChromeDriver: chrome on windows (50c58f3ec70fdbb6950f1022e3f9e5c4)] -> xpath: //button[contains(text(),'Submit')]]
Session ID: 50c58f3ec70fdbb6950f1022e3f9e5c4
at java.base/jdk.internal.reflect.DirectConstructorHandleAccessor.newInstance(DirectConstructorHandleAccessor.java:62)
at java.base/java.lang.reflect.Constructor.newInstanceWithCaller(Constructor.java:502)
at java.base/java.lang.reflect.Constructor.newInstance(Constructor.java:486)
at org.openqa.selenium.remote.codec.w3c.W3CHttpResponseCodec.createException(W3CHttpResponseCodec.java:200)
at org.openqa.selenium.remote.codec.w3c.W3CHttpResponseCodec.decode(W3CHttpResponseCodec.java:133)
at org.openqa.selenium.remote.codec.w3c.W3CHttpResponseCodec.decode(W3CHttpResponseCodec.java:52)
at org.openqa.selenium.remote.HttpCommandExecutor.execute(HttpCommandExecutor.java:191)
at org.openqa.selenium.remote.service.DriverCommandExecutor.invokeExecute(DriverCommandExecutor.java:200)
at org.openqa.selenium.remote.service.DriverCommandExecutor.execute(DriverCommandExecutor.java:175)
at org.openqa.selenium.remote.RemoteWebDriver.execute(RemoteWebDriver.java:602)
at org.openqa.selenium.remote.RemoteWebElement.execute(RemoteWebElement.java:224)
at org.openqa.selenium.remote.RemoteWebElement.click(RemoteWebElement.java:77)
at Vision_ETL_v1.LandingPage.ETL_LP_066(LandingPage.java:1374)
at java.base/jdk.internal.reflect.DirectMethodHandleAccessor.invoke(DirectMethodHandleAccessor.java:103)
at java.base/java.lang.reflect.Method.invoke(Method.java:580)
at org.testng.internal.MethodInvocationHelper.invokeMethod(MethodInvocationHelper.java:133)
at org.testng.internal.TestInvoker.invokeMethod(TestInvoker.java:598)
at org.testng.internal.TestInvoker.invokeTestMethod(TestInvoker.java:173)
at org.testng.internal.MethodRunner.runInSequence(MethodRunner.java:46)
at org.testng.internal.TestInvoker$MethodInvocationAgent.invoke(TestInvoker.java:824)
at org.testng.internal.TestInvoker.invokeTestMethods(TestInvoker.java:146)
at org.testng.internal.TestMethodWorker.invokeTestMethods(TestMethodWorker.java:146)
at org.testng.internal.TestMethodWorker.run(TestMethodWorker.java:128)
at java.base/java.util.concurrent.ThreadPoolExecutor.runWorker(ThreadPoolExecutor.java:1144)
at java.base/java.util.concurrent.ThreadPoolExecutor$Worker.run(ThreadPoolExecutor.java:642)
at java.base/java.lang.Thread.run(Thread.java:1583)
]]>
    </error>
  </testcase> <!-- ETL_LP_066 -->
  <system-out/>
  <testcase classname="Vision_ETL_v1.LandingPage" name="ETL_LP_068" time="34.456">
    <error message="element click intercepted: Element &lt;button _ngcontent-qvg-c290=&quot;&quot; type=&quot;button&quot; class=&quot;btn btn-sm btn-rose btn-outline-dark ng-star-inserted&quot;&gt;...&lt;/button&gt; is not clickable at point (682, 515). Other element would receive the click: &lt;div class=&quot;ng-dropdown-panel-items scroll-host&quot;&gt;...&lt;/div&gt;
  (Session info: chrome=128.0.6613.85)
Build info: version: &#039;4.14.1&#039;, revision: &#039;03f8ede370&#039;
System info: os.name: &#039;Windows 10&#039;, os.arch: &#039;amd64&#039;, os.version: &#039;10.0&#039;, java.version: &#039;21.0.2&#039;
Driver info: org.openqa.selenium.chrome.ChromeDriver
Command: [6f2b05c11e0e2e15b018a8c21628488f, clickElement {id=f.C6A77D35690D7577F4537BCE688E284E.d.2D876FE8FF197F6444DE17E8A5D52A86.e.138}]
Capabilities {acceptInsecureCerts: false, browserName: chrome, browserVersion: 128.0.6613.85, chrome: {chromedriverVersion: 128.0.6613.119 (6e439cfca4d..., userDataDir: C:\Users\Welcome\AppData\Lo...}, fedcm:accounts: true, goog:chromeOptions: {debuggerAddress: localhost:57644}, networkConnectionEnabled: false, pageLoadStrategy: normal, platformName: windows, proxy: Proxy(), se:cdp: ws://localhost:57644/devtoo..., se:cdpVersion: 128.0.6613.85, setWindowRect: true, strictFileInteractability: false, timeouts: {implicit: 0, pageLoad: 300000, script: 30000}, unhandledPromptBehavior: dismiss and notify, webauthn:extension:credBlob: true, webauthn:extension:largeBlob: true, webauthn:extension:minPinLength: true, webauthn:extension:prf: true, webauthn:virtualAuthenticators: true}
Element: [[ChromeDriver: chrome on windows (6f2b05c11e0e2e15b018a8c21628488f)] -&gt; xpath: //button[contains(text(),&#039;Submit&#039;)]]
Session ID: 6f2b05c11e0e2e15b018a8c21628488f" type="org.openqa.selenium.ElementClickInterceptedException">
      <![CDATA[org.openqa.selenium.ElementClickInterceptedException: element click intercepted: Element <button _ngcontent-qvg-c290="" type="button" class="btn btn-sm btn-rose btn-outline-dark ng-star-inserted">...</button> is not clickable at point (682, 515). Other element would receive the click: <div class="ng-dropdown-panel-items scroll-host">...</div>
  (Session info: chrome=128.0.6613.85)
Build info: version: '4.14.1', revision: '03f8ede370'
System info: os.name: 'Windows 10', os.arch: 'amd64', os.version: '10.0', java.version: '21.0.2'
Driver info: org.openqa.selenium.chrome.ChromeDriver
Command: [6f2b05c11e0e2e15b018a8c21628488f, clickElement {id=f.C6A77D35690D7577F4537BCE688E284E.d.2D876FE8FF197F6444DE17E8A5D52A86.e.138}]
Capabilities {acceptInsecureCerts: false, browserName: chrome, browserVersion: 128.0.6613.85, chrome: {chromedriverVersion: 128.0.6613.119 (6e439cfca4d..., userDataDir: C:\Users\Welcome\AppData\Lo...}, fedcm:accounts: true, goog:chromeOptions: {debuggerAddress: localhost:57644}, networkConnectionEnabled: false, pageLoadStrategy: normal, platformName: windows, proxy: Proxy(), se:cdp: ws://localhost:57644/devtoo..., se:cdpVersion: 128.0.6613.85, setWindowRect: true, strictFileInteractability: false, timeouts: {implicit: 0, pageLoad: 300000, script: 30000}, unhandledPromptBehavior: dismiss and notify, webauthn:extension:credBlob: true, webauthn:extension:largeBlob: true, webauthn:extension:minPinLength: true, webauthn:extension:prf: true, webauthn:virtualAuthenticators: true}
Element: [[ChromeDriver: chrome on windows (6f2b05c11e0e2e15b018a8c21628488f)] -> xpath: //button[contains(text(),'Submit')]]
Session ID: 6f2b05c11e0e2e15b018a8c21628488f
at java.base/jdk.internal.reflect.DirectConstructorHandleAccessor.newInstance(DirectConstructorHandleAccessor.java:62)
at java.base/java.lang.reflect.Constructor.newInstanceWithCaller(Constructor.java:502)
at java.base/java.lang.reflect.Constructor.newInstance(Constructor.java:486)
at org.openqa.selenium.remote.codec.w3c.W3CHttpResponseCodec.createException(W3CHttpResponseCodec.java:200)
at org.openqa.selenium.remote.codec.w3c.W3CHttpResponseCodec.decode(W3CHttpResponseCodec.java:133)
at org.openqa.selenium.remote.codec.w3c.W3CHttpResponseCodec.decode(W3CHttpResponseCodec.java:52)
at org.openqa.selenium.remote.HttpCommandExecutor.execute(HttpCommandExecutor.java:191)
at org.openqa.selenium.remote.service.DriverCommandExecutor.invokeExecute(DriverCommandExecutor.java:200)
at org.openqa.selenium.remote.service.DriverCommandExecutor.execute(DriverCommandExecutor.java:175)
at org.openqa.selenium.remote.RemoteWebDriver.execute(RemoteWebDriver.java:602)
at org.openqa.selenium.remote.RemoteWebElement.execute(RemoteWebElement.java:224)
at org.openqa.selenium.remote.RemoteWebElement.click(RemoteWebElement.java:77)
at Vision_ETL_v1.LandingPage.ETL_LP_068(LandingPage.java:1428)
at java.base/jdk.internal.reflect.DirectMethodHandleAccessor.invoke(DirectMethodHandleAccessor.java:103)
at java.base/java.lang.reflect.Method.invoke(Method.java:580)
at org.testng.internal.MethodInvocationHelper.invokeMethod(MethodInvocationHelper.java:133)
at org.testng.internal.TestInvoker.invokeMethod(TestInvoker.java:598)
at org.testng.internal.TestInvoker.invokeTestMethod(TestInvoker.java:173)
at org.testng.internal.MethodRunner.runInSequence(MethodRunner.java:46)
at org.testng.internal.TestInvoker$MethodInvocationAgent.invoke(TestInvoker.java:824)
at org.testng.internal.TestInvoker.invokeTestMethods(TestInvoker.java:146)
at org.testng.internal.TestMethodWorker.invokeTestMethods(TestMethodWorker.java:146)
at org.testng.internal.TestMethodWorker.run(TestMethodWorker.java:128)
at java.base/java.util.concurrent.ThreadPoolExecutor.runWorker(ThreadPoolExecutor.java:1144)
at java.base/java.util.concurrent.ThreadPoolExecutor$Worker.run(ThreadPoolExecutor.java:642)
at java.base/java.lang.Thread.run(Thread.java:1583)
]]>
    </error>
  </testcase> <!-- ETL_LP_068 -->
  <system-out/>
  <testcase classname="Vision_ETL_v1.LandingPage" name="ETL_LP_096" time="23.382"/>
  <system-out/>
  <testcase classname="Vision_ETL_v1.LandingPage" name="ETL_LP_036">
    <skipped/>
  </testcase> <!-- ETL_LP_036 -->
  <system-out/>
</testsuite> <!-- Vision_ETL_v1.LandingPage -->
