<html>
<head>
<title>TestNG:  Test</title>
<link href="../testng.css" rel="stylesheet" type="text/css" />
<link href="../my-testng.css" rel="stylesheet" type="text/css" />

<style type="text/css">
.log { display: none;} 
.stack-trace { display: none;} 
</style>
<script type="text/javascript">
<!--
function flip(e) {
  current = e.style.display;
  if (current == 'block') {
    e.style.display = 'none';
    return 0;
  }
  else {
    e.style.display = 'block';
    return 1;
  }
}

function toggleBox(szDivId, elem, msg1, msg2)
{
  var res = -1;  if (document.getElementById) {
    res = flip(document.getElementById(szDivId));
  }
  else if (document.all) {
    // this is the way old msie versions work
    res = flip(document.all[szDivId]);
  }
  if(elem) {
    if(res == 0) elem.innerHTML = msg1; else elem.innerHTML = msg2;
  }

}

function toggleAllBoxes() {
  if (document.getElementsByTagName) {
    d = document.getElementsByTagName('div');
    for (i = 0; i < d.length; i++) {
      if (d[i].className == 'log') {
        flip(d[i]);
      }
    }
  }
}

// -->
</script>

</head>
<body>
<h2 align='center'>Test</h2><table border='1' align="center">
<tr>
<td>Tests passed/Failed/Skipped:</td><td>97/11/0</td>
</tr><tr>
<td>Started on:</td><td>Mon May 05 13:01:18 IST 2025</td>
</tr>
<tr><td>Total time:</td><td>6727 seconds (6727166 ms)</td>
</tr><tr>
<td>Included groups:</td><td></td>
</tr><tr>
<td>Excluded groups:</td><td></td>
</tr>
</table><p/>
<small><i>(Hover the method name to see the test class name)</i></small><p/>
<table width='100%' border='1' class='invocation-failed'>
<tr><td colspan='4' align='center'><b>FAILED TESTS</b></td></tr>
<tr><td><b>Test method</b></td>
<td width="30%"><b>Exception</b></td>
<td width="10%"><b>Time (seconds)</b></td>
<td><b>Instance</b></td>
</tr>
<tr>
<td title='Vision_RA.Test.RA_General.RA_GL_018()'><b>RA_GL_018</b><br>Test class: Vision_RA.Test.RA_General<br>Parameters: RA, Vision@123</td>
<td><div><pre>org.openqa.selenium.NoSuchElementException: no such element: Unable to locate element: {&quot;method&quot;:&quot;xpath&quot;,&quot;selector&quot;:&quot;//body/app-root[1]/app-main-container[1]/div[1]/div[2]/div[1]/app-user-setup[1]/div[1]/div[1]/div[1]/div[1]/div[1]/div[2]/div[1]/div[1]/div[1]/div[1]/div[1]/div[1]/form[1]/div[1]/div[1]/div[1]/div[1]/div[2]/input[1]&quot;}
  (Session info: chrome=135.0.7049.115)
For documentation on this error, please visit: https://selenium.dev/exceptions/#no_such_element
Build info: version: &apos;4.8.3&apos;, revision: &apos;e5e76298c3&apos;
System info: os.name: &apos;Windows 10&apos;, os.arch: &apos;amd64&apos;, os.version: &apos;10.0&apos;, java.version: &apos;17.0.12&apos;
Driver info: org.openqa.selenium.chrome.ChromeDriver
Command: [07f21217ad857cfa46d19fba014b4d2c, findElement {using=xpath, value=//body/app-root[1]/app-main-container[1]/div[1]/div[2]/div[1]/app-user-setup[1]/div[1]/div[1]/div[1]/div[1]/div[1]/div[2]/div[1]/div[1]/div[1]/div[1]/div[1]/div[1]/form[1]/div[1]/div[1]/div[1]/div[1]/div[2]/input[1]}]
Capabilities {acceptInsecureCerts: false, browserName: chrome, browserVersion: 135.0.7049.115, chrome: {chromedriverVersion: 135.0.7049.114 (63fd8a7d9d0..., userDataDir: C:\Users\Welcome\AppData\Lo...}, fedcm:accounts: true, goog:chromeOptions: {debuggerAddress: localhost:50458}, networkConnectionEnabled: false, pageLoadStrategy: normal, platformName: WINDOWS, proxy: Proxy(), se:cdp: ws://localhost:50458/devtoo..., se:cdpVersion: 135.0.7049.115, setWindowRect: true, strictFileInteractability: false, timeouts: {implicit: 0, pageLoad: 300000, script: 30000}, unhandledPromptBehavior: dismiss and notify, webauthn:extension:credBlob: true, webauthn:extension:largeBlob: true, webauthn:extension:minPinLength: true, webauthn:extension:prf: true, webauthn:virtualAuthenticators: true}
Session ID: 07f21217ad857cfa46d19fba014b4d2c
	at org.openqa.selenium.remote.codec.w3c.W3CHttpResponseCodec.createException(W3CHttpResponseCodec.java:200)
	at org.openqa.selenium.remote.codec.w3c.W3CHttpResponseCodec.decode(W3CHttpResponseCodec.java:133)
	at org.openqa.selenium.remote.codec.w3c.W3CHttpResponseCodec.decode(W3CHttpResponseCodec.java:53)
	at org.openqa.selenium.remote.HttpCommandExecutor.execute(HttpCommandExecutor.java:193)
	at org.openqa.selenium.remote.service.DriverCommandExecutor.invokeExecute(DriverCommandExecutor.java:183)
	at org.openqa.selenium.remote.service.DriverCommandExecutor.execute(DriverCommandExecutor.java:158)
	at org.openqa.selenium.remote.RemoteWebDriver.execute(RemoteWebDriver.java:543)
	at org.openqa.selenium.remote.ElementLocation$ElementFinder$2.findElement(ElementLocation.java:162)
	at org.openqa.selenium.remote.ElementLocation.findElement(ElementLocation.java:60)
	at org.openqa.selenium.remote.RemoteWebDriver.findElement(RemoteWebDriver.java:352)
	at org.openqa.selenium.remote.RemoteWebDriver.findElement(RemoteWebDriver.java:344)
	at Vision_RA.Test.RA_General.RA_GL_018(RA_General.java:323)
	at java.base/java.util.ArrayList.forEach(ArrayList.java:1511)
... Removed 32 stack frames</pre></div><a href='#' onClick='toggleBox("stack-trace1388402945", this, "Click to show all stack frames", "Click to hide stack frames")'>Click to show all stack frames</a>
<div class='stack-trace' id='stack-trace1388402945'><pre>org.openqa.selenium.NoSuchElementException: no such element: Unable to locate element: {&quot;method&quot;:&quot;xpath&quot;,&quot;selector&quot;:&quot;//body/app-root[1]/app-main-container[1]/div[1]/div[2]/div[1]/app-user-setup[1]/div[1]/div[1]/div[1]/div[1]/div[1]/div[2]/div[1]/div[1]/div[1]/div[1]/div[1]/div[1]/form[1]/div[1]/div[1]/div[1]/div[1]/div[2]/input[1]&quot;}
  (Session info: chrome=135.0.7049.115)
For documentation on this error, please visit: https://selenium.dev/exceptions/#no_such_element
Build info: version: &apos;4.8.3&apos;, revision: &apos;e5e76298c3&apos;
System info: os.name: &apos;Windows 10&apos;, os.arch: &apos;amd64&apos;, os.version: &apos;10.0&apos;, java.version: &apos;17.0.12&apos;
Driver info: org.openqa.selenium.chrome.ChromeDriver
Command: [07f21217ad857cfa46d19fba014b4d2c, findElement {using=xpath, value=//body/app-root[1]/app-main-container[1]/div[1]/div[2]/div[1]/app-user-setup[1]/div[1]/div[1]/div[1]/div[1]/div[1]/div[2]/div[1]/div[1]/div[1]/div[1]/div[1]/div[1]/form[1]/div[1]/div[1]/div[1]/div[1]/div[2]/input[1]}]
Capabilities {acceptInsecureCerts: false, browserName: chrome, browserVersion: 135.0.7049.115, chrome: {chromedriverVersion: 135.0.7049.114 (63fd8a7d9d0..., userDataDir: C:\Users\Welcome\AppData\Lo...}, fedcm:accounts: true, goog:chromeOptions: {debuggerAddress: localhost:50458}, networkConnectionEnabled: false, pageLoadStrategy: normal, platformName: WINDOWS, proxy: Proxy(), se:cdp: ws://localhost:50458/devtoo..., se:cdpVersion: 135.0.7049.115, setWindowRect: true, strictFileInteractability: false, timeouts: {implicit: 0, pageLoad: 300000, script: 30000}, unhandledPromptBehavior: dismiss and notify, webauthn:extension:credBlob: true, webauthn:extension:largeBlob: true, webauthn:extension:minPinLength: true, webauthn:extension:prf: true, webauthn:virtualAuthenticators: true}
Session ID: 07f21217ad857cfa46d19fba014b4d2c
	at java.base/jdk.internal.reflect.NativeConstructorAccessorImpl.newInstance0(Native Method)
	at java.base/jdk.internal.reflect.NativeConstructorAccessorImpl.newInstance(NativeConstructorAccessorImpl.java:77)
	at java.base/jdk.internal.reflect.DelegatingConstructorAccessorImpl.newInstance(DelegatingConstructorAccessorImpl.java:45)
	at java.base/java.lang.reflect.Constructor.newInstanceWithCaller(Constructor.java:499)
	at java.base/java.lang.reflect.Constructor.newInstance(Constructor.java:480)
	at org.openqa.selenium.remote.codec.w3c.W3CHttpResponseCodec.createException(W3CHttpResponseCodec.java:200)
	at org.openqa.selenium.remote.codec.w3c.W3CHttpResponseCodec.decode(W3CHttpResponseCodec.java:133)
	at org.openqa.selenium.remote.codec.w3c.W3CHttpResponseCodec.decode(W3CHttpResponseCodec.java:53)
	at org.openqa.selenium.remote.HttpCommandExecutor.execute(HttpCommandExecutor.java:193)
	at org.openqa.selenium.remote.service.DriverCommandExecutor.invokeExecute(DriverCommandExecutor.java:183)
	at org.openqa.selenium.remote.service.DriverCommandExecutor.execute(DriverCommandExecutor.java:158)
	at org.openqa.selenium.remote.RemoteWebDriver.execute(RemoteWebDriver.java:543)
	at org.openqa.selenium.remote.ElementLocation$ElementFinder$2.findElement(ElementLocation.java:162)
	at org.openqa.selenium.remote.ElementLocation.findElement(ElementLocation.java:60)
	at org.openqa.selenium.remote.RemoteWebDriver.findElement(RemoteWebDriver.java:352)
	at org.openqa.selenium.remote.RemoteWebDriver.findElement(RemoteWebDriver.java:344)
	at Vision_RA.Test.RA_General.RA_GL_018(RA_General.java:323)
	at java.base/jdk.internal.reflect.NativeMethodAccessorImpl.invoke0(Native Method)
	at java.base/jdk.internal.reflect.NativeMethodAccessorImpl.invoke(NativeMethodAccessorImpl.java:77)
	at java.base/jdk.internal.reflect.DelegatingMethodAccessorImpl.invoke(DelegatingMethodAccessorImpl.java:43)
	at java.base/java.lang.reflect.Method.invoke(Method.java:568)
	at org.testng.internal.MethodInvocationHelper.invokeMethod(MethodInvocationHelper.java:133)
	at org.testng.internal.TestInvoker.invokeMethod(TestInvoker.java:598)
	at org.testng.internal.TestInvoker.invokeTestMethod(TestInvoker.java:173)
	at org.testng.internal.MethodRunner.runInSequence(MethodRunner.java:46)
	at org.testng.internal.TestInvoker$MethodInvocationAgent.invoke(TestInvoker.java:824)
	at org.testng.internal.TestInvoker.invokeTestMethods(TestInvoker.java:146)
	at org.testng.internal.TestMethodWorker.invokeTestMethods(TestMethodWorker.java:146)
	at org.testng.internal.TestMethodWorker.run(TestMethodWorker.java:128)
	at java.base/java.util.ArrayList.forEach(ArrayList.java:1511)
	at org.testng.TestRunner.privateRun(TestRunner.java:794)
	at org.testng.TestRunner.run(TestRunner.java:596)
	at org.testng.SuiteRunner.runTest(SuiteRunner.java:377)
	at org.testng.SuiteRunner.runSequentially(SuiteRunner.java:371)
	at org.testng.SuiteRunner.privateRun(SuiteRunner.java:332)
	at org.testng.SuiteRunner.run(SuiteRunner.java:276)
	at org.testng.SuiteRunnerWorker.runSuite(SuiteRunnerWorker.java:53)
	at org.testng.SuiteRunnerWorker.run(SuiteRunnerWorker.java:96)
	at org.testng.TestNG.runSuitesSequentially(TestNG.java:1212)
	at org.testng.TestNG.runSuitesLocally(TestNG.java:1134)
	at org.testng.TestNG.runSuites(TestNG.java:1063)
	at org.testng.TestNG.run(TestNG.java:1031)
	at org.testng.remote.AbstractRemoteTestNG.run(AbstractRemoteTestNG.java:115)
	at org.testng.remote.RemoteTestNG.initAndRun(RemoteTestNG.java:251)
	at org.testng.remote.RemoteTestNG.main(RemoteTestNG.java:77)
</pre></div></td>
<td>26</td>
<td>Vision_RA.Test.RA_General@37271612</td></tr>
<tr>
<td title='Vision_RA.Test.RA_AlphaNumTab.ALP_TAB_004_ALP_TAB_003()'><b>ALP_TAB_004_ALP_TAB_003</b><br>Test class: Vision_RA.Test.RA_AlphaNumTab<br>Parameters: RA, Vision@123</td>
<td><div><pre>org.openqa.selenium.ElementNotInteractableException: element not interactable
  (Session info: chrome=135.0.7049.115)
Build info: version: &apos;4.8.3&apos;, revision: &apos;e5e76298c3&apos;
System info: os.name: &apos;Windows 10&apos;, os.arch: &apos;amd64&apos;, os.version: &apos;10.0&apos;, java.version: &apos;17.0.12&apos;
Driver info: org.openqa.selenium.chrome.ChromeDriver
Command: [87a742e8e041ef662a073bfa69c53f3a, clickElement {id=f.E26C45795EC88EDFC20938821F7CDC09.d.4FB8D6F19013E23992BB8001DA2E1926.e.152}]
Capabilities {acceptInsecureCerts: false, browserName: chrome, browserVersion: 135.0.7049.115, chrome: {chromedriverVersion: 135.0.7049.114 (63fd8a7d9d0..., userDataDir: C:\Users\Welcome\AppData\Lo...}, fedcm:accounts: true, goog:chromeOptions: {debuggerAddress: localhost:50617}, networkConnectionEnabled: false, pageLoadStrategy: normal, platformName: WINDOWS, proxy: Proxy(), se:cdp: ws://localhost:50617/devtoo..., se:cdpVersion: 135.0.7049.115, setWindowRect: true, strictFileInteractability: false, timeouts: {implicit: 0, pageLoad: 300000, script: 30000}, unhandledPromptBehavior: dismiss and notify, webauthn:extension:credBlob: true, webauthn:extension:largeBlob: true, webauthn:extension:minPinLength: true, webauthn:extension:prf: true, webauthn:virtualAuthenticators: true}
Element: [[ChromeDriver: chrome on WINDOWS (87a742e8e041ef662a073bfa69c53f3a)] -&gt; xpath: //tbody/tr[1]/td[5]/div[2]/a[4]/i[1]]
Session ID: 87a742e8e041ef662a073bfa69c53f3a
	at org.openqa.selenium.remote.codec.w3c.W3CHttpResponseCodec.createException(W3CHttpResponseCodec.java:200)
	at org.openqa.selenium.remote.codec.w3c.W3CHttpResponseCodec.decode(W3CHttpResponseCodec.java:133)
	at org.openqa.selenium.remote.codec.w3c.W3CHttpResponseCodec.decode(W3CHttpResponseCodec.java:53)
	at org.openqa.selenium.remote.HttpCommandExecutor.execute(HttpCommandExecutor.java:193)
	at org.openqa.selenium.remote.service.DriverCommandExecutor.invokeExecute(DriverCommandExecutor.java:183)
	at org.openqa.selenium.remote.service.DriverCommandExecutor.execute(DriverCommandExecutor.java:158)
	at org.openqa.selenium.remote.RemoteWebDriver.execute(RemoteWebDriver.java:543)
	at org.openqa.selenium.remote.RemoteWebElement.execute(RemoteWebElement.java:257)
	at org.openqa.selenium.remote.RemoteWebElement.click(RemoteWebElement.java:78)
	at Vision_RA.Test.RA_AlphaNumTab.ALP_TAB_004_ALP_TAB_003(RA_AlphaNumTab.java:158)
	at java.base/java.util.ArrayList.forEach(ArrayList.java:1511)
... Removed 32 stack frames</pre></div><a href='#' onClick='toggleBox("stack-trace1012472328", this, "Click to show all stack frames", "Click to hide stack frames")'>Click to show all stack frames</a>
<div class='stack-trace' id='stack-trace1012472328'><pre>org.openqa.selenium.ElementNotInteractableException: element not interactable
  (Session info: chrome=135.0.7049.115)
Build info: version: &apos;4.8.3&apos;, revision: &apos;e5e76298c3&apos;
System info: os.name: &apos;Windows 10&apos;, os.arch: &apos;amd64&apos;, os.version: &apos;10.0&apos;, java.version: &apos;17.0.12&apos;
Driver info: org.openqa.selenium.chrome.ChromeDriver
Command: [87a742e8e041ef662a073bfa69c53f3a, clickElement {id=f.E26C45795EC88EDFC20938821F7CDC09.d.4FB8D6F19013E23992BB8001DA2E1926.e.152}]
Capabilities {acceptInsecureCerts: false, browserName: chrome, browserVersion: 135.0.7049.115, chrome: {chromedriverVersion: 135.0.7049.114 (63fd8a7d9d0..., userDataDir: C:\Users\Welcome\AppData\Lo...}, fedcm:accounts: true, goog:chromeOptions: {debuggerAddress: localhost:50617}, networkConnectionEnabled: false, pageLoadStrategy: normal, platformName: WINDOWS, proxy: Proxy(), se:cdp: ws://localhost:50617/devtoo..., se:cdpVersion: 135.0.7049.115, setWindowRect: true, strictFileInteractability: false, timeouts: {implicit: 0, pageLoad: 300000, script: 30000}, unhandledPromptBehavior: dismiss and notify, webauthn:extension:credBlob: true, webauthn:extension:largeBlob: true, webauthn:extension:minPinLength: true, webauthn:extension:prf: true, webauthn:virtualAuthenticators: true}
Element: [[ChromeDriver: chrome on WINDOWS (87a742e8e041ef662a073bfa69c53f3a)] -&gt; xpath: //tbody/tr[1]/td[5]/div[2]/a[4]/i[1]]
Session ID: 87a742e8e041ef662a073bfa69c53f3a
	at java.base/jdk.internal.reflect.NativeConstructorAccessorImpl.newInstance0(Native Method)
	at java.base/jdk.internal.reflect.NativeConstructorAccessorImpl.newInstance(NativeConstructorAccessorImpl.java:77)
	at java.base/jdk.internal.reflect.DelegatingConstructorAccessorImpl.newInstance(DelegatingConstructorAccessorImpl.java:45)
	at java.base/java.lang.reflect.Constructor.newInstanceWithCaller(Constructor.java:499)
	at java.base/java.lang.reflect.Constructor.newInstance(Constructor.java:480)
	at org.openqa.selenium.remote.codec.w3c.W3CHttpResponseCodec.createException(W3CHttpResponseCodec.java:200)
	at org.openqa.selenium.remote.codec.w3c.W3CHttpResponseCodec.decode(W3CHttpResponseCodec.java:133)
	at org.openqa.selenium.remote.codec.w3c.W3CHttpResponseCodec.decode(W3CHttpResponseCodec.java:53)
	at org.openqa.selenium.remote.HttpCommandExecutor.execute(HttpCommandExecutor.java:193)
	at org.openqa.selenium.remote.service.DriverCommandExecutor.invokeExecute(DriverCommandExecutor.java:183)
	at org.openqa.selenium.remote.service.DriverCommandExecutor.execute(DriverCommandExecutor.java:158)
	at org.openqa.selenium.remote.RemoteWebDriver.execute(RemoteWebDriver.java:543)
	at org.openqa.selenium.remote.RemoteWebElement.execute(RemoteWebElement.java:257)
	at org.openqa.selenium.remote.RemoteWebElement.click(RemoteWebElement.java:78)
	at Vision_RA.Test.RA_AlphaNumTab.ALP_TAB_004_ALP_TAB_003(RA_AlphaNumTab.java:158)
	at java.base/jdk.internal.reflect.NativeMethodAccessorImpl.invoke0(Native Method)
	at java.base/jdk.internal.reflect.NativeMethodAccessorImpl.invoke(NativeMethodAccessorImpl.java:77)
	at java.base/jdk.internal.reflect.DelegatingMethodAccessorImpl.invoke(DelegatingMethodAccessorImpl.java:43)
	at java.base/java.lang.reflect.Method.invoke(Method.java:568)
	at org.testng.internal.MethodInvocationHelper.invokeMethod(MethodInvocationHelper.java:133)
	at org.testng.internal.TestInvoker.invokeMethod(TestInvoker.java:598)
	at org.testng.internal.TestInvoker.invokeTestMethod(TestInvoker.java:173)
	at org.testng.internal.MethodRunner.runInSequence(MethodRunner.java:46)
	at org.testng.internal.TestInvoker$MethodInvocationAgent.invoke(TestInvoker.java:824)
	at org.testng.internal.TestInvoker.invokeTestMethods(TestInvoker.java:146)
	at org.testng.internal.TestMethodWorker.invokeTestMethods(TestMethodWorker.java:146)
	at org.testng.internal.TestMethodWorker.run(TestMethodWorker.java:128)
	at java.base/java.util.ArrayList.forEach(ArrayList.java:1511)
	at org.testng.TestRunner.privateRun(TestRunner.java:794)
	at org.testng.TestRunner.run(TestRunner.java:596)
	at org.testng.SuiteRunner.runTest(SuiteRunner.java:377)
	at org.testng.SuiteRunner.runSequentially(SuiteRunner.java:371)
	at org.testng.SuiteRunner.privateRun(SuiteRunner.java:332)
	at org.testng.SuiteRunner.run(SuiteRunner.java:276)
	at org.testng.SuiteRunnerWorker.runSuite(SuiteRunnerWorker.java:53)
	at org.testng.SuiteRunnerWorker.run(SuiteRunnerWorker.java:96)
	at org.testng.TestNG.runSuitesSequentially(TestNG.java:1212)
	at org.testng.TestNG.runSuitesLocally(TestNG.java:1134)
	at org.testng.TestNG.runSuites(TestNG.java:1063)
	at org.testng.TestNG.run(TestNG.java:1031)
	at org.testng.remote.AbstractRemoteTestNG.run(AbstractRemoteTestNG.java:115)
	at org.testng.remote.RemoteTestNG.initAndRun(RemoteTestNG.java:251)
	at org.testng.remote.RemoteTestNG.main(RemoteTestNG.java:77)
</pre></div></td>
<td>46</td>
<td>Vision_RA.Test.RA_AlphaNumTab@4c309d4d</td></tr>
<tr>
<td title='Vision_RA.Test.RA_MasterConfiguration.RA_MC_005()'><b>RA_MC_005</b><br>Test class: Vision_RA.Test.RA_MasterConfiguration<br>Parameters: RA, Vision@123</td>
<td><div><pre>org.openqa.selenium.NoSuchElementException: no such element: Unable to locate element: {&quot;method&quot;:&quot;xpath&quot;,&quot;selector&quot;:&quot;/html[1]/body[1]/app-root[1]/app-main-container[1]/div[1]/div[2]/div[1]/app-recon-config[1]/div[1]/div[1]/div[3]/div[1]/div[2]/div[2]/div[1]/div[1]/div[1]/form[1]/perfect-scrollbar[1]/div[1]/div[1]/table[1]/tbody[1]/tr[1]/td[2]/input[1]&quot;}
  (Session info: chrome=135.0.7049.115)
For documentation on this error, please visit: https://selenium.dev/exceptions/#no_such_element
Build info: version: &apos;4.8.3&apos;, revision: &apos;e5e76298c3&apos;
System info: os.name: &apos;Windows 10&apos;, os.arch: &apos;amd64&apos;, os.version: &apos;10.0&apos;, java.version: &apos;17.0.12&apos;
Driver info: org.openqa.selenium.chrome.ChromeDriver
Command: [25c228985c05fe0310bb37130785ee9a, findElement {using=xpath, value=/html[1]/body[1]/app-root[1]/app-main-container[1]/div[1]/div[2]/div[1]/app-recon-config[1]/div[1]/div[1]/div[3]/div[1]/div[2]/div[2]/div[1]/div[1]/div[1]/form[1]/perfect-scrollbar[1]/div[1]/div[1]/table[1]/tbody[1]/tr[1]/td[2]/input[1]}]
Capabilities {acceptInsecureCerts: false, browserName: chrome, browserVersion: 135.0.7049.115, chrome: {chromedriverVersion: 135.0.7049.114 (63fd8a7d9d0..., userDataDir: C:\Users\Welcome\AppData\Lo...}, fedcm:accounts: true, goog:chromeOptions: {debuggerAddress: localhost:54244}, networkConnectionEnabled: false, pageLoadStrategy: normal, platformName: WINDOWS, proxy: Proxy(), se:cdp: ws://localhost:54244/devtoo..., se:cdpVersion: 135.0.7049.115, setWindowRect: true, strictFileInteractability: false, timeouts: {implicit: 0, pageLoad: 300000, script: 30000}, unhandledPromptBehavior: dismiss and notify, webauthn:extension:credBlob: true, webauthn:extension:largeBlob: true, webauthn:extension:minPinLength: true, webauthn:extension:prf: true, webauthn:virtualAuthenticators: true}
Session ID: 25c228985c05fe0310bb37130785ee9a
	at org.openqa.selenium.remote.codec.w3c.W3CHttpResponseCodec.createException(W3CHttpResponseCodec.java:200)
	at org.openqa.selenium.remote.codec.w3c.W3CHttpResponseCodec.decode(W3CHttpResponseCodec.java:133)
	at org.openqa.selenium.remote.codec.w3c.W3CHttpResponseCodec.decode(W3CHttpResponseCodec.java:53)
	at org.openqa.selenium.remote.HttpCommandExecutor.execute(HttpCommandExecutor.java:193)
	at org.openqa.selenium.remote.service.DriverCommandExecutor.invokeExecute(DriverCommandExecutor.java:183)
	at org.openqa.selenium.remote.service.DriverCommandExecutor.execute(DriverCommandExecutor.java:158)
	at org.openqa.selenium.remote.RemoteWebDriver.execute(RemoteWebDriver.java:543)
	at org.openqa.selenium.remote.ElementLocation$ElementFinder$2.findElement(ElementLocation.java:162)
	at org.openqa.selenium.remote.ElementLocation.findElement(ElementLocation.java:60)
	at org.openqa.selenium.remote.RemoteWebDriver.findElement(RemoteWebDriver.java:352)
	at org.openqa.selenium.remote.RemoteWebDriver.findElement(RemoteWebDriver.java:344)
	at Vision_RA.Test.RA_MasterConfiguration.RA_MC_005(RA_MasterConfiguration.java:402)
	at java.base/java.util.ArrayList.forEach(ArrayList.java:1511)
... Removed 32 stack frames</pre></div><a href='#' onClick='toggleBox("stack-trace108103728", this, "Click to show all stack frames", "Click to hide stack frames")'>Click to show all stack frames</a>
<div class='stack-trace' id='stack-trace108103728'><pre>org.openqa.selenium.NoSuchElementException: no such element: Unable to locate element: {&quot;method&quot;:&quot;xpath&quot;,&quot;selector&quot;:&quot;/html[1]/body[1]/app-root[1]/app-main-container[1]/div[1]/div[2]/div[1]/app-recon-config[1]/div[1]/div[1]/div[3]/div[1]/div[2]/div[2]/div[1]/div[1]/div[1]/form[1]/perfect-scrollbar[1]/div[1]/div[1]/table[1]/tbody[1]/tr[1]/td[2]/input[1]&quot;}
  (Session info: chrome=135.0.7049.115)
For documentation on this error, please visit: https://selenium.dev/exceptions/#no_such_element
Build info: version: &apos;4.8.3&apos;, revision: &apos;e5e76298c3&apos;
System info: os.name: &apos;Windows 10&apos;, os.arch: &apos;amd64&apos;, os.version: &apos;10.0&apos;, java.version: &apos;17.0.12&apos;
Driver info: org.openqa.selenium.chrome.ChromeDriver
Command: [25c228985c05fe0310bb37130785ee9a, findElement {using=xpath, value=/html[1]/body[1]/app-root[1]/app-main-container[1]/div[1]/div[2]/div[1]/app-recon-config[1]/div[1]/div[1]/div[3]/div[1]/div[2]/div[2]/div[1]/div[1]/div[1]/form[1]/perfect-scrollbar[1]/div[1]/div[1]/table[1]/tbody[1]/tr[1]/td[2]/input[1]}]
Capabilities {acceptInsecureCerts: false, browserName: chrome, browserVersion: 135.0.7049.115, chrome: {chromedriverVersion: 135.0.7049.114 (63fd8a7d9d0..., userDataDir: C:\Users\Welcome\AppData\Lo...}, fedcm:accounts: true, goog:chromeOptions: {debuggerAddress: localhost:54244}, networkConnectionEnabled: false, pageLoadStrategy: normal, platformName: WINDOWS, proxy: Proxy(), se:cdp: ws://localhost:54244/devtoo..., se:cdpVersion: 135.0.7049.115, setWindowRect: true, strictFileInteractability: false, timeouts: {implicit: 0, pageLoad: 300000, script: 30000}, unhandledPromptBehavior: dismiss and notify, webauthn:extension:credBlob: true, webauthn:extension:largeBlob: true, webauthn:extension:minPinLength: true, webauthn:extension:prf: true, webauthn:virtualAuthenticators: true}
Session ID: 25c228985c05fe0310bb37130785ee9a
	at java.base/jdk.internal.reflect.NativeConstructorAccessorImpl.newInstance0(Native Method)
	at java.base/jdk.internal.reflect.NativeConstructorAccessorImpl.newInstance(NativeConstructorAccessorImpl.java:77)
	at java.base/jdk.internal.reflect.DelegatingConstructorAccessorImpl.newInstance(DelegatingConstructorAccessorImpl.java:45)
	at java.base/java.lang.reflect.Constructor.newInstanceWithCaller(Constructor.java:499)
	at java.base/java.lang.reflect.Constructor.newInstance(Constructor.java:480)
	at org.openqa.selenium.remote.codec.w3c.W3CHttpResponseCodec.createException(W3CHttpResponseCodec.java:200)
	at org.openqa.selenium.remote.codec.w3c.W3CHttpResponseCodec.decode(W3CHttpResponseCodec.java:133)
	at org.openqa.selenium.remote.codec.w3c.W3CHttpResponseCodec.decode(W3CHttpResponseCodec.java:53)
	at org.openqa.selenium.remote.HttpCommandExecutor.execute(HttpCommandExecutor.java:193)
	at org.openqa.selenium.remote.service.DriverCommandExecutor.invokeExecute(DriverCommandExecutor.java:183)
	at org.openqa.selenium.remote.service.DriverCommandExecutor.execute(DriverCommandExecutor.java:158)
	at org.openqa.selenium.remote.RemoteWebDriver.execute(RemoteWebDriver.java:543)
	at org.openqa.selenium.remote.ElementLocation$ElementFinder$2.findElement(ElementLocation.java:162)
	at org.openqa.selenium.remote.ElementLocation.findElement(ElementLocation.java:60)
	at org.openqa.selenium.remote.RemoteWebDriver.findElement(RemoteWebDriver.java:352)
	at org.openqa.selenium.remote.RemoteWebDriver.findElement(RemoteWebDriver.java:344)
	at Vision_RA.Test.RA_MasterConfiguration.RA_MC_005(RA_MasterConfiguration.java:402)
	at java.base/jdk.internal.reflect.NativeMethodAccessorImpl.invoke0(Native Method)
	at java.base/jdk.internal.reflect.NativeMethodAccessorImpl.invoke(NativeMethodAccessorImpl.java:77)
	at java.base/jdk.internal.reflect.DelegatingMethodAccessorImpl.invoke(DelegatingMethodAccessorImpl.java:43)
	at java.base/java.lang.reflect.Method.invoke(Method.java:568)
	at org.testng.internal.MethodInvocationHelper.invokeMethod(MethodInvocationHelper.java:133)
	at org.testng.internal.TestInvoker.invokeMethod(TestInvoker.java:598)
	at org.testng.internal.TestInvoker.invokeTestMethod(TestInvoker.java:173)
	at org.testng.internal.MethodRunner.runInSequence(MethodRunner.java:46)
	at org.testng.internal.TestInvoker$MethodInvocationAgent.invoke(TestInvoker.java:824)
	at org.testng.internal.TestInvoker.invokeTestMethods(TestInvoker.java:146)
	at org.testng.internal.TestMethodWorker.invokeTestMethods(TestMethodWorker.java:146)
	at org.testng.internal.TestMethodWorker.run(TestMethodWorker.java:128)
	at java.base/java.util.ArrayList.forEach(ArrayList.java:1511)
	at org.testng.TestRunner.privateRun(TestRunner.java:794)
	at org.testng.TestRunner.run(TestRunner.java:596)
	at org.testng.SuiteRunner.runTest(SuiteRunner.java:377)
	at org.testng.SuiteRunner.runSequentially(SuiteRunner.java:371)
	at org.testng.SuiteRunner.privateRun(SuiteRunner.java:332)
	at org.testng.SuiteRunner.run(SuiteRunner.java:276)
	at org.testng.SuiteRunnerWorker.runSuite(SuiteRunnerWorker.java:53)
	at org.testng.SuiteRunnerWorker.run(SuiteRunnerWorker.java:96)
	at org.testng.TestNG.runSuitesSequentially(TestNG.java:1212)
	at org.testng.TestNG.runSuitesLocally(TestNG.java:1134)
	at org.testng.TestNG.runSuites(TestNG.java:1063)
	at org.testng.TestNG.run(TestNG.java:1031)
	at org.testng.remote.AbstractRemoteTestNG.run(AbstractRemoteTestNG.java:115)
	at org.testng.remote.RemoteTestNG.initAndRun(RemoteTestNG.java:251)
	at org.testng.remote.RemoteTestNG.main(RemoteTestNG.java:77)
</pre></div></td>
<td>18</td>
<td>Vision_RA.Test.RA_MasterConfiguration@77f80c04</td></tr>
<tr>
<td title='Vision_RA.Test.RA_General.RA_GL_015()'><b>RA_GL_015</b><br>Test class: Vision_RA.Test.RA_General<br>Parameters: RA, Vision@123</td>
<td><div><pre>org.openqa.selenium.NoSuchElementException: no such element: Unable to locate element: {&quot;method&quot;:&quot;xpath&quot;,&quot;selector&quot;:&quot;//button[contains(text(),&apos;Yes&apos;)]&quot;}
  (Session info: chrome=135.0.7049.115)
For documentation on this error, please visit: https://selenium.dev/exceptions/#no_such_element
Build info: version: &apos;4.8.3&apos;, revision: &apos;e5e76298c3&apos;
System info: os.name: &apos;Windows 10&apos;, os.arch: &apos;amd64&apos;, os.version: &apos;10.0&apos;, java.version: &apos;17.0.12&apos;
Driver info: org.openqa.selenium.chrome.ChromeDriver
Command: [7a6840bafea29bc06e02f452502ed49c, findElement {using=xpath, value=//button[contains(text(),&apos;Yes&apos;)]}]
Capabilities {acceptInsecureCerts: false, browserName: chrome, browserVersion: 135.0.7049.115, chrome: {chromedriverVersion: 135.0.7049.114 (63fd8a7d9d0..., userDataDir: C:\Users\Welcome\AppData\Lo...}, fedcm:accounts: true, goog:chromeOptions: {debuggerAddress: localhost:50344}, networkConnectionEnabled: false, pageLoadStrategy: normal, platformName: WINDOWS, proxy: Proxy(), se:cdp: ws://localhost:50344/devtoo..., se:cdpVersion: 135.0.7049.115, setWindowRect: true, strictFileInteractability: false, timeouts: {implicit: 0, pageLoad: 300000, script: 30000}, unhandledPromptBehavior: dismiss and notify, webauthn:extension:credBlob: true, webauthn:extension:largeBlob: true, webauthn:extension:minPinLength: true, webauthn:extension:prf: true, webauthn:virtualAuthenticators: true}
Session ID: 7a6840bafea29bc06e02f452502ed49c
	at org.openqa.selenium.remote.codec.w3c.W3CHttpResponseCodec.createException(W3CHttpResponseCodec.java:200)
	at org.openqa.selenium.remote.codec.w3c.W3CHttpResponseCodec.decode(W3CHttpResponseCodec.java:133)
	at org.openqa.selenium.remote.codec.w3c.W3CHttpResponseCodec.decode(W3CHttpResponseCodec.java:53)
	at org.openqa.selenium.remote.HttpCommandExecutor.execute(HttpCommandExecutor.java:193)
	at org.openqa.selenium.remote.service.DriverCommandExecutor.invokeExecute(DriverCommandExecutor.java:183)
	at org.openqa.selenium.remote.service.DriverCommandExecutor.execute(DriverCommandExecutor.java:158)
	at org.openqa.selenium.remote.RemoteWebDriver.execute(RemoteWebDriver.java:543)
	at org.openqa.selenium.remote.ElementLocation$ElementFinder$2.findElement(ElementLocation.java:162)
	at org.openqa.selenium.remote.ElementLocation.findElement(ElementLocation.java:60)
	at org.openqa.selenium.remote.RemoteWebDriver.findElement(RemoteWebDriver.java:352)
	at org.openqa.selenium.remote.RemoteWebDriver.findElement(RemoteWebDriver.java:344)
	at Vision_RA.Test.RA_General.RA_GL_015(RA_General.java:292)
	at java.base/java.util.ArrayList.forEach(ArrayList.java:1511)
... Removed 32 stack frames</pre></div><a href='#' onClick='toggleBox("stack-trace1705898735", this, "Click to show all stack frames", "Click to hide stack frames")'>Click to show all stack frames</a>
<div class='stack-trace' id='stack-trace1705898735'><pre>org.openqa.selenium.NoSuchElementException: no such element: Unable to locate element: {&quot;method&quot;:&quot;xpath&quot;,&quot;selector&quot;:&quot;//button[contains(text(),&apos;Yes&apos;)]&quot;}
  (Session info: chrome=135.0.7049.115)
For documentation on this error, please visit: https://selenium.dev/exceptions/#no_such_element
Build info: version: &apos;4.8.3&apos;, revision: &apos;e5e76298c3&apos;
System info: os.name: &apos;Windows 10&apos;, os.arch: &apos;amd64&apos;, os.version: &apos;10.0&apos;, java.version: &apos;17.0.12&apos;
Driver info: org.openqa.selenium.chrome.ChromeDriver
Command: [7a6840bafea29bc06e02f452502ed49c, findElement {using=xpath, value=//button[contains(text(),&apos;Yes&apos;)]}]
Capabilities {acceptInsecureCerts: false, browserName: chrome, browserVersion: 135.0.7049.115, chrome: {chromedriverVersion: 135.0.7049.114 (63fd8a7d9d0..., userDataDir: C:\Users\Welcome\AppData\Lo...}, fedcm:accounts: true, goog:chromeOptions: {debuggerAddress: localhost:50344}, networkConnectionEnabled: false, pageLoadStrategy: normal, platformName: WINDOWS, proxy: Proxy(), se:cdp: ws://localhost:50344/devtoo..., se:cdpVersion: 135.0.7049.115, setWindowRect: true, strictFileInteractability: false, timeouts: {implicit: 0, pageLoad: 300000, script: 30000}, unhandledPromptBehavior: dismiss and notify, webauthn:extension:credBlob: true, webauthn:extension:largeBlob: true, webauthn:extension:minPinLength: true, webauthn:extension:prf: true, webauthn:virtualAuthenticators: true}
Session ID: 7a6840bafea29bc06e02f452502ed49c
	at java.base/jdk.internal.reflect.NativeConstructorAccessorImpl.newInstance0(Native Method)
	at java.base/jdk.internal.reflect.NativeConstructorAccessorImpl.newInstance(NativeConstructorAccessorImpl.java:77)
	at java.base/jdk.internal.reflect.DelegatingConstructorAccessorImpl.newInstance(DelegatingConstructorAccessorImpl.java:45)
	at java.base/java.lang.reflect.Constructor.newInstanceWithCaller(Constructor.java:499)
	at java.base/java.lang.reflect.Constructor.newInstance(Constructor.java:480)
	at org.openqa.selenium.remote.codec.w3c.W3CHttpResponseCodec.createException(W3CHttpResponseCodec.java:200)
	at org.openqa.selenium.remote.codec.w3c.W3CHttpResponseCodec.decode(W3CHttpResponseCodec.java:133)
	at org.openqa.selenium.remote.codec.w3c.W3CHttpResponseCodec.decode(W3CHttpResponseCodec.java:53)
	at org.openqa.selenium.remote.HttpCommandExecutor.execute(HttpCommandExecutor.java:193)
	at org.openqa.selenium.remote.service.DriverCommandExecutor.invokeExecute(DriverCommandExecutor.java:183)
	at org.openqa.selenium.remote.service.DriverCommandExecutor.execute(DriverCommandExecutor.java:158)
	at org.openqa.selenium.remote.RemoteWebDriver.execute(RemoteWebDriver.java:543)
	at org.openqa.selenium.remote.ElementLocation$ElementFinder$2.findElement(ElementLocation.java:162)
	at org.openqa.selenium.remote.ElementLocation.findElement(ElementLocation.java:60)
	at org.openqa.selenium.remote.RemoteWebDriver.findElement(RemoteWebDriver.java:352)
	at org.openqa.selenium.remote.RemoteWebDriver.findElement(RemoteWebDriver.java:344)
	at Vision_RA.Test.RA_General.RA_GL_015(RA_General.java:292)
	at java.base/jdk.internal.reflect.NativeMethodAccessorImpl.invoke0(Native Method)
	at java.base/jdk.internal.reflect.NativeMethodAccessorImpl.invoke(NativeMethodAccessorImpl.java:77)
	at java.base/jdk.internal.reflect.DelegatingMethodAccessorImpl.invoke(DelegatingMethodAccessorImpl.java:43)
	at java.base/java.lang.reflect.Method.invoke(Method.java:568)
	at org.testng.internal.MethodInvocationHelper.invokeMethod(MethodInvocationHelper.java:133)
	at org.testng.internal.TestInvoker.invokeMethod(TestInvoker.java:598)
	at org.testng.internal.TestInvoker.invokeTestMethod(TestInvoker.java:173)
	at org.testng.internal.MethodRunner.runInSequence(MethodRunner.java:46)
	at org.testng.internal.TestInvoker$MethodInvocationAgent.invoke(TestInvoker.java:824)
	at org.testng.internal.TestInvoker.invokeTestMethods(TestInvoker.java:146)
	at org.testng.internal.TestMethodWorker.invokeTestMethods(TestMethodWorker.java:146)
	at org.testng.internal.TestMethodWorker.run(TestMethodWorker.java:128)
	at java.base/java.util.ArrayList.forEach(ArrayList.java:1511)
	at org.testng.TestRunner.privateRun(TestRunner.java:794)
	at org.testng.TestRunner.run(TestRunner.java:596)
	at org.testng.SuiteRunner.runTest(SuiteRunner.java:377)
	at org.testng.SuiteRunner.runSequentially(SuiteRunner.java:371)
	at org.testng.SuiteRunner.privateRun(SuiteRunner.java:332)
	at org.testng.SuiteRunner.run(SuiteRunner.java:276)
	at org.testng.SuiteRunnerWorker.runSuite(SuiteRunnerWorker.java:53)
	at org.testng.SuiteRunnerWorker.run(SuiteRunnerWorker.java:96)
	at org.testng.TestNG.runSuitesSequentially(TestNG.java:1212)
	at org.testng.TestNG.runSuitesLocally(TestNG.java:1134)
	at org.testng.TestNG.runSuites(TestNG.java:1063)
	at org.testng.TestNG.run(TestNG.java:1031)
	at org.testng.remote.AbstractRemoteTestNG.run(AbstractRemoteTestNG.java:115)
	at org.testng.remote.RemoteTestNG.initAndRun(RemoteTestNG.java:251)
	at org.testng.remote.RemoteTestNG.main(RemoteTestNG.java:77)
</pre></div></td>
<td>65</td>
<td>Vision_RA.Test.RA_General@37271612</td></tr>
<tr>
<td title='Vision_RA.Test.RA_MasterConfiguration.RA_MC_017()'><b>RA_MC_017</b><br>Test class: Vision_RA.Test.RA_MasterConfiguration<br>Parameters: RA, Vision@123</td>
<td><div><pre>org.openqa.selenium.NoSuchElementException: no such element: Unable to locate element: {&quot;method&quot;:&quot;xpath&quot;,&quot;selector&quot;:&quot;//body/ngb-modal-window[1]/div[1]/div[1]/app-generic-popup[1]/div[1]/div[1]/form[1]/div[2]/div[1]/div[1]/input[1]&quot;}
  (Session info: chrome=135.0.7049.115)
For documentation on this error, please visit: https://selenium.dev/exceptions/#no_such_element
Build info: version: &apos;4.8.3&apos;, revision: &apos;e5e76298c3&apos;
System info: os.name: &apos;Windows 10&apos;, os.arch: &apos;amd64&apos;, os.version: &apos;10.0&apos;, java.version: &apos;17.0.12&apos;
Driver info: org.openqa.selenium.chrome.ChromeDriver
Command: [d387e83eccbb5ebff0af49bbf7e93951, findElement {using=xpath, value=//body/ngb-modal-window[1]/div[1]/div[1]/app-generic-popup[1]/div[1]/div[1]/form[1]/div[2]/div[1]/div[1]/input[1]}]
Capabilities {acceptInsecureCerts: false, browserName: chrome, browserVersion: 135.0.7049.115, chrome: {chromedriverVersion: 135.0.7049.114 (63fd8a7d9d0..., userDataDir: C:\Users\Welcome\AppData\Lo...}, fedcm:accounts: true, goog:chromeOptions: {debuggerAddress: localhost:54896}, networkConnectionEnabled: false, pageLoadStrategy: normal, platformName: WINDOWS, proxy: Proxy(), se:cdp: ws://localhost:54896/devtoo..., se:cdpVersion: 135.0.7049.115, setWindowRect: true, strictFileInteractability: false, timeouts: {implicit: 0, pageLoad: 300000, script: 30000}, unhandledPromptBehavior: dismiss and notify, webauthn:extension:credBlob: true, webauthn:extension:largeBlob: true, webauthn:extension:minPinLength: true, webauthn:extension:prf: true, webauthn:virtualAuthenticators: true}
Session ID: d387e83eccbb5ebff0af49bbf7e93951
	at org.openqa.selenium.remote.codec.w3c.W3CHttpResponseCodec.createException(W3CHttpResponseCodec.java:200)
	at org.openqa.selenium.remote.codec.w3c.W3CHttpResponseCodec.decode(W3CHttpResponseCodec.java:133)
	at org.openqa.selenium.remote.codec.w3c.W3CHttpResponseCodec.decode(W3CHttpResponseCodec.java:53)
	at org.openqa.selenium.remote.HttpCommandExecutor.execute(HttpCommandExecutor.java:193)
	at org.openqa.selenium.remote.service.DriverCommandExecutor.invokeExecute(DriverCommandExecutor.java:183)
	at org.openqa.selenium.remote.service.DriverCommandExecutor.execute(DriverCommandExecutor.java:158)
	at org.openqa.selenium.remote.RemoteWebDriver.execute(RemoteWebDriver.java:543)
	at org.openqa.selenium.remote.ElementLocation$ElementFinder$2.findElement(ElementLocation.java:162)
	at org.openqa.selenium.remote.ElementLocation.findElement(ElementLocation.java:60)
	at org.openqa.selenium.remote.RemoteWebDriver.findElement(RemoteWebDriver.java:352)
	at org.openqa.selenium.remote.RemoteWebDriver.findElement(RemoteWebDriver.java:344)
	at Vision_RA.Test.RA_MasterConfiguration.RA_MC_017(RA_MasterConfiguration.java:1005)
	at java.base/java.util.ArrayList.forEach(ArrayList.java:1511)
... Removed 32 stack frames</pre></div><a href='#' onClick='toggleBox("stack-trace1655834352", this, "Click to show all stack frames", "Click to hide stack frames")'>Click to show all stack frames</a>
<div class='stack-trace' id='stack-trace1655834352'><pre>org.openqa.selenium.NoSuchElementException: no such element: Unable to locate element: {&quot;method&quot;:&quot;xpath&quot;,&quot;selector&quot;:&quot;//body/ngb-modal-window[1]/div[1]/div[1]/app-generic-popup[1]/div[1]/div[1]/form[1]/div[2]/div[1]/div[1]/input[1]&quot;}
  (Session info: chrome=135.0.7049.115)
For documentation on this error, please visit: https://selenium.dev/exceptions/#no_such_element
Build info: version: &apos;4.8.3&apos;, revision: &apos;e5e76298c3&apos;
System info: os.name: &apos;Windows 10&apos;, os.arch: &apos;amd64&apos;, os.version: &apos;10.0&apos;, java.version: &apos;17.0.12&apos;
Driver info: org.openqa.selenium.chrome.ChromeDriver
Command: [d387e83eccbb5ebff0af49bbf7e93951, findElement {using=xpath, value=//body/ngb-modal-window[1]/div[1]/div[1]/app-generic-popup[1]/div[1]/div[1]/form[1]/div[2]/div[1]/div[1]/input[1]}]
Capabilities {acceptInsecureCerts: false, browserName: chrome, browserVersion: 135.0.7049.115, chrome: {chromedriverVersion: 135.0.7049.114 (63fd8a7d9d0..., userDataDir: C:\Users\Welcome\AppData\Lo...}, fedcm:accounts: true, goog:chromeOptions: {debuggerAddress: localhost:54896}, networkConnectionEnabled: false, pageLoadStrategy: normal, platformName: WINDOWS, proxy: Proxy(), se:cdp: ws://localhost:54896/devtoo..., se:cdpVersion: 135.0.7049.115, setWindowRect: true, strictFileInteractability: false, timeouts: {implicit: 0, pageLoad: 300000, script: 30000}, unhandledPromptBehavior: dismiss and notify, webauthn:extension:credBlob: true, webauthn:extension:largeBlob: true, webauthn:extension:minPinLength: true, webauthn:extension:prf: true, webauthn:virtualAuthenticators: true}
Session ID: d387e83eccbb5ebff0af49bbf7e93951
	at java.base/jdk.internal.reflect.NativeConstructorAccessorImpl.newInstance0(Native Method)
	at java.base/jdk.internal.reflect.NativeConstructorAccessorImpl.newInstance(NativeConstructorAccessorImpl.java:77)
	at java.base/jdk.internal.reflect.DelegatingConstructorAccessorImpl.newInstance(DelegatingConstructorAccessorImpl.java:45)
	at java.base/java.lang.reflect.Constructor.newInstanceWithCaller(Constructor.java:499)
	at java.base/java.lang.reflect.Constructor.newInstance(Constructor.java:480)
	at org.openqa.selenium.remote.codec.w3c.W3CHttpResponseCodec.createException(W3CHttpResponseCodec.java:200)
	at org.openqa.selenium.remote.codec.w3c.W3CHttpResponseCodec.decode(W3CHttpResponseCodec.java:133)
	at org.openqa.selenium.remote.codec.w3c.W3CHttpResponseCodec.decode(W3CHttpResponseCodec.java:53)
	at org.openqa.selenium.remote.HttpCommandExecutor.execute(HttpCommandExecutor.java:193)
	at org.openqa.selenium.remote.service.DriverCommandExecutor.invokeExecute(DriverCommandExecutor.java:183)
	at org.openqa.selenium.remote.service.DriverCommandExecutor.execute(DriverCommandExecutor.java:158)
	at org.openqa.selenium.remote.RemoteWebDriver.execute(RemoteWebDriver.java:543)
	at org.openqa.selenium.remote.ElementLocation$ElementFinder$2.findElement(ElementLocation.java:162)
	at org.openqa.selenium.remote.ElementLocation.findElement(ElementLocation.java:60)
	at org.openqa.selenium.remote.RemoteWebDriver.findElement(RemoteWebDriver.java:352)
	at org.openqa.selenium.remote.RemoteWebDriver.findElement(RemoteWebDriver.java:344)
	at Vision_RA.Test.RA_MasterConfiguration.RA_MC_017(RA_MasterConfiguration.java:1005)
	at java.base/jdk.internal.reflect.NativeMethodAccessorImpl.invoke0(Native Method)
	at java.base/jdk.internal.reflect.NativeMethodAccessorImpl.invoke(NativeMethodAccessorImpl.java:77)
	at java.base/jdk.internal.reflect.DelegatingMethodAccessorImpl.invoke(DelegatingMethodAccessorImpl.java:43)
	at java.base/java.lang.reflect.Method.invoke(Method.java:568)
	at org.testng.internal.MethodInvocationHelper.invokeMethod(MethodInvocationHelper.java:133)
	at org.testng.internal.TestInvoker.invokeMethod(TestInvoker.java:598)
	at org.testng.internal.TestInvoker.invokeTestMethod(TestInvoker.java:173)
	at org.testng.internal.MethodRunner.runInSequence(MethodRunner.java:46)
	at org.testng.internal.TestInvoker$MethodInvocationAgent.invoke(TestInvoker.java:824)
	at org.testng.internal.TestInvoker.invokeTestMethods(TestInvoker.java:146)
	at org.testng.internal.TestMethodWorker.invokeTestMethods(TestMethodWorker.java:146)
	at org.testng.internal.TestMethodWorker.run(TestMethodWorker.java:128)
	at java.base/java.util.ArrayList.forEach(ArrayList.java:1511)
	at org.testng.TestRunner.privateRun(TestRunner.java:794)
	at org.testng.TestRunner.run(TestRunner.java:596)
	at org.testng.SuiteRunner.runTest(SuiteRunner.java:377)
	at org.testng.SuiteRunner.runSequentially(SuiteRunner.java:371)
	at org.testng.SuiteRunner.privateRun(SuiteRunner.java:332)
	at org.testng.SuiteRunner.run(SuiteRunner.java:276)
	at org.testng.SuiteRunnerWorker.runSuite(SuiteRunnerWorker.java:53)
	at org.testng.SuiteRunnerWorker.run(SuiteRunnerWorker.java:96)
	at org.testng.TestNG.runSuitesSequentially(TestNG.java:1212)
	at org.testng.TestNG.runSuitesLocally(TestNG.java:1134)
	at org.testng.TestNG.runSuites(TestNG.java:1063)
	at org.testng.TestNG.run(TestNG.java:1031)
	at org.testng.remote.AbstractRemoteTestNG.run(AbstractRemoteTestNG.java:115)
	at org.testng.remote.RemoteTestNG.initAndRun(RemoteTestNG.java:251)
	at org.testng.remote.RemoteTestNG.main(RemoteTestNG.java:77)
</pre></div></td>
<td>42</td>
<td>Vision_RA.Test.RA_MasterConfiguration@77f80c04</td></tr>
<tr>
<td title='Vision_RA.Test.RA_FeesConfig.VAT_FEE_DC_040()'><b>VAT_FEE_DC_040</b><br>Test class: Vision_RA.Test.RA_FeesConfig<br>Parameters: RA, Vision@123</td>
<td><div><pre>org.openqa.selenium.ElementClickInterceptedException: element click intercepted: Element &lt;button _ngcontent-sdp-c208=&quot;&quot; type=&quot;submit&quot; class=&quot;btn btn-rose btn-sm saveTransaction&quot;&gt;...&lt;/button&gt; is not clickable at point (723, 553). Other element would receive the click: &lt;div _ngcontent-sdp-c208=&quot;&quot; class=&quot;modal-footer text-center ng-star-inserted&quot;&gt;...&lt;/div&gt;
  (Session info: chrome=135.0.7049.115)
Build info: version: &apos;4.8.3&apos;, revision: &apos;e5e76298c3&apos;
System info: os.name: &apos;Windows 10&apos;, os.arch: &apos;amd64&apos;, os.version: &apos;10.0&apos;, java.version: &apos;17.0.12&apos;
Driver info: org.openqa.selenium.chrome.ChromeDriver
Command: [e6c445513edbbcbd1972793c6a9dede3, clickElement {id=f.7C9CE6F5F5A38D44CC873BCEA8F5F21C.d.F021207C2C8E088735BD2FF088F4354C.e.314}]
Capabilities {acceptInsecureCerts: false, browserName: chrome, browserVersion: 135.0.7049.115, chrome: {chromedriverVersion: 135.0.7049.114 (63fd8a7d9d0..., userDataDir: C:\Users\Welcome\AppData\Lo...}, fedcm:accounts: true, goog:chromeOptions: {debuggerAddress: localhost:49724}, networkConnectionEnabled: false, pageLoadStrategy: normal, platformName: WINDOWS, proxy: Proxy(), se:cdp: ws://localhost:49724/devtoo..., se:cdpVersion: 135.0.7049.115, setWindowRect: true, strictFileInteractability: false, timeouts: {implicit: 0, pageLoad: 300000, script: 30000}, unhandledPromptBehavior: dismiss and notify, webauthn:extension:credBlob: true, webauthn:extension:largeBlob: true, webauthn:extension:minPinLength: true, webauthn:extension:prf: true, webauthn:virtualAuthenticators: true}
Element: [[ChromeDriver: chrome on WINDOWS (e6c445513edbbcbd1972793c6a9dede3)] -&gt; xpath: //body/app-root[1]/app-main-container[1]/div[1]/div[2]/div[1]/app-transaction-line-module[1]/div[1]/div[1]/div[1]/div[1]/div[1]/app-fees-line-transaction[1]/div[1]/div[2]/div[2]/button[1]]
Session ID: e6c445513edbbcbd1972793c6a9dede3
	at org.openqa.selenium.remote.codec.w3c.W3CHttpResponseCodec.createException(W3CHttpResponseCodec.java:200)
	at org.openqa.selenium.remote.codec.w3c.W3CHttpResponseCodec.decode(W3CHttpResponseCodec.java:133)
	at org.openqa.selenium.remote.codec.w3c.W3CHttpResponseCodec.decode(W3CHttpResponseCodec.java:53)
	at org.openqa.selenium.remote.HttpCommandExecutor.execute(HttpCommandExecutor.java:193)
	at org.openqa.selenium.remote.service.DriverCommandExecutor.invokeExecute(DriverCommandExecutor.java:183)
	at org.openqa.selenium.remote.service.DriverCommandExecutor.execute(DriverCommandExecutor.java:158)
	at org.openqa.selenium.remote.RemoteWebDriver.execute(RemoteWebDriver.java:543)
	at org.openqa.selenium.remote.RemoteWebElement.execute(RemoteWebElement.java:257)
	at org.openqa.selenium.remote.RemoteWebElement.click(RemoteWebElement.java:78)
	at Vision_RA.Test.RA_FeesConfig.VAT_FEE_DC_040(RA_FeesConfig.java:2935)
	at java.base/java.util.ArrayList.forEach(ArrayList.java:1511)
... Removed 32 stack frames</pre></div><a href='#' onClick='toggleBox("stack-trace2046756315", this, "Click to show all stack frames", "Click to hide stack frames")'>Click to show all stack frames</a>
<div class='stack-trace' id='stack-trace2046756315'><pre>org.openqa.selenium.ElementClickInterceptedException: element click intercepted: Element &lt;button _ngcontent-sdp-c208=&quot;&quot; type=&quot;submit&quot; class=&quot;btn btn-rose btn-sm saveTransaction&quot;&gt;...&lt;/button&gt; is not clickable at point (723, 553). Other element would receive the click: &lt;div _ngcontent-sdp-c208=&quot;&quot; class=&quot;modal-footer text-center ng-star-inserted&quot;&gt;...&lt;/div&gt;
  (Session info: chrome=135.0.7049.115)
Build info: version: &apos;4.8.3&apos;, revision: &apos;e5e76298c3&apos;
System info: os.name: &apos;Windows 10&apos;, os.arch: &apos;amd64&apos;, os.version: &apos;10.0&apos;, java.version: &apos;17.0.12&apos;
Driver info: org.openqa.selenium.chrome.ChromeDriver
Command: [e6c445513edbbcbd1972793c6a9dede3, clickElement {id=f.7C9CE6F5F5A38D44CC873BCEA8F5F21C.d.F021207C2C8E088735BD2FF088F4354C.e.314}]
Capabilities {acceptInsecureCerts: false, browserName: chrome, browserVersion: 135.0.7049.115, chrome: {chromedriverVersion: 135.0.7049.114 (63fd8a7d9d0..., userDataDir: C:\Users\Welcome\AppData\Lo...}, fedcm:accounts: true, goog:chromeOptions: {debuggerAddress: localhost:49724}, networkConnectionEnabled: false, pageLoadStrategy: normal, platformName: WINDOWS, proxy: Proxy(), se:cdp: ws://localhost:49724/devtoo..., se:cdpVersion: 135.0.7049.115, setWindowRect: true, strictFileInteractability: false, timeouts: {implicit: 0, pageLoad: 300000, script: 30000}, unhandledPromptBehavior: dismiss and notify, webauthn:extension:credBlob: true, webauthn:extension:largeBlob: true, webauthn:extension:minPinLength: true, webauthn:extension:prf: true, webauthn:virtualAuthenticators: true}
Element: [[ChromeDriver: chrome on WINDOWS (e6c445513edbbcbd1972793c6a9dede3)] -&gt; xpath: //body/app-root[1]/app-main-container[1]/div[1]/div[2]/div[1]/app-transaction-line-module[1]/div[1]/div[1]/div[1]/div[1]/div[1]/app-fees-line-transaction[1]/div[1]/div[2]/div[2]/button[1]]
Session ID: e6c445513edbbcbd1972793c6a9dede3
	at java.base/jdk.internal.reflect.NativeConstructorAccessorImpl.newInstance0(Native Method)
	at java.base/jdk.internal.reflect.NativeConstructorAccessorImpl.newInstance(NativeConstructorAccessorImpl.java:77)
	at java.base/jdk.internal.reflect.DelegatingConstructorAccessorImpl.newInstance(DelegatingConstructorAccessorImpl.java:45)
	at java.base/java.lang.reflect.Constructor.newInstanceWithCaller(Constructor.java:499)
	at java.base/java.lang.reflect.Constructor.newInstance(Constructor.java:480)
	at org.openqa.selenium.remote.codec.w3c.W3CHttpResponseCodec.createException(W3CHttpResponseCodec.java:200)
	at org.openqa.selenium.remote.codec.w3c.W3CHttpResponseCodec.decode(W3CHttpResponseCodec.java:133)
	at org.openqa.selenium.remote.codec.w3c.W3CHttpResponseCodec.decode(W3CHttpResponseCodec.java:53)
	at org.openqa.selenium.remote.HttpCommandExecutor.execute(HttpCommandExecutor.java:193)
	at org.openqa.selenium.remote.service.DriverCommandExecutor.invokeExecute(DriverCommandExecutor.java:183)
	at org.openqa.selenium.remote.service.DriverCommandExecutor.execute(DriverCommandExecutor.java:158)
	at org.openqa.selenium.remote.RemoteWebDriver.execute(RemoteWebDriver.java:543)
	at org.openqa.selenium.remote.RemoteWebElement.execute(RemoteWebElement.java:257)
	at org.openqa.selenium.remote.RemoteWebElement.click(RemoteWebElement.java:78)
	at Vision_RA.Test.RA_FeesConfig.VAT_FEE_DC_040(RA_FeesConfig.java:2935)
	at java.base/jdk.internal.reflect.NativeMethodAccessorImpl.invoke0(Native Method)
	at java.base/jdk.internal.reflect.NativeMethodAccessorImpl.invoke(NativeMethodAccessorImpl.java:77)
	at java.base/jdk.internal.reflect.DelegatingMethodAccessorImpl.invoke(DelegatingMethodAccessorImpl.java:43)
	at java.base/java.lang.reflect.Method.invoke(Method.java:568)
	at org.testng.internal.MethodInvocationHelper.invokeMethod(MethodInvocationHelper.java:133)
	at org.testng.internal.TestInvoker.invokeMethod(TestInvoker.java:598)
	at org.testng.internal.TestInvoker.invokeTestMethod(TestInvoker.java:173)
	at org.testng.internal.MethodRunner.runInSequence(MethodRunner.java:46)
	at org.testng.internal.TestInvoker$MethodInvocationAgent.invoke(TestInvoker.java:824)
	at org.testng.internal.TestInvoker.invokeTestMethods(TestInvoker.java:146)
	at org.testng.internal.TestMethodWorker.invokeTestMethods(TestMethodWorker.java:146)
	at org.testng.internal.TestMethodWorker.run(TestMethodWorker.java:128)
	at java.base/java.util.ArrayList.forEach(ArrayList.java:1511)
	at org.testng.TestRunner.privateRun(TestRunner.java:794)
	at org.testng.TestRunner.run(TestRunner.java:596)
	at org.testng.SuiteRunner.runTest(SuiteRunner.java:377)
	at org.testng.SuiteRunner.runSequentially(SuiteRunner.java:371)
	at org.testng.SuiteRunner.privateRun(SuiteRunner.java:332)
	at org.testng.SuiteRunner.run(SuiteRunner.java:276)
	at org.testng.SuiteRunnerWorker.runSuite(SuiteRunnerWorker.java:53)
	at org.testng.SuiteRunnerWorker.run(SuiteRunnerWorker.java:96)
	at org.testng.TestNG.runSuitesSequentially(TestNG.java:1212)
	at org.testng.TestNG.runSuitesLocally(TestNG.java:1134)
	at org.testng.TestNG.runSuites(TestNG.java:1063)
	at org.testng.TestNG.run(TestNG.java:1031)
	at org.testng.remote.AbstractRemoteTestNG.run(AbstractRemoteTestNG.java:115)
	at org.testng.remote.RemoteTestNG.initAndRun(RemoteTestNG.java:251)
	at org.testng.remote.RemoteTestNG.main(RemoteTestNG.java:77)
</pre></div></td>
<td>58</td>
<td>Vision_RA.Test.RA_FeesConfig@3af9c5b7</td></tr>
<tr>
<td title='Vision_RA.Test.RA_MasterConfiguration.RA_MC_016()'><b>RA_MC_016</b><br>Test class: Vision_RA.Test.RA_MasterConfiguration<br>Parameters: RA, Vision@123</td>
<td><div><pre>org.openqa.selenium.NoSuchElementException: no such element: Unable to locate element: {&quot;method&quot;:&quot;xpath&quot;,&quot;selector&quot;:&quot;//button[contains(text(),&apos;Yes&apos;)]&quot;}
  (Session info: chrome=135.0.7049.115)
For documentation on this error, please visit: https://selenium.dev/exceptions/#no_such_element
Build info: version: &apos;4.8.3&apos;, revision: &apos;e5e76298c3&apos;
System info: os.name: &apos;Windows 10&apos;, os.arch: &apos;amd64&apos;, os.version: &apos;10.0&apos;, java.version: &apos;17.0.12&apos;
Driver info: org.openqa.selenium.chrome.ChromeDriver
Command: [431bb5a546474ee53c60be7e3ab08b8c, findElement {using=xpath, value=//button[contains(text(),&apos;Yes&apos;)]}]
Capabilities {acceptInsecureCerts: false, browserName: chrome, browserVersion: 135.0.7049.115, chrome: {chromedriverVersion: 135.0.7049.114 (63fd8a7d9d0..., userDataDir: C:\Users\Welcome\AppData\Lo...}, fedcm:accounts: true, goog:chromeOptions: {debuggerAddress: localhost:54814}, networkConnectionEnabled: false, pageLoadStrategy: normal, platformName: WINDOWS, proxy: Proxy(), se:cdp: ws://localhost:54814/devtoo..., se:cdpVersion: 135.0.7049.115, setWindowRect: true, strictFileInteractability: false, timeouts: {implicit: 0, pageLoad: 300000, script: 30000}, unhandledPromptBehavior: dismiss and notify, webauthn:extension:credBlob: true, webauthn:extension:largeBlob: true, webauthn:extension:minPinLength: true, webauthn:extension:prf: true, webauthn:virtualAuthenticators: true}
Session ID: 431bb5a546474ee53c60be7e3ab08b8c
	at org.openqa.selenium.remote.codec.w3c.W3CHttpResponseCodec.createException(W3CHttpResponseCodec.java:200)
	at org.openqa.selenium.remote.codec.w3c.W3CHttpResponseCodec.decode(W3CHttpResponseCodec.java:133)
	at org.openqa.selenium.remote.codec.w3c.W3CHttpResponseCodec.decode(W3CHttpResponseCodec.java:53)
	at org.openqa.selenium.remote.HttpCommandExecutor.execute(HttpCommandExecutor.java:193)
	at org.openqa.selenium.remote.service.DriverCommandExecutor.invokeExecute(DriverCommandExecutor.java:183)
	at org.openqa.selenium.remote.service.DriverCommandExecutor.execute(DriverCommandExecutor.java:158)
	at org.openqa.selenium.remote.RemoteWebDriver.execute(RemoteWebDriver.java:543)
	at org.openqa.selenium.remote.ElementLocation$ElementFinder$2.findElement(ElementLocation.java:162)
	at org.openqa.selenium.remote.ElementLocation.findElement(ElementLocation.java:60)
	at org.openqa.selenium.remote.RemoteWebDriver.findElement(RemoteWebDriver.java:352)
	at org.openqa.selenium.remote.RemoteWebDriver.findElement(RemoteWebDriver.java:344)
	at Vision_RA.Test.RA_MasterConfiguration.RA_MC_016(RA_MasterConfiguration.java:925)
	at java.base/java.util.ArrayList.forEach(ArrayList.java:1511)
... Removed 32 stack frames</pre></div><a href='#' onClick='toggleBox("stack-trace621061537", this, "Click to show all stack frames", "Click to hide stack frames")'>Click to show all stack frames</a>
<div class='stack-trace' id='stack-trace621061537'><pre>org.openqa.selenium.NoSuchElementException: no such element: Unable to locate element: {&quot;method&quot;:&quot;xpath&quot;,&quot;selector&quot;:&quot;//button[contains(text(),&apos;Yes&apos;)]&quot;}
  (Session info: chrome=135.0.7049.115)
For documentation on this error, please visit: https://selenium.dev/exceptions/#no_such_element
Build info: version: &apos;4.8.3&apos;, revision: &apos;e5e76298c3&apos;
System info: os.name: &apos;Windows 10&apos;, os.arch: &apos;amd64&apos;, os.version: &apos;10.0&apos;, java.version: &apos;17.0.12&apos;
Driver info: org.openqa.selenium.chrome.ChromeDriver
Command: [431bb5a546474ee53c60be7e3ab08b8c, findElement {using=xpath, value=//button[contains(text(),&apos;Yes&apos;)]}]
Capabilities {acceptInsecureCerts: false, browserName: chrome, browserVersion: 135.0.7049.115, chrome: {chromedriverVersion: 135.0.7049.114 (63fd8a7d9d0..., userDataDir: C:\Users\Welcome\AppData\Lo...}, fedcm:accounts: true, goog:chromeOptions: {debuggerAddress: localhost:54814}, networkConnectionEnabled: false, pageLoadStrategy: normal, platformName: WINDOWS, proxy: Proxy(), se:cdp: ws://localhost:54814/devtoo..., se:cdpVersion: 135.0.7049.115, setWindowRect: true, strictFileInteractability: false, timeouts: {implicit: 0, pageLoad: 300000, script: 30000}, unhandledPromptBehavior: dismiss and notify, webauthn:extension:credBlob: true, webauthn:extension:largeBlob: true, webauthn:extension:minPinLength: true, webauthn:extension:prf: true, webauthn:virtualAuthenticators: true}
Session ID: 431bb5a546474ee53c60be7e3ab08b8c
	at java.base/jdk.internal.reflect.NativeConstructorAccessorImpl.newInstance0(Native Method)
	at java.base/jdk.internal.reflect.NativeConstructorAccessorImpl.newInstance(NativeConstructorAccessorImpl.java:77)
	at java.base/jdk.internal.reflect.DelegatingConstructorAccessorImpl.newInstance(DelegatingConstructorAccessorImpl.java:45)
	at java.base/java.lang.reflect.Constructor.newInstanceWithCaller(Constructor.java:499)
	at java.base/java.lang.reflect.Constructor.newInstance(Constructor.java:480)
	at org.openqa.selenium.remote.codec.w3c.W3CHttpResponseCodec.createException(W3CHttpResponseCodec.java:200)
	at org.openqa.selenium.remote.codec.w3c.W3CHttpResponseCodec.decode(W3CHttpResponseCodec.java:133)
	at org.openqa.selenium.remote.codec.w3c.W3CHttpResponseCodec.decode(W3CHttpResponseCodec.java:53)
	at org.openqa.selenium.remote.HttpCommandExecutor.execute(HttpCommandExecutor.java:193)
	at org.openqa.selenium.remote.service.DriverCommandExecutor.invokeExecute(DriverCommandExecutor.java:183)
	at org.openqa.selenium.remote.service.DriverCommandExecutor.execute(DriverCommandExecutor.java:158)
	at org.openqa.selenium.remote.RemoteWebDriver.execute(RemoteWebDriver.java:543)
	at org.openqa.selenium.remote.ElementLocation$ElementFinder$2.findElement(ElementLocation.java:162)
	at org.openqa.selenium.remote.ElementLocation.findElement(ElementLocation.java:60)
	at org.openqa.selenium.remote.RemoteWebDriver.findElement(RemoteWebDriver.java:352)
	at org.openqa.selenium.remote.RemoteWebDriver.findElement(RemoteWebDriver.java:344)
	at Vision_RA.Test.RA_MasterConfiguration.RA_MC_016(RA_MasterConfiguration.java:925)
	at java.base/jdk.internal.reflect.NativeMethodAccessorImpl.invoke0(Native Method)
	at java.base/jdk.internal.reflect.NativeMethodAccessorImpl.invoke(NativeMethodAccessorImpl.java:77)
	at java.base/jdk.internal.reflect.DelegatingMethodAccessorImpl.invoke(DelegatingMethodAccessorImpl.java:43)
	at java.base/java.lang.reflect.Method.invoke(Method.java:568)
	at org.testng.internal.MethodInvocationHelper.invokeMethod(MethodInvocationHelper.java:133)
	at org.testng.internal.TestInvoker.invokeMethod(TestInvoker.java:598)
	at org.testng.internal.TestInvoker.invokeTestMethod(TestInvoker.java:173)
	at org.testng.internal.MethodRunner.runInSequence(MethodRunner.java:46)
	at org.testng.internal.TestInvoker$MethodInvocationAgent.invoke(TestInvoker.java:824)
	at org.testng.internal.TestInvoker.invokeTestMethods(TestInvoker.java:146)
	at org.testng.internal.TestMethodWorker.invokeTestMethods(TestMethodWorker.java:146)
	at org.testng.internal.TestMethodWorker.run(TestMethodWorker.java:128)
	at java.base/java.util.ArrayList.forEach(ArrayList.java:1511)
	at org.testng.TestRunner.privateRun(TestRunner.java:794)
	at org.testng.TestRunner.run(TestRunner.java:596)
	at org.testng.SuiteRunner.runTest(SuiteRunner.java:377)
	at org.testng.SuiteRunner.runSequentially(SuiteRunner.java:371)
	at org.testng.SuiteRunner.privateRun(SuiteRunner.java:332)
	at org.testng.SuiteRunner.run(SuiteRunner.java:276)
	at org.testng.SuiteRunnerWorker.runSuite(SuiteRunnerWorker.java:53)
	at org.testng.SuiteRunnerWorker.run(SuiteRunnerWorker.java:96)
	at org.testng.TestNG.runSuitesSequentially(TestNG.java:1212)
	at org.testng.TestNG.runSuitesLocally(TestNG.java:1134)
	at org.testng.TestNG.runSuites(TestNG.java:1063)
	at org.testng.TestNG.run(TestNG.java:1031)
	at org.testng.remote.AbstractRemoteTestNG.run(AbstractRemoteTestNG.java:115)
	at org.testng.remote.RemoteTestNG.initAndRun(RemoteTestNG.java:251)
	at org.testng.remote.RemoteTestNG.main(RemoteTestNG.java:77)
</pre></div></td>
<td>44</td>
<td>Vision_RA.Test.RA_MasterConfiguration@77f80c04</td></tr>
<tr>
<td title='Vision_RA.Test.RA_FeesConfig.VAT_FEE_DC_037()'><b>VAT_FEE_DC_037</b><br>Test class: Vision_RA.Test.RA_FeesConfig<br>Parameters: RA, Vision@123</td>
<td><div><pre>org.openqa.selenium.NoSuchElementException: no such element: Unable to locate element: {&quot;method&quot;:&quot;xpath&quot;,&quot;selector&quot;:&quot;//body/app-root[1]/app-main-container[1]/div[1]/div[2]/div[1]/app-transaction-line-module[1]/div[1]/div[1]/div[1]/div[1]/div[1]/div[2]/perfect-scrollbar[1]/div[1]/div[1]/div[1]/div[1]/div[6]/a[1]/i[1]&quot;}
  (Session info: chrome=135.0.7049.115)
For documentation on this error, please visit: https://selenium.dev/exceptions/#no_such_element
Build info: version: &apos;4.8.3&apos;, revision: &apos;e5e76298c3&apos;
System info: os.name: &apos;Windows 10&apos;, os.arch: &apos;amd64&apos;, os.version: &apos;10.0&apos;, java.version: &apos;17.0.12&apos;
Driver info: org.openqa.selenium.chrome.ChromeDriver
Command: [73353756dba5f8f6eafd3b06714b73f4, findElement {using=xpath, value=//body/app-root[1]/app-main-container[1]/div[1]/div[2]/div[1]/app-transaction-line-module[1]/div[1]/div[1]/div[1]/div[1]/div[1]/div[2]/perfect-scrollbar[1]/div[1]/div[1]/div[1]/div[1]/div[6]/a[1]/i[1]}]
Capabilities {acceptInsecureCerts: false, browserName: chrome, browserVersion: 135.0.7049.115, chrome: {chromedriverVersion: 135.0.7049.114 (63fd8a7d9d0..., userDataDir: C:\Users\Welcome\AppData\Lo...}, fedcm:accounts: true, goog:chromeOptions: {debuggerAddress: localhost:65076}, networkConnectionEnabled: false, pageLoadStrategy: normal, platformName: WINDOWS, proxy: Proxy(), se:cdp: ws://localhost:65076/devtoo..., se:cdpVersion: 135.0.7049.115, setWindowRect: true, strictFileInteractability: false, timeouts: {implicit: 0, pageLoad: 300000, script: 30000}, unhandledPromptBehavior: dismiss and notify, webauthn:extension:credBlob: true, webauthn:extension:largeBlob: true, webauthn:extension:minPinLength: true, webauthn:extension:prf: true, webauthn:virtualAuthenticators: true}
Session ID: 73353756dba5f8f6eafd3b06714b73f4
	at org.openqa.selenium.remote.codec.w3c.W3CHttpResponseCodec.createException(W3CHttpResponseCodec.java:200)
	at org.openqa.selenium.remote.codec.w3c.W3CHttpResponseCodec.decode(W3CHttpResponseCodec.java:133)
	at org.openqa.selenium.remote.codec.w3c.W3CHttpResponseCodec.decode(W3CHttpResponseCodec.java:53)
	at org.openqa.selenium.remote.HttpCommandExecutor.execute(HttpCommandExecutor.java:193)
	at org.openqa.selenium.remote.service.DriverCommandExecutor.invokeExecute(DriverCommandExecutor.java:183)
	at org.openqa.selenium.remote.service.DriverCommandExecutor.execute(DriverCommandExecutor.java:158)
	at org.openqa.selenium.remote.RemoteWebDriver.execute(RemoteWebDriver.java:543)
	at org.openqa.selenium.remote.ElementLocation$ElementFinder$2.findElement(ElementLocation.java:162)
	at org.openqa.selenium.remote.ElementLocation.findElement(ElementLocation.java:60)
	at org.openqa.selenium.remote.RemoteWebDriver.findElement(RemoteWebDriver.java:352)
	at org.openqa.selenium.remote.RemoteWebDriver.findElement(RemoteWebDriver.java:344)
	at Vision_RA.Test.RA_FeesConfig.VAT_FEE_DC_037(RA_FeesConfig.java:1983)
	at java.base/java.util.ArrayList.forEach(ArrayList.java:1511)
... Removed 32 stack frames</pre></div><a href='#' onClick='toggleBox("stack-trace518794699", this, "Click to show all stack frames", "Click to hide stack frames")'>Click to show all stack frames</a>
<div class='stack-trace' id='stack-trace518794699'><pre>org.openqa.selenium.NoSuchElementException: no such element: Unable to locate element: {&quot;method&quot;:&quot;xpath&quot;,&quot;selector&quot;:&quot;//body/app-root[1]/app-main-container[1]/div[1]/div[2]/div[1]/app-transaction-line-module[1]/div[1]/div[1]/div[1]/div[1]/div[1]/div[2]/perfect-scrollbar[1]/div[1]/div[1]/div[1]/div[1]/div[6]/a[1]/i[1]&quot;}
  (Session info: chrome=135.0.7049.115)
For documentation on this error, please visit: https://selenium.dev/exceptions/#no_such_element
Build info: version: &apos;4.8.3&apos;, revision: &apos;e5e76298c3&apos;
System info: os.name: &apos;Windows 10&apos;, os.arch: &apos;amd64&apos;, os.version: &apos;10.0&apos;, java.version: &apos;17.0.12&apos;
Driver info: org.openqa.selenium.chrome.ChromeDriver
Command: [73353756dba5f8f6eafd3b06714b73f4, findElement {using=xpath, value=//body/app-root[1]/app-main-container[1]/div[1]/div[2]/div[1]/app-transaction-line-module[1]/div[1]/div[1]/div[1]/div[1]/div[1]/div[2]/perfect-scrollbar[1]/div[1]/div[1]/div[1]/div[1]/div[6]/a[1]/i[1]}]
Capabilities {acceptInsecureCerts: false, browserName: chrome, browserVersion: 135.0.7049.115, chrome: {chromedriverVersion: 135.0.7049.114 (63fd8a7d9d0..., userDataDir: C:\Users\Welcome\AppData\Lo...}, fedcm:accounts: true, goog:chromeOptions: {debuggerAddress: localhost:65076}, networkConnectionEnabled: false, pageLoadStrategy: normal, platformName: WINDOWS, proxy: Proxy(), se:cdp: ws://localhost:65076/devtoo..., se:cdpVersion: 135.0.7049.115, setWindowRect: true, strictFileInteractability: false, timeouts: {implicit: 0, pageLoad: 300000, script: 30000}, unhandledPromptBehavior: dismiss and notify, webauthn:extension:credBlob: true, webauthn:extension:largeBlob: true, webauthn:extension:minPinLength: true, webauthn:extension:prf: true, webauthn:virtualAuthenticators: true}
Session ID: 73353756dba5f8f6eafd3b06714b73f4
	at java.base/jdk.internal.reflect.NativeConstructorAccessorImpl.newInstance0(Native Method)
	at java.base/jdk.internal.reflect.NativeConstructorAccessorImpl.newInstance(NativeConstructorAccessorImpl.java:77)
	at java.base/jdk.internal.reflect.DelegatingConstructorAccessorImpl.newInstance(DelegatingConstructorAccessorImpl.java:45)
	at java.base/java.lang.reflect.Constructor.newInstanceWithCaller(Constructor.java:499)
	at java.base/java.lang.reflect.Constructor.newInstance(Constructor.java:480)
	at org.openqa.selenium.remote.codec.w3c.W3CHttpResponseCodec.createException(W3CHttpResponseCodec.java:200)
	at org.openqa.selenium.remote.codec.w3c.W3CHttpResponseCodec.decode(W3CHttpResponseCodec.java:133)
	at org.openqa.selenium.remote.codec.w3c.W3CHttpResponseCodec.decode(W3CHttpResponseCodec.java:53)
	at org.openqa.selenium.remote.HttpCommandExecutor.execute(HttpCommandExecutor.java:193)
	at org.openqa.selenium.remote.service.DriverCommandExecutor.invokeExecute(DriverCommandExecutor.java:183)
	at org.openqa.selenium.remote.service.DriverCommandExecutor.execute(DriverCommandExecutor.java:158)
	at org.openqa.selenium.remote.RemoteWebDriver.execute(RemoteWebDriver.java:543)
	at org.openqa.selenium.remote.ElementLocation$ElementFinder$2.findElement(ElementLocation.java:162)
	at org.openqa.selenium.remote.ElementLocation.findElement(ElementLocation.java:60)
	at org.openqa.selenium.remote.RemoteWebDriver.findElement(RemoteWebDriver.java:352)
	at org.openqa.selenium.remote.RemoteWebDriver.findElement(RemoteWebDriver.java:344)
	at Vision_RA.Test.RA_FeesConfig.VAT_FEE_DC_037(RA_FeesConfig.java:1983)
	at java.base/jdk.internal.reflect.NativeMethodAccessorImpl.invoke0(Native Method)
	at java.base/jdk.internal.reflect.NativeMethodAccessorImpl.invoke(NativeMethodAccessorImpl.java:77)
	at java.base/jdk.internal.reflect.DelegatingMethodAccessorImpl.invoke(DelegatingMethodAccessorImpl.java:43)
	at java.base/java.lang.reflect.Method.invoke(Method.java:568)
	at org.testng.internal.MethodInvocationHelper.invokeMethod(MethodInvocationHelper.java:133)
	at org.testng.internal.TestInvoker.invokeMethod(TestInvoker.java:598)
	at org.testng.internal.TestInvoker.invokeTestMethod(TestInvoker.java:173)
	at org.testng.internal.MethodRunner.runInSequence(MethodRunner.java:46)
	at org.testng.internal.TestInvoker$MethodInvocationAgent.invoke(TestInvoker.java:824)
	at org.testng.internal.TestInvoker.invokeTestMethods(TestInvoker.java:146)
	at org.testng.internal.TestMethodWorker.invokeTestMethods(TestMethodWorker.java:146)
	at org.testng.internal.TestMethodWorker.run(TestMethodWorker.java:128)
	at java.base/java.util.ArrayList.forEach(ArrayList.java:1511)
	at org.testng.TestRunner.privateRun(TestRunner.java:794)
	at org.testng.TestRunner.run(TestRunner.java:596)
	at org.testng.SuiteRunner.runTest(SuiteRunner.java:377)
	at org.testng.SuiteRunner.runSequentially(SuiteRunner.java:371)
	at org.testng.SuiteRunner.privateRun(SuiteRunner.java:332)
	at org.testng.SuiteRunner.run(SuiteRunner.java:276)
	at org.testng.SuiteRunnerWorker.runSuite(SuiteRunnerWorker.java:53)
	at org.testng.SuiteRunnerWorker.run(SuiteRunnerWorker.java:96)
	at org.testng.TestNG.runSuitesSequentially(TestNG.java:1212)
	at org.testng.TestNG.runSuitesLocally(TestNG.java:1134)
	at org.testng.TestNG.runSuites(TestNG.java:1063)
	at org.testng.TestNG.run(TestNG.java:1031)
	at org.testng.remote.AbstractRemoteTestNG.run(AbstractRemoteTestNG.java:115)
	at org.testng.remote.RemoteTestNG.initAndRun(RemoteTestNG.java:251)
	at org.testng.remote.RemoteTestNG.main(RemoteTestNG.java:77)
</pre></div></td>
<td>30</td>
<td>Vision_RA.Test.RA_FeesConfig@3af9c5b7</td></tr>
<tr>
<td title='Vision_RA.Test.RA_FeesConfig.VAT_FEE_DC_042()'><b>VAT_FEE_DC_042</b><br>Test class: Vision_RA.Test.RA_FeesConfig<br>Parameters: RA, Vision@123</td>
<td><div><pre>org.openqa.selenium.NoSuchElementException: no such element: Unable to locate element: {&quot;method&quot;:&quot;xpath&quot;,&quot;selector&quot;:&quot;//div[contains(text(),&apos;* Combination already Present&apos;)]&quot;}
  (Session info: chrome=135.0.7049.115)
For documentation on this error, please visit: https://selenium.dev/exceptions/#no_such_element
Build info: version: &apos;4.8.3&apos;, revision: &apos;e5e76298c3&apos;
System info: os.name: &apos;Windows 10&apos;, os.arch: &apos;amd64&apos;, os.version: &apos;10.0&apos;, java.version: &apos;17.0.12&apos;
Driver info: org.openqa.selenium.chrome.ChromeDriver
Command: [54d2379a6c91832921d4ca68a7092c06, findElement {using=xpath, value=//div[contains(text(),&apos;* Combination already Present&apos;)]}]
Capabilities {acceptInsecureCerts: false, browserName: chrome, browserVersion: 135.0.7049.115, chrome: {chromedriverVersion: 135.0.7049.114 (63fd8a7d9d0..., userDataDir: C:\Users\Welcome\AppData\Lo...}, fedcm:accounts: true, goog:chromeOptions: {debuggerAddress: localhost:49940}, networkConnectionEnabled: false, pageLoadStrategy: normal, platformName: WINDOWS, proxy: Proxy(), se:cdp: ws://localhost:49940/devtoo..., se:cdpVersion: 135.0.7049.115, setWindowRect: true, strictFileInteractability: false, timeouts: {implicit: 0, pageLoad: 300000, script: 30000}, unhandledPromptBehavior: dismiss and notify, webauthn:extension:credBlob: true, webauthn:extension:largeBlob: true, webauthn:extension:minPinLength: true, webauthn:extension:prf: true, webauthn:virtualAuthenticators: true}
Session ID: 54d2379a6c91832921d4ca68a7092c06
	at org.openqa.selenium.remote.codec.w3c.W3CHttpResponseCodec.createException(W3CHttpResponseCodec.java:200)
	at org.openqa.selenium.remote.codec.w3c.W3CHttpResponseCodec.decode(W3CHttpResponseCodec.java:133)
	at org.openqa.selenium.remote.codec.w3c.W3CHttpResponseCodec.decode(W3CHttpResponseCodec.java:53)
	at org.openqa.selenium.remote.HttpCommandExecutor.execute(HttpCommandExecutor.java:193)
	at org.openqa.selenium.remote.service.DriverCommandExecutor.invokeExecute(DriverCommandExecutor.java:183)
	at org.openqa.selenium.remote.service.DriverCommandExecutor.execute(DriverCommandExecutor.java:158)
	at org.openqa.selenium.remote.RemoteWebDriver.execute(RemoteWebDriver.java:543)
	at org.openqa.selenium.remote.ElementLocation$ElementFinder$2.findElement(ElementLocation.java:162)
	at org.openqa.selenium.remote.ElementLocation.findElement(ElementLocation.java:60)
	at org.openqa.selenium.remote.RemoteWebDriver.findElement(RemoteWebDriver.java:352)
	at org.openqa.selenium.remote.RemoteWebDriver.findElement(RemoteWebDriver.java:344)
	at Vision_RA.Test.RA_FeesConfig.VAT_FEE_DC_042(RA_FeesConfig.java:3124)
	at java.base/java.util.ArrayList.forEach(ArrayList.java:1511)
... Removed 32 stack frames</pre></div><a href='#' onClick='toggleBox("stack-trace1548820985", this, "Click to show all stack frames", "Click to hide stack frames")'>Click to show all stack frames</a>
<div class='stack-trace' id='stack-trace1548820985'><pre>org.openqa.selenium.NoSuchElementException: no such element: Unable to locate element: {&quot;method&quot;:&quot;xpath&quot;,&quot;selector&quot;:&quot;//div[contains(text(),&apos;* Combination already Present&apos;)]&quot;}
  (Session info: chrome=135.0.7049.115)
For documentation on this error, please visit: https://selenium.dev/exceptions/#no_such_element
Build info: version: &apos;4.8.3&apos;, revision: &apos;e5e76298c3&apos;
System info: os.name: &apos;Windows 10&apos;, os.arch: &apos;amd64&apos;, os.version: &apos;10.0&apos;, java.version: &apos;17.0.12&apos;
Driver info: org.openqa.selenium.chrome.ChromeDriver
Command: [54d2379a6c91832921d4ca68a7092c06, findElement {using=xpath, value=//div[contains(text(),&apos;* Combination already Present&apos;)]}]
Capabilities {acceptInsecureCerts: false, browserName: chrome, browserVersion: 135.0.7049.115, chrome: {chromedriverVersion: 135.0.7049.114 (63fd8a7d9d0..., userDataDir: C:\Users\Welcome\AppData\Lo...}, fedcm:accounts: true, goog:chromeOptions: {debuggerAddress: localhost:49940}, networkConnectionEnabled: false, pageLoadStrategy: normal, platformName: WINDOWS, proxy: Proxy(), se:cdp: ws://localhost:49940/devtoo..., se:cdpVersion: 135.0.7049.115, setWindowRect: true, strictFileInteractability: false, timeouts: {implicit: 0, pageLoad: 300000, script: 30000}, unhandledPromptBehavior: dismiss and notify, webauthn:extension:credBlob: true, webauthn:extension:largeBlob: true, webauthn:extension:minPinLength: true, webauthn:extension:prf: true, webauthn:virtualAuthenticators: true}
Session ID: 54d2379a6c91832921d4ca68a7092c06
	at java.base/jdk.internal.reflect.NativeConstructorAccessorImpl.newInstance0(Native Method)
	at java.base/jdk.internal.reflect.NativeConstructorAccessorImpl.newInstance(NativeConstructorAccessorImpl.java:77)
	at java.base/jdk.internal.reflect.DelegatingConstructorAccessorImpl.newInstance(DelegatingConstructorAccessorImpl.java:45)
	at java.base/java.lang.reflect.Constructor.newInstanceWithCaller(Constructor.java:499)
	at java.base/java.lang.reflect.Constructor.newInstance(Constructor.java:480)
	at org.openqa.selenium.remote.codec.w3c.W3CHttpResponseCodec.createException(W3CHttpResponseCodec.java:200)
	at org.openqa.selenium.remote.codec.w3c.W3CHttpResponseCodec.decode(W3CHttpResponseCodec.java:133)
	at org.openqa.selenium.remote.codec.w3c.W3CHttpResponseCodec.decode(W3CHttpResponseCodec.java:53)
	at org.openqa.selenium.remote.HttpCommandExecutor.execute(HttpCommandExecutor.java:193)
	at org.openqa.selenium.remote.service.DriverCommandExecutor.invokeExecute(DriverCommandExecutor.java:183)
	at org.openqa.selenium.remote.service.DriverCommandExecutor.execute(DriverCommandExecutor.java:158)
	at org.openqa.selenium.remote.RemoteWebDriver.execute(RemoteWebDriver.java:543)
	at org.openqa.selenium.remote.ElementLocation$ElementFinder$2.findElement(ElementLocation.java:162)
	at org.openqa.selenium.remote.ElementLocation.findElement(ElementLocation.java:60)
	at org.openqa.selenium.remote.RemoteWebDriver.findElement(RemoteWebDriver.java:352)
	at org.openqa.selenium.remote.RemoteWebDriver.findElement(RemoteWebDriver.java:344)
	at Vision_RA.Test.RA_FeesConfig.VAT_FEE_DC_042(RA_FeesConfig.java:3124)
	at java.base/jdk.internal.reflect.NativeMethodAccessorImpl.invoke0(Native Method)
	at java.base/jdk.internal.reflect.NativeMethodAccessorImpl.invoke(NativeMethodAccessorImpl.java:77)
	at java.base/jdk.internal.reflect.DelegatingMethodAccessorImpl.invoke(DelegatingMethodAccessorImpl.java:43)
	at java.base/java.lang.reflect.Method.invoke(Method.java:568)
	at org.testng.internal.MethodInvocationHelper.invokeMethod(MethodInvocationHelper.java:133)
	at org.testng.internal.TestInvoker.invokeMethod(TestInvoker.java:598)
	at org.testng.internal.TestInvoker.invokeTestMethod(TestInvoker.java:173)
	at org.testng.internal.MethodRunner.runInSequence(MethodRunner.java:46)
	at org.testng.internal.TestInvoker$MethodInvocationAgent.invoke(TestInvoker.java:824)
	at org.testng.internal.TestInvoker.invokeTestMethods(TestInvoker.java:146)
	at org.testng.internal.TestMethodWorker.invokeTestMethods(TestMethodWorker.java:146)
	at org.testng.internal.TestMethodWorker.run(TestMethodWorker.java:128)
	at java.base/java.util.ArrayList.forEach(ArrayList.java:1511)
	at org.testng.TestRunner.privateRun(TestRunner.java:794)
	at org.testng.TestRunner.run(TestRunner.java:596)
	at org.testng.SuiteRunner.runTest(SuiteRunner.java:377)
	at org.testng.SuiteRunner.runSequentially(SuiteRunner.java:371)
	at org.testng.SuiteRunner.privateRun(SuiteRunner.java:332)
	at org.testng.SuiteRunner.run(SuiteRunner.java:276)
	at org.testng.SuiteRunnerWorker.runSuite(SuiteRunnerWorker.java:53)
	at org.testng.SuiteRunnerWorker.run(SuiteRunnerWorker.java:96)
	at org.testng.TestNG.runSuitesSequentially(TestNG.java:1212)
	at org.testng.TestNG.runSuitesLocally(TestNG.java:1134)
	at org.testng.TestNG.runSuites(TestNG.java:1063)
	at org.testng.TestNG.run(TestNG.java:1031)
	at org.testng.remote.AbstractRemoteTestNG.run(AbstractRemoteTestNG.java:115)
	at org.testng.remote.RemoteTestNG.initAndRun(RemoteTestNG.java:251)
	at org.testng.remote.RemoteTestNG.main(RemoteTestNG.java:77)
</pre></div></td>
<td>72</td>
<td>Vision_RA.Test.RA_FeesConfig@3af9c5b7</td></tr>
<tr>
<td title='Vision_RA.Test.RA_General.RA_GL_005()'><b>RA_GL_005</b><br>Test class: Vision_RA.Test.RA_General<br>Parameters: RA, Vision@123</td>
<td><div><pre>java.lang.NullPointerException: Cannot invoke &quot;com.aventstack.extentreports.ExtentTest.log(com.aventstack.extentreports.Status, String)&quot; because &quot;this.currentTest&quot; is null
	at Vision_RA.Test.RA_General.RA_GL_005(RA_General.java:194)
	at java.base/java.util.ArrayList.forEach(ArrayList.java:1511)
... Removed 27 stack frames</pre></div><a href='#' onClick='toggleBox("stack-trace909337647", this, "Click to show all stack frames", "Click to hide stack frames")'>Click to show all stack frames</a>
<div class='stack-trace' id='stack-trace909337647'><pre>java.lang.NullPointerException: Cannot invoke &quot;com.aventstack.extentreports.ExtentTest.log(com.aventstack.extentreports.Status, String)&quot; because &quot;this.currentTest&quot; is null
	at Vision_RA.Test.RA_General.RA_GL_005(RA_General.java:194)
	at java.base/jdk.internal.reflect.NativeMethodAccessorImpl.invoke0(Native Method)
	at java.base/jdk.internal.reflect.NativeMethodAccessorImpl.invoke(NativeMethodAccessorImpl.java:77)
	at java.base/jdk.internal.reflect.DelegatingMethodAccessorImpl.invoke(DelegatingMethodAccessorImpl.java:43)
	at java.base/java.lang.reflect.Method.invoke(Method.java:568)
	at org.testng.internal.MethodInvocationHelper.invokeMethod(MethodInvocationHelper.java:133)
	at org.testng.internal.TestInvoker.invokeMethod(TestInvoker.java:598)
	at org.testng.internal.TestInvoker.invokeTestMethod(TestInvoker.java:173)
	at org.testng.internal.MethodRunner.runInSequence(MethodRunner.java:46)
	at org.testng.internal.TestInvoker$MethodInvocationAgent.invoke(TestInvoker.java:824)
	at org.testng.internal.TestInvoker.invokeTestMethods(TestInvoker.java:146)
	at org.testng.internal.TestMethodWorker.invokeTestMethods(TestMethodWorker.java:146)
	at org.testng.internal.TestMethodWorker.run(TestMethodWorker.java:128)
	at java.base/java.util.ArrayList.forEach(ArrayList.java:1511)
	at org.testng.TestRunner.privateRun(TestRunner.java:794)
	at org.testng.TestRunner.run(TestRunner.java:596)
	at org.testng.SuiteRunner.runTest(SuiteRunner.java:377)
	at org.testng.SuiteRunner.runSequentially(SuiteRunner.java:371)
	at org.testng.SuiteRunner.privateRun(SuiteRunner.java:332)
	at org.testng.SuiteRunner.run(SuiteRunner.java:276)
	at org.testng.SuiteRunnerWorker.runSuite(SuiteRunnerWorker.java:53)
	at org.testng.SuiteRunnerWorker.run(SuiteRunnerWorker.java:96)
	at org.testng.TestNG.runSuitesSequentially(TestNG.java:1212)
	at org.testng.TestNG.runSuitesLocally(TestNG.java:1134)
	at org.testng.TestNG.runSuites(TestNG.java:1063)
	at org.testng.TestNG.run(TestNG.java:1031)
	at org.testng.remote.AbstractRemoteTestNG.run(AbstractRemoteTestNG.java:115)
	at org.testng.remote.RemoteTestNG.initAndRun(RemoteTestNG.java:251)
	at org.testng.remote.RemoteTestNG.main(RemoteTestNG.java:77)
</pre></div></td>
<td>30</td>
<td>Vision_RA.Test.RA_General@37271612</td></tr>
<tr>
<td title='Vision_RA.Test.RA_MasterConfiguration.RA_MC_007()'><b>RA_MC_007</b><br>Test class: Vision_RA.Test.RA_MasterConfiguration<br>Parameters: RA, Vision@123</td>
<td><div><pre>org.openqa.selenium.NoSuchElementException: no such element: Unable to locate element: {&quot;method&quot;:&quot;xpath&quot;,&quot;selector&quot;:&quot;//span[contains(text(),&apos;Relationship&apos;)]&quot;}
  (Session info: chrome=135.0.7049.115)
For documentation on this error, please visit: https://selenium.dev/exceptions/#no_such_element
Build info: version: &apos;4.8.3&apos;, revision: &apos;e5e76298c3&apos;
System info: os.name: &apos;Windows 10&apos;, os.arch: &apos;amd64&apos;, os.version: &apos;10.0&apos;, java.version: &apos;17.0.12&apos;
Driver info: org.openqa.selenium.chrome.ChromeDriver
Command: [6462351dc35ee61b605a7a8c65509c55, findElement {using=xpath, value=//span[contains(text(),&apos;Relationship&apos;)]}]
Capabilities {acceptInsecureCerts: false, browserName: chrome, browserVersion: 135.0.7049.115, chrome: {chromedriverVersion: 135.0.7049.114 (63fd8a7d9d0..., userDataDir: C:\Users\Welcome\AppData\Lo...}, fedcm:accounts: true, goog:chromeOptions: {debuggerAddress: localhost:54306}, networkConnectionEnabled: false, pageLoadStrategy: normal, platformName: WINDOWS, proxy: Proxy(), se:cdp: ws://localhost:54306/devtoo..., se:cdpVersion: 135.0.7049.115, setWindowRect: true, strictFileInteractability: false, timeouts: {implicit: 0, pageLoad: 300000, script: 30000}, unhandledPromptBehavior: dismiss and notify, webauthn:extension:credBlob: true, webauthn:extension:largeBlob: true, webauthn:extension:minPinLength: true, webauthn:extension:prf: true, webauthn:virtualAuthenticators: true}
Session ID: 6462351dc35ee61b605a7a8c65509c55
	at org.openqa.selenium.remote.codec.w3c.W3CHttpResponseCodec.createException(W3CHttpResponseCodec.java:200)
	at org.openqa.selenium.remote.codec.w3c.W3CHttpResponseCodec.decode(W3CHttpResponseCodec.java:133)
	at org.openqa.selenium.remote.codec.w3c.W3CHttpResponseCodec.decode(W3CHttpResponseCodec.java:53)
	at org.openqa.selenium.remote.HttpCommandExecutor.execute(HttpCommandExecutor.java:193)
	at org.openqa.selenium.remote.service.DriverCommandExecutor.invokeExecute(DriverCommandExecutor.java:183)
	at org.openqa.selenium.remote.service.DriverCommandExecutor.execute(DriverCommandExecutor.java:158)
	at org.openqa.selenium.remote.RemoteWebDriver.execute(RemoteWebDriver.java:543)
	at org.openqa.selenium.remote.ElementLocation$ElementFinder$2.findElement(ElementLocation.java:162)
	at org.openqa.selenium.remote.ElementLocation.findElement(ElementLocation.java:60)
	at org.openqa.selenium.remote.RemoteWebDriver.findElement(RemoteWebDriver.java:352)
	at org.openqa.selenium.remote.RemoteWebDriver.findElement(RemoteWebDriver.java:344)
	at Vision_RA.Test.RA_MasterConfiguration.RA_MC_007(RA_MasterConfiguration.java:460)
	at java.base/java.util.ArrayList.forEach(ArrayList.java:1511)
... Removed 32 stack frames</pre></div><a href='#' onClick='toggleBox("stack-trace2068560711", this, "Click to show all stack frames", "Click to hide stack frames")'>Click to show all stack frames</a>
<div class='stack-trace' id='stack-trace2068560711'><pre>org.openqa.selenium.NoSuchElementException: no such element: Unable to locate element: {&quot;method&quot;:&quot;xpath&quot;,&quot;selector&quot;:&quot;//span[contains(text(),&apos;Relationship&apos;)]&quot;}
  (Session info: chrome=135.0.7049.115)
For documentation on this error, please visit: https://selenium.dev/exceptions/#no_such_element
Build info: version: &apos;4.8.3&apos;, revision: &apos;e5e76298c3&apos;
System info: os.name: &apos;Windows 10&apos;, os.arch: &apos;amd64&apos;, os.version: &apos;10.0&apos;, java.version: &apos;17.0.12&apos;
Driver info: org.openqa.selenium.chrome.ChromeDriver
Command: [6462351dc35ee61b605a7a8c65509c55, findElement {using=xpath, value=//span[contains(text(),&apos;Relationship&apos;)]}]
Capabilities {acceptInsecureCerts: false, browserName: chrome, browserVersion: 135.0.7049.115, chrome: {chromedriverVersion: 135.0.7049.114 (63fd8a7d9d0..., userDataDir: C:\Users\Welcome\AppData\Lo...}, fedcm:accounts: true, goog:chromeOptions: {debuggerAddress: localhost:54306}, networkConnectionEnabled: false, pageLoadStrategy: normal, platformName: WINDOWS, proxy: Proxy(), se:cdp: ws://localhost:54306/devtoo..., se:cdpVersion: 135.0.7049.115, setWindowRect: true, strictFileInteractability: false, timeouts: {implicit: 0, pageLoad: 300000, script: 30000}, unhandledPromptBehavior: dismiss and notify, webauthn:extension:credBlob: true, webauthn:extension:largeBlob: true, webauthn:extension:minPinLength: true, webauthn:extension:prf: true, webauthn:virtualAuthenticators: true}
Session ID: 6462351dc35ee61b605a7a8c65509c55
	at java.base/jdk.internal.reflect.NativeConstructorAccessorImpl.newInstance0(Native Method)
	at java.base/jdk.internal.reflect.NativeConstructorAccessorImpl.newInstance(NativeConstructorAccessorImpl.java:77)
	at java.base/jdk.internal.reflect.DelegatingConstructorAccessorImpl.newInstance(DelegatingConstructorAccessorImpl.java:45)
	at java.base/java.lang.reflect.Constructor.newInstanceWithCaller(Constructor.java:499)
	at java.base/java.lang.reflect.Constructor.newInstance(Constructor.java:480)
	at org.openqa.selenium.remote.codec.w3c.W3CHttpResponseCodec.createException(W3CHttpResponseCodec.java:200)
	at org.openqa.selenium.remote.codec.w3c.W3CHttpResponseCodec.decode(W3CHttpResponseCodec.java:133)
	at org.openqa.selenium.remote.codec.w3c.W3CHttpResponseCodec.decode(W3CHttpResponseCodec.java:53)
	at org.openqa.selenium.remote.HttpCommandExecutor.execute(HttpCommandExecutor.java:193)
	at org.openqa.selenium.remote.service.DriverCommandExecutor.invokeExecute(DriverCommandExecutor.java:183)
	at org.openqa.selenium.remote.service.DriverCommandExecutor.execute(DriverCommandExecutor.java:158)
	at org.openqa.selenium.remote.RemoteWebDriver.execute(RemoteWebDriver.java:543)
	at org.openqa.selenium.remote.ElementLocation$ElementFinder$2.findElement(ElementLocation.java:162)
	at org.openqa.selenium.remote.ElementLocation.findElement(ElementLocation.java:60)
	at org.openqa.selenium.remote.RemoteWebDriver.findElement(RemoteWebDriver.java:352)
	at org.openqa.selenium.remote.RemoteWebDriver.findElement(RemoteWebDriver.java:344)
	at Vision_RA.Test.RA_MasterConfiguration.RA_MC_007(RA_MasterConfiguration.java:460)
	at java.base/jdk.internal.reflect.NativeMethodAccessorImpl.invoke0(Native Method)
	at java.base/jdk.internal.reflect.NativeMethodAccessorImpl.invoke(NativeMethodAccessorImpl.java:77)
	at java.base/jdk.internal.reflect.DelegatingMethodAccessorImpl.invoke(DelegatingMethodAccessorImpl.java:43)
	at java.base/java.lang.reflect.Method.invoke(Method.java:568)
	at org.testng.internal.MethodInvocationHelper.invokeMethod(MethodInvocationHelper.java:133)
	at org.testng.internal.TestInvoker.invokeMethod(TestInvoker.java:598)
	at org.testng.internal.TestInvoker.invokeTestMethod(TestInvoker.java:173)
	at org.testng.internal.MethodRunner.runInSequence(MethodRunner.java:46)
	at org.testng.internal.TestInvoker$MethodInvocationAgent.invoke(TestInvoker.java:824)
	at org.testng.internal.TestInvoker.invokeTestMethods(TestInvoker.java:146)
	at org.testng.internal.TestMethodWorker.invokeTestMethods(TestMethodWorker.java:146)
	at org.testng.internal.TestMethodWorker.run(TestMethodWorker.java:128)
	at java.base/java.util.ArrayList.forEach(ArrayList.java:1511)
	at org.testng.TestRunner.privateRun(TestRunner.java:794)
	at org.testng.TestRunner.run(TestRunner.java:596)
	at org.testng.SuiteRunner.runTest(SuiteRunner.java:377)
	at org.testng.SuiteRunner.runSequentially(SuiteRunner.java:371)
	at org.testng.SuiteRunner.privateRun(SuiteRunner.java:332)
	at org.testng.SuiteRunner.run(SuiteRunner.java:276)
	at org.testng.SuiteRunnerWorker.runSuite(SuiteRunnerWorker.java:53)
	at org.testng.SuiteRunnerWorker.run(SuiteRunnerWorker.java:96)
	at org.testng.TestNG.runSuitesSequentially(TestNG.java:1212)
	at org.testng.TestNG.runSuitesLocally(TestNG.java:1134)
	at org.testng.TestNG.runSuites(TestNG.java:1063)
	at org.testng.TestNG.run(TestNG.java:1031)
	at org.testng.remote.AbstractRemoteTestNG.run(AbstractRemoteTestNG.java:115)
	at org.testng.remote.RemoteTestNG.initAndRun(RemoteTestNG.java:251)
	at org.testng.remote.RemoteTestNG.main(RemoteTestNG.java:77)
</pre></div></td>
<td>23</td>
<td>Vision_RA.Test.RA_MasterConfiguration@77f80c04</td></tr>
</table><p>
<table width='100%' border='1' class='invocation-passed'>
<tr><td colspan='4' align='center'><b>PASSED TESTS</b></td></tr>
<tr><td><b>Test method</b></td>
<td width="30%"><b>Exception</b></td>
<td width="10%"><b>Time (seconds)</b></td>
<td><b>Instance</b></td>
</tr>
<tr>
<td title='Vision_RA.Test.RA_FeesConfig.VAT_FEE_DC_004()'><b>VAT_FEE_DC_004</b><br>Test class: Vision_RA.Test.RA_FeesConfig<br>Parameters: RA, Vision@123</td>
<td></td>
<td>197</td>
<td>Vision_RA.Test.RA_FeesConfig@3af9c5b7</td></tr>
<tr>
<td title='Vision_RA.Test.RA_TranslineConfig.TAS_DC_026()'><b>TAS_DC_026</b><br>Test class: Vision_RA.Test.RA_TranslineConfig<br>Parameters: RA, Vision@123</td>
<td></td>
<td>84</td>
<td>Vision_RA.Test.RA_TranslineConfig@544fa968</td></tr>
<tr>
<td title='Vision_RA.Test.RA_TranslineConfig.TAS_DC_023()'><b>TAS_DC_023</b><br>Test class: Vision_RA.Test.RA_TranslineConfig<br>Parameters: RA, Vision@123</td>
<td></td>
<td>40</td>
<td>Vision_RA.Test.RA_TranslineConfig@544fa968</td></tr>
<tr>
<td title='Vision_RA.Test.RA_TranslineConfig.TAS_DC_036()'><b>TAS_DC_036</b><br>Test class: Vision_RA.Test.RA_TranslineConfig<br>Parameters: RA, Vision@123</td>
<td></td>
<td>30</td>
<td>Vision_RA.Test.RA_TranslineConfig@544fa968</td></tr>
<tr>
<td title='Vision_RA.Test.RA_FeesConfig.VAT_FEE_DC_034()'><b>VAT_FEE_DC_034</b><br>Test class: Vision_RA.Test.RA_FeesConfig<br>Parameters: RA, Vision@123</td>
<td></td>
<td>80</td>
<td>Vision_RA.Test.RA_FeesConfig@3af9c5b7</td></tr>
<tr>
<td title='Vision_RA.Test.RA_General.RA_GL_009()'><b>RA_GL_009</b><br>Test class: Vision_RA.Test.RA_General<br>Parameters: RA, Vision@123</td>
<td></td>
<td>14</td>
<td>Vision_RA.Test.RA_General@37271612</td></tr>
<tr>
<td title='Vision_RA.Test.RA_AlphaNumTab.ALP_NUM_025()'><b>ALP_NUM_025</b><br>Test class: Vision_RA.Test.RA_AlphaNumTab<br>Parameters: RA, Vision@123</td>
<td></td>
<td>29</td>
<td>Vision_RA.Test.RA_AlphaNumTab@4c309d4d</td></tr>
<tr>
<td title='Vision_RA.Test.RA_FeesConfig.VAT_FEE_DC_006()'><b>VAT_FEE_DC_006</b><br>Test class: Vision_RA.Test.RA_FeesConfig<br>Parameters: RA, Vision@123</td>
<td></td>
<td>232</td>
<td>Vision_RA.Test.RA_FeesConfig@3af9c5b7</td></tr>
<tr>
<td title='Vision_RA.Test.RA_MasterConfiguration.RA_MC_002()'><b>RA_MC_002</b><br>Test class: Vision_RA.Test.RA_MasterConfiguration<br>Parameters: RA, Vision@123</td>
<td></td>
<td>21</td>
<td>Vision_RA.Test.RA_MasterConfiguration@77f80c04</td></tr>
<tr>
<td title='Vision_RA.Test.RA_TranslineConfig.TAS_DC_012()'><b>TAS_DC_012</b><br>Test class: Vision_RA.Test.RA_TranslineConfig<br>Parameters: RA, Vision@123</td>
<td></td>
<td>32</td>
<td>Vision_RA.Test.RA_TranslineConfig@544fa968</td></tr>
<tr>
<td title='Vision_RA.Test.RA_ReconConfiguration.RA_RC_007()'><b>RA_RC_007</b><br>Test class: Vision_RA.Test.RA_ReconConfiguration<br>Parameters: RA, Vision@123</td>
<td></td>
<td>25</td>
<td>Vision_RA.Test.RA_ReconConfiguration@37883b97</td></tr>
<tr>
<td title='Vision_RA.Test.RA_TranslineConfig.TAS_DC_038()'><b>TAS_DC_038</b><br>Test class: Vision_RA.Test.RA_TranslineConfig<br>Parameters: RA, Vision@123</td>
<td></td>
<td>21</td>
<td>Vision_RA.Test.RA_TranslineConfig@544fa968</td></tr>
<tr>
<td title='Vision_RA.Test.RA_FeesConfig.VAT_FEE_DC_014()'><b>VAT_FEE_DC_014</b><br>Test class: Vision_RA.Test.RA_FeesConfig<br>Parameters: RA, Vision@123</td>
<td></td>
<td>77</td>
<td>Vision_RA.Test.RA_FeesConfig@3af9c5b7</td></tr>
<tr>
<td title='Vision_RA.Test.RA_General.RA_GL_006()'><b>RA_GL_006</b><br>Test class: Vision_RA.Test.RA_General<br>Parameters: RA, Vision@123</td>
<td></td>
<td>41</td>
<td>Vision_RA.Test.RA_General@37271612</td></tr>
<tr>
<td title='Vision_RA.Test.RA_MasterConfiguration.RA_MC_020()'><b>RA_MC_020</b><br>Test class: Vision_RA.Test.RA_MasterConfiguration<br>Parameters: RA, Vision@123</td>
<td></td>
<td>18</td>
<td>Vision_RA.Test.RA_MasterConfiguration@77f80c04</td></tr>
<tr>
<td title='Vision_RA.Test.RA_FeesConfig.VAT_FEE_DC_002_01()'><b>VAT_FEE_DC_002_01</b><br>Test class: Vision_RA.Test.RA_FeesConfig<br>Parameters: RA, Vision@123</td>
<td></td>
<td>75</td>
<td>Vision_RA.Test.RA_FeesConfig@3af9c5b7</td></tr>
<tr>
<td title='Vision_RA.Test.RA_ReconConfiguration.RA_RC_018()'><b>RA_RC_018</b><br>Test class: Vision_RA.Test.RA_ReconConfiguration<br>Parameters: RA, Vision@123</td>
<td></td>
<td>26</td>
<td>Vision_RA.Test.RA_ReconConfiguration@37883b97</td></tr>
<tr>
<td title='Vision_RA.Test.RA_TranslineConfig.TAS_DC_035()'><b>TAS_DC_035</b><br>Test class: Vision_RA.Test.RA_TranslineConfig<br>Parameters: RA, Vision@123</td>
<td></td>
<td>28</td>
<td>Vision_RA.Test.RA_TranslineConfig@544fa968</td></tr>
<tr>
<td title='Vision_RA.Test.RA_TranslineConfig.TAS_DC_002()'><b>TAS_DC_002</b><br>Test class: Vision_RA.Test.RA_TranslineConfig<br>Parameters: RA, Vision@123</td>
<td></td>
<td>56</td>
<td>Vision_RA.Test.RA_TranslineConfig@544fa968</td></tr>
<tr>
<td title='Vision_RA.Test.RA_FeesConfig.VAT_FEE_DC_002()'><b>VAT_FEE_DC_002</b><br>Test class: Vision_RA.Test.RA_FeesConfig<br>Parameters: RA, Vision@123</td>
<td></td>
<td>75</td>
<td>Vision_RA.Test.RA_FeesConfig@3af9c5b7</td></tr>
<tr>
<td title='Vision_RA.Test.RA_FeesConfig.VAT_FEE_DC_032()'><b>VAT_FEE_DC_032</b><br>Test class: Vision_RA.Test.RA_FeesConfig<br>Parameters: RA, Vision@123</td>
<td></td>
<td>60</td>
<td>Vision_RA.Test.RA_FeesConfig@3af9c5b7</td></tr>
<tr>
<td title='Vision_RA.Test.RA_AlphaNumTab.ALP_NUM_024()'><b>ALP_NUM_024</b><br>Test class: Vision_RA.Test.RA_AlphaNumTab<br>Parameters: RA, Vision@123</td>
<td></td>
<td>65</td>
<td>Vision_RA.Test.RA_AlphaNumTab@4c309d4d</td></tr>
<tr>
<td title='Vision_RA.Test.RA_MasterConfiguration.RA_MC_012()'><b>RA_MC_012</b><br>Test class: Vision_RA.Test.RA_MasterConfiguration<br>Parameters: RA, Vision@123</td>
<td></td>
<td>39</td>
<td>Vision_RA.Test.RA_MasterConfiguration@77f80c04</td></tr>
<tr>
<td title='Vision_RA.Test.RA_AlphaNumTab.ALP_TAB_002()'><b>ALP_TAB_002</b><br>Test class: Vision_RA.Test.RA_AlphaNumTab<br>Parameters: RA, Vision@123</td>
<td></td>
<td>32</td>
<td>Vision_RA.Test.RA_AlphaNumTab@4c309d4d</td></tr>
<tr>
<td title='Vision_RA.Test.RA_AlphaNumTab.ALP_TAB_010()'><b>ALP_TAB_010</b><br>Test class: Vision_RA.Test.RA_AlphaNumTab<br>Parameters: RA, Vision@123</td>
<td></td>
<td>28</td>
<td>Vision_RA.Test.RA_AlphaNumTab@4c309d4d</td></tr>
<tr>
<td title='Vision_RA.Test.RA_AlphaNumTab.ALP_NUM_026()'><b>ALP_NUM_026</b><br>Test class: Vision_RA.Test.RA_AlphaNumTab<br>Parameters: RA, Vision@123</td>
<td></td>
<td>162</td>
<td>Vision_RA.Test.RA_AlphaNumTab@4c309d4d</td></tr>
<tr>
<td title='Vision_RA.Test.RA_FeesConfig.VAT_FEE_DC_030()'><b>VAT_FEE_DC_030</b><br>Test class: Vision_RA.Test.RA_FeesConfig<br>Parameters: RA, Vision@123</td>
<td></td>
<td>55</td>
<td>Vision_RA.Test.RA_FeesConfig@3af9c5b7</td></tr>
<tr>
<td title='Vision_RA.Test.RA_ReconConfiguration.RA_RC_012()'><b>RA_RC_012</b><br>Test class: Vision_RA.Test.RA_ReconConfiguration<br>Parameters: RA, Vision@123</td>
<td></td>
<td>35</td>
<td>Vision_RA.Test.RA_ReconConfiguration@37883b97</td></tr>
<tr>
<td title='Vision_RA.Test.RA_ReconConfiguration.RA_RC_022()'><b>RA_RC_022</b><br>Test class: Vision_RA.Test.RA_ReconConfiguration<br>Parameters: RA, Vision@123</td>
<td></td>
<td>34</td>
<td>Vision_RA.Test.RA_ReconConfiguration@37883b97</td></tr>
<tr>
<td title='Vision_RA.Test.RA_FeesConfig.VAT_FEE_DC_039()'><b>VAT_FEE_DC_039</b><br>Test class: Vision_RA.Test.RA_FeesConfig<br>Parameters: RA, Vision@123</td>
<td></td>
<td>91</td>
<td>Vision_RA.Test.RA_FeesConfig@3af9c5b7</td></tr>
<tr>
<td title='Vision_RA.Test.RA_TranslineConfig.TAS_DC_008()'><b>TAS_DC_008</b><br>Test class: Vision_RA.Test.RA_TranslineConfig<br>Parameters: RA, Vision@123</td>
<td></td>
<td>26</td>
<td>Vision_RA.Test.RA_TranslineConfig@544fa968</td></tr>
<tr>
<td title='Vision_RA.Test.RA_AlphaNumTab.ALP_NUM_016()'><b>ALP_NUM_016</b><br>Test class: Vision_RA.Test.RA_AlphaNumTab<br>Parameters: RA, Vision@123</td>
<td></td>
<td>31</td>
<td>Vision_RA.Test.RA_AlphaNumTab@4c309d4d</td></tr>
<tr>
<td title='Vision_RA.Test.RA_TranslineConfig.TAS_DC_015()'><b>TAS_DC_015</b><br>Test class: Vision_RA.Test.RA_TranslineConfig<br>Parameters: RA, Vision@123</td>
<td></td>
<td>68</td>
<td>Vision_RA.Test.RA_TranslineConfig@544fa968</td></tr>
<tr>
<td title='Vision_RA.Test.RA_ReconConfiguration.RA_RC_023()'><b>RA_RC_023</b><br>Test class: Vision_RA.Test.RA_ReconConfiguration<br>Parameters: RA, Vision@123</td>
<td></td>
<td>24</td>
<td>Vision_RA.Test.RA_ReconConfiguration@37883b97</td></tr>
<tr>
<td title='Vision_RA.Test.RA_FeesConfig.VAT_FEE_DC_001()'><b>VAT_FEE_DC_001</b><br>Test class: Vision_RA.Test.RA_FeesConfig<br>Parameters: RA, Vision@123</td>
<td></td>
<td>65</td>
<td>Vision_RA.Test.RA_FeesConfig@3af9c5b7</td></tr>
<tr>
<td title='Vision_RA.Test.RA_AlphaNumTab.ALP_NUM_027()'><b>ALP_NUM_027</b><br>Test class: Vision_RA.Test.RA_AlphaNumTab<br>Parameters: RA, Vision@123</td>
<td></td>
<td>156</td>
<td>Vision_RA.Test.RA_AlphaNumTab@4c309d4d</td></tr>
<tr>
<td title='Vision_RA.Test.RA_AlphaNumTab.ALP_TAB_006()'><b>ALP_TAB_006</b><br>Test class: Vision_RA.Test.RA_AlphaNumTab<br>Parameters: RA, Vision@123</td>
<td></td>
<td>36</td>
<td>Vision_RA.Test.RA_AlphaNumTab@4c309d4d</td></tr>
<tr>
<td title='Vision_RA.Test.RA_ReconConfiguration.RA_RC_014()'><b>RA_RC_014</b><br>Test class: Vision_RA.Test.RA_ReconConfiguration<br>Parameters: RA, Vision@123</td>
<td></td>
<td>25</td>
<td>Vision_RA.Test.RA_ReconConfiguration@37883b97</td></tr>
<tr>
<td title='Vision_RA.Test.RA_FeesConfig.VAT_FEE_DC_027()'><b>VAT_FEE_DC_027</b><br>Test class: Vision_RA.Test.RA_FeesConfig<br>Parameters: RA, Vision@123</td>
<td></td>
<td>54</td>
<td>Vision_RA.Test.RA_FeesConfig@3af9c5b7</td></tr>
<tr>
<td title='Vision_RA.Test.RA_AlphaNumTab.ALP_NUM_020()'><b>ALP_NUM_020</b><br>Test class: Vision_RA.Test.RA_AlphaNumTab<br>Parameters: RA, Vision@123</td>
<td></td>
<td>32</td>
<td>Vision_RA.Test.RA_AlphaNumTab@4c309d4d</td></tr>
<tr>
<td title='Vision_RA.Test.RA_FeesConfig.VAT_FEE_DC_008()'><b>VAT_FEE_DC_008</b><br>Test class: Vision_RA.Test.RA_FeesConfig<br>Parameters: RA, Vision@123</td>
<td></td>
<td>70</td>
<td>Vision_RA.Test.RA_FeesConfig@3af9c5b7</td></tr>
<tr>
<td title='Vision_RA.Test.RA_FeesConfig.VAT_FEE_DC_028()'><b>VAT_FEE_DC_028</b><br>Test class: Vision_RA.Test.RA_FeesConfig<br>Parameters: RA, Vision@123</td>
<td></td>
<td>83</td>
<td>Vision_RA.Test.RA_FeesConfig@3af9c5b7</td></tr>
<tr>
<td title='Vision_RA.Test.RA_TranslineConfig.TAS_DC_007()'><b>TAS_DC_007</b><br>Test class: Vision_RA.Test.RA_TranslineConfig<br>Parameters: RA, Vision@123</td>
<td></td>
<td>32</td>
<td>Vision_RA.Test.RA_TranslineConfig@544fa968</td></tr>
<tr>
<td title='Vision_RA.Test.RA_TranslineConfig.TAS_DC_019()'><b>TAS_DC_019</b><br>Test class: Vision_RA.Test.RA_TranslineConfig<br>Parameters: RA, Vision@123</td>
<td></td>
<td>50</td>
<td>Vision_RA.Test.RA_TranslineConfig@544fa968</td></tr>
<tr>
<td title='Vision_RA.Test.RA_FeesConfig.VAT_FEE_DC_005()'><b>VAT_FEE_DC_005</b><br>Test class: Vision_RA.Test.RA_FeesConfig<br>Parameters: RA, Vision@123</td>
<td></td>
<td>205</td>
<td>Vision_RA.Test.RA_FeesConfig@3af9c5b7</td></tr>
<tr>
<td title='Vision_RA.Test.RA_MasterConfiguration.RA_MC_014()'><b>RA_MC_014</b><br>Test class: Vision_RA.Test.RA_MasterConfiguration<br>Parameters: RA, Vision@123</td>
<td></td>
<td>153</td>
<td>Vision_RA.Test.RA_MasterConfiguration@77f80c04</td></tr>
<tr>
<td title='Vision_RA.Test.RA_TranslineConfig.TAS_DC_031()'><b>TAS_DC_031</b><br>Test class: Vision_RA.Test.RA_TranslineConfig<br>Parameters: RA, Vision@123</td>
<td></td>
<td>30</td>
<td>Vision_RA.Test.RA_TranslineConfig@544fa968</td></tr>
<tr>
<td title='Vision_RA.Test.RA_FeesConfig.VAT_FEE_DC_026()'><b>VAT_FEE_DC_026</b><br>Test class: Vision_RA.Test.RA_FeesConfig<br>Parameters: RA, Vision@123</td>
<td></td>
<td>67</td>
<td>Vision_RA.Test.RA_FeesConfig@3af9c5b7</td></tr>
<tr>
<td title='Vision_RA.Test.RA_TranslineConfig.TAS_DC_006()'><b>TAS_DC_006</b><br>Test class: Vision_RA.Test.RA_TranslineConfig<br>Parameters: RA, Vision@123</td>
<td></td>
<td>23</td>
<td>Vision_RA.Test.RA_TranslineConfig@544fa968</td></tr>
<tr>
<td title='Vision_RA.Test.RA_AlphaNumTab.ALP_TAB_009()'><b>ALP_TAB_009</b><br>Test class: Vision_RA.Test.RA_AlphaNumTab<br>Parameters: RA, Vision@123</td>
<td></td>
<td>27</td>
<td>Vision_RA.Test.RA_AlphaNumTab@4c309d4d</td></tr>
<tr>
<td title='Vision_RA.Test.RA_FeesConfig.VAT_FEE_DC_013()'><b>VAT_FEE_DC_013</b><br>Test class: Vision_RA.Test.RA_FeesConfig<br>Parameters: RA, Vision@123</td>
<td></td>
<td>115</td>
<td>Vision_RA.Test.RA_FeesConfig@3af9c5b7</td></tr>
<tr>
<td title='Vision_RA.Test.RA_ReconConfiguration.RA_RC_013()'><b>RA_RC_013</b><br>Test class: Vision_RA.Test.RA_ReconConfiguration<br>Parameters: RA, Vision@123</td>
<td></td>
<td>28</td>
<td>Vision_RA.Test.RA_ReconConfiguration@37883b97</td></tr>
<tr>
<td title='Vision_RA.Test.RA_ReconConfiguration.RA_RC_010()'><b>RA_RC_010</b><br>Test class: Vision_RA.Test.RA_ReconConfiguration<br>Parameters: RA, Vision@123</td>
<td></td>
<td>37</td>
<td>Vision_RA.Test.RA_ReconConfiguration@37883b97</td></tr>
<tr>
<td title='Vision_RA.Test.RA_ReconConfiguration.RA_RC_008()'><b>RA_RC_008</b><br>Test class: Vision_RA.Test.RA_ReconConfiguration<br>Parameters: RA, Vision@123</td>
<td></td>
<td>28</td>
<td>Vision_RA.Test.RA_ReconConfiguration@37883b97</td></tr>
<tr>
<td title='Vision_RA.Test.RA_AlphaNumTab.ALP_TAB_008()'><b>ALP_TAB_008</b><br>Test class: Vision_RA.Test.RA_AlphaNumTab<br>Parameters: RA, Vision@123</td>
<td></td>
<td>31</td>
<td>Vision_RA.Test.RA_AlphaNumTab@4c309d4d</td></tr>
<tr>
<td title='Vision_RA.Test.RA_TranslineConfig.TAS_DC_017()'><b>TAS_DC_017</b><br>Test class: Vision_RA.Test.RA_TranslineConfig<br>Parameters: RA, Vision@123</td>
<td></td>
<td>79</td>
<td>Vision_RA.Test.RA_TranslineConfig@544fa968</td></tr>
<tr>
<td title='Vision_RA.Test.RA_AlphaNumTab.ALP_TAB_014()'><b>ALP_TAB_014</b><br>Test class: Vision_RA.Test.RA_AlphaNumTab<br>Parameters: RA, Vision@123</td>
<td></td>
<td>27</td>
<td>Vision_RA.Test.RA_AlphaNumTab@4c309d4d</td></tr>
<tr>
<td title='Vision_RA.Test.RA_ReconConfiguration.RA_RC_002()'><b>RA_RC_002</b><br>Test class: Vision_RA.Test.RA_ReconConfiguration<br>Parameters: RA, Vision@123</td>
<td></td>
<td>25</td>
<td>Vision_RA.Test.RA_ReconConfiguration@37883b97</td></tr>
<tr>
<td title='Vision_RA.Test.RA_TranslineConfig.TAS_DC_001()'><b>TAS_DC_001</b><br>Test class: Vision_RA.Test.RA_TranslineConfig<br>Parameters: RA, Vision@123</td>
<td></td>
<td>13</td>
<td>Vision_RA.Test.RA_TranslineConfig@544fa968</td></tr>
<tr>
<td title='Vision_RA.Test.RA_ReconConfiguration.RA_RC_009()'><b>RA_RC_009</b><br>Test class: Vision_RA.Test.RA_ReconConfiguration<br>Parameters: RA, Vision@123</td>
<td></td>
<td>25</td>
<td>Vision_RA.Test.RA_ReconConfiguration@37883b97</td></tr>
<tr>
<td title='Vision_RA.Test.RA_TranslineConfig.TAS_DC_025()'><b>TAS_DC_025</b><br>Test class: Vision_RA.Test.RA_TranslineConfig<br>Parameters: RA, Vision@123</td>
<td></td>
<td>64</td>
<td>Vision_RA.Test.RA_TranslineConfig@544fa968</td></tr>
<tr>
<td title='Vision_RA.Test.RA_ReconConfiguration.RA_RC_015()'><b>RA_RC_015</b><br>Test class: Vision_RA.Test.RA_ReconConfiguration<br>Parameters: RA, Vision@123</td>
<td></td>
<td>325</td>
<td>Vision_RA.Test.RA_ReconConfiguration@37883b97</td></tr>
<tr>
<td title='Vision_RA.Test.RA_FeesConfig.VAT_FEE_DC_029()'><b>VAT_FEE_DC_029</b><br>Test class: Vision_RA.Test.RA_FeesConfig<br>Parameters: RA, Vision@123</td>
<td></td>
<td>83</td>
<td>Vision_RA.Test.RA_FeesConfig@3af9c5b7</td></tr>
<tr>
<td title='Vision_RA.Test.RA_General.RA_GL_014()'><b>RA_GL_014</b><br>Test class: Vision_RA.Test.RA_General<br>Parameters: RA, Vision@123</td>
<td></td>
<td>10</td>
<td>Vision_RA.Test.RA_General@37271612</td></tr>
<tr>
<td title='Vision_RA.Test.RA_ReconConfiguration.RA_RC_001()'><b>RA_RC_001</b><br>Test class: Vision_RA.Test.RA_ReconConfiguration<br>Parameters: RA, Vision@123</td>
<td></td>
<td>16</td>
<td>Vision_RA.Test.RA_ReconConfiguration@37883b97</td></tr>
<tr>
<td title='Vision_RA.Test.RA_TranslineConfig.TAS_DC_037()'><b>TAS_DC_037</b><br>Test class: Vision_RA.Test.RA_TranslineConfig<br>Parameters: RA, Vision@123</td>
<td></td>
<td>21</td>
<td>Vision_RA.Test.RA_TranslineConfig@544fa968</td></tr>
<tr>
<td title='Vision_RA.Test.RA_TranslineConfig.TAS_DC_016()'><b>TAS_DC_016</b><br>Test class: Vision_RA.Test.RA_TranslineConfig<br>Parameters: RA, Vision@123</td>
<td></td>
<td>74</td>
<td>Vision_RA.Test.RA_TranslineConfig@544fa968</td></tr>
<tr>
<td title='Vision_RA.Test.RA_TranslineConfig.TAS_DC_028()'><b>TAS_DC_028</b><br>Test class: Vision_RA.Test.RA_TranslineConfig<br>Parameters: RA, Vision@123</td>
<td></td>
<td>38</td>
<td>Vision_RA.Test.RA_TranslineConfig@544fa968</td></tr>
<tr>
<td title='Vision_RA.Test.RA_FeesConfig.VAT_FEE_DC_045()'><b>VAT_FEE_DC_045</b><br>Test class: Vision_RA.Test.RA_FeesConfig<br>Parameters: RA, Vision@123</td>
<td></td>
<td>64</td>
<td>Vision_RA.Test.RA_FeesConfig@3af9c5b7</td></tr>
<tr>
<td title='Vision_RA.Test.RA_FeesConfig.VAT_FEE_DC_003()'><b>VAT_FEE_DC_003</b><br>Test class: Vision_RA.Test.RA_FeesConfig<br>Parameters: RA, Vision@123</td>
<td></td>
<td>77</td>
<td>Vision_RA.Test.RA_FeesConfig@3af9c5b7</td></tr>
<tr>
<td title='Vision_RA.Test.RA_TranslineConfig.TAS_DC_009()'><b>TAS_DC_009</b><br>Test class: Vision_RA.Test.RA_TranslineConfig<br>Parameters: RA, Vision@123</td>
<td></td>
<td>29</td>
<td>Vision_RA.Test.RA_TranslineConfig@544fa968</td></tr>
<tr>
<td title='Vision_RA.Test.RA_MasterConfiguration.RA_MC_015()'><b>RA_MC_015</b><br>Test class: Vision_RA.Test.RA_MasterConfiguration<br>Parameters: RA, Vision@123</td>
<td></td>
<td>158</td>
<td>Vision_RA.Test.RA_MasterConfiguration@77f80c04</td></tr>
<tr>
<td title='Vision_RA.Test.RA_FeesConfig.VAT_FEE_DC_022()'><b>VAT_FEE_DC_022</b><br>Test class: Vision_RA.Test.RA_FeesConfig<br>Parameters: RA, Vision@123</td>
<td></td>
<td>63</td>
<td>Vision_RA.Test.RA_FeesConfig@3af9c5b7</td></tr>
<tr>
<td title='Vision_RA.Test.RA_FeesConfig.VAT_FEE_DC_019()'><b>VAT_FEE_DC_019</b><br>Test class: Vision_RA.Test.RA_FeesConfig<br>Parameters: RA, Vision@123</td>
<td></td>
<td>65</td>
<td>Vision_RA.Test.RA_FeesConfig@3af9c5b7</td></tr>
<tr>
<td title='Vision_RA.Test.RA_TranslineConfig.TAS_DC_010()'><b>TAS_DC_010</b><br>Test class: Vision_RA.Test.RA_TranslineConfig<br>Parameters: RA, Vision@123</td>
<td></td>
<td>37</td>
<td>Vision_RA.Test.RA_TranslineConfig@544fa968</td></tr>
<tr>
<td title='Vision_RA.Test.RA_FeesConfig.VAT_FEE_DC_017()'><b>VAT_FEE_DC_017</b><br>Test class: Vision_RA.Test.RA_FeesConfig<br>Parameters: RA, Vision@123</td>
<td></td>
<td>55</td>
<td>Vision_RA.Test.RA_FeesConfig@3af9c5b7</td></tr>
<tr>
<td title='Vision_RA.Test.RA_MasterConfiguration.RA_MC_013()'><b>RA_MC_013</b><br>Test class: Vision_RA.Test.RA_MasterConfiguration<br>Parameters: RA, Vision@123</td>
<td></td>
<td>48</td>
<td>Vision_RA.Test.RA_MasterConfiguration@77f80c04</td></tr>
<tr>
<td title='Vision_RA.Test.RA_ReconConfiguration.RA_RC_006()'><b>RA_RC_006</b><br>Test class: Vision_RA.Test.RA_ReconConfiguration<br>Parameters: RA, Vision@123</td>
<td></td>
<td>22</td>
<td>Vision_RA.Test.RA_ReconConfiguration@37883b97</td></tr>
<tr>
<td title='Vision_RA.Test.RA_TranslineConfig.TAS_DC_004()'><b>TAS_DC_004</b><br>Test class: Vision_RA.Test.RA_TranslineConfig<br>Parameters: RA, Vision@123</td>
<td></td>
<td>22</td>
<td>Vision_RA.Test.RA_TranslineConfig@544fa968</td></tr>
<tr>
<td title='Vision_RA.Test.RA_AlphaNumTab.ALP_TAB_007()'><b>ALP_TAB_007</b><br>Test class: Vision_RA.Test.RA_AlphaNumTab<br>Parameters: RA, Vision@123</td>
<td></td>
<td>25</td>
<td>Vision_RA.Test.RA_AlphaNumTab@4c309d4d</td></tr>
<tr>
<td title='Vision_RA.Test.RA_FeesPriority.FES_PRI_005()'><b>FES_PRI_005</b><br>Test class: Vision_RA.Test.RA_FeesPriority<br>Parameters: RA, Vision@123</td>
<td></td>
<td>29</td>
<td>Vision_RA.Test.RA_FeesPriority@4e3958e7</td></tr>
<tr>
<td title='Vision_RA.Test.RA_MasterConfiguration.RA_MC_003()'><b>RA_MC_003</b><br>Test class: Vision_RA.Test.RA_MasterConfiguration<br>Parameters: RA, Vision@123</td>
<td></td>
<td>27</td>
<td>Vision_RA.Test.RA_MasterConfiguration@77f80c04</td></tr>
<tr>
<td title='Vision_RA.Test.RA_FeesPriority.FES_PRI_006()'><b>FES_PRI_006</b><br>Test class: Vision_RA.Test.RA_FeesPriority<br>Parameters: RA, Vision@123</td>
<td></td>
<td>26</td>
<td>Vision_RA.Test.RA_FeesPriority@4e3958e7</td></tr>
<tr>
<td title='Vision_RA.Test.RA_AlphaNumTab.ALP_NUM_023()'><b>ALP_NUM_023</b><br>Test class: Vision_RA.Test.RA_AlphaNumTab<br>Parameters: RA, Vision@123</td>
<td></td>
<td>35</td>
<td>Vision_RA.Test.RA_AlphaNumTab@4c309d4d</td></tr>
<tr>
<td title='Vision_RA.Test.RA_TranslineConfig.TAS_DC_003()'><b>TAS_DC_003</b><br>Test class: Vision_RA.Test.RA_TranslineConfig<br>Parameters: RA, Vision@123</td>
<td></td>
<td>21</td>
<td>Vision_RA.Test.RA_TranslineConfig@544fa968</td></tr>
<tr>
<td title='Vision_RA.Test.RA_TranslineConfig.TAS_DC_029()'><b>TAS_DC_029</b><br>Test class: Vision_RA.Test.RA_TranslineConfig<br>Parameters: RA, Vision@123</td>
<td></td>
<td>100</td>
<td>Vision_RA.Test.RA_TranslineConfig@544fa968</td></tr>
<tr>
<td title='Vision_RA.Test.RA_FeesConfig.VAT_FEE_DC_007()'><b>VAT_FEE_DC_007</b><br>Test class: Vision_RA.Test.RA_FeesConfig<br>Parameters: RA, Vision@123</td>
<td></td>
<td>243</td>
<td>Vision_RA.Test.RA_FeesConfig@3af9c5b7</td></tr>
<tr>
<td title='Vision_RA.Test.RA_MasterConfiguration.RA_MC_001()'><b>RA_MC_001</b><br>Test class: Vision_RA.Test.RA_MasterConfiguration<br>Parameters: RA, Vision@123</td>
<td></td>
<td>22</td>
<td>Vision_RA.Test.RA_MasterConfiguration@77f80c04</td></tr>
<tr>
<td title='Vision_RA.Test.RA_AlphaNumTab.ALP_NUM_015()'><b>ALP_NUM_015</b><br>Test class: Vision_RA.Test.RA_AlphaNumTab<br>Parameters: RA, Vision@123</td>
<td></td>
<td>29</td>
<td>Vision_RA.Test.RA_AlphaNumTab@4c309d4d</td></tr>
<tr>
<td title='Vision_RA.Test.RA_TranslineConfig.TAS_DC_005()'><b>TAS_DC_005</b><br>Test class: Vision_RA.Test.RA_TranslineConfig<br>Parameters: RA, Vision@123</td>
<td></td>
<td>20</td>
<td>Vision_RA.Test.RA_TranslineConfig@544fa968</td></tr>
<tr>
<td title='Vision_RA.Test.RA_MasterConfiguration.RA_MC_004()'><b>RA_MC_004</b><br>Test class: Vision_RA.Test.RA_MasterConfiguration<br>Parameters: RA, Vision@123</td>
<td></td>
<td>25</td>
<td>Vision_RA.Test.RA_MasterConfiguration@77f80c04</td></tr>
<tr>
<td title='Vision_RA.Test.RA_TranslineConfig.TAS_DC_011()'><b>TAS_DC_011</b><br>Test class: Vision_RA.Test.RA_TranslineConfig<br>Parameters: RA, Vision@123</td>
<td></td>
<td>47</td>
<td>Vision_RA.Test.RA_TranslineConfig@544fa968</td></tr>
<tr>
<td title='Vision_RA.Test.RA_FeesConfig.VAT_FEE_DC_012()'><b>VAT_FEE_DC_012</b><br>Test class: Vision_RA.Test.RA_FeesConfig<br>Parameters: RA, Vision@123</td>
<td></td>
<td>64</td>
<td>Vision_RA.Test.RA_FeesConfig@3af9c5b7</td></tr>
<tr>
<td title='Vision_RA.Test.RA_ReconConfiguration.RA_RC_019()'><b>RA_RC_019</b><br>Test class: Vision_RA.Test.RA_ReconConfiguration<br>Parameters: RA, Vision@123</td>
<td></td>
<td>30</td>
<td>Vision_RA.Test.RA_ReconConfiguration@37883b97</td></tr>
<tr>
<td title='Vision_RA.Test.RA_ReconConfiguration.RA_RC_011()'><b>RA_RC_011</b><br>Test class: Vision_RA.Test.RA_ReconConfiguration<br>Parameters: RA, Vision@123</td>
<td></td>
<td>32</td>
<td>Vision_RA.Test.RA_ReconConfiguration@37883b97</td></tr>
<tr>
<td title='Vision_RA.Test.RA_TranslineConfig.TAS_DC_013()'><b>TAS_DC_013</b><br>Test class: Vision_RA.Test.RA_TranslineConfig<br>Parameters: RA, Vision@123</td>
<td></td>
<td>35</td>
<td>Vision_RA.Test.RA_TranslineConfig@544fa968</td></tr>
<tr>
<td title='Vision_RA.Test.RA_ReconConfiguration.RA_RC_003()'><b>RA_RC_003</b><br>Test class: Vision_RA.Test.RA_ReconConfiguration<br>Parameters: RA, Vision@123</td>
<td></td>
<td>24</td>
<td>Vision_RA.Test.RA_ReconConfiguration@37883b97</td></tr>
</table><p>
</body>
</html>