<?xml version="1.0" encoding="UTF-8"?>
<!-- Generated by org.testng.reporters.JUnitXMLReporter -->
<testsuite ignored="2" hostname="DESKTOP-4JORBA0" failures="11" tests="108" name="Test" time="6727.166" errors="0" timestamp="2025-05-05T14:53:25 IST">
  <testcase classname="Vision_RA.Test.RA_TranslineConfig" name="TAS_DC_001" time="13.03"/>
  <testcase classname="Vision_RA.Test.RA_TranslineConfig" name="TAS_DC_002" time="56.192"/>
  <testcase classname="Vision_RA.Test.RA_TranslineConfig" name="TAS_DC_003" time="21.761"/>
  <testcase classname="Vision_RA.Test.RA_TranslineConfig" name="TAS_DC_004" time="22.689"/>
  <testcase classname="Vision_RA.Test.RA_TranslineConfig" name="TAS_DC_005" time="20.997"/>
  <testcase classname="Vision_RA.Test.RA_TranslineConfig" name="TAS_DC_006" time="23.589"/>
  <testcase classname="Vision_RA.Test.RA_TranslineConfig" name="TAS_DC_008" time="26.193"/>
  <testcase classname="Vision_RA.Test.RA_TranslineConfig" name="TAS_DC_009" time="29.113"/>
  <testcase classname="Vision_RA.Test.RA_TranslineConfig" name="TAS_DC_010" time="37.591"/>
  <testcase classname="Vision_RA.Test.RA_TranslineConfig" name="TAS_DC_011" time="47.318"/>
  <testcase classname="Vision_RA.Test.RA_TranslineConfig" name="TAS_DC_012" time="32.331"/>
  <testcase classname="Vision_RA.Test.RA_TranslineConfig" name="TAS_DC_013" time="35.009"/>
  <testcase classname="Vision_RA.Test.RA_TranslineConfig" name="TAS_DC_015" time="68.041"/>
  <testcase classname="Vision_RA.Test.RA_TranslineConfig" name="TAS_DC_016" time="74.068"/>
  <testcase classname="Vision_RA.Test.RA_TranslineConfig" name="TAS_DC_017" time="79.099"/>
  <testcase classname="Vision_RA.Test.RA_TranslineConfig" name="TAS_DC_019" time="50.796"/>
  <testcase classname="Vision_RA.Test.RA_TranslineConfig" name="TAS_DC_023" time="40.508"/>
  <testcase classname="Vision_RA.Test.RA_TranslineConfig" name="TAS_DC_026" time="84.951"/>
  <testcase classname="Vision_RA.Test.RA_TranslineConfig" name="TAS_DC_007" time="32.858"/>
  <testcase classname="Vision_RA.Test.RA_TranslineConfig" name="TAS_DC_025" time="64.388"/>
  <testcase classname="Vision_RA.Test.RA_TranslineConfig" name="TAS_DC_028" time="38.582"/>
  <testcase classname="Vision_RA.Test.RA_TranslineConfig" name="TAS_DC_029" time="100.597"/>
  <testcase classname="Vision_RA.Test.RA_TranslineConfig" name="TAS_DC_031" time="30.734"/>
  <testcase classname="Vision_RA.Test.RA_TranslineConfig" name="TAS_DC_035" time="28.655"/>
  <testcase classname="Vision_RA.Test.RA_TranslineConfig" name="TAS_DC_036" time="30.559"/>
  <testcase classname="Vision_RA.Test.RA_TranslineConfig" name="TAS_DC_037" time="21.802"/>
  <testcase classname="Vision_RA.Test.RA_TranslineConfig" name="TAS_DC_038" time="21.521"/>
  <testcase classname="Vision_RA.Test.RA_FeesConfig" name="VAT_FEE_DC_001" time="65.45"/>
  <testcase classname="Vision_RA.Test.RA_FeesConfig" name="VAT_FEE_DC_002" time="75.685"/>
  <testcase classname="Vision_RA.Test.RA_FeesConfig" name="VAT_FEE_DC_002_01" time="75.645"/>
  <testcase classname="Vision_RA.Test.RA_FeesConfig" name="VAT_FEE_DC_003" time="77.462"/>
  <testcase classname="Vision_RA.Test.RA_FeesConfig" name="VAT_FEE_DC_004" time="197.368"/>
  <testcase classname="Vision_RA.Test.RA_FeesConfig" name="VAT_FEE_DC_005" time="205.134"/>
  <testcase classname="Vision_RA.Test.RA_FeesConfig" name="VAT_FEE_DC_006" time="232.445"/>
  <testcase classname="Vision_RA.Test.RA_FeesConfig" name="VAT_FEE_DC_007" time="243.923"/>
  <testcase classname="Vision_RA.Test.RA_FeesConfig" name="VAT_FEE_DC_013" time="115.474"/>
  <testcase classname="Vision_RA.Test.RA_FeesConfig" name="VAT_FEE_DC_022" time="63.288"/>
  <testcase classname="Vision_RA.Test.RA_FeesConfig" name="VAT_FEE_DC_028" time="83.86"/>
  <testcase classname="Vision_RA.Test.RA_FeesConfig" name="VAT_FEE_DC_029" time="83.034"/>
  <testcase classname="Vision_RA.Test.RA_FeesConfig" name="VAT_FEE_DC_032" time="60.455"/>
  <testcase classname="Vision_RA.Test.RA_FeesConfig" name="VAT_FEE_DC_034" time="80.268"/>
  <testcase classname="Vision_RA.Test.RA_FeesConfig" name="VAT_FEE_DC_045" time="64.919"/>
  <testcase classname="Vision_RA.Test.RA_FeesConfig" name="VAT_FEE_DC_037" time="30.613">
    <failure type="org.openqa.selenium.NoSuchElementException" message="no such element: Unable to locate element: {&amp;quot;method&amp;quot;:&amp;quot;xpath&amp;quot;,&amp;quot;selector&amp;quot;:&amp;quot;//body/app-root[1]/app-main-container[1]/div[1]/div[2]/div[1]/app-transaction-line-module[1]/div[1]/div[1]/div[1]/div[1]/div[1]/div[2]/perfect-scrollbar[1]/div[1]/div[1]/div[1]/div[1]/div[6]/a[1]/i[1]&amp;quot;}
  (Session info: chrome=135.0.7049.115)
For documentation on this error, please visit: https://selenium.dev/exceptions/#no_such_element
Build info: version: &amp;apos;4.8.3&amp;apos;, revision: &amp;apos;e5e76298c3&amp;apos;
System info: os.name: &amp;apos;Windows 10&amp;apos;, os.arch: &amp;apos;amd64&amp;apos;, os.version: &amp;apos;10.0&amp;apos;, java.version: &amp;apos;17.0.12&amp;apos;
Driver info: org.openqa.selenium.chrome.ChromeDriver
Command: [73353756dba5f8f6eafd3b06714b73f4, findElement {using=xpath, value=//body/app-root[1]/app-main-container[1]/div[1]/div[2]/div[1]/app-transaction-line-module[1]/div[1]/div[1]/div[1]/div[1]/div[1]/div[2]/perfect-scrollbar[1]/div[1]/div[1]/div[1]/div[1]/div[6]/a[1]/i[1]}]
Capabilities {acceptInsecureCerts: false, browserName: chrome, browserVersion: 135.0.7049.115, chrome: {chromedriverVersion: 135.0.7049.114 (63fd8a7d9d0..., userDataDir: C:\Users\Welcome\AppData\Lo...}, fedcm:accounts: true, goog:chromeOptions: {debuggerAddress: localhost:65076}, networkConnectionEnabled: false, pageLoadStrategy: normal, platformName: WINDOWS, proxy: Proxy(), se:cdp: ws://localhost:65076/devtoo..., se:cdpVersion: 135.0.7049.115, setWindowRect: true, strictFileInteractability: false, timeouts: {implicit: 0, pageLoad: 300000, script: 30000}, unhandledPromptBehavior: dismiss and notify, webauthn:extension:credBlob: true, webauthn:extension:largeBlob: true, webauthn:extension:minPinLength: true, webauthn:extension:prf: true, webauthn:virtualAuthenticators: true}
Session ID: 73353756dba5f8f6eafd3b06714b73f4">
      <![CDATA[org.openqa.selenium.NoSuchElementException: no such element: Unable to locate element: {"method":"xpath","selector":"//body/app-root[1]/app-main-container[1]/div[1]/div[2]/div[1]/app-transaction-line-module[1]/div[1]/div[1]/div[1]/div[1]/div[1]/div[2]/perfect-scrollbar[1]/div[1]/div[1]/div[1]/div[1]/div[6]/a[1]/i[1]"}
  (Session info: chrome=135.0.7049.115)
For documentation on this error, please visit: https://selenium.dev/exceptions/#no_such_element
Build info: version: '4.8.3', revision: 'e5e76298c3'
System info: os.name: 'Windows 10', os.arch: 'amd64', os.version: '10.0', java.version: '17.0.12'
Driver info: org.openqa.selenium.chrome.ChromeDriver
Command: [73353756dba5f8f6eafd3b06714b73f4, findElement {using=xpath, value=//body/app-root[1]/app-main-container[1]/div[1]/div[2]/div[1]/app-transaction-line-module[1]/div[1]/div[1]/div[1]/div[1]/div[1]/div[2]/perfect-scrollbar[1]/div[1]/div[1]/div[1]/div[1]/div[6]/a[1]/i[1]}]
Capabilities {acceptInsecureCerts: false, browserName: chrome, browserVersion: 135.0.7049.115, chrome: {chromedriverVersion: 135.0.7049.114 (63fd8a7d9d0..., userDataDir: C:\Users\Welcome\AppData\Lo...}, fedcm:accounts: true, goog:chromeOptions: {debuggerAddress: localhost:65076}, networkConnectionEnabled: false, pageLoadStrategy: normal, platformName: WINDOWS, proxy: Proxy(), se:cdp: ws://localhost:65076/devtoo..., se:cdpVersion: 135.0.7049.115, setWindowRect: true, strictFileInteractability: false, timeouts: {implicit: 0, pageLoad: 300000, script: 30000}, unhandledPromptBehavior: dismiss and notify, webauthn:extension:credBlob: true, webauthn:extension:largeBlob: true, webauthn:extension:minPinLength: true, webauthn:extension:prf: true, webauthn:virtualAuthenticators: true}
Session ID: 73353756dba5f8f6eafd3b06714b73f4
at org.openqa.selenium.remote.codec.w3c.W3CHttpResponseCodec.createException(W3CHttpResponseCodec.java:200)
at org.openqa.selenium.remote.codec.w3c.W3CHttpResponseCodec.decode(W3CHttpResponseCodec.java:133)
at org.openqa.selenium.remote.codec.w3c.W3CHttpResponseCodec.decode(W3CHttpResponseCodec.java:53)
at org.openqa.selenium.remote.HttpCommandExecutor.execute(HttpCommandExecutor.java:193)
at org.openqa.selenium.remote.service.DriverCommandExecutor.invokeExecute(DriverCommandExecutor.java:183)
at org.openqa.selenium.remote.service.DriverCommandExecutor.execute(DriverCommandExecutor.java:158)
at org.openqa.selenium.remote.RemoteWebDriver.execute(RemoteWebDriver.java:543)
at org.openqa.selenium.remote.ElementLocation$ElementFinder$2.findElement(ElementLocation.java:162)
at org.openqa.selenium.remote.ElementLocation.findElement(ElementLocation.java:60)
at org.openqa.selenium.remote.RemoteWebDriver.findElement(RemoteWebDriver.java:352)
at org.openqa.selenium.remote.RemoteWebDriver.findElement(RemoteWebDriver.java:344)
at Vision_RA.Test.RA_FeesConfig.VAT_FEE_DC_037(RA_FeesConfig.java:1983)
at java.base/java.util.ArrayList.forEach(ArrayList.java:1511)
... Removed 32 stack frames]]>
    </failure>
  </testcase> <!-- VAT_FEE_DC_037 -->
  <testcase classname="Vision_RA.Test.RA_FeesConfig" name="VAT_FEE_DC_039" time="91.864"/>
  <testcase classname="Vision_RA.Test.RA_FeesConfig" name="VAT_FEE_DC_008" time="70.101"/>
  <testcase classname="Vision_RA.Test.RA_FeesConfig" name="VAT_FEE_DC_012" time="64.944"/>
  <testcase classname="Vision_RA.Test.RA_FeesConfig" name="VAT_FEE_DC_014" time="77.98"/>
  <testcase classname="Vision_RA.Test.RA_FeesConfig" name="VAT_FEE_DC_017" time="55.326"/>
  <testcase classname="Vision_RA.Test.RA_FeesConfig" name="VAT_FEE_DC_030" time="55.121"/>
  <testcase classname="Vision_RA.Test.RA_FeesConfig" name="VAT_FEE_DC_026" time="67.449"/>
  <testcase classname="Vision_RA.Test.RA_FeesConfig" name="VAT_FEE_DC_027" time="54.607"/>
  <testcase classname="Vision_RA.Test.RA_FeesConfig" name="VAT_FEE_DC_040" time="58.125">
    <failure type="org.openqa.selenium.ElementClickInterceptedException" message="element click intercepted: Element &amp;lt;button _ngcontent-sdp-c208=&amp;quot;&amp;quot; type=&amp;quot;submit&amp;quot; class=&amp;quot;btn btn-rose btn-sm saveTransaction&amp;quot;&amp;gt;...&amp;lt;/button&amp;gt; is not clickable at point (723, 553). Other element would receive the click: &amp;lt;div _ngcontent-sdp-c208=&amp;quot;&amp;quot; class=&amp;quot;modal-footer text-center ng-star-inserted&amp;quot;&amp;gt;...&amp;lt;/div&amp;gt;
  (Session info: chrome=135.0.7049.115)
Build info: version: &amp;apos;4.8.3&amp;apos;, revision: &amp;apos;e5e76298c3&amp;apos;
System info: os.name: &amp;apos;Windows 10&amp;apos;, os.arch: &amp;apos;amd64&amp;apos;, os.version: &amp;apos;10.0&amp;apos;, java.version: &amp;apos;17.0.12&amp;apos;
Driver info: org.openqa.selenium.chrome.ChromeDriver
Command: [e6c445513edbbcbd1972793c6a9dede3, clickElement {id=f.7C9CE6F5F5A38D44CC873BCEA8F5F21C.d.F021207C2C8E088735BD2FF088F4354C.e.314}]
Capabilities {acceptInsecureCerts: false, browserName: chrome, browserVersion: 135.0.7049.115, chrome: {chromedriverVersion: 135.0.7049.114 (63fd8a7d9d0..., userDataDir: C:\Users\Welcome\AppData\Lo...}, fedcm:accounts: true, goog:chromeOptions: {debuggerAddress: localhost:49724}, networkConnectionEnabled: false, pageLoadStrategy: normal, platformName: WINDOWS, proxy: Proxy(), se:cdp: ws://localhost:49724/devtoo..., se:cdpVersion: 135.0.7049.115, setWindowRect: true, strictFileInteractability: false, timeouts: {implicit: 0, pageLoad: 300000, script: 30000}, unhandledPromptBehavior: dismiss and notify, webauthn:extension:credBlob: true, webauthn:extension:largeBlob: true, webauthn:extension:minPinLength: true, webauthn:extension:prf: true, webauthn:virtualAuthenticators: true}
Element: [[ChromeDriver: chrome on WINDOWS (e6c445513edbbcbd1972793c6a9dede3)] -&amp;gt; xpath: //body/app-root[1]/app-main-container[1]/div[1]/div[2]/div[1]/app-transaction-line-module[1]/div[1]/div[1]/div[1]/div[1]/div[1]/app-fees-line-transaction[1]/div[1]/div[2]/div[2]/button[1]]
Session ID: e6c445513edbbcbd1972793c6a9dede3">
      <![CDATA[org.openqa.selenium.ElementClickInterceptedException: element click intercepted: Element <button _ngcontent-sdp-c208="" type="submit" class="btn btn-rose btn-sm saveTransaction">...</button> is not clickable at point (723, 553). Other element would receive the click: <div _ngcontent-sdp-c208="" class="modal-footer text-center ng-star-inserted">...</div>
  (Session info: chrome=135.0.7049.115)
Build info: version: '4.8.3', revision: 'e5e76298c3'
System info: os.name: 'Windows 10', os.arch: 'amd64', os.version: '10.0', java.version: '17.0.12'
Driver info: org.openqa.selenium.chrome.ChromeDriver
Command: [e6c445513edbbcbd1972793c6a9dede3, clickElement {id=f.7C9CE6F5F5A38D44CC873BCEA8F5F21C.d.F021207C2C8E088735BD2FF088F4354C.e.314}]
Capabilities {acceptInsecureCerts: false, browserName: chrome, browserVersion: 135.0.7049.115, chrome: {chromedriverVersion: 135.0.7049.114 (63fd8a7d9d0..., userDataDir: C:\Users\Welcome\AppData\Lo...}, fedcm:accounts: true, goog:chromeOptions: {debuggerAddress: localhost:49724}, networkConnectionEnabled: false, pageLoadStrategy: normal, platformName: WINDOWS, proxy: Proxy(), se:cdp: ws://localhost:49724/devtoo..., se:cdpVersion: 135.0.7049.115, setWindowRect: true, strictFileInteractability: false, timeouts: {implicit: 0, pageLoad: 300000, script: 30000}, unhandledPromptBehavior: dismiss and notify, webauthn:extension:credBlob: true, webauthn:extension:largeBlob: true, webauthn:extension:minPinLength: true, webauthn:extension:prf: true, webauthn:virtualAuthenticators: true}
Element: [[ChromeDriver: chrome on WINDOWS (e6c445513edbbcbd1972793c6a9dede3)] -> xpath: //body/app-root[1]/app-main-container[1]/div[1]/div[2]/div[1]/app-transaction-line-module[1]/div[1]/div[1]/div[1]/div[1]/div[1]/app-fees-line-transaction[1]/div[1]/div[2]/div[2]/button[1]]
Session ID: e6c445513edbbcbd1972793c6a9dede3
at org.openqa.selenium.remote.codec.w3c.W3CHttpResponseCodec.createException(W3CHttpResponseCodec.java:200)
at org.openqa.selenium.remote.codec.w3c.W3CHttpResponseCodec.decode(W3CHttpResponseCodec.java:133)
at org.openqa.selenium.remote.codec.w3c.W3CHttpResponseCodec.decode(W3CHttpResponseCodec.java:53)
at org.openqa.selenium.remote.HttpCommandExecutor.execute(HttpCommandExecutor.java:193)
at org.openqa.selenium.remote.service.DriverCommandExecutor.invokeExecute(DriverCommandExecutor.java:183)
at org.openqa.selenium.remote.service.DriverCommandExecutor.execute(DriverCommandExecutor.java:158)
at org.openqa.selenium.remote.RemoteWebDriver.execute(RemoteWebDriver.java:543)
at org.openqa.selenium.remote.RemoteWebElement.execute(RemoteWebElement.java:257)
at org.openqa.selenium.remote.RemoteWebElement.click(RemoteWebElement.java:78)
at Vision_RA.Test.RA_FeesConfig.VAT_FEE_DC_040(RA_FeesConfig.java:2935)
at java.base/java.util.ArrayList.forEach(ArrayList.java:1511)
... Removed 32 stack frames]]>
    </failure>
  </testcase> <!-- VAT_FEE_DC_040 -->
  <testcase classname="Vision_RA.Test.RA_FeesConfig" name="VAT_FEE_DC_019" time="65.675"/>
  <testcase classname="Vision_RA.Test.RA_FeesConfig" name="VAT_FEE_DC_042" time="72.893">
    <failure type="org.openqa.selenium.NoSuchElementException" message="no such element: Unable to locate element: {&amp;quot;method&amp;quot;:&amp;quot;xpath&amp;quot;,&amp;quot;selector&amp;quot;:&amp;quot;//div[contains(text(),&amp;apos;* Combination already Present&amp;apos;)]&amp;quot;}
  (Session info: chrome=135.0.7049.115)
For documentation on this error, please visit: https://selenium.dev/exceptions/#no_such_element
Build info: version: &amp;apos;4.8.3&amp;apos;, revision: &amp;apos;e5e76298c3&amp;apos;
System info: os.name: &amp;apos;Windows 10&amp;apos;, os.arch: &amp;apos;amd64&amp;apos;, os.version: &amp;apos;10.0&amp;apos;, java.version: &amp;apos;17.0.12&amp;apos;
Driver info: org.openqa.selenium.chrome.ChromeDriver
Command: [54d2379a6c91832921d4ca68a7092c06, findElement {using=xpath, value=//div[contains(text(),&amp;apos;* Combination already Present&amp;apos;)]}]
Capabilities {acceptInsecureCerts: false, browserName: chrome, browserVersion: 135.0.7049.115, chrome: {chromedriverVersion: 135.0.7049.114 (63fd8a7d9d0..., userDataDir: C:\Users\Welcome\AppData\Lo...}, fedcm:accounts: true, goog:chromeOptions: {debuggerAddress: localhost:49940}, networkConnectionEnabled: false, pageLoadStrategy: normal, platformName: WINDOWS, proxy: Proxy(), se:cdp: ws://localhost:49940/devtoo..., se:cdpVersion: 135.0.7049.115, setWindowRect: true, strictFileInteractability: false, timeouts: {implicit: 0, pageLoad: 300000, script: 30000}, unhandledPromptBehavior: dismiss and notify, webauthn:extension:credBlob: true, webauthn:extension:largeBlob: true, webauthn:extension:minPinLength: true, webauthn:extension:prf: true, webauthn:virtualAuthenticators: true}
Session ID: 54d2379a6c91832921d4ca68a7092c06">
      <![CDATA[org.openqa.selenium.NoSuchElementException: no such element: Unable to locate element: {"method":"xpath","selector":"//div[contains(text(),'* Combination already Present')]"}
  (Session info: chrome=135.0.7049.115)
For documentation on this error, please visit: https://selenium.dev/exceptions/#no_such_element
Build info: version: '4.8.3', revision: 'e5e76298c3'
System info: os.name: 'Windows 10', os.arch: 'amd64', os.version: '10.0', java.version: '17.0.12'
Driver info: org.openqa.selenium.chrome.ChromeDriver
Command: [54d2379a6c91832921d4ca68a7092c06, findElement {using=xpath, value=//div[contains(text(),'* Combination already Present')]}]
Capabilities {acceptInsecureCerts: false, browserName: chrome, browserVersion: 135.0.7049.115, chrome: {chromedriverVersion: 135.0.7049.114 (63fd8a7d9d0..., userDataDir: C:\Users\Welcome\AppData\Lo...}, fedcm:accounts: true, goog:chromeOptions: {debuggerAddress: localhost:49940}, networkConnectionEnabled: false, pageLoadStrategy: normal, platformName: WINDOWS, proxy: Proxy(), se:cdp: ws://localhost:49940/devtoo..., se:cdpVersion: 135.0.7049.115, setWindowRect: true, strictFileInteractability: false, timeouts: {implicit: 0, pageLoad: 300000, script: 30000}, unhandledPromptBehavior: dismiss and notify, webauthn:extension:credBlob: true, webauthn:extension:largeBlob: true, webauthn:extension:minPinLength: true, webauthn:extension:prf: true, webauthn:virtualAuthenticators: true}
Session ID: 54d2379a6c91832921d4ca68a7092c06
at org.openqa.selenium.remote.codec.w3c.W3CHttpResponseCodec.createException(W3CHttpResponseCodec.java:200)
at org.openqa.selenium.remote.codec.w3c.W3CHttpResponseCodec.decode(W3CHttpResponseCodec.java:133)
at org.openqa.selenium.remote.codec.w3c.W3CHttpResponseCodec.decode(W3CHttpResponseCodec.java:53)
at org.openqa.selenium.remote.HttpCommandExecutor.execute(HttpCommandExecutor.java:193)
at org.openqa.selenium.remote.service.DriverCommandExecutor.invokeExecute(DriverCommandExecutor.java:183)
at org.openqa.selenium.remote.service.DriverCommandExecutor.execute(DriverCommandExecutor.java:158)
at org.openqa.selenium.remote.RemoteWebDriver.execute(RemoteWebDriver.java:543)
at org.openqa.selenium.remote.ElementLocation$ElementFinder$2.findElement(ElementLocation.java:162)
at org.openqa.selenium.remote.ElementLocation.findElement(ElementLocation.java:60)
at org.openqa.selenium.remote.RemoteWebDriver.findElement(RemoteWebDriver.java:352)
at org.openqa.selenium.remote.RemoteWebDriver.findElement(RemoteWebDriver.java:344)
at Vision_RA.Test.RA_FeesConfig.VAT_FEE_DC_042(RA_FeesConfig.java:3124)
at java.base/java.util.ArrayList.forEach(ArrayList.java:1511)
... Removed 32 stack frames]]>
    </failure>
  </testcase> <!-- VAT_FEE_DC_042 -->
  <testcase classname="Vision_RA.Test.RA_General" name="RA_GL_006" time="41.423"/>
  <testcase classname="Vision_RA.Test.RA_General" name="RA_GL_009" time="14.933"/>
  <testcase classname="Vision_RA.Test.RA_General" name="RA_GL_005" time="30.703">
    <failure type="java.lang.NullPointerException" message="Cannot invoke &amp;quot;com.aventstack.extentreports.ExtentTest.log(com.aventstack.extentreports.Status, String)&amp;quot; because &amp;quot;this.currentTest&amp;quot; is null">
      <![CDATA[java.lang.NullPointerException: Cannot invoke "com.aventstack.extentreports.ExtentTest.log(com.aventstack.extentreports.Status, String)" because "this.currentTest" is null
at Vision_RA.Test.RA_General.RA_GL_005(RA_General.java:194)
at java.base/java.util.ArrayList.forEach(ArrayList.java:1511)
... Removed 27 stack frames]]>
    </failure>
  </testcase> <!-- RA_GL_005 -->
  <testcase classname="Vision_RA.Test.RA_General" name="RA_GL_014" time="10.031"/>
  <testcase classname="Vision_RA.Test.RA_General" name="RA_GL_015" time="65.517">
    <failure type="org.openqa.selenium.NoSuchElementException" message="no such element: Unable to locate element: {&amp;quot;method&amp;quot;:&amp;quot;xpath&amp;quot;,&amp;quot;selector&amp;quot;:&amp;quot;//button[contains(text(),&amp;apos;Yes&amp;apos;)]&amp;quot;}
  (Session info: chrome=135.0.7049.115)
For documentation on this error, please visit: https://selenium.dev/exceptions/#no_such_element
Build info: version: &amp;apos;4.8.3&amp;apos;, revision: &amp;apos;e5e76298c3&amp;apos;
System info: os.name: &amp;apos;Windows 10&amp;apos;, os.arch: &amp;apos;amd64&amp;apos;, os.version: &amp;apos;10.0&amp;apos;, java.version: &amp;apos;17.0.12&amp;apos;
Driver info: org.openqa.selenium.chrome.ChromeDriver
Command: [7a6840bafea29bc06e02f452502ed49c, findElement {using=xpath, value=//button[contains(text(),&amp;apos;Yes&amp;apos;)]}]
Capabilities {acceptInsecureCerts: false, browserName: chrome, browserVersion: 135.0.7049.115, chrome: {chromedriverVersion: 135.0.7049.114 (63fd8a7d9d0..., userDataDir: C:\Users\Welcome\AppData\Lo...}, fedcm:accounts: true, goog:chromeOptions: {debuggerAddress: localhost:50344}, networkConnectionEnabled: false, pageLoadStrategy: normal, platformName: WINDOWS, proxy: Proxy(), se:cdp: ws://localhost:50344/devtoo..., se:cdpVersion: 135.0.7049.115, setWindowRect: true, strictFileInteractability: false, timeouts: {implicit: 0, pageLoad: 300000, script: 30000}, unhandledPromptBehavior: dismiss and notify, webauthn:extension:credBlob: true, webauthn:extension:largeBlob: true, webauthn:extension:minPinLength: true, webauthn:extension:prf: true, webauthn:virtualAuthenticators: true}
Session ID: 7a6840bafea29bc06e02f452502ed49c">
      <![CDATA[org.openqa.selenium.NoSuchElementException: no such element: Unable to locate element: {"method":"xpath","selector":"//button[contains(text(),'Yes')]"}
  (Session info: chrome=135.0.7049.115)
For documentation on this error, please visit: https://selenium.dev/exceptions/#no_such_element
Build info: version: '4.8.3', revision: 'e5e76298c3'
System info: os.name: 'Windows 10', os.arch: 'amd64', os.version: '10.0', java.version: '17.0.12'
Driver info: org.openqa.selenium.chrome.ChromeDriver
Command: [7a6840bafea29bc06e02f452502ed49c, findElement {using=xpath, value=//button[contains(text(),'Yes')]}]
Capabilities {acceptInsecureCerts: false, browserName: chrome, browserVersion: 135.0.7049.115, chrome: {chromedriverVersion: 135.0.7049.114 (63fd8a7d9d0..., userDataDir: C:\Users\Welcome\AppData\Lo...}, fedcm:accounts: true, goog:chromeOptions: {debuggerAddress: localhost:50344}, networkConnectionEnabled: false, pageLoadStrategy: normal, platformName: WINDOWS, proxy: Proxy(), se:cdp: ws://localhost:50344/devtoo..., se:cdpVersion: 135.0.7049.115, setWindowRect: true, strictFileInteractability: false, timeouts: {implicit: 0, pageLoad: 300000, script: 30000}, unhandledPromptBehavior: dismiss and notify, webauthn:extension:credBlob: true, webauthn:extension:largeBlob: true, webauthn:extension:minPinLength: true, webauthn:extension:prf: true, webauthn:virtualAuthenticators: true}
Session ID: 7a6840bafea29bc06e02f452502ed49c
at org.openqa.selenium.remote.codec.w3c.W3CHttpResponseCodec.createException(W3CHttpResponseCodec.java:200)
at org.openqa.selenium.remote.codec.w3c.W3CHttpResponseCodec.decode(W3CHttpResponseCodec.java:133)
at org.openqa.selenium.remote.codec.w3c.W3CHttpResponseCodec.decode(W3CHttpResponseCodec.java:53)
at org.openqa.selenium.remote.HttpCommandExecutor.execute(HttpCommandExecutor.java:193)
at org.openqa.selenium.remote.service.DriverCommandExecutor.invokeExecute(DriverCommandExecutor.java:183)
at org.openqa.selenium.remote.service.DriverCommandExecutor.execute(DriverCommandExecutor.java:158)
at org.openqa.selenium.remote.RemoteWebDriver.execute(RemoteWebDriver.java:543)
at org.openqa.selenium.remote.ElementLocation$ElementFinder$2.findElement(ElementLocation.java:162)
at org.openqa.selenium.remote.ElementLocation.findElement(ElementLocation.java:60)
at org.openqa.selenium.remote.RemoteWebDriver.findElement(RemoteWebDriver.java:352)
at org.openqa.selenium.remote.RemoteWebDriver.findElement(RemoteWebDriver.java:344)
at Vision_RA.Test.RA_General.RA_GL_015(RA_General.java:292)
at java.base/java.util.ArrayList.forEach(ArrayList.java:1511)
... Removed 32 stack frames]]>
    </failure>
  </testcase> <!-- RA_GL_015 -->
  <testcase classname="Vision_RA.Test.RA_General" name="RA_GL_018" time="26.619">
    <failure type="org.openqa.selenium.NoSuchElementException" message="no such element: Unable to locate element: {&amp;quot;method&amp;quot;:&amp;quot;xpath&amp;quot;,&amp;quot;selector&amp;quot;:&amp;quot;//body/app-root[1]/app-main-container[1]/div[1]/div[2]/div[1]/app-user-setup[1]/div[1]/div[1]/div[1]/div[1]/div[1]/div[2]/div[1]/div[1]/div[1]/div[1]/div[1]/div[1]/form[1]/div[1]/div[1]/div[1]/div[1]/div[2]/input[1]&amp;quot;}
  (Session info: chrome=135.0.7049.115)
For documentation on this error, please visit: https://selenium.dev/exceptions/#no_such_element
Build info: version: &amp;apos;4.8.3&amp;apos;, revision: &amp;apos;e5e76298c3&amp;apos;
System info: os.name: &amp;apos;Windows 10&amp;apos;, os.arch: &amp;apos;amd64&amp;apos;, os.version: &amp;apos;10.0&amp;apos;, java.version: &amp;apos;17.0.12&amp;apos;
Driver info: org.openqa.selenium.chrome.ChromeDriver
Command: [07f21217ad857cfa46d19fba014b4d2c, findElement {using=xpath, value=//body/app-root[1]/app-main-container[1]/div[1]/div[2]/div[1]/app-user-setup[1]/div[1]/div[1]/div[1]/div[1]/div[1]/div[2]/div[1]/div[1]/div[1]/div[1]/div[1]/div[1]/form[1]/div[1]/div[1]/div[1]/div[1]/div[2]/input[1]}]
Capabilities {acceptInsecureCerts: false, browserName: chrome, browserVersion: 135.0.7049.115, chrome: {chromedriverVersion: 135.0.7049.114 (63fd8a7d9d0..., userDataDir: C:\Users\Welcome\AppData\Lo...}, fedcm:accounts: true, goog:chromeOptions: {debuggerAddress: localhost:50458}, networkConnectionEnabled: false, pageLoadStrategy: normal, platformName: WINDOWS, proxy: Proxy(), se:cdp: ws://localhost:50458/devtoo..., se:cdpVersion: 135.0.7049.115, setWindowRect: true, strictFileInteractability: false, timeouts: {implicit: 0, pageLoad: 300000, script: 30000}, unhandledPromptBehavior: dismiss and notify, webauthn:extension:credBlob: true, webauthn:extension:largeBlob: true, webauthn:extension:minPinLength: true, webauthn:extension:prf: true, webauthn:virtualAuthenticators: true}
Session ID: 07f21217ad857cfa46d19fba014b4d2c">
      <![CDATA[org.openqa.selenium.NoSuchElementException: no such element: Unable to locate element: {"method":"xpath","selector":"//body/app-root[1]/app-main-container[1]/div[1]/div[2]/div[1]/app-user-setup[1]/div[1]/div[1]/div[1]/div[1]/div[1]/div[2]/div[1]/div[1]/div[1]/div[1]/div[1]/div[1]/form[1]/div[1]/div[1]/div[1]/div[1]/div[2]/input[1]"}
  (Session info: chrome=135.0.7049.115)
For documentation on this error, please visit: https://selenium.dev/exceptions/#no_such_element
Build info: version: '4.8.3', revision: 'e5e76298c3'
System info: os.name: 'Windows 10', os.arch: 'amd64', os.version: '10.0', java.version: '17.0.12'
Driver info: org.openqa.selenium.chrome.ChromeDriver
Command: [07f21217ad857cfa46d19fba014b4d2c, findElement {using=xpath, value=//body/app-root[1]/app-main-container[1]/div[1]/div[2]/div[1]/app-user-setup[1]/div[1]/div[1]/div[1]/div[1]/div[1]/div[2]/div[1]/div[1]/div[1]/div[1]/div[1]/div[1]/form[1]/div[1]/div[1]/div[1]/div[1]/div[2]/input[1]}]
Capabilities {acceptInsecureCerts: false, browserName: chrome, browserVersion: 135.0.7049.115, chrome: {chromedriverVersion: 135.0.7049.114 (63fd8a7d9d0..., userDataDir: C:\Users\Welcome\AppData\Lo...}, fedcm:accounts: true, goog:chromeOptions: {debuggerAddress: localhost:50458}, networkConnectionEnabled: false, pageLoadStrategy: normal, platformName: WINDOWS, proxy: Proxy(), se:cdp: ws://localhost:50458/devtoo..., se:cdpVersion: 135.0.7049.115, setWindowRect: true, strictFileInteractability: false, timeouts: {implicit: 0, pageLoad: 300000, script: 30000}, unhandledPromptBehavior: dismiss and notify, webauthn:extension:credBlob: true, webauthn:extension:largeBlob: true, webauthn:extension:minPinLength: true, webauthn:extension:prf: true, webauthn:virtualAuthenticators: true}
Session ID: 07f21217ad857cfa46d19fba014b4d2c
at org.openqa.selenium.remote.codec.w3c.W3CHttpResponseCodec.createException(W3CHttpResponseCodec.java:200)
at org.openqa.selenium.remote.codec.w3c.W3CHttpResponseCodec.decode(W3CHttpResponseCodec.java:133)
at org.openqa.selenium.remote.codec.w3c.W3CHttpResponseCodec.decode(W3CHttpResponseCodec.java:53)
at org.openqa.selenium.remote.HttpCommandExecutor.execute(HttpCommandExecutor.java:193)
at org.openqa.selenium.remote.service.DriverCommandExecutor.invokeExecute(DriverCommandExecutor.java:183)
at org.openqa.selenium.remote.service.DriverCommandExecutor.execute(DriverCommandExecutor.java:158)
at org.openqa.selenium.remote.RemoteWebDriver.execute(RemoteWebDriver.java:543)
at org.openqa.selenium.remote.ElementLocation$ElementFinder$2.findElement(ElementLocation.java:162)
at org.openqa.selenium.remote.ElementLocation.findElement(ElementLocation.java:60)
at org.openqa.selenium.remote.RemoteWebDriver.findElement(RemoteWebDriver.java:352)
at org.openqa.selenium.remote.RemoteWebDriver.findElement(RemoteWebDriver.java:344)
at Vision_RA.Test.RA_General.RA_GL_018(RA_General.java:323)
at java.base/java.util.ArrayList.forEach(ArrayList.java:1511)
... Removed 32 stack frames]]>
    </failure>
  </testcase> <!-- RA_GL_018 -->
  <testcase classname="Vision_RA.Test.RA_AlphaNumTab" name="ALP_TAB_002" time="32.922"/>
  <testcase classname="Vision_RA.Test.RA_AlphaNumTab" name="ALP_TAB_004_ALP_TAB_003" time="46.865">
    <failure type="org.openqa.selenium.ElementNotInteractableException" message="element not interactable
  (Session info: chrome=135.0.7049.115)
Build info: version: &amp;apos;4.8.3&amp;apos;, revision: &amp;apos;e5e76298c3&amp;apos;
System info: os.name: &amp;apos;Windows 10&amp;apos;, os.arch: &amp;apos;amd64&amp;apos;, os.version: &amp;apos;10.0&amp;apos;, java.version: &amp;apos;17.0.12&amp;apos;
Driver info: org.openqa.selenium.chrome.ChromeDriver
Command: [87a742e8e041ef662a073bfa69c53f3a, clickElement {id=f.E26C45795EC88EDFC20938821F7CDC09.d.4FB8D6F19013E23992BB8001DA2E1926.e.152}]
Capabilities {acceptInsecureCerts: false, browserName: chrome, browserVersion: 135.0.7049.115, chrome: {chromedriverVersion: 135.0.7049.114 (63fd8a7d9d0..., userDataDir: C:\Users\Welcome\AppData\Lo...}, fedcm:accounts: true, goog:chromeOptions: {debuggerAddress: localhost:50617}, networkConnectionEnabled: false, pageLoadStrategy: normal, platformName: WINDOWS, proxy: Proxy(), se:cdp: ws://localhost:50617/devtoo..., se:cdpVersion: 135.0.7049.115, setWindowRect: true, strictFileInteractability: false, timeouts: {implicit: 0, pageLoad: 300000, script: 30000}, unhandledPromptBehavior: dismiss and notify, webauthn:extension:credBlob: true, webauthn:extension:largeBlob: true, webauthn:extension:minPinLength: true, webauthn:extension:prf: true, webauthn:virtualAuthenticators: true}
Element: [[ChromeDriver: chrome on WINDOWS (87a742e8e041ef662a073bfa69c53f3a)] -&amp;gt; xpath: //tbody/tr[1]/td[5]/div[2]/a[4]/i[1]]
Session ID: 87a742e8e041ef662a073bfa69c53f3a">
      <![CDATA[org.openqa.selenium.ElementNotInteractableException: element not interactable
  (Session info: chrome=135.0.7049.115)
Build info: version: '4.8.3', revision: 'e5e76298c3'
System info: os.name: 'Windows 10', os.arch: 'amd64', os.version: '10.0', java.version: '17.0.12'
Driver info: org.openqa.selenium.chrome.ChromeDriver
Command: [87a742e8e041ef662a073bfa69c53f3a, clickElement {id=f.E26C45795EC88EDFC20938821F7CDC09.d.4FB8D6F19013E23992BB8001DA2E1926.e.152}]
Capabilities {acceptInsecureCerts: false, browserName: chrome, browserVersion: 135.0.7049.115, chrome: {chromedriverVersion: 135.0.7049.114 (63fd8a7d9d0..., userDataDir: C:\Users\Welcome\AppData\Lo...}, fedcm:accounts: true, goog:chromeOptions: {debuggerAddress: localhost:50617}, networkConnectionEnabled: false, pageLoadStrategy: normal, platformName: WINDOWS, proxy: Proxy(), se:cdp: ws://localhost:50617/devtoo..., se:cdpVersion: 135.0.7049.115, setWindowRect: true, strictFileInteractability: false, timeouts: {implicit: 0, pageLoad: 300000, script: 30000}, unhandledPromptBehavior: dismiss and notify, webauthn:extension:credBlob: true, webauthn:extension:largeBlob: true, webauthn:extension:minPinLength: true, webauthn:extension:prf: true, webauthn:virtualAuthenticators: true}
Element: [[ChromeDriver: chrome on WINDOWS (87a742e8e041ef662a073bfa69c53f3a)] -> xpath: //tbody/tr[1]/td[5]/div[2]/a[4]/i[1]]
Session ID: 87a742e8e041ef662a073bfa69c53f3a
at org.openqa.selenium.remote.codec.w3c.W3CHttpResponseCodec.createException(W3CHttpResponseCodec.java:200)
at org.openqa.selenium.remote.codec.w3c.W3CHttpResponseCodec.decode(W3CHttpResponseCodec.java:133)
at org.openqa.selenium.remote.codec.w3c.W3CHttpResponseCodec.decode(W3CHttpResponseCodec.java:53)
at org.openqa.selenium.remote.HttpCommandExecutor.execute(HttpCommandExecutor.java:193)
at org.openqa.selenium.remote.service.DriverCommandExecutor.invokeExecute(DriverCommandExecutor.java:183)
at org.openqa.selenium.remote.service.DriverCommandExecutor.execute(DriverCommandExecutor.java:158)
at org.openqa.selenium.remote.RemoteWebDriver.execute(RemoteWebDriver.java:543)
at org.openqa.selenium.remote.RemoteWebElement.execute(RemoteWebElement.java:257)
at org.openqa.selenium.remote.RemoteWebElement.click(RemoteWebElement.java:78)
at Vision_RA.Test.RA_AlphaNumTab.ALP_TAB_004_ALP_TAB_003(RA_AlphaNumTab.java:158)
at java.base/java.util.ArrayList.forEach(ArrayList.java:1511)
... Removed 32 stack frames]]>
    </failure>
  </testcase> <!-- ALP_TAB_004_ALP_TAB_003 -->
  <testcase classname="Vision_RA.Test.RA_AlphaNumTab" name="ALP_TAB_006" time="36.516"/>
  <testcase classname="Vision_RA.Test.RA_AlphaNumTab" name="ALP_TAB_007" time="25.009"/>
  <testcase classname="Vision_RA.Test.RA_AlphaNumTab" name="ALP_TAB_008" time="31.202"/>
  <testcase classname="Vision_RA.Test.RA_AlphaNumTab" name="ALP_TAB_009" time="27.009"/>
  <testcase classname="Vision_RA.Test.RA_AlphaNumTab" name="ALP_TAB_010" time="28.68"/>
  <testcase classname="Vision_RA.Test.RA_AlphaNumTab" name="ALP_TAB_014" time="27.258"/>
  <testcase classname="Vision_RA.Test.RA_AlphaNumTab" name="ALP_NUM_015" time="29.483"/>
  <testcase classname="Vision_RA.Test.RA_AlphaNumTab" name="ALP_NUM_016" time="31.226"/>
  <testcase classname="Vision_RA.Test.RA_AlphaNumTab" name="ALP_NUM_020" time="32.201"/>
  <testcase classname="Vision_RA.Test.RA_AlphaNumTab" name="ALP_NUM_023" time="35.976"/>
  <testcase classname="Vision_RA.Test.RA_AlphaNumTab" name="ALP_NUM_024" time="65.364"/>
  <testcase classname="Vision_RA.Test.RA_AlphaNumTab" name="ALP_NUM_025" time="29.263"/>
  <testcase classname="Vision_RA.Test.RA_AlphaNumTab" name="ALP_NUM_026" time="162.147"/>
  <testcase classname="Vision_RA.Test.RA_AlphaNumTab" name="ALP_NUM_027" time="156.46"/>
  <testcase classname="Vision_RA.Test.RA_ReconConfiguration" name="RA_RC_001" time="16.191"/>
  <testcase classname="Vision_RA.Test.RA_ReconConfiguration" name="RA_RC_002" time="25.314"/>
  <testcase classname="Vision_RA.Test.RA_ReconConfiguration" name="RA_RC_003" time="24.481"/>
  <testcase classname="Vision_RA.Test.RA_ReconConfiguration" name="RA_RC_006" time="22.557"/>
  <testcase classname="Vision_RA.Test.RA_ReconConfiguration" name="RA_RC_007" time="25.826"/>
  <testcase classname="Vision_RA.Test.RA_ReconConfiguration" name="RA_RC_008" time="28.047"/>
  <testcase classname="Vision_RA.Test.RA_ReconConfiguration" name="RA_RC_009" time="25.369"/>
  <testcase classname="Vision_RA.Test.RA_ReconConfiguration" name="RA_RC_010" time="37.45"/>
  <testcase classname="Vision_RA.Test.RA_ReconConfiguration" name="RA_RC_011" time="32.061"/>
  <testcase classname="Vision_RA.Test.RA_ReconConfiguration" name="RA_RC_012" time="35.168"/>
  <testcase classname="Vision_RA.Test.RA_ReconConfiguration" name="RA_RC_013" time="28.224"/>
  <testcase classname="Vision_RA.Test.RA_ReconConfiguration" name="RA_RC_014" time="25.996"/>
  <testcase classname="Vision_RA.Test.RA_ReconConfiguration" name="RA_RC_015" time="325.102"/>
  <testcase classname="Vision_RA.Test.RA_ReconConfiguration" name="RA_RC_018" time="26.121"/>
  <testcase classname="Vision_RA.Test.RA_ReconConfiguration" name="RA_RC_019" time="30.469"/>
  <testcase classname="Vision_RA.Test.RA_ReconConfiguration" name="RA_RC_022" time="34.432"/>
  <testcase classname="Vision_RA.Test.RA_ReconConfiguration" name="RA_RC_023" time="24.439"/>
  <testcase classname="Vision_RA.Test.RA_FeesPriority" name="FES_PRI_005" time="29.177"/>
  <testcase classname="Vision_RA.Test.RA_FeesPriority" name="FES_PRI_006" time="26.356"/>
  <testcase classname="Vision_RA.Test.RA_MasterConfiguration" name="RA_MC_001" time="22.85"/>
  <testcase classname="Vision_RA.Test.RA_MasterConfiguration" name="RA_MC_002" time="21.556"/>
  <testcase classname="Vision_RA.Test.RA_MasterConfiguration" name="RA_MC_003" time="27.81"/>
  <testcase classname="Vision_RA.Test.RA_MasterConfiguration" name="RA_MC_004" time="25.926"/>
  <testcase classname="Vision_RA.Test.RA_MasterConfiguration" name="RA_MC_013" time="48.842"/>
  <testcase classname="Vision_RA.Test.RA_MasterConfiguration" name="RA_MC_012" time="39.013"/>
  <testcase classname="Vision_RA.Test.RA_MasterConfiguration" name="RA_MC_005" time="18.845">
    <failure type="org.openqa.selenium.NoSuchElementException" message="no such element: Unable to locate element: {&amp;quot;method&amp;quot;:&amp;quot;xpath&amp;quot;,&amp;quot;selector&amp;quot;:&amp;quot;/html[1]/body[1]/app-root[1]/app-main-container[1]/div[1]/div[2]/div[1]/app-recon-config[1]/div[1]/div[1]/div[3]/div[1]/div[2]/div[2]/div[1]/div[1]/div[1]/form[1]/perfect-scrollbar[1]/div[1]/div[1]/table[1]/tbody[1]/tr[1]/td[2]/input[1]&amp;quot;}
  (Session info: chrome=135.0.7049.115)
For documentation on this error, please visit: https://selenium.dev/exceptions/#no_such_element
Build info: version: &amp;apos;4.8.3&amp;apos;, revision: &amp;apos;e5e76298c3&amp;apos;
System info: os.name: &amp;apos;Windows 10&amp;apos;, os.arch: &amp;apos;amd64&amp;apos;, os.version: &amp;apos;10.0&amp;apos;, java.version: &amp;apos;17.0.12&amp;apos;
Driver info: org.openqa.selenium.chrome.ChromeDriver
Command: [25c228985c05fe0310bb37130785ee9a, findElement {using=xpath, value=/html[1]/body[1]/app-root[1]/app-main-container[1]/div[1]/div[2]/div[1]/app-recon-config[1]/div[1]/div[1]/div[3]/div[1]/div[2]/div[2]/div[1]/div[1]/div[1]/form[1]/perfect-scrollbar[1]/div[1]/div[1]/table[1]/tbody[1]/tr[1]/td[2]/input[1]}]
Capabilities {acceptInsecureCerts: false, browserName: chrome, browserVersion: 135.0.7049.115, chrome: {chromedriverVersion: 135.0.7049.114 (63fd8a7d9d0..., userDataDir: C:\Users\Welcome\AppData\Lo...}, fedcm:accounts: true, goog:chromeOptions: {debuggerAddress: localhost:54244}, networkConnectionEnabled: false, pageLoadStrategy: normal, platformName: WINDOWS, proxy: Proxy(), se:cdp: ws://localhost:54244/devtoo..., se:cdpVersion: 135.0.7049.115, setWindowRect: true, strictFileInteractability: false, timeouts: {implicit: 0, pageLoad: 300000, script: 30000}, unhandledPromptBehavior: dismiss and notify, webauthn:extension:credBlob: true, webauthn:extension:largeBlob: true, webauthn:extension:minPinLength: true, webauthn:extension:prf: true, webauthn:virtualAuthenticators: true}
Session ID: 25c228985c05fe0310bb37130785ee9a">
      <![CDATA[org.openqa.selenium.NoSuchElementException: no such element: Unable to locate element: {"method":"xpath","selector":"/html[1]/body[1]/app-root[1]/app-main-container[1]/div[1]/div[2]/div[1]/app-recon-config[1]/div[1]/div[1]/div[3]/div[1]/div[2]/div[2]/div[1]/div[1]/div[1]/form[1]/perfect-scrollbar[1]/div[1]/div[1]/table[1]/tbody[1]/tr[1]/td[2]/input[1]"}
  (Session info: chrome=135.0.7049.115)
For documentation on this error, please visit: https://selenium.dev/exceptions/#no_such_element
Build info: version: '4.8.3', revision: 'e5e76298c3'
System info: os.name: 'Windows 10', os.arch: 'amd64', os.version: '10.0', java.version: '17.0.12'
Driver info: org.openqa.selenium.chrome.ChromeDriver
Command: [25c228985c05fe0310bb37130785ee9a, findElement {using=xpath, value=/html[1]/body[1]/app-root[1]/app-main-container[1]/div[1]/div[2]/div[1]/app-recon-config[1]/div[1]/div[1]/div[3]/div[1]/div[2]/div[2]/div[1]/div[1]/div[1]/form[1]/perfect-scrollbar[1]/div[1]/div[1]/table[1]/tbody[1]/tr[1]/td[2]/input[1]}]
Capabilities {acceptInsecureCerts: false, browserName: chrome, browserVersion: 135.0.7049.115, chrome: {chromedriverVersion: 135.0.7049.114 (63fd8a7d9d0..., userDataDir: C:\Users\Welcome\AppData\Lo...}, fedcm:accounts: true, goog:chromeOptions: {debuggerAddress: localhost:54244}, networkConnectionEnabled: false, pageLoadStrategy: normal, platformName: WINDOWS, proxy: Proxy(), se:cdp: ws://localhost:54244/devtoo..., se:cdpVersion: 135.0.7049.115, setWindowRect: true, strictFileInteractability: false, timeouts: {implicit: 0, pageLoad: 300000, script: 30000}, unhandledPromptBehavior: dismiss and notify, webauthn:extension:credBlob: true, webauthn:extension:largeBlob: true, webauthn:extension:minPinLength: true, webauthn:extension:prf: true, webauthn:virtualAuthenticators: true}
Session ID: 25c228985c05fe0310bb37130785ee9a
at org.openqa.selenium.remote.codec.w3c.W3CHttpResponseCodec.createException(W3CHttpResponseCodec.java:200)
at org.openqa.selenium.remote.codec.w3c.W3CHttpResponseCodec.decode(W3CHttpResponseCodec.java:133)
at org.openqa.selenium.remote.codec.w3c.W3CHttpResponseCodec.decode(W3CHttpResponseCodec.java:53)
at org.openqa.selenium.remote.HttpCommandExecutor.execute(HttpCommandExecutor.java:193)
at org.openqa.selenium.remote.service.DriverCommandExecutor.invokeExecute(DriverCommandExecutor.java:183)
at org.openqa.selenium.remote.service.DriverCommandExecutor.execute(DriverCommandExecutor.java:158)
at org.openqa.selenium.remote.RemoteWebDriver.execute(RemoteWebDriver.java:543)
at org.openqa.selenium.remote.ElementLocation$ElementFinder$2.findElement(ElementLocation.java:162)
at org.openqa.selenium.remote.ElementLocation.findElement(ElementLocation.java:60)
at org.openqa.selenium.remote.RemoteWebDriver.findElement(RemoteWebDriver.java:352)
at org.openqa.selenium.remote.RemoteWebDriver.findElement(RemoteWebDriver.java:344)
at Vision_RA.Test.RA_MasterConfiguration.RA_MC_005(RA_MasterConfiguration.java:402)
at java.base/java.util.ArrayList.forEach(ArrayList.java:1511)
... Removed 32 stack frames]]>
    </failure>
  </testcase> <!-- RA_MC_005 -->
  <testcase classname="Vision_RA.Test.RA_MasterConfiguration" name="RA_MC_007" time="23.206">
    <failure type="org.openqa.selenium.NoSuchElementException" message="no such element: Unable to locate element: {&amp;quot;method&amp;quot;:&amp;quot;xpath&amp;quot;,&amp;quot;selector&amp;quot;:&amp;quot;//span[contains(text(),&amp;apos;Relationship&amp;apos;)]&amp;quot;}
  (Session info: chrome=135.0.7049.115)
For documentation on this error, please visit: https://selenium.dev/exceptions/#no_such_element
Build info: version: &amp;apos;4.8.3&amp;apos;, revision: &amp;apos;e5e76298c3&amp;apos;
System info: os.name: &amp;apos;Windows 10&amp;apos;, os.arch: &amp;apos;amd64&amp;apos;, os.version: &amp;apos;10.0&amp;apos;, java.version: &amp;apos;17.0.12&amp;apos;
Driver info: org.openqa.selenium.chrome.ChromeDriver
Command: [6462351dc35ee61b605a7a8c65509c55, findElement {using=xpath, value=//span[contains(text(),&amp;apos;Relationship&amp;apos;)]}]
Capabilities {acceptInsecureCerts: false, browserName: chrome, browserVersion: 135.0.7049.115, chrome: {chromedriverVersion: 135.0.7049.114 (63fd8a7d9d0..., userDataDir: C:\Users\Welcome\AppData\Lo...}, fedcm:accounts: true, goog:chromeOptions: {debuggerAddress: localhost:54306}, networkConnectionEnabled: false, pageLoadStrategy: normal, platformName: WINDOWS, proxy: Proxy(), se:cdp: ws://localhost:54306/devtoo..., se:cdpVersion: 135.0.7049.115, setWindowRect: true, strictFileInteractability: false, timeouts: {implicit: 0, pageLoad: 300000, script: 30000}, unhandledPromptBehavior: dismiss and notify, webauthn:extension:credBlob: true, webauthn:extension:largeBlob: true, webauthn:extension:minPinLength: true, webauthn:extension:prf: true, webauthn:virtualAuthenticators: true}
Session ID: 6462351dc35ee61b605a7a8c65509c55">
      <![CDATA[org.openqa.selenium.NoSuchElementException: no such element: Unable to locate element: {"method":"xpath","selector":"//span[contains(text(),'Relationship')]"}
  (Session info: chrome=135.0.7049.115)
For documentation on this error, please visit: https://selenium.dev/exceptions/#no_such_element
Build info: version: '4.8.3', revision: 'e5e76298c3'
System info: os.name: 'Windows 10', os.arch: 'amd64', os.version: '10.0', java.version: '17.0.12'
Driver info: org.openqa.selenium.chrome.ChromeDriver
Command: [6462351dc35ee61b605a7a8c65509c55, findElement {using=xpath, value=//span[contains(text(),'Relationship')]}]
Capabilities {acceptInsecureCerts: false, browserName: chrome, browserVersion: 135.0.7049.115, chrome: {chromedriverVersion: 135.0.7049.114 (63fd8a7d9d0..., userDataDir: C:\Users\Welcome\AppData\Lo...}, fedcm:accounts: true, goog:chromeOptions: {debuggerAddress: localhost:54306}, networkConnectionEnabled: false, pageLoadStrategy: normal, platformName: WINDOWS, proxy: Proxy(), se:cdp: ws://localhost:54306/devtoo..., se:cdpVersion: 135.0.7049.115, setWindowRect: true, strictFileInteractability: false, timeouts: {implicit: 0, pageLoad: 300000, script: 30000}, unhandledPromptBehavior: dismiss and notify, webauthn:extension:credBlob: true, webauthn:extension:largeBlob: true, webauthn:extension:minPinLength: true, webauthn:extension:prf: true, webauthn:virtualAuthenticators: true}
Session ID: 6462351dc35ee61b605a7a8c65509c55
at org.openqa.selenium.remote.codec.w3c.W3CHttpResponseCodec.createException(W3CHttpResponseCodec.java:200)
at org.openqa.selenium.remote.codec.w3c.W3CHttpResponseCodec.decode(W3CHttpResponseCodec.java:133)
at org.openqa.selenium.remote.codec.w3c.W3CHttpResponseCodec.decode(W3CHttpResponseCodec.java:53)
at org.openqa.selenium.remote.HttpCommandExecutor.execute(HttpCommandExecutor.java:193)
at org.openqa.selenium.remote.service.DriverCommandExecutor.invokeExecute(DriverCommandExecutor.java:183)
at org.openqa.selenium.remote.service.DriverCommandExecutor.execute(DriverCommandExecutor.java:158)
at org.openqa.selenium.remote.RemoteWebDriver.execute(RemoteWebDriver.java:543)
at org.openqa.selenium.remote.ElementLocation$ElementFinder$2.findElement(ElementLocation.java:162)
at org.openqa.selenium.remote.ElementLocation.findElement(ElementLocation.java:60)
at org.openqa.selenium.remote.RemoteWebDriver.findElement(RemoteWebDriver.java:352)
at org.openqa.selenium.remote.RemoteWebDriver.findElement(RemoteWebDriver.java:344)
at Vision_RA.Test.RA_MasterConfiguration.RA_MC_007(RA_MasterConfiguration.java:460)
at java.base/java.util.ArrayList.forEach(ArrayList.java:1511)
... Removed 32 stack frames]]>
    </failure>
  </testcase> <!-- RA_MC_007 -->
  <testcase classname="Vision_RA.Test.RA_MasterConfiguration" name="RA_MC_014" time="153.953"/>
  <testcase classname="Vision_RA.Test.RA_MasterConfiguration" name="RA_MC_015" time="158.839"/>
  <testcase classname="Vision_RA.Test.RA_MasterConfiguration" name="RA_MC_016" time="44.565">
    <failure type="org.openqa.selenium.NoSuchElementException" message="no such element: Unable to locate element: {&amp;quot;method&amp;quot;:&amp;quot;xpath&amp;quot;,&amp;quot;selector&amp;quot;:&amp;quot;//button[contains(text(),&amp;apos;Yes&amp;apos;)]&amp;quot;}
  (Session info: chrome=135.0.7049.115)
For documentation on this error, please visit: https://selenium.dev/exceptions/#no_such_element
Build info: version: &amp;apos;4.8.3&amp;apos;, revision: &amp;apos;e5e76298c3&amp;apos;
System info: os.name: &amp;apos;Windows 10&amp;apos;, os.arch: &amp;apos;amd64&amp;apos;, os.version: &amp;apos;10.0&amp;apos;, java.version: &amp;apos;17.0.12&amp;apos;
Driver info: org.openqa.selenium.chrome.ChromeDriver
Command: [431bb5a546474ee53c60be7e3ab08b8c, findElement {using=xpath, value=//button[contains(text(),&amp;apos;Yes&amp;apos;)]}]
Capabilities {acceptInsecureCerts: false, browserName: chrome, browserVersion: 135.0.7049.115, chrome: {chromedriverVersion: 135.0.7049.114 (63fd8a7d9d0..., userDataDir: C:\Users\Welcome\AppData\Lo...}, fedcm:accounts: true, goog:chromeOptions: {debuggerAddress: localhost:54814}, networkConnectionEnabled: false, pageLoadStrategy: normal, platformName: WINDOWS, proxy: Proxy(), se:cdp: ws://localhost:54814/devtoo..., se:cdpVersion: 135.0.7049.115, setWindowRect: true, strictFileInteractability: false, timeouts: {implicit: 0, pageLoad: 300000, script: 30000}, unhandledPromptBehavior: dismiss and notify, webauthn:extension:credBlob: true, webauthn:extension:largeBlob: true, webauthn:extension:minPinLength: true, webauthn:extension:prf: true, webauthn:virtualAuthenticators: true}
Session ID: 431bb5a546474ee53c60be7e3ab08b8c">
      <![CDATA[org.openqa.selenium.NoSuchElementException: no such element: Unable to locate element: {"method":"xpath","selector":"//button[contains(text(),'Yes')]"}
  (Session info: chrome=135.0.7049.115)
For documentation on this error, please visit: https://selenium.dev/exceptions/#no_such_element
Build info: version: '4.8.3', revision: 'e5e76298c3'
System info: os.name: 'Windows 10', os.arch: 'amd64', os.version: '10.0', java.version: '17.0.12'
Driver info: org.openqa.selenium.chrome.ChromeDriver
Command: [431bb5a546474ee53c60be7e3ab08b8c, findElement {using=xpath, value=//button[contains(text(),'Yes')]}]
Capabilities {acceptInsecureCerts: false, browserName: chrome, browserVersion: 135.0.7049.115, chrome: {chromedriverVersion: 135.0.7049.114 (63fd8a7d9d0..., userDataDir: C:\Users\Welcome\AppData\Lo...}, fedcm:accounts: true, goog:chromeOptions: {debuggerAddress: localhost:54814}, networkConnectionEnabled: false, pageLoadStrategy: normal, platformName: WINDOWS, proxy: Proxy(), se:cdp: ws://localhost:54814/devtoo..., se:cdpVersion: 135.0.7049.115, setWindowRect: true, strictFileInteractability: false, timeouts: {implicit: 0, pageLoad: 300000, script: 30000}, unhandledPromptBehavior: dismiss and notify, webauthn:extension:credBlob: true, webauthn:extension:largeBlob: true, webauthn:extension:minPinLength: true, webauthn:extension:prf: true, webauthn:virtualAuthenticators: true}
Session ID: 431bb5a546474ee53c60be7e3ab08b8c
at org.openqa.selenium.remote.codec.w3c.W3CHttpResponseCodec.createException(W3CHttpResponseCodec.java:200)
at org.openqa.selenium.remote.codec.w3c.W3CHttpResponseCodec.decode(W3CHttpResponseCodec.java:133)
at org.openqa.selenium.remote.codec.w3c.W3CHttpResponseCodec.decode(W3CHttpResponseCodec.java:53)
at org.openqa.selenium.remote.HttpCommandExecutor.execute(HttpCommandExecutor.java:193)
at org.openqa.selenium.remote.service.DriverCommandExecutor.invokeExecute(DriverCommandExecutor.java:183)
at org.openqa.selenium.remote.service.DriverCommandExecutor.execute(DriverCommandExecutor.java:158)
at org.openqa.selenium.remote.RemoteWebDriver.execute(RemoteWebDriver.java:543)
at org.openqa.selenium.remote.ElementLocation$ElementFinder$2.findElement(ElementLocation.java:162)
at org.openqa.selenium.remote.ElementLocation.findElement(ElementLocation.java:60)
at org.openqa.selenium.remote.RemoteWebDriver.findElement(RemoteWebDriver.java:352)
at org.openqa.selenium.remote.RemoteWebDriver.findElement(RemoteWebDriver.java:344)
at Vision_RA.Test.RA_MasterConfiguration.RA_MC_016(RA_MasterConfiguration.java:925)
at java.base/java.util.ArrayList.forEach(ArrayList.java:1511)
... Removed 32 stack frames]]>
    </failure>
  </testcase> <!-- RA_MC_016 -->
  <testcase classname="Vision_RA.Test.RA_MasterConfiguration" name="RA_MC_017" time="42.522">
    <failure type="org.openqa.selenium.NoSuchElementException" message="no such element: Unable to locate element: {&amp;quot;method&amp;quot;:&amp;quot;xpath&amp;quot;,&amp;quot;selector&amp;quot;:&amp;quot;//body/ngb-modal-window[1]/div[1]/div[1]/app-generic-popup[1]/div[1]/div[1]/form[1]/div[2]/div[1]/div[1]/input[1]&amp;quot;}
  (Session info: chrome=135.0.7049.115)
For documentation on this error, please visit: https://selenium.dev/exceptions/#no_such_element
Build info: version: &amp;apos;4.8.3&amp;apos;, revision: &amp;apos;e5e76298c3&amp;apos;
System info: os.name: &amp;apos;Windows 10&amp;apos;, os.arch: &amp;apos;amd64&amp;apos;, os.version: &amp;apos;10.0&amp;apos;, java.version: &amp;apos;17.0.12&amp;apos;
Driver info: org.openqa.selenium.chrome.ChromeDriver
Command: [d387e83eccbb5ebff0af49bbf7e93951, findElement {using=xpath, value=//body/ngb-modal-window[1]/div[1]/div[1]/app-generic-popup[1]/div[1]/div[1]/form[1]/div[2]/div[1]/div[1]/input[1]}]
Capabilities {acceptInsecureCerts: false, browserName: chrome, browserVersion: 135.0.7049.115, chrome: {chromedriverVersion: 135.0.7049.114 (63fd8a7d9d0..., userDataDir: C:\Users\Welcome\AppData\Lo...}, fedcm:accounts: true, goog:chromeOptions: {debuggerAddress: localhost:54896}, networkConnectionEnabled: false, pageLoadStrategy: normal, platformName: WINDOWS, proxy: Proxy(), se:cdp: ws://localhost:54896/devtoo..., se:cdpVersion: 135.0.7049.115, setWindowRect: true, strictFileInteractability: false, timeouts: {implicit: 0, pageLoad: 300000, script: 30000}, unhandledPromptBehavior: dismiss and notify, webauthn:extension:credBlob: true, webauthn:extension:largeBlob: true, webauthn:extension:minPinLength: true, webauthn:extension:prf: true, webauthn:virtualAuthenticators: true}
Session ID: d387e83eccbb5ebff0af49bbf7e93951">
      <![CDATA[org.openqa.selenium.NoSuchElementException: no such element: Unable to locate element: {"method":"xpath","selector":"//body/ngb-modal-window[1]/div[1]/div[1]/app-generic-popup[1]/div[1]/div[1]/form[1]/div[2]/div[1]/div[1]/input[1]"}
  (Session info: chrome=135.0.7049.115)
For documentation on this error, please visit: https://selenium.dev/exceptions/#no_such_element
Build info: version: '4.8.3', revision: 'e5e76298c3'
System info: os.name: 'Windows 10', os.arch: 'amd64', os.version: '10.0', java.version: '17.0.12'
Driver info: org.openqa.selenium.chrome.ChromeDriver
Command: [d387e83eccbb5ebff0af49bbf7e93951, findElement {using=xpath, value=//body/ngb-modal-window[1]/div[1]/div[1]/app-generic-popup[1]/div[1]/div[1]/form[1]/div[2]/div[1]/div[1]/input[1]}]
Capabilities {acceptInsecureCerts: false, browserName: chrome, browserVersion: 135.0.7049.115, chrome: {chromedriverVersion: 135.0.7049.114 (63fd8a7d9d0..., userDataDir: C:\Users\Welcome\AppData\Lo...}, fedcm:accounts: true, goog:chromeOptions: {debuggerAddress: localhost:54896}, networkConnectionEnabled: false, pageLoadStrategy: normal, platformName: WINDOWS, proxy: Proxy(), se:cdp: ws://localhost:54896/devtoo..., se:cdpVersion: 135.0.7049.115, setWindowRect: true, strictFileInteractability: false, timeouts: {implicit: 0, pageLoad: 300000, script: 30000}, unhandledPromptBehavior: dismiss and notify, webauthn:extension:credBlob: true, webauthn:extension:largeBlob: true, webauthn:extension:minPinLength: true, webauthn:extension:prf: true, webauthn:virtualAuthenticators: true}
Session ID: d387e83eccbb5ebff0af49bbf7e93951
at org.openqa.selenium.remote.codec.w3c.W3CHttpResponseCodec.createException(W3CHttpResponseCodec.java:200)
at org.openqa.selenium.remote.codec.w3c.W3CHttpResponseCodec.decode(W3CHttpResponseCodec.java:133)
at org.openqa.selenium.remote.codec.w3c.W3CHttpResponseCodec.decode(W3CHttpResponseCodec.java:53)
at org.openqa.selenium.remote.HttpCommandExecutor.execute(HttpCommandExecutor.java:193)
at org.openqa.selenium.remote.service.DriverCommandExecutor.invokeExecute(DriverCommandExecutor.java:183)
at org.openqa.selenium.remote.service.DriverCommandExecutor.execute(DriverCommandExecutor.java:158)
at org.openqa.selenium.remote.RemoteWebDriver.execute(RemoteWebDriver.java:543)
at org.openqa.selenium.remote.ElementLocation$ElementFinder$2.findElement(ElementLocation.java:162)
at org.openqa.selenium.remote.ElementLocation.findElement(ElementLocation.java:60)
at org.openqa.selenium.remote.RemoteWebDriver.findElement(RemoteWebDriver.java:352)
at org.openqa.selenium.remote.RemoteWebDriver.findElement(RemoteWebDriver.java:344)
at Vision_RA.Test.RA_MasterConfiguration.RA_MC_017(RA_MasterConfiguration.java:1005)
at java.base/java.util.ArrayList.forEach(ArrayList.java:1511)
... Removed 32 stack frames]]>
    </failure>
  </testcase> <!-- RA_MC_017 -->
  <testcase classname="Vision_RA.Test.RA_MasterConfiguration" name="RA_MC_020" time="18.06"/>
  <testcase classname="Vision_RA.Test.RA_FeesConfig" name="VAT_FEE_DC_016" time="0.0">
    <ignored/>
  </testcase> <!-- VAT_FEE_DC_016 -->
  <testcase classname="Vision_RA.Test.RA_FeesConfig" name="VAT_FEE_DC_015" time="0.0">
    <ignored/>
  </testcase> <!-- VAT_FEE_DC_015 -->
</testsuite> <!-- Test -->
