<!DOCTYPE html PUBLIC "-//W3C//DTD XHTML 1.1//EN" "https://www.w3.org/TR/xhtml11/DTD/xhtml11.dtd">
<html xmlns="https://www.w3.org/1999/xhtml">
<head>
<meta http-equiv="content-type" content="text/html; charset=UTF-8"/>
<title>TestNG Report</title>
<style type="text/css">table {margin-bottom:10px;border-collapse:collapse;empty-cells:show}th,td {border:1px solid #009;padding:.25em .5em}th {vertical-align:bottom}td {vertical-align:top}table a {font-weight:bold}.stripe td {background-color: #E6EBF9}.num {text-align:right}.passedodd td {background-color: #3F3}.passedeven td {background-color: #0A0}.skippedodd td {background-color: #DDD}.skippedeven td {background-color: #CCC}.failedodd td,.attn {background-color: #F33}.failedeven td,.stripe .attn {background-color: #D00}.stacktrace {white-space:pre;font-family:monospace}.totop {font-size:85%;text-align:center;border-bottom:2px solid #000}.invisible {display:none}</style>
</head>
<body>
<table>
<tr><th>Test</th><th># Passed</th><th># Skipped</th><th># Retried</th><th># Failed</th><th>Time (ms)</th><th>Included Groups</th><th>Excluded Groups</th></tr>
<tr><th colspan="8">RA</th></tr>
<tr><td><a href="#t0">Test</a></td><td class="num">78</td><td class="num">0</td><td class="num">0</td><td class="num attn">55</td><td class="num">3,763,037</td><td></td><td></td></tr>
</table>
<table id='summary'><thead><tr><th>Class</th><th>Method</th><th>Start</th><th>Time (ms)</th></tr></thead><tbody><tr><th colspan="4">RA</th></tr></tbody><tbody id="t0"><tr><th colspan="4">Test &#8212; failed</th></tr><tr class="failedeven"><td rowspan="16">Vision_RA.Test.RA_AlphaNumTab</td><td><a href="#m0">ALP_NUM_015</a></td><td rowspan="1">1730467191309</td><td rowspan="1">18571</td></tr><tr class="failedeven"><td><a href="#m1">ALP_NUM_016</a></td><td rowspan="1">1730467218338</td><td rowspan="1">17588</td></tr><tr class="failedeven"><td><a href="#m2">ALP_NUM_020</a></td><td rowspan="1">1730467253620</td><td rowspan="1">26536</td></tr><tr class="failedeven"><td><a href="#m3">ALP_NUM_023</a></td><td rowspan="1">1730467288806</td><td rowspan="1">19797</td></tr><tr class="failedeven"><td><a href="#m4">ALP_NUM_024</a></td><td rowspan="1">1730467321975</td><td rowspan="1">19853</td></tr><tr class="failedeven"><td><a href="#m5">ALP_NUM_025</a></td><td rowspan="1">1730467353754</td><td rowspan="1">19556</td></tr><tr class="failedeven"><td><a href="#m6">ALP_NUM_026</a></td><td rowspan="1">1730467386081</td><td rowspan="1">94395</td></tr><tr class="failedeven"><td><a href="#m7">ALP_NUM_027</a></td><td rowspan="1">1730467488373</td><td rowspan="1">24325</td></tr><tr class="failedeven"><td><a href="#m8">ALP_TAB_002</a></td><td rowspan="1">1730466921127</td><td rowspan="1">16643</td></tr><tr class="failedeven"><td><a href="#m9">ALP_TAB_004_ALP_TAB_003</a></td><td rowspan="1">1730466954596</td><td rowspan="1">17029</td></tr><tr class="failedeven"><td><a href="#m10">ALP_TAB_006</a></td><td rowspan="1">1730466983013</td><td rowspan="1">16323</td></tr><tr class="failedeven"><td><a href="#m11">ALP_TAB_007</a></td><td rowspan="1">1730467015083</td><td rowspan="1">23995</td></tr><tr class="failedeven"><td><a href="#m12">ALP_TAB_008</a></td><td rowspan="1">1730467057093</td><td rowspan="1">18150</td></tr><tr class="failedeven"><td><a href="#m13">ALP_TAB_009</a></td><td rowspan="1">1730467092624</td><td rowspan="1">20639</td></tr><tr class="failedeven"><td><a href="#m14">ALP_TAB_010</a></td><td rowspan="1">1730467132260</td><td rowspan="1">21854</td></tr><tr class="failedeven"><td><a href="#m15">ALP_TAB_014</a></td><td rowspan="1">1730467164923</td><td rowspan="1">17431</td></tr><tr class="failedodd"><td rowspan="1">Vision_RA.Test.RA_BusinessLineConfig</td><td><a href="#m16">VAT_BUS_DC_012</a></td><td rowspan="1">1730468607445</td><td rowspan="1">83117</td></tr><tr class="failedeven"><td rowspan="1">Vision_RA.Test.RA_FeesConfig</td><td><a href="#m17">VAT_FEE_DC_040</a></td><td rowspan="1">1730470455932</td><td rowspan="1">59940</td></tr><tr class="failedodd"><td rowspan="2">Vision_RA.Test.RA_General</td><td><a href="#m18">RA_GL_005</a></td><td rowspan="1">1730467003783</td><td rowspan="1">40978</td></tr><tr class="failedodd"><td><a href="#m19">RA_GL_018</a></td><td rowspan="1">1730467179858</td><td rowspan="1">34230</td></tr><tr class="failedeven"><td rowspan="4">Vision_RA.Test.RA_ReconConfiguration</td><td><a href="#m20">RA_RC_011</a></td><td rowspan="1">1730467648620</td><td rowspan="1">33260</td></tr><tr class="failedeven"><td><a href="#m21">RA_RC_012</a></td><td rowspan="1">1730467689626</td><td rowspan="1">26127</td></tr><tr class="failedeven"><td><a href="#m22">RA_RC_014</a></td><td rowspan="1">1730467764796</td><td rowspan="1">27708</td></tr><tr class="failedeven"><td><a href="#m23">RA_RC_015</a></td><td rowspan="1">1730467800283</td><td rowspan="1">42069</td></tr><tr class="failedodd"><td rowspan="23">Vision_RA.Test.RA_TranslineConfig</td><td><a href="#m24">VAT_TAS_DC_002</a></td><td rowspan="1">1730468868474</td><td rowspan="1">12700</td></tr><tr class="failedodd"><td><a href="#m25">VAT_TAS_DC_003</a></td><td rowspan="1">1730468888360</td><td rowspan="1">16533</td></tr><tr class="failedodd"><td><a href="#m26">VAT_TAS_DC_005</a></td><td rowspan="1">1730468957272</td><td rowspan="1">14729</td></tr><tr class="failedodd"><td><a href="#m27">VAT_TAS_DC_006</a></td><td rowspan="1">1730468978689</td><td rowspan="1">16608</td></tr><tr class="failedodd"><td><a href="#m28">VAT_TAS_DC_007</a></td><td rowspan="1">1730469314338</td><td rowspan="1">14948</td></tr><tr class="failedodd"><td><a href="#m29">VAT_TAS_DC_008</a></td><td rowspan="1">1730469002167</td><td rowspan="1">17508</td></tr><tr class="failedodd"><td><a href="#m30">VAT_TAS_DC_009</a></td><td rowspan="1">1730469031347</td><td rowspan="1">15953</td></tr><tr class="failedodd"><td><a href="#m31">VAT_TAS_DC_010</a></td><td rowspan="1">1730469054525</td><td rowspan="1">24525</td></tr><tr class="failedodd"><td><a href="#m32">VAT_TAS_DC_011</a></td><td rowspan="1">1730469092764</td><td rowspan="1">16907</td></tr><tr class="failedodd"><td><a href="#m33">VAT_TAS_DC_012</a></td><td rowspan="1">1730469118133</td><td rowspan="1">15649</td></tr><tr class="failedodd"><td><a href="#m34">VAT_TAS_DC_013</a></td><td rowspan="1">1730469145059</td><td rowspan="1">22324</td></tr><tr class="failedodd"><td><a href="#m35">VAT_TAS_DC_015</a></td><td rowspan="1">1730469176887</td><td rowspan="1">24581</td></tr><tr class="failedodd"><td><a href="#m36">VAT_TAS_DC_016</a></td><td rowspan="1">1730469208809</td><td rowspan="1">15337</td></tr><tr class="failedodd"><td><a href="#m37">VAT_TAS_DC_017</a></td><td rowspan="1">1730469229376</td><td rowspan="1">14675</td></tr><tr class="failedodd"><td><a href="#m38">VAT_TAS_DC_019</a></td><td rowspan="1">1730469249955</td><td rowspan="1">16773</td></tr><tr class="failedodd"><td><a href="#m39">VAT_TAS_DC_021</a></td><td rowspan="1">1730469448126</td><td rowspan="1">25247</td></tr><tr class="failedodd"><td><a href="#m40">VAT_TAS_DC_023</a></td><td rowspan="1">1730469273197</td><td rowspan="1">14401</td></tr><tr class="failedodd"><td><a href="#m41">VAT_TAS_DC_024</a></td><td rowspan="1">1730469335815</td><td rowspan="1">19359</td></tr><tr class="failedodd"><td><a href="#m42">VAT_TAS_DC_025</a></td><td rowspan="1">1730469361479</td><td rowspan="1">13677</td></tr><tr class="failedodd"><td><a href="#m43">VAT_TAS_DC_026</a></td><td rowspan="1">1730469292504</td><td rowspan="1">12860</td></tr><tr class="failedodd"><td><a href="#m44">VAT_TAS_DC_028</a></td><td rowspan="1">1730469384613</td><td rowspan="1">16837</td></tr><tr class="failedodd"><td><a href="#m45">VAT_TAS_DC_029</a></td><td rowspan="1">1730469410206</td><td rowspan="1">13263</td></tr><tr class="failedodd"><td><a href="#m46">VAT_TAS_DC_031</a></td><td rowspan="1">1730469428856</td><td rowspan="1">14240</td></tr><tr class="failedeven"><td rowspan="8">Vision_RA.Test.RA_VarianceFlaggingNewScreen</td><td><a href="#m47">FG_CF_048</a></td><td rowspan="1">1730467509643</td><td rowspan="1">103534</td></tr><tr class="failedeven"><td><a href="#m48">FG_CF_053</a></td><td rowspan="1">1730467845145</td><td rowspan="1">66862</td></tr><tr class="failedeven"><td><a href="#m49">FG_CF_058</a></td><td rowspan="1">1730468028771</td><td rowspan="1">133296</td></tr><tr class="failedeven"><td><a href="#m50">FG_CF_059</a></td><td rowspan="1">1730468236069</td><td rowspan="1">92290</td></tr><tr class="failedeven"><td><a href="#m51">FG_CF_068</a></td><td rowspan="1">1730468471814</td><td rowspan="1">54116</td></tr><tr class="failedeven"><td><a href="#m52">FG_CF_069</a></td><td rowspan="1">1730468532717</td><td rowspan="1">56410</td></tr><tr class="failedeven"><td><a href="#m53">FG_CF_070</a></td><td rowspan="1">1730468595623</td><td rowspan="1">54441</td></tr><tr class="failedeven"><td><a href="#m54">FG_CF_071</a></td><td rowspan="1">1730468658734</td><td rowspan="1">58876</td></tr><tr><th colspan="4">Test &#8212; passed</th></tr><tr class="passedeven"><td rowspan="18">Vision_RA.Test.RA_BusinessLineConfig</td><td><a href="#m55">VAT_BUS_DC_001</a></td><td rowspan="1">1730467521951</td><td rowspan="1">49339</td></tr><tr class="passedeven"><td><a href="#m56">VAT_BUS_DC_002</a></td><td rowspan="1">1730467582931</td><td rowspan="1">45648</td></tr><tr class="passedeven"><td><a href="#m57">VAT_BUS_DC_003</a></td><td rowspan="1">1730467639498</td><td rowspan="1">70101</td></tr><tr class="passedeven"><td><a href="#m58">VAT_BUS_DC_004</a></td><td rowspan="1">1730467721967</td><td rowspan="1">79963</td></tr><tr class="passedeven"><td><a href="#m59">VAT_BUS_DC_005</a></td><td rowspan="1">1730467811537</td><td rowspan="1">93365</td></tr><tr class="passedeven"><td><a href="#m60">VAT_BUS_DC_006</a></td><td rowspan="1">1730467910368</td><td rowspan="1">140151</td></tr><tr class="passedeven"><td><a href="#m61">VAT_BUS_DC_007</a></td><td rowspan="1">1730469110649</td><td rowspan="1">52407</td></tr><tr class="passedeven"><td><a href="#m62">VAT_BUS_DC_008</a></td><td rowspan="1">1730468228172</td><td rowspan="1">197002</td></tr><tr class="passedeven"><td><a href="#m63">VAT_BUS_DC_009</a></td><td rowspan="1">1730468060841</td><td rowspan="1">159602</td></tr><tr class="passedeven"><td><a href="#m64">VAT_BUS_DC_010</a></td><td rowspan="1">1730468435269</td><td rowspan="1">45761</td></tr><tr class="passedeven"><td><a href="#m65">VAT_BUS_DC_013</a></td><td rowspan="1">1730468489095</td><td rowspan="1">46820</td></tr><tr class="passedeven"><td><a href="#m66">VAT_BUS_DC_014</a></td><td rowspan="1">1730468543548</td><td rowspan="1">55461</td></tr><tr class="passedeven"><td><a href="#m67">VAT_BUS_DC_015</a></td><td rowspan="1">1730468698684</td><td rowspan="1">34438</td></tr><tr class="passedeven"><td><a href="#m68">VAT_BUS_DC_016</a></td><td rowspan="1">1730468740727</td><td rowspan="1">57145</td></tr><tr class="passedeven"><td><a href="#m69">VAT_BUS_DC_017</a></td><td rowspan="1">1730468803275</td><td rowspan="1">103959</td></tr><tr class="passedeven"><td><a href="#m70">VAT_BUS_DC_019</a></td><td rowspan="1">1730469045354</td><td rowspan="1">56429</td></tr><tr class="passedeven"><td><a href="#m71">VAT_BUS_DC_020</a></td><td rowspan="1">1730468924205</td><td rowspan="1">64232</td></tr><tr class="passedeven"><td><a href="#m72">VAT_BUS_DC_021</a></td><td rowspan="1">1730468996291</td><td rowspan="1">40948</td></tr><tr class="passedodd"><td rowspan="26">Vision_RA.Test.RA_FeesConfig</td><td><a href="#m73">VAT_FEE_DC_001</a></td><td rowspan="1">1730467852193</td><td rowspan="1">73578</td></tr><tr class="passedodd"><td><a href="#m74">VAT_FEE_DC_002</a></td><td rowspan="1">1730467933457</td><td rowspan="1">81107</td></tr><tr class="passedodd"><td><a href="#m75">VAT_FEE_DC_002_01</a></td><td rowspan="1">1730468021934</td><td rowspan="1">85875</td></tr><tr class="passedodd"><td><a href="#m76">VAT_FEE_DC_003</a></td><td rowspan="1">1730468117912</td><td rowspan="1">83070</td></tr><tr class="passedodd"><td><a href="#m77">VAT_FEE_DC_004</a></td><td rowspan="1">1730468205291</td><td rowspan="1">205681</td></tr><tr class="passedodd"><td><a href="#m78">VAT_FEE_DC_005</a></td><td rowspan="1">1730468418933</td><td rowspan="1">213143</td></tr><tr class="passedodd"><td><a href="#m79">VAT_FEE_DC_006</a></td><td rowspan="1">1730468640193</td><td rowspan="1">245265</td></tr><tr class="passedodd"><td><a href="#m80">VAT_FEE_DC_007</a></td><td rowspan="1">1730468896642</td><td rowspan="1">268617</td></tr><tr class="passedodd"><td><a href="#m81">VAT_FEE_DC_008</a></td><td rowspan="1">1730469985873</td><td rowspan="1">69725</td></tr><tr class="passedodd"><td><a href="#m82">VAT_FEE_DC_012</a></td><td rowspan="1">1730470060216</td><td rowspan="1">59005</td></tr><tr class="passedodd"><td><a href="#m83">VAT_FEE_DC_013</a></td><td rowspan="1">1730469172308</td><td rowspan="1">119648</td></tr><tr class="passedodd"><td><a href="#m84">VAT_FEE_DC_014</a></td><td rowspan="1">1730470124087</td><td rowspan="1">77727</td></tr><tr class="passedodd"><td><a href="#m85">VAT_FEE_DC_017</a></td><td rowspan="1">1730470206177</td><td rowspan="1">56226</td></tr><tr class="passedodd"><td><a href="#m86">VAT_FEE_DC_019</a></td><td rowspan="1">1730470523298</td><td rowspan="1">67481</td></tr><tr class="passedodd"><td><a href="#m87">VAT_FEE_DC_022</a></td><td rowspan="1">1730469298591</td><td rowspan="1">62597</td></tr><tr class="passedodd"><td><a href="#m88">VAT_FEE_DC_026</a></td><td rowspan="1">1730470326263</td><td rowspan="1">63644</td></tr><tr class="passedodd"><td><a href="#m89">VAT_FEE_DC_027</a></td><td rowspan="1">1730470394914</td><td rowspan="1">55258</td></tr><tr class="passedodd"><td><a href="#m90">VAT_FEE_DC_028</a></td><td rowspan="1">1730469367237</td><td rowspan="1">82112</td></tr><tr class="passedodd"><td><a href="#m91">VAT_FEE_DC_029</a></td><td rowspan="1">1730469454665</td><td rowspan="1">92314</td></tr><tr class="passedodd"><td><a href="#m92">VAT_FEE_DC_030</a></td><td rowspan="1">1730470268445</td><td rowspan="1">53293</td></tr><tr class="passedodd"><td><a href="#m93">VAT_FEE_DC_032</a></td><td rowspan="1">1730469552658</td><td rowspan="1">55988</td></tr><tr class="passedodd"><td><a href="#m94">VAT_FEE_DC_034</a></td><td rowspan="1">1730469613439</td><td rowspan="1">79360</td></tr><tr class="passedodd"><td><a href="#m95">VAT_FEE_DC_037</a></td><td rowspan="1">1730469774417</td><td rowspan="1">112166</td></tr><tr class="passedodd"><td><a href="#m96">VAT_FEE_DC_039</a></td><td rowspan="1">1730469891356</td><td rowspan="1">90374</td></tr><tr class="passedodd"><td><a href="#m97">VAT_FEE_DC_042</a></td><td rowspan="1">1730470596653</td><td rowspan="1">67290</td></tr><tr class="passedodd"><td><a href="#m98">VAT_FEE_DC_045</a></td><td rowspan="1">1730469698301</td><td rowspan="1">70103</td></tr><tr class="passedeven"><td rowspan="4">Vision_RA.Test.RA_General</td><td><a href="#m99">RA_GL_006</a></td><td rowspan="1">1730466921876</td><td rowspan="1">45838</td></tr><tr class="passedeven"><td><a href="#m100">RA_GL_009</a></td><td rowspan="1">1730466975748</td><td rowspan="1">15326</td></tr><tr class="passedeven"><td><a href="#m101">RA_GL_014</a></td><td rowspan="1">1730467054770</td><td rowspan="1">19913</td></tr><tr class="passedeven"><td><a href="#m102">RA_GL_015</a></td><td rowspan="1">1730467091202</td><td rowspan="1">80775</td></tr><tr class="passedodd"><td rowspan="9">Vision_RA.Test.RA_ReconConfiguration</td><td><a href="#m103">RA_RC_001</a></td><td rowspan="1">1730467231522</td><td rowspan="1">24084</td></tr><tr class="passedodd"><td><a href="#m104">RA_RC_002</a></td><td rowspan="1">1730467268147</td><td rowspan="1">36490</td></tr><tr class="passedodd"><td><a href="#m105">RA_RC_003</a></td><td rowspan="1">1730467314090</td><td rowspan="1">49809</td></tr><tr class="passedodd"><td><a href="#m106">RA_RC_006</a></td><td rowspan="1">1730467379926</td><td rowspan="1">33509</td></tr><tr class="passedodd"><td><a href="#m107">RA_RC_007</a></td><td rowspan="1">1730467423725</td><td rowspan="1">39981</td></tr><tr class="passedodd"><td><a href="#m108">RA_RC_008</a></td><td rowspan="1">1730467476095</td><td rowspan="1">41105</td></tr><tr class="passedodd"><td><a href="#m109">RA_RC_009</a></td><td rowspan="1">1730467528808</td><td rowspan="1">40740</td></tr><tr class="passedodd"><td><a href="#m110">RA_RC_010</a></td><td rowspan="1">1730467578582</td><td rowspan="1">54679</td></tr><tr class="passedodd"><td><a href="#m111">RA_RC_013</a></td><td rowspan="1">1730467722336</td><td rowspan="1">36094</td></tr><tr class="passedeven"><td rowspan="2">Vision_RA.Test.RA_TranslineConfig</td><td><a href="#m112">VAT_TAS_DC_001</a></td><td rowspan="1">1730468849000</td><td rowspan="1">14033</td></tr><tr class="passedeven"><td><a href="#m113">VAT_TAS_DC_004</a></td><td rowspan="1">1730468920202</td><td rowspan="1">25683</td></tr><tr class="passedodd"><td rowspan="19">Vision_RA.Test.RA_VarianceFlaggingNewScreen</td><td><a href="#m114">FG_CF_036</a></td><td rowspan="1">1730466921667</td><td rowspan="1">39051</td></tr><tr class="passedodd"><td><a href="#m115">FG_CF_037</a></td><td rowspan="1">1730466970160</td><td rowspan="1">40408</td></tr><tr class="passedodd"><td><a href="#m116">FG_CF_038</a></td><td rowspan="1">1730467021675</td><td rowspan="1">42139</td></tr><tr class="passedodd"><td><a href="#m117">FG_CF_039</a></td><td rowspan="1">1730467074714</td><td rowspan="1">43823</td></tr><tr class="passedodd"><td><a href="#m118">FG_CF_041</a></td><td rowspan="1">1730467142092</td><td rowspan="1">48689</td></tr><tr class="passedodd"><td><a href="#m119">FG_CF_042</a></td><td rowspan="1">1730467203156</td><td rowspan="1">12552</td></tr><tr class="passedodd"><td><a href="#m120">FG_CF_043</a></td><td rowspan="1">1730467229550</td><td rowspan="1">66722</td></tr><tr class="passedodd"><td><a href="#m121">FG_CF_044</a></td><td rowspan="1">1730467310599</td><td rowspan="1">75182</td></tr><tr class="passedodd"><td><a href="#m122">FG_CF_046</a></td><td rowspan="1">1730467404126</td><td rowspan="1">90674</td></tr><tr class="passedodd"><td><a href="#m123">FG_CF_050</a></td><td rowspan="1">1730467621278</td><td rowspan="1">37438</td></tr><tr class="passedodd"><td><a href="#m124">FG_CF_051</a></td><td rowspan="1">1730467677885</td><td rowspan="1">63725</td></tr><tr class="passedodd"><td><a href="#m125">FG_CF_052</a></td><td rowspan="1">1730467754707</td><td rowspan="1">78801</td></tr><tr class="passedodd"><td><a href="#m126">FG_CF_055</a></td><td rowspan="1">1730467919583</td><td rowspan="1">42105</td></tr><tr class="passedodd"><td><a href="#m127">FG_CF_057</a></td><td rowspan="1">1730467969630</td><td rowspan="1">48307</td></tr><tr class="passedodd"><td><a href="#m128">FG_CF_063</a></td><td rowspan="1">1730468333713</td><td rowspan="1">61395</td></tr><tr class="passedodd"><td><a href="#m129">FG_CF_064</a></td><td rowspan="1">1730468399692</td><td rowspan="1">65212</td></tr><tr class="passedodd"><td><a href="#m130">FG_CF_065</a></td><td rowspan="1">1730468171743</td><td rowspan="1">56176</td></tr><tr class="passedodd"><td><a href="#m131">FG_CF_074</a></td><td rowspan="1">1730468726723</td><td rowspan="1">58263</td></tr><tr class="passedodd"><td><a href="#m132">FG_CF_075</a></td><td rowspan="1">1730468790304</td><td rowspan="1">53687</td></tr></tbody>
</table>
<h2>Test</h2><h3 id="m0">Vision_RA.Test.RA_AlphaNumTab#ALP_NUM_015</h3><table class="result"><tr class="param"><th>Parameter #1</th><th>Parameter #2</th></tr><tr class="param stripe"><td>RA</td><td>Vision@123</td></tr><tr><th colspan="2">Exception</th></tr><tr><td colspan="2"><div class="stacktrace">java.lang.NullPointerException: Cannot invoke &quot;Package_PageObject.POM_General.ADD()&quot; because &quot;this.General&quot; is null
	at Vision_RA.Test.RA_AlphaNumTab.ALP_NUM_015(RA_AlphaNumTab.java:524)
	at java.base/java.util.concurrent.ThreadPoolExecutor.runWorker(ThreadPoolExecutor.java:1144)
	at java.base/java.util.concurrent.ThreadPoolExecutor$Worker.run(ThreadPoolExecutor.java:642)
	at java.base/java.lang.Thread.run(Thread.java:1583)
... Removed 10 stack frames</div></td></tr></table><p class="totop"><a href="#summary">back to summary</a></p>
<h3 id="m1">Vision_RA.Test.RA_AlphaNumTab#ALP_NUM_016</h3><table class="result"><tr class="param"><th>Parameter #1</th><th>Parameter #2</th></tr><tr class="param stripe"><td>RA</td><td>Vision@123</td></tr><tr><th colspan="2">Exception</th></tr><tr><td colspan="2"><div class="stacktrace">java.lang.NullPointerException: Cannot invoke &quot;Package_PageObject.POM_General.ADD()&quot; because &quot;this.General&quot; is null
	at Vision_RA.Test.RA_AlphaNumTab.ALP_NUM_016(RA_AlphaNumTab.java:583)
	at java.base/java.util.concurrent.ThreadPoolExecutor.runWorker(ThreadPoolExecutor.java:1144)
	at java.base/java.util.concurrent.ThreadPoolExecutor$Worker.run(ThreadPoolExecutor.java:642)
	at java.base/java.lang.Thread.run(Thread.java:1583)
... Removed 10 stack frames</div></td></tr></table><p class="totop"><a href="#summary">back to summary</a></p>
<h3 id="m2">Vision_RA.Test.RA_AlphaNumTab#ALP_NUM_020</h3><table class="result"><tr class="param"><th>Parameter #1</th><th>Parameter #2</th></tr><tr class="param stripe"><td>RA</td><td>Vision@123</td></tr><tr><th colspan="2">Exception</th></tr><tr><td colspan="2"><div class="stacktrace">java.lang.NullPointerException: Cannot invoke &quot;Package_PageObject.POM_General.ADD()&quot; because &quot;this.General&quot; is null
	at Vision_RA.Test.RA_AlphaNumTab.ALP_NUM_020(RA_AlphaNumTab.java:639)
	at java.base/java.util.concurrent.ThreadPoolExecutor.runWorker(ThreadPoolExecutor.java:1144)
	at java.base/java.util.concurrent.ThreadPoolExecutor$Worker.run(ThreadPoolExecutor.java:642)
	at java.base/java.lang.Thread.run(Thread.java:1583)
... Removed 10 stack frames</div></td></tr></table><p class="totop"><a href="#summary">back to summary</a></p>
<h3 id="m3">Vision_RA.Test.RA_AlphaNumTab#ALP_NUM_023</h3><table class="result"><tr class="param"><th>Parameter #1</th><th>Parameter #2</th></tr><tr class="param stripe"><td>RA</td><td>Vision@123</td></tr><tr><th colspan="2">Exception</th></tr><tr><td colspan="2"><div class="stacktrace">java.lang.NullPointerException: Cannot invoke &quot;Package_PageObject.POM_General.FILTER()&quot; because &quot;this.General&quot; is null
	at Vision_RA.Test.RA_AlphaNumTab.ALP_NUM_023(RA_AlphaNumTab.java:699)
	at java.base/java.util.concurrent.ThreadPoolExecutor.runWorker(ThreadPoolExecutor.java:1144)
	at java.base/java.util.concurrent.ThreadPoolExecutor$Worker.run(ThreadPoolExecutor.java:642)
	at java.base/java.lang.Thread.run(Thread.java:1583)
... Removed 10 stack frames</div></td></tr></table><p class="totop"><a href="#summary">back to summary</a></p>
<h3 id="m4">Vision_RA.Test.RA_AlphaNumTab#ALP_NUM_024</h3><table class="result"><tr class="param"><th>Parameter #1</th><th>Parameter #2</th></tr><tr class="param stripe"><td>RA</td><td>Vision@123</td></tr><tr><th colspan="2">Exception</th></tr><tr><td colspan="2"><div class="stacktrace">java.lang.NullPointerException: Cannot invoke &quot;Package_PageObject.POM_General.ADD()&quot; because &quot;this.General&quot; is null
	at Vision_RA.Test.RA_AlphaNumTab.ALP_NUM_024(RA_AlphaNumTab.java:771)
	at java.base/java.util.concurrent.ThreadPoolExecutor.runWorker(ThreadPoolExecutor.java:1144)
	at java.base/java.util.concurrent.ThreadPoolExecutor$Worker.run(ThreadPoolExecutor.java:642)
	at java.base/java.lang.Thread.run(Thread.java:1583)
... Removed 10 stack frames</div></td></tr></table><p class="totop"><a href="#summary">back to summary</a></p>
<h3 id="m5">Vision_RA.Test.RA_AlphaNumTab#ALP_NUM_025</h3><table class="result"><tr class="param"><th>Parameter #1</th><th>Parameter #2</th></tr><tr class="param stripe"><td>RA</td><td>Vision@123</td></tr><tr><th colspan="2">Exception</th></tr><tr><td colspan="2"><div class="stacktrace">java.lang.NullPointerException: Cannot invoke &quot;Package_PageObject.POM_General.ADD()&quot; because &quot;this.General&quot; is null
	at Vision_RA.Test.RA_AlphaNumTab.ALP_NUM_025(RA_AlphaNumTab.java:851)
	at java.base/java.util.concurrent.ThreadPoolExecutor.runWorker(ThreadPoolExecutor.java:1144)
	at java.base/java.util.concurrent.ThreadPoolExecutor$Worker.run(ThreadPoolExecutor.java:642)
	at java.base/java.lang.Thread.run(Thread.java:1583)
... Removed 10 stack frames</div></td></tr></table><p class="totop"><a href="#summary">back to summary</a></p>
<h3 id="m6">Vision_RA.Test.RA_AlphaNumTab#ALP_NUM_026</h3><table class="result"><tr class="param"><th>Parameter #1</th><th>Parameter #2</th></tr><tr class="param stripe"><td>RA</td><td>Vision@123</td></tr><tr><th colspan="2">Exception</th></tr><tr><td colspan="2"><div class="stacktrace">java.lang.NullPointerException: Cannot invoke &quot;Package_PageObject.POM_General.FILTER()&quot; because &quot;this.General&quot; is null
	at Vision_RA.Test.RA_AlphaNumTab.ALP_NUM_026(RA_AlphaNumTab.java:932)
	at java.base/java.util.concurrent.ThreadPoolExecutor.runWorker(ThreadPoolExecutor.java:1144)
	at java.base/java.util.concurrent.ThreadPoolExecutor$Worker.run(ThreadPoolExecutor.java:642)
	at java.base/java.lang.Thread.run(Thread.java:1583)
... Removed 10 stack frames</div></td></tr></table><p class="totop"><a href="#summary">back to summary</a></p>
<h3 id="m7">Vision_RA.Test.RA_AlphaNumTab#ALP_NUM_027</h3><table class="result"><tr class="param"><th>Parameter #1</th><th>Parameter #2</th></tr><tr class="param stripe"><td>RA</td><td>Vision@123</td></tr><tr><th colspan="2">Exception</th></tr><tr><td colspan="2"><div class="stacktrace">java.lang.NullPointerException: Cannot invoke &quot;Package_PageObject.POM_General.ADD()&quot; because &quot;this.General&quot; is null
	at Vision_RA.Test.RA_AlphaNumTab.ALP_NUM_027(RA_AlphaNumTab.java:1062)
	at java.base/java.util.concurrent.ThreadPoolExecutor.runWorker(ThreadPoolExecutor.java:1144)
	at java.base/java.util.concurrent.ThreadPoolExecutor$Worker.run(ThreadPoolExecutor.java:642)
	at java.base/java.lang.Thread.run(Thread.java:1583)
... Removed 10 stack frames</div></td></tr></table><p class="totop"><a href="#summary">back to summary</a></p>
<h3 id="m8">Vision_RA.Test.RA_AlphaNumTab#ALP_TAB_002</h3><table class="result"><tr class="param"><th>Parameter #1</th><th>Parameter #2</th></tr><tr class="param stripe"><td>RA</td><td>Vision@123</td></tr><tr><th colspan="2">Exception</th></tr><tr><td colspan="2"><div class="stacktrace">java.lang.NullPointerException: Cannot invoke &quot;Package_PageObject.POM_General.FILTER()&quot; because &quot;this.General&quot; is null
	at Vision_RA.Test.RA_AlphaNumTab.ALP_TAB_002(RA_AlphaNumTab.java:78)
	at java.base/java.util.concurrent.ThreadPoolExecutor.runWorker(ThreadPoolExecutor.java:1144)
	at java.base/java.util.concurrent.ThreadPoolExecutor$Worker.run(ThreadPoolExecutor.java:642)
	at java.base/java.lang.Thread.run(Thread.java:1583)
... Removed 10 stack frames</div></td></tr></table><p class="totop"><a href="#summary">back to summary</a></p>
<h3 id="m9">Vision_RA.Test.RA_AlphaNumTab#ALP_TAB_004_ALP_TAB_003</h3><table class="result"><tr class="param"><th>Parameter #1</th><th>Parameter #2</th></tr><tr class="param stripe"><td>RA</td><td>Vision@123</td></tr><tr><th colspan="2">Exception</th></tr><tr><td colspan="2"><div class="stacktrace">java.lang.NullPointerException: Cannot invoke &quot;Package_PageObject.POM_General.FILTER()&quot; because &quot;this.General&quot; is null
	at Vision_RA.Test.RA_AlphaNumTab.ALP_TAB_004_ALP_TAB_003(RA_AlphaNumTab.java:139)
	at java.base/java.util.concurrent.ThreadPoolExecutor.runWorker(ThreadPoolExecutor.java:1144)
	at java.base/java.util.concurrent.ThreadPoolExecutor$Worker.run(ThreadPoolExecutor.java:642)
	at java.base/java.lang.Thread.run(Thread.java:1583)
... Removed 10 stack frames</div></td></tr></table><p class="totop"><a href="#summary">back to summary</a></p>
<h3 id="m10">Vision_RA.Test.RA_AlphaNumTab#ALP_TAB_006</h3><table class="result"><tr class="param"><th>Parameter #1</th><th>Parameter #2</th></tr><tr class="param stripe"><td>RA</td><td>Vision@123</td></tr><tr><th colspan="2">Exception</th></tr><tr><td colspan="2"><div class="stacktrace">java.lang.NullPointerException: Cannot invoke &quot;Package_PageObject.POM_General.ADD()&quot; because &quot;this.General&quot; is null
	at Vision_RA.Test.RA_AlphaNumTab.ALP_TAB_006(RA_AlphaNumTab.java:224)
	at java.base/java.util.concurrent.ThreadPoolExecutor.runWorker(ThreadPoolExecutor.java:1144)
	at java.base/java.util.concurrent.ThreadPoolExecutor$Worker.run(ThreadPoolExecutor.java:642)
	at java.base/java.lang.Thread.run(Thread.java:1583)
... Removed 10 stack frames</div></td></tr></table><p class="totop"><a href="#summary">back to summary</a></p>
<h3 id="m11">Vision_RA.Test.RA_AlphaNumTab#ALP_TAB_007</h3><table class="result"><tr class="param"><th>Parameter #1</th><th>Parameter #2</th></tr><tr class="param stripe"><td>RA</td><td>Vision@123</td></tr><tr><th colspan="2">Exception</th></tr><tr><td colspan="2"><div class="stacktrace">java.lang.NullPointerException: Cannot invoke &quot;Package_PageObject.POM_General.ADD()&quot; because &quot;this.General&quot; is null
	at Vision_RA.Test.RA_AlphaNumTab.ALP_TAB_007(RA_AlphaNumTab.java:275)
	at java.base/java.util.concurrent.ThreadPoolExecutor.runWorker(ThreadPoolExecutor.java:1144)
	at java.base/java.util.concurrent.ThreadPoolExecutor$Worker.run(ThreadPoolExecutor.java:642)
	at java.base/java.lang.Thread.run(Thread.java:1583)
... Removed 10 stack frames</div></td></tr></table><p class="totop"><a href="#summary">back to summary</a></p>
<h3 id="m12">Vision_RA.Test.RA_AlphaNumTab#ALP_TAB_008</h3><table class="result"><tr class="param"><th>Parameter #1</th><th>Parameter #2</th></tr><tr class="param stripe"><td>RA</td><td>Vision@123</td></tr><tr><th colspan="2">Exception</th></tr><tr><td colspan="2"><div class="stacktrace">java.lang.NullPointerException: Cannot invoke &quot;Package_PageObject.POM_General.FILTER()&quot; because &quot;this.General&quot; is null
	at Vision_RA.Test.RA_AlphaNumTab.ALP_TAB_008(RA_AlphaNumTab.java:321)
	at java.base/java.util.concurrent.ThreadPoolExecutor.runWorker(ThreadPoolExecutor.java:1144)
	at java.base/java.util.concurrent.ThreadPoolExecutor$Worker.run(ThreadPoolExecutor.java:642)
	at java.base/java.lang.Thread.run(Thread.java:1583)
... Removed 10 stack frames</div></td></tr></table><p class="totop"><a href="#summary">back to summary</a></p>
<h3 id="m13">Vision_RA.Test.RA_AlphaNumTab#ALP_TAB_009</h3><table class="result"><tr class="param"><th>Parameter #1</th><th>Parameter #2</th></tr><tr class="param stripe"><td>RA</td><td>Vision@123</td></tr><tr><th colspan="2">Exception</th></tr><tr><td colspan="2"><div class="stacktrace">java.lang.NullPointerException: Cannot invoke &quot;Package_PageObject.POM_General.ADD()&quot; because &quot;this.General&quot; is null
	at Vision_RA.Test.RA_AlphaNumTab.ALP_TAB_009(RA_AlphaNumTab.java:360)
	at java.base/java.util.concurrent.ThreadPoolExecutor.runWorker(ThreadPoolExecutor.java:1144)
	at java.base/java.util.concurrent.ThreadPoolExecutor$Worker.run(ThreadPoolExecutor.java:642)
	at java.base/java.lang.Thread.run(Thread.java:1583)
... Removed 10 stack frames</div></td></tr></table><p class="totop"><a href="#summary">back to summary</a></p>
<h3 id="m14">Vision_RA.Test.RA_AlphaNumTab#ALP_TAB_010</h3><table class="result"><tr class="param"><th>Parameter #1</th><th>Parameter #2</th></tr><tr class="param stripe"><td>RA</td><td>Vision@123</td></tr><tr><th colspan="2">Exception</th></tr><tr><td colspan="2"><div class="stacktrace">java.lang.NullPointerException: Cannot invoke &quot;Package_PageObject.POM_General.ADD()&quot; because &quot;this.General&quot; is null
	at Vision_RA.Test.RA_AlphaNumTab.ALP_TAB_010(RA_AlphaNumTab.java:414)
	at java.base/java.util.concurrent.ThreadPoolExecutor.runWorker(ThreadPoolExecutor.java:1144)
	at java.base/java.util.concurrent.ThreadPoolExecutor$Worker.run(ThreadPoolExecutor.java:642)
	at java.base/java.lang.Thread.run(Thread.java:1583)
... Removed 10 stack frames</div></td></tr></table><p class="totop"><a href="#summary">back to summary</a></p>
<h3 id="m15">Vision_RA.Test.RA_AlphaNumTab#ALP_TAB_014</h3><table class="result"><tr class="param"><th>Parameter #1</th><th>Parameter #2</th></tr><tr class="param stripe"><td>RA</td><td>Vision@123</td></tr><tr><th colspan="2">Exception</th></tr><tr><td colspan="2"><div class="stacktrace">java.lang.NullPointerException: Cannot invoke &quot;Package_PageObject.POM_General.ADD()&quot; because &quot;this.General&quot; is null
	at Vision_RA.Test.RA_AlphaNumTab.ALP_TAB_014(RA_AlphaNumTab.java:465)
	at java.base/java.util.concurrent.ThreadPoolExecutor.runWorker(ThreadPoolExecutor.java:1144)
	at java.base/java.util.concurrent.ThreadPoolExecutor$Worker.run(ThreadPoolExecutor.java:642)
	at java.base/java.lang.Thread.run(Thread.java:1583)
... Removed 10 stack frames</div></td></tr></table><p class="totop"><a href="#summary">back to summary</a></p>
<h3 id="m16">Vision_RA.Test.RA_BusinessLineConfig#VAT_BUS_DC_012</h3><table class="result"><tr class="param"><th>Parameter #1</th><th>Parameter #2</th></tr><tr class="param stripe"><td>RA</td><td>Vision@123</td></tr><tr><th colspan="2">Exception</th></tr><tr><td colspan="2"><div class="stacktrace">org.openqa.selenium.NoSuchElementException: no such element: Unable to locate element: {&quot;method&quot;:&quot;xpath&quot;,&quot;selector&quot;:&quot;//li[@class=&apos;nav-item firstLevelMenuIcon firstLevel&apos;]//a[@class = &apos;nav-link aaa firstLevelMenuIcon menu-main&apos;]//p[@class = &apos;firstLevelMenuIcon&apos;]&quot;}
  (Session info: chrome=129.0.6668.101)
For documentation on this error, please visit: https://www.selenium.dev/documentation/webdriver/troubleshooting/errors#no-such-element-exception
Build info: version: &apos;4.14.1&apos;, revision: &apos;03f8ede370&apos;
System info: os.name: &apos;Windows 10&apos;, os.arch: &apos;amd64&apos;, os.version: &apos;10.0&apos;, java.version: &apos;21.0.2&apos;
Driver info: org.openqa.selenium.chrome.ChromeDriver
Command: [0be0ba5948f36bbc9f307f18a3959872, findElement {using=xpath, value=//li[@class=&apos;nav-item firstLevelMenuIcon firstLevel&apos;]//a[@class = &apos;nav-link aaa firstLevelMenuIcon menu-main&apos;]//p[@class = &apos;firstLevelMenuIcon&apos;]}]
Capabilities {acceptInsecureCerts: false, browserName: chrome, browserVersion: 129.0.6668.101, chrome: {chromedriverVersion: 129.0.6668.100 (cf58cba358d..., userDataDir: C:\Users\Welcome\AppData\Lo...}, fedcm:accounts: true, goog:chromeOptions: {debuggerAddress: localhost:52708}, networkConnectionEnabled: false, pageLoadStrategy: normal, platformName: windows, proxy: Proxy(), se:cdp: ws://localhost:52708/devtoo..., se:cdpVersion: 129.0.6668.101, setWindowRect: true, strictFileInteractability: false, timeouts: {implicit: 0, pageLoad: 300000, script: 30000}, unhandledPromptBehavior: dismiss and notify, webauthn:extension:credBlob: true, webauthn:extension:largeBlob: true, webauthn:extension:minPinLength: true, webauthn:extension:prf: true, webauthn:virtualAuthenticators: true}
Session ID: 0be0ba5948f36bbc9f307f18a3959872
	at org.openqa.selenium.remote.codec.w3c.W3CHttpResponseCodec.createException(W3CHttpResponseCodec.java:200)
	at org.openqa.selenium.remote.codec.w3c.W3CHttpResponseCodec.decode(W3CHttpResponseCodec.java:133)
	at org.openqa.selenium.remote.codec.w3c.W3CHttpResponseCodec.decode(W3CHttpResponseCodec.java:52)
	at org.openqa.selenium.remote.HttpCommandExecutor.execute(HttpCommandExecutor.java:191)
	at org.openqa.selenium.remote.service.DriverCommandExecutor.invokeExecute(DriverCommandExecutor.java:200)
	at org.openqa.selenium.remote.service.DriverCommandExecutor.execute(DriverCommandExecutor.java:175)
	at org.openqa.selenium.remote.RemoteWebDriver.execute(RemoteWebDriver.java:602)
	at org.openqa.selenium.remote.ElementLocation$ElementFinder$2.findElement(ElementLocation.java:165)
	at org.openqa.selenium.remote.ElementLocation.findElement(ElementLocation.java:59)
	at org.openqa.selenium.remote.RemoteWebDriver.findElement(RemoteWebDriver.java:359)
	at org.openqa.selenium.remote.RemoteWebDriver.findElement(RemoteWebDriver.java:353)
	at org.openqa.selenium.support.pagefactory.DefaultElementLocator.findElement(DefaultElementLocator.java:68)
	at org.openqa.selenium.support.pagefactory.internal.LocatingElementHandler.invoke(LocatingElementHandler.java:38)
	at jdk.proxy2/jdk.proxy2.$Proxy16.getWrappedElement(Unknown Source)
	at org.openqa.selenium.remote.internal.WebElementToJsonConverter.apply(WebElementToJsonConverter.java:51)
	at java.base/java.util.stream.ReferencePipeline$3$1.accept(ReferencePipeline.java:197)
	at java.base/java.util.Spliterators$ArraySpliterator.forEachRemaining(Spliterators.java:1024)
	at java.base/java.util.stream.AbstractPipeline.copyInto(AbstractPipeline.java:509)
	at java.base/java.util.stream.AbstractPipeline.wrapAndCopyInto(AbstractPipeline.java:499)
	at java.base/java.util.stream.ReduceOps$ReduceOp.evaluateSequential(ReduceOps.java:921)
	at java.base/java.util.stream.AbstractPipeline.evaluate(AbstractPipeline.java:234)
	at java.base/java.util.stream.ReferencePipeline.collect(ReferencePipeline.java:682)
	at org.openqa.selenium.remote.RemoteWebDriver.executeScript(RemoteWebDriver.java:465)
	at Package_PageObject.POM_RA.Transline(POM_RA.java:127)
	at Vision_RA.Test.RA_BusinessLineConfig.VAT_BUS_DC_012(RA_BusinessLineConfig.java:1078)
	at java.base/java.util.concurrent.ThreadPoolExecutor.runWorker(ThreadPoolExecutor.java:1144)
	at java.base/java.util.concurrent.ThreadPoolExecutor$Worker.run(ThreadPoolExecutor.java:642)
	at java.base/java.lang.Thread.run(Thread.java:1583)
... Removed 13 stack frames</div></td></tr></table><p class="totop"><a href="#summary">back to summary</a></p>
<h3 id="m17">Vision_RA.Test.RA_FeesConfig#VAT_FEE_DC_040</h3><table class="result"><tr class="param"><th>Parameter #1</th><th>Parameter #2</th></tr><tr class="param stripe"><td>RA</td><td>Vision@123</td></tr><tr><th colspan="2">Exception</th></tr><tr><td colspan="2"><div class="stacktrace">org.openqa.selenium.ElementClickInterceptedException: element click intercepted: Element &lt;button _ngcontent-ilk-c208=&quot;&quot; type=&quot;submit&quot; class=&quot;btn btn-rose btn-sm saveTransaction&quot;&gt;...&lt;/button&gt; is not clickable at point (723, 549). Other element would receive the click: &lt;div _ngcontent-ilk-c208=&quot;&quot; class=&quot;modal-footer text-center ng-star-inserted&quot;&gt;...&lt;/div&gt;
  (Session info: chrome=129.0.6668.101)
Build info: version: &apos;4.14.1&apos;, revision: &apos;03f8ede370&apos;
System info: os.name: &apos;Windows 10&apos;, os.arch: &apos;amd64&apos;, os.version: &apos;10.0&apos;, java.version: &apos;21.0.2&apos;
Driver info: org.openqa.selenium.chrome.ChromeDriver
Command: [b950e3471e38a086a4de126c0e563ed6, clickElement {id=f.2E3602C48882B1420E67AD1A1145CC8D.d.8535BF0B765196DE1FC61F98DE54ED63.e.299}]
Capabilities {acceptInsecureCerts: false, browserName: chrome, browserVersion: 129.0.6668.101, chrome: {chromedriverVersion: 129.0.6668.100 (cf58cba358d..., userDataDir: C:\Users\Welcome\AppData\Lo...}, fedcm:accounts: true, goog:chromeOptions: {debuggerAddress: localhost:56999}, networkConnectionEnabled: false, pageLoadStrategy: normal, platformName: windows, proxy: Proxy(), se:cdp: ws://localhost:56999/devtoo..., se:cdpVersion: 129.0.6668.101, setWindowRect: true, strictFileInteractability: false, timeouts: {implicit: 0, pageLoad: 300000, script: 30000}, unhandledPromptBehavior: dismiss and notify, webauthn:extension:credBlob: true, webauthn:extension:largeBlob: true, webauthn:extension:minPinLength: true, webauthn:extension:prf: true, webauthn:virtualAuthenticators: true}
Element: [[ChromeDriver: chrome on windows (b950e3471e38a086a4de126c0e563ed6)] -&gt; xpath: //body/app-root[1]/app-main-container[1]/div[1]/div[2]/div[1]/app-transaction-line-module[1]/div[1]/div[1]/div[1]/div[1]/div[1]/app-fees-line-transaction[1]/div[1]/div[2]/div[2]/button[1]]
Session ID: b950e3471e38a086a4de126c0e563ed6
	at org.openqa.selenium.remote.codec.w3c.W3CHttpResponseCodec.createException(W3CHttpResponseCodec.java:200)
	at org.openqa.selenium.remote.codec.w3c.W3CHttpResponseCodec.decode(W3CHttpResponseCodec.java:133)
	at org.openqa.selenium.remote.codec.w3c.W3CHttpResponseCodec.decode(W3CHttpResponseCodec.java:52)
	at org.openqa.selenium.remote.HttpCommandExecutor.execute(HttpCommandExecutor.java:191)
	at org.openqa.selenium.remote.service.DriverCommandExecutor.invokeExecute(DriverCommandExecutor.java:200)
	at org.openqa.selenium.remote.service.DriverCommandExecutor.execute(DriverCommandExecutor.java:175)
	at org.openqa.selenium.remote.RemoteWebDriver.execute(RemoteWebDriver.java:602)
	at org.openqa.selenium.remote.RemoteWebElement.execute(RemoteWebElement.java:224)
	at org.openqa.selenium.remote.RemoteWebElement.click(RemoteWebElement.java:77)
	at Vision_RA.Test.RA_FeesConfig.VAT_FEE_DC_040(RA_FeesConfig.java:2824)
	at java.base/java.util.concurrent.ThreadPoolExecutor.runWorker(ThreadPoolExecutor.java:1144)
	at java.base/java.util.concurrent.ThreadPoolExecutor$Worker.run(ThreadPoolExecutor.java:642)
	at java.base/java.lang.Thread.run(Thread.java:1583)
... Removed 13 stack frames</div></td></tr></table><p class="totop"><a href="#summary">back to summary</a></p>
<h3 id="m18">Vision_RA.Test.RA_General#RA_GL_005</h3><table class="result"><tr class="param"><th>Parameter #1</th><th>Parameter #2</th></tr><tr class="param stripe"><td>RA</td><td>Vision@123</td></tr><tr><th colspan="2">Exception</th></tr><tr><td colspan="2"><div class="stacktrace">java.lang.NullPointerException: Cannot invoke &quot;com.aventstack.extentreports.ExtentTest.log(com.aventstack.extentreports.Status, String)&quot; because &quot;this.currentTest&quot; is null
	at Vision_RA.Test.RA_General.RA_GL_005(RA_General.java:182)
	at java.base/java.util.concurrent.ThreadPoolExecutor.runWorker(ThreadPoolExecutor.java:1144)
	at java.base/java.util.concurrent.ThreadPoolExecutor$Worker.run(ThreadPoolExecutor.java:642)
	at java.base/java.lang.Thread.run(Thread.java:1583)
... Removed 10 stack frames</div></td></tr></table><p class="totop"><a href="#summary">back to summary</a></p>
<h3 id="m19">Vision_RA.Test.RA_General#RA_GL_018</h3><table class="result"><tr class="param"><th>Parameter #1</th><th>Parameter #2</th></tr><tr class="param stripe"><td>RA</td><td>Vision@123</td></tr><tr><th colspan="2">Exception</th></tr><tr><td colspan="2"><div class="stacktrace">org.openqa.selenium.NoSuchElementException: no such element: Unable to locate element: {&quot;method&quot;:&quot;xpath&quot;,&quot;selector&quot;:&quot;//div[contains(text(),&apos;- Successful&apos;)]&quot;}
  (Session info: chrome=129.0.6668.101)
For documentation on this error, please visit: https://www.selenium.dev/documentation/webdriver/troubleshooting/errors#no-such-element-exception
Build info: version: &apos;4.14.1&apos;, revision: &apos;03f8ede370&apos;
System info: os.name: &apos;Windows 10&apos;, os.arch: &apos;amd64&apos;, os.version: &apos;10.0&apos;, java.version: &apos;21.0.2&apos;
Driver info: org.openqa.selenium.chrome.ChromeDriver
Command: [c1198fbd9eac82c8809138c83f518b91, findElement {using=xpath, value=//div[contains(text(),&apos;- Successful&apos;)]}]
Capabilities {acceptInsecureCerts: false, browserName: chrome, browserVersion: 129.0.6668.101, chrome: {chromedriverVersion: 129.0.6668.100 (cf58cba358d..., userDataDir: C:\Users\Welcome\AppData\Lo...}, fedcm:accounts: true, goog:chromeOptions: {debuggerAddress: localhost:64859}, networkConnectionEnabled: false, pageLoadStrategy: normal, platformName: windows, proxy: Proxy(), se:cdp: ws://localhost:64859/devtoo..., se:cdpVersion: 129.0.6668.101, setWindowRect: true, strictFileInteractability: false, timeouts: {implicit: 0, pageLoad: 300000, script: 30000}, unhandledPromptBehavior: dismiss and notify, webauthn:extension:credBlob: true, webauthn:extension:largeBlob: true, webauthn:extension:minPinLength: true, webauthn:extension:prf: true, webauthn:virtualAuthenticators: true}
Session ID: c1198fbd9eac82c8809138c83f518b91
	at org.openqa.selenium.remote.codec.w3c.W3CHttpResponseCodec.createException(W3CHttpResponseCodec.java:200)
	at org.openqa.selenium.remote.codec.w3c.W3CHttpResponseCodec.decode(W3CHttpResponseCodec.java:133)
	at org.openqa.selenium.remote.codec.w3c.W3CHttpResponseCodec.decode(W3CHttpResponseCodec.java:52)
	at org.openqa.selenium.remote.HttpCommandExecutor.execute(HttpCommandExecutor.java:191)
	at org.openqa.selenium.remote.service.DriverCommandExecutor.invokeExecute(DriverCommandExecutor.java:200)
	at org.openqa.selenium.remote.service.DriverCommandExecutor.execute(DriverCommandExecutor.java:175)
	at org.openqa.selenium.remote.RemoteWebDriver.execute(RemoteWebDriver.java:602)
	at org.openqa.selenium.remote.ElementLocation$ElementFinder$2.findElement(ElementLocation.java:165)
	at org.openqa.selenium.remote.ElementLocation.findElement(ElementLocation.java:59)
	at org.openqa.selenium.remote.RemoteWebDriver.findElement(RemoteWebDriver.java:359)
	at org.openqa.selenium.remote.RemoteWebDriver.findElement(RemoteWebDriver.java:353)
	at Vision_RA.Test.RA_General.RA_GL_018(RA_General.java:341)
	at java.base/java.util.concurrent.ThreadPoolExecutor.runWorker(ThreadPoolExecutor.java:1144)
	at java.base/java.util.concurrent.ThreadPoolExecutor$Worker.run(ThreadPoolExecutor.java:642)
	at java.base/java.lang.Thread.run(Thread.java:1583)
... Removed 13 stack frames</div></td></tr></table><p class="totop"><a href="#summary">back to summary</a></p>
<h3 id="m20">Vision_RA.Test.RA_ReconConfiguration#RA_RC_011</h3><table class="result"><tr class="param"><th>Parameter #1</th><th>Parameter #2</th></tr><tr class="param stripe"><td>RA</td><td>Vision@123</td></tr><tr><th colspan="2">Exception</th></tr><tr><td colspan="2"><div class="stacktrace">org.openqa.selenium.ElementClickInterceptedException: element click intercepted: Element &lt;span _ngcontent-aue-c216=&quot;&quot;&gt;...&lt;/span&gt; is not clickable at point (496, 94). Other element would receive the click: &lt;li _ngcontent-aue-c216=&quot;&quot; class=&quot;ml-4 nav-item&quot;&gt;...&lt;/li&gt;
  (Session info: chrome=129.0.6668.101)
Build info: version: &apos;4.14.1&apos;, revision: &apos;03f8ede370&apos;
System info: os.name: &apos;Windows 10&apos;, os.arch: &apos;amd64&apos;, os.version: &apos;10.0&apos;, java.version: &apos;21.0.2&apos;
Driver info: org.openqa.selenium.chrome.ChromeDriver
Command: [abc7ace798457eae1bf09ea98bd95bb0, clickElement {id=f.4627EAE819311A28E36B58C76D7CAD7B.d.30D4292596821186995B0C6F2A4EB376.e.319}]
Capabilities {acceptInsecureCerts: false, browserName: chrome, browserVersion: 129.0.6668.101, chrome: {chromedriverVersion: 129.0.6668.100 (cf58cba358d..., userDataDir: C:\Users\Welcome\AppData\Lo...}, fedcm:accounts: true, goog:chromeOptions: {debuggerAddress: localhost:50058}, networkConnectionEnabled: false, pageLoadStrategy: normal, platformName: windows, proxy: Proxy(), se:cdp: ws://localhost:50058/devtoo..., se:cdpVersion: 129.0.6668.101, setWindowRect: true, strictFileInteractability: false, timeouts: {implicit: 0, pageLoad: 300000, script: 30000}, unhandledPromptBehavior: dismiss and notify, webauthn:extension:credBlob: true, webauthn:extension:largeBlob: true, webauthn:extension:minPinLength: true, webauthn:extension:prf: true, webauthn:virtualAuthenticators: true}
Element: [[ChromeDriver: chrome on windows (abc7ace798457eae1bf09ea98bd95bb0)] -&gt; xpath: //span[contains(text(),&apos;Relationship&apos;)]]
Session ID: abc7ace798457eae1bf09ea98bd95bb0
	at org.openqa.selenium.remote.codec.w3c.W3CHttpResponseCodec.createException(W3CHttpResponseCodec.java:200)
	at org.openqa.selenium.remote.codec.w3c.W3CHttpResponseCodec.decode(W3CHttpResponseCodec.java:133)
	at org.openqa.selenium.remote.codec.w3c.W3CHttpResponseCodec.decode(W3CHttpResponseCodec.java:52)
	at org.openqa.selenium.remote.HttpCommandExecutor.execute(HttpCommandExecutor.java:191)
	at org.openqa.selenium.remote.service.DriverCommandExecutor.invokeExecute(DriverCommandExecutor.java:200)
	at org.openqa.selenium.remote.service.DriverCommandExecutor.execute(DriverCommandExecutor.java:175)
	at org.openqa.selenium.remote.RemoteWebDriver.execute(RemoteWebDriver.java:602)
	at org.openqa.selenium.remote.RemoteWebElement.execute(RemoteWebElement.java:224)
	at org.openqa.selenium.remote.RemoteWebElement.click(RemoteWebElement.java:77)
	at Vision_RA.Test.RA_ReconConfiguration.RA_RC_011(RA_ReconConfiguration.java:519)
	at java.base/java.util.concurrent.ThreadPoolExecutor.runWorker(ThreadPoolExecutor.java:1144)
	at java.base/java.util.concurrent.ThreadPoolExecutor$Worker.run(ThreadPoolExecutor.java:642)
	at java.base/java.lang.Thread.run(Thread.java:1583)
... Removed 13 stack frames</div></td></tr></table><p class="totop"><a href="#summary">back to summary</a></p>
<h3 id="m21">Vision_RA.Test.RA_ReconConfiguration#RA_RC_012</h3><table class="result"><tr class="param"><th>Parameter #1</th><th>Parameter #2</th></tr><tr class="param stripe"><td>RA</td><td>Vision@123</td></tr><tr><th colspan="2">Exception</th></tr><tr><td colspan="2"><div class="stacktrace">org.openqa.selenium.ElementClickInterceptedException: element click intercepted: Element &lt;span _ngcontent-ken-c216=&quot;&quot;&gt;...&lt;/span&gt; is not clickable at point (496, 94). Other element would receive the click: &lt;li _ngcontent-ken-c216=&quot;&quot; class=&quot;ml-4 nav-item&quot;&gt;...&lt;/li&gt;
  (Session info: chrome=129.0.6668.101)
Build info: version: &apos;4.14.1&apos;, revision: &apos;03f8ede370&apos;
System info: os.name: &apos;Windows 10&apos;, os.arch: &apos;amd64&apos;, os.version: &apos;10.0&apos;, java.version: &apos;21.0.2&apos;
Driver info: org.openqa.selenium.chrome.ChromeDriver
Command: [922744295cb93b1780ead6b9876d3323, clickElement {id=f.D1302F822AE45443F5B15C6183B2A706.d.B3379D349363B0812305C23BD9F196D4.e.306}]
Capabilities {acceptInsecureCerts: false, browserName: chrome, browserVersion: 129.0.6668.101, chrome: {chromedriverVersion: 129.0.6668.100 (cf58cba358d..., userDataDir: C:\Users\Welcome\AppData\Lo...}, fedcm:accounts: true, goog:chromeOptions: {debuggerAddress: localhost:50229}, networkConnectionEnabled: false, pageLoadStrategy: normal, platformName: windows, proxy: Proxy(), se:cdp: ws://localhost:50229/devtoo..., se:cdpVersion: 129.0.6668.101, setWindowRect: true, strictFileInteractability: false, timeouts: {implicit: 0, pageLoad: 300000, script: 30000}, unhandledPromptBehavior: dismiss and notify, webauthn:extension:credBlob: true, webauthn:extension:largeBlob: true, webauthn:extension:minPinLength: true, webauthn:extension:prf: true, webauthn:virtualAuthenticators: true}
Element: [[ChromeDriver: chrome on windows (922744295cb93b1780ead6b9876d3323)] -&gt; xpath: //span[contains(text(),&apos;Relationship&apos;)]]
Session ID: 922744295cb93b1780ead6b9876d3323
	at org.openqa.selenium.remote.codec.w3c.W3CHttpResponseCodec.createException(W3CHttpResponseCodec.java:200)
	at org.openqa.selenium.remote.codec.w3c.W3CHttpResponseCodec.decode(W3CHttpResponseCodec.java:133)
	at org.openqa.selenium.remote.codec.w3c.W3CHttpResponseCodec.decode(W3CHttpResponseCodec.java:52)
	at org.openqa.selenium.remote.HttpCommandExecutor.execute(HttpCommandExecutor.java:191)
	at org.openqa.selenium.remote.service.DriverCommandExecutor.invokeExecute(DriverCommandExecutor.java:200)
	at org.openqa.selenium.remote.service.DriverCommandExecutor.execute(DriverCommandExecutor.java:175)
	at org.openqa.selenium.remote.RemoteWebDriver.execute(RemoteWebDriver.java:602)
	at org.openqa.selenium.remote.RemoteWebElement.execute(RemoteWebElement.java:224)
	at org.openqa.selenium.remote.RemoteWebElement.click(RemoteWebElement.java:77)
	at Vision_RA.Test.RA_ReconConfiguration.RA_RC_012(RA_ReconConfiguration.java:584)
	at java.base/java.util.concurrent.ThreadPoolExecutor.runWorker(ThreadPoolExecutor.java:1144)
	at java.base/java.util.concurrent.ThreadPoolExecutor$Worker.run(ThreadPoolExecutor.java:642)
	at java.base/java.lang.Thread.run(Thread.java:1583)
... Removed 13 stack frames</div></td></tr></table><p class="totop"><a href="#summary">back to summary</a></p>
<h3 id="m22">Vision_RA.Test.RA_ReconConfiguration#RA_RC_014</h3><table class="result"><tr class="param"><th>Parameter #1</th><th>Parameter #2</th></tr><tr class="param stripe"><td>RA</td><td>Vision@123</td></tr><tr><th colspan="2">Exception</th></tr><tr><td colspan="2"><div class="stacktrace">org.openqa.selenium.NoSuchElementException: no such element: Unable to locate element: {&quot;method&quot;:&quot;xpath&quot;,&quot;selector&quot;:&quot;//tbody/tr[1]/td[2]/div[1]/div[2]/a[1]/i[1]&quot;}
  (Session info: chrome=129.0.6668.101)
For documentation on this error, please visit: https://www.selenium.dev/documentation/webdriver/troubleshooting/errors#no-such-element-exception
Build info: version: &apos;4.14.1&apos;, revision: &apos;03f8ede370&apos;
System info: os.name: &apos;Windows 10&apos;, os.arch: &apos;amd64&apos;, os.version: &apos;10.0&apos;, java.version: &apos;21.0.2&apos;
Driver info: org.openqa.selenium.chrome.ChromeDriver
Command: [be2a20bf3d0a1ddf8553ef531772bb65, findElement {using=xpath, value=//tbody/tr[1]/td[2]/div[1]/div[2]/a[1]/i[1]}]
Capabilities {acceptInsecureCerts: false, browserName: chrome, browserVersion: 129.0.6668.101, chrome: {chromedriverVersion: 129.0.6668.100 (cf58cba358d..., userDataDir: C:\Users\Welcome\AppData\Lo...}, fedcm:accounts: true, goog:chromeOptions: {debuggerAddress: localhost:50507}, networkConnectionEnabled: false, pageLoadStrategy: normal, platformName: windows, proxy: Proxy(), se:cdp: ws://localhost:50507/devtoo..., se:cdpVersion: 129.0.6668.101, setWindowRect: true, strictFileInteractability: false, timeouts: {implicit: 0, pageLoad: 300000, script: 30000}, unhandledPromptBehavior: dismiss and notify, webauthn:extension:credBlob: true, webauthn:extension:largeBlob: true, webauthn:extension:minPinLength: true, webauthn:extension:prf: true, webauthn:virtualAuthenticators: true}
Session ID: be2a20bf3d0a1ddf8553ef531772bb65
	at org.openqa.selenium.remote.codec.w3c.W3CHttpResponseCodec.createException(W3CHttpResponseCodec.java:200)
	at org.openqa.selenium.remote.codec.w3c.W3CHttpResponseCodec.decode(W3CHttpResponseCodec.java:133)
	at org.openqa.selenium.remote.codec.w3c.W3CHttpResponseCodec.decode(W3CHttpResponseCodec.java:52)
	at org.openqa.selenium.remote.HttpCommandExecutor.execute(HttpCommandExecutor.java:191)
	at org.openqa.selenium.remote.service.DriverCommandExecutor.invokeExecute(DriverCommandExecutor.java:200)
	at org.openqa.selenium.remote.service.DriverCommandExecutor.execute(DriverCommandExecutor.java:175)
	at org.openqa.selenium.remote.RemoteWebDriver.execute(RemoteWebDriver.java:602)
	at org.openqa.selenium.remote.ElementLocation$ElementFinder$2.findElement(ElementLocation.java:165)
	at org.openqa.selenium.remote.ElementLocation.findElement(ElementLocation.java:59)
	at org.openqa.selenium.remote.RemoteWebDriver.findElement(RemoteWebDriver.java:359)
	at org.openqa.selenium.remote.RemoteWebDriver.findElement(RemoteWebDriver.java:353)
	at Vision_RA.Test.RA_ReconConfiguration.RA_RC_014(RA_ReconConfiguration.java:717)
	at java.base/java.util.concurrent.ThreadPoolExecutor.runWorker(ThreadPoolExecutor.java:1144)
	at java.base/java.util.concurrent.ThreadPoolExecutor$Worker.run(ThreadPoolExecutor.java:642)
	at java.base/java.lang.Thread.run(Thread.java:1583)
... Removed 13 stack frames</div></td></tr></table><p class="totop"><a href="#summary">back to summary</a></p>
<h3 id="m23">Vision_RA.Test.RA_ReconConfiguration#RA_RC_015</h3><table class="result"><tr class="param"><th>Parameter #1</th><th>Parameter #2</th></tr><tr class="param stripe"><td>RA</td><td>Vision@123</td></tr><tr><th colspan="2">Exception</th></tr><tr><td colspan="2"><div class="stacktrace">org.openqa.selenium.NoSuchElementException: no such element: Unable to locate element: {&quot;method&quot;:&quot;xpath&quot;,&quot;selector&quot;:&quot;//body/app-root[1]/app-main-container[1]/div[1]/div[2]/div[1]/app-recon-config[1]/div[1]/div[1]/div[2]/div[1]/div[1]/div[1]/div[2]/perfect-scrollbar[1]/div[1]/div[1]/tree-root[1]/tree-viewport[1]/div[1]/div[1]/tree-node-collection[1]/div[1]/tree-node[4]/div[1]/tree-node-wrapper[1]/div[1]/tree-node-expander[1]/span[1]/span[1]&quot;}
  (Session info: chrome=129.0.6668.101)
For documentation on this error, please visit: https://www.selenium.dev/documentation/webdriver/troubleshooting/errors#no-such-element-exception
Build info: version: &apos;4.14.1&apos;, revision: &apos;03f8ede370&apos;
System info: os.name: &apos;Windows 10&apos;, os.arch: &apos;amd64&apos;, os.version: &apos;10.0&apos;, java.version: &apos;21.0.2&apos;
Driver info: org.openqa.selenium.chrome.ChromeDriver
Command: [3f7694af05871804de39de8e7a77f5f6, findElement {using=xpath, value=//body/app-root[1]/app-main-container[1]/div[1]/div[2]/div[1]/app-recon-config[1]/div[1]/div[1]/div[2]/div[1]/div[1]/div[1]/div[2]/perfect-scrollbar[1]/div[1]/div[1]/tree-root[1]/tree-viewport[1]/div[1]/div[1]/tree-node-collection[1]/div[1]/tree-node[4]/div[1]/tree-node-wrapper[1]/div[1]/tree-node-expander[1]/span[1]/span[1]}]
Capabilities {acceptInsecureCerts: false, browserName: chrome, browserVersion: 129.0.6668.101, chrome: {chromedriverVersion: 129.0.6668.100 (cf58cba358d..., userDataDir: C:\Users\Welcome\AppData\Lo...}, fedcm:accounts: true, goog:chromeOptions: {debuggerAddress: localhost:50614}, networkConnectionEnabled: false, pageLoadStrategy: normal, platformName: windows, proxy: Proxy(), se:cdp: ws://localhost:50614/devtoo..., se:cdpVersion: 129.0.6668.101, setWindowRect: true, strictFileInteractability: false, timeouts: {implicit: 0, pageLoad: 300000, script: 30000}, unhandledPromptBehavior: dismiss and notify, webauthn:extension:credBlob: true, webauthn:extension:largeBlob: true, webauthn:extension:minPinLength: true, webauthn:extension:prf: true, webauthn:virtualAuthenticators: true}
Session ID: 3f7694af05871804de39de8e7a77f5f6
	at org.openqa.selenium.remote.codec.w3c.W3CHttpResponseCodec.createException(W3CHttpResponseCodec.java:200)
	at org.openqa.selenium.remote.codec.w3c.W3CHttpResponseCodec.decode(W3CHttpResponseCodec.java:133)
	at org.openqa.selenium.remote.codec.w3c.W3CHttpResponseCodec.decode(W3CHttpResponseCodec.java:52)
	at org.openqa.selenium.remote.HttpCommandExecutor.execute(HttpCommandExecutor.java:191)
	at org.openqa.selenium.remote.service.DriverCommandExecutor.invokeExecute(DriverCommandExecutor.java:200)
	at org.openqa.selenium.remote.service.DriverCommandExecutor.execute(DriverCommandExecutor.java:175)
	at org.openqa.selenium.remote.RemoteWebDriver.execute(RemoteWebDriver.java:602)
	at org.openqa.selenium.remote.ElementLocation$ElementFinder$2.findElement(ElementLocation.java:165)
	at org.openqa.selenium.remote.ElementLocation.findElement(ElementLocation.java:59)
	at org.openqa.selenium.remote.RemoteWebDriver.findElement(RemoteWebDriver.java:359)
	at org.openqa.selenium.remote.RemoteWebDriver.findElement(RemoteWebDriver.java:353)
	at Vision_RA.Test.RA_ReconConfiguration.RA_RC_015(RA_ReconConfiguration.java:784)
	at java.base/java.util.concurrent.ThreadPoolExecutor.runWorker(ThreadPoolExecutor.java:1144)
	at java.base/java.util.concurrent.ThreadPoolExecutor$Worker.run(ThreadPoolExecutor.java:642)
	at java.base/java.lang.Thread.run(Thread.java:1583)
... Removed 13 stack frames</div></td></tr></table><p class="totop"><a href="#summary">back to summary</a></p>
<h3 id="m24">Vision_RA.Test.RA_TranslineConfig#VAT_TAS_DC_002</h3><table class="result"><tr class="param"><th>Parameter #1</th><th>Parameter #2</th></tr><tr class="param stripe"><td>RA</td><td>Vision@123</td></tr><tr><th colspan="2">Exception</th></tr><tr><td colspan="2"><div class="stacktrace">java.lang.NullPointerException: Cannot invoke &quot;Package_PageObject.POM_General.ADD()&quot; because &quot;this.General&quot; is null
	at Vision_RA.Test.RA_TranslineConfig.VAT_TAS_DC_002(RA_TranslineConfig.java:95)
	at java.base/java.util.concurrent.ThreadPoolExecutor.runWorker(ThreadPoolExecutor.java:1144)
	at java.base/java.util.concurrent.ThreadPoolExecutor$Worker.run(ThreadPoolExecutor.java:642)
	at java.base/java.lang.Thread.run(Thread.java:1583)
... Removed 10 stack frames</div></td></tr></table><p class="totop"><a href="#summary">back to summary</a></p>
<h3 id="m25">Vision_RA.Test.RA_TranslineConfig#VAT_TAS_DC_003</h3><table class="result"><tr class="param"><th>Parameter #1</th><th>Parameter #2</th></tr><tr class="param stripe"><td>RA</td><td>Vision@123</td></tr><tr><th colspan="2">Exception</th></tr><tr><td colspan="2"><div class="stacktrace">java.lang.NullPointerException: Cannot invoke &quot;Package_PageObject.POM_General.FILTER()&quot; because &quot;this.General&quot; is null
	at Vision_RA.Test.RA_TranslineConfig.VAT_TAS_DC_003(RA_TranslineConfig.java:157)
	at java.base/java.util.concurrent.ThreadPoolExecutor.runWorker(ThreadPoolExecutor.java:1144)
	at java.base/java.util.concurrent.ThreadPoolExecutor$Worker.run(ThreadPoolExecutor.java:642)
	at java.base/java.lang.Thread.run(Thread.java:1583)
... Removed 10 stack frames</div></td></tr></table><p class="totop"><a href="#summary">back to summary</a></p>
<h3 id="m26">Vision_RA.Test.RA_TranslineConfig#VAT_TAS_DC_005</h3><table class="result"><tr class="param"><th>Parameter #1</th><th>Parameter #2</th></tr><tr class="param stripe"><td>RA</td><td>Vision@123</td></tr><tr><th colspan="2">Exception</th></tr><tr><td colspan="2"><div class="stacktrace">java.lang.NullPointerException: Cannot invoke &quot;Package_PageObject.POM_General.ADD()&quot; because &quot;this.General&quot; is null
	at Vision_RA.Test.RA_TranslineConfig.VAT_TAS_DC_005(RA_TranslineConfig.java:206)
	at java.base/java.util.concurrent.ThreadPoolExecutor.runWorker(ThreadPoolExecutor.java:1144)
	at java.base/java.util.concurrent.ThreadPoolExecutor$Worker.run(ThreadPoolExecutor.java:642)
	at java.base/java.lang.Thread.run(Thread.java:1583)
... Removed 10 stack frames</div></td></tr></table><p class="totop"><a href="#summary">back to summary</a></p>
<h3 id="m27">Vision_RA.Test.RA_TranslineConfig#VAT_TAS_DC_006</h3><table class="result"><tr class="param"><th>Parameter #1</th><th>Parameter #2</th></tr><tr class="param stripe"><td>RA</td><td>Vision@123</td></tr><tr><th colspan="2">Exception</th></tr><tr><td colspan="2"><div class="stacktrace">java.lang.NullPointerException: Cannot invoke &quot;Package_PageObject.POM_General.ADD()&quot; because &quot;this.General&quot; is null
	at Vision_RA.Test.RA_TranslineConfig.VAT_TAS_DC_006(RA_TranslineConfig.java:230)
	at java.base/java.util.concurrent.ThreadPoolExecutor.runWorker(ThreadPoolExecutor.java:1144)
	at java.base/java.util.concurrent.ThreadPoolExecutor$Worker.run(ThreadPoolExecutor.java:642)
	at java.base/java.lang.Thread.run(Thread.java:1583)
... Removed 10 stack frames</div></td></tr></table><p class="totop"><a href="#summary">back to summary</a></p>
<h3 id="m28">Vision_RA.Test.RA_TranslineConfig#VAT_TAS_DC_007</h3><table class="result"><tr class="param"><th>Parameter #1</th><th>Parameter #2</th></tr><tr class="param stripe"><td>RA</td><td>Vision@123</td></tr><tr><th colspan="2">Exception</th></tr><tr><td colspan="2"><div class="stacktrace">java.lang.NullPointerException: Cannot invoke &quot;Package_PageObject.POM_General.ADD()&quot; because &quot;this.General&quot; is null
	at Vision_RA.Test.RA_TranslineConfig.VAT_TAS_DC_007(RA_TranslineConfig.java:858)
	at java.base/java.util.concurrent.ThreadPoolExecutor.runWorker(ThreadPoolExecutor.java:1144)
	at java.base/java.util.concurrent.ThreadPoolExecutor$Worker.run(ThreadPoolExecutor.java:642)
	at java.base/java.lang.Thread.run(Thread.java:1583)
... Removed 10 stack frames</div></td></tr></table><p class="totop"><a href="#summary">back to summary</a></p>
<h3 id="m29">Vision_RA.Test.RA_TranslineConfig#VAT_TAS_DC_008</h3><table class="result"><tr class="param"><th>Parameter #1</th><th>Parameter #2</th></tr><tr class="param stripe"><td>RA</td><td>Vision@123</td></tr><tr><th colspan="2">Exception</th></tr><tr><td colspan="2"><div class="stacktrace">java.lang.NullPointerException: Cannot invoke &quot;Package_PageObject.POM_General.ADD()&quot; because &quot;this.General&quot; is null
	at Vision_RA.Test.RA_TranslineConfig.VAT_TAS_DC_008(RA_TranslineConfig.java:254)
	at java.base/java.util.concurrent.ThreadPoolExecutor.runWorker(ThreadPoolExecutor.java:1144)
	at java.base/java.util.concurrent.ThreadPoolExecutor$Worker.run(ThreadPoolExecutor.java:642)
	at java.base/java.lang.Thread.run(Thread.java:1583)
... Removed 10 stack frames</div></td></tr></table><p class="totop"><a href="#summary">back to summary</a></p>
<h3 id="m30">Vision_RA.Test.RA_TranslineConfig#VAT_TAS_DC_009</h3><table class="result"><tr class="param"><th>Parameter #1</th><th>Parameter #2</th></tr><tr class="param stripe"><td>RA</td><td>Vision@123</td></tr><tr><th colspan="2">Exception</th></tr><tr><td colspan="2"><div class="stacktrace">java.lang.NullPointerException: Cannot invoke &quot;Package_PageObject.POM_General.ADD()&quot; because &quot;this.General&quot; is null
	at Vision_RA.Test.RA_TranslineConfig.VAT_TAS_DC_009(RA_TranslineConfig.java:278)
	at java.base/java.util.concurrent.ThreadPoolExecutor.runWorker(ThreadPoolExecutor.java:1144)
	at java.base/java.util.concurrent.ThreadPoolExecutor$Worker.run(ThreadPoolExecutor.java:642)
	at java.base/java.lang.Thread.run(Thread.java:1583)
... Removed 10 stack frames</div></td></tr></table><p class="totop"><a href="#summary">back to summary</a></p>
<h3 id="m31">Vision_RA.Test.RA_TranslineConfig#VAT_TAS_DC_010</h3><table class="result"><tr class="param"><th>Parameter #1</th><th>Parameter #2</th></tr><tr class="param stripe"><td>RA</td><td>Vision@123</td></tr><tr><th colspan="2">Exception</th></tr><tr><td colspan="2"><div class="stacktrace">java.lang.NullPointerException: Cannot invoke &quot;Package_PageObject.POM_General.ADD()&quot; because &quot;this.General&quot; is null
	at Vision_RA.Test.RA_TranslineConfig.VAT_TAS_DC_010(RA_TranslineConfig.java:305)
	at java.base/java.util.concurrent.ThreadPoolExecutor.runWorker(ThreadPoolExecutor.java:1144)
	at java.base/java.util.concurrent.ThreadPoolExecutor$Worker.run(ThreadPoolExecutor.java:642)
	at java.base/java.lang.Thread.run(Thread.java:1583)
... Removed 10 stack frames</div></td></tr></table><p class="totop"><a href="#summary">back to summary</a></p>
<h3 id="m32">Vision_RA.Test.RA_TranslineConfig#VAT_TAS_DC_011</h3><table class="result"><tr class="param"><th>Parameter #1</th><th>Parameter #2</th></tr><tr class="param stripe"><td>RA</td><td>Vision@123</td></tr><tr><th colspan="2">Exception</th></tr><tr><td colspan="2"><div class="stacktrace">java.lang.NullPointerException: Cannot invoke &quot;Package_PageObject.POM_General.ADD()&quot; because &quot;this.General&quot; is null
	at Vision_RA.Test.RA_TranslineConfig.VAT_TAS_DC_011(RA_TranslineConfig.java:339)
	at java.base/java.util.concurrent.ThreadPoolExecutor.runWorker(ThreadPoolExecutor.java:1144)
	at java.base/java.util.concurrent.ThreadPoolExecutor$Worker.run(ThreadPoolExecutor.java:642)
	at java.base/java.lang.Thread.run(Thread.java:1583)
... Removed 10 stack frames</div></td></tr></table><p class="totop"><a href="#summary">back to summary</a></p>
<h3 id="m33">Vision_RA.Test.RA_TranslineConfig#VAT_TAS_DC_012</h3><table class="result"><tr class="param"><th>Parameter #1</th><th>Parameter #2</th></tr><tr class="param stripe"><td>RA</td><td>Vision@123</td></tr><tr><th colspan="2">Exception</th></tr><tr><td colspan="2"><div class="stacktrace">java.lang.NullPointerException: Cannot invoke &quot;Package_PageObject.POM_General.ADD()&quot; because &quot;this.General&quot; is null
	at Vision_RA.Test.RA_TranslineConfig.VAT_TAS_DC_012(RA_TranslineConfig.java:383)
	at java.base/java.util.concurrent.ThreadPoolExecutor.runWorker(ThreadPoolExecutor.java:1144)
	at java.base/java.util.concurrent.ThreadPoolExecutor$Worker.run(ThreadPoolExecutor.java:642)
	at java.base/java.lang.Thread.run(Thread.java:1583)
... Removed 10 stack frames</div></td></tr></table><p class="totop"><a href="#summary">back to summary</a></p>
<h3 id="m34">Vision_RA.Test.RA_TranslineConfig#VAT_TAS_DC_013</h3><table class="result"><tr class="param"><th>Parameter #1</th><th>Parameter #2</th></tr><tr class="param stripe"><td>RA</td><td>Vision@123</td></tr><tr><th colspan="2">Exception</th></tr><tr><td colspan="2"><div class="stacktrace">java.lang.NullPointerException: Cannot invoke &quot;Package_PageObject.POM_General.ADD()&quot; because &quot;this.General&quot; is null
	at Vision_RA.Test.RA_TranslineConfig.VAT_TAS_DC_013(RA_TranslineConfig.java:409)
	at java.base/java.util.concurrent.ThreadPoolExecutor.runWorker(ThreadPoolExecutor.java:1144)
	at java.base/java.util.concurrent.ThreadPoolExecutor$Worker.run(ThreadPoolExecutor.java:642)
	at java.base/java.lang.Thread.run(Thread.java:1583)
... Removed 10 stack frames</div></td></tr></table><p class="totop"><a href="#summary">back to summary</a></p>
<h3 id="m35">Vision_RA.Test.RA_TranslineConfig#VAT_TAS_DC_015</h3><table class="result"><tr class="param"><th>Parameter #1</th><th>Parameter #2</th></tr><tr class="param stripe"><td>RA</td><td>Vision@123</td></tr><tr><th colspan="2">Exception</th></tr><tr><td colspan="2"><div class="stacktrace">java.lang.NullPointerException: Cannot invoke &quot;Package_PageObject.POM_General.ADD()&quot; because &quot;this.General&quot; is null
	at Vision_RA.Test.RA_TranslineConfig.VAT_TAS_DC_015(RA_TranslineConfig.java:432)
	at java.base/java.util.concurrent.ThreadPoolExecutor.runWorker(ThreadPoolExecutor.java:1144)
	at java.base/java.util.concurrent.ThreadPoolExecutor$Worker.run(ThreadPoolExecutor.java:642)
	at java.base/java.lang.Thread.run(Thread.java:1583)
... Removed 10 stack frames</div></td></tr></table><p class="totop"><a href="#summary">back to summary</a></p>
<h3 id="m36">Vision_RA.Test.RA_TranslineConfig#VAT_TAS_DC_016</h3><table class="result"><tr class="param"><th>Parameter #1</th><th>Parameter #2</th></tr><tr class="param stripe"><td>RA</td><td>Vision@123</td></tr><tr><th colspan="2">Exception</th></tr><tr><td colspan="2"><div class="stacktrace">java.lang.NullPointerException: Cannot invoke &quot;Package_PageObject.POM_General.ADD()&quot; because &quot;this.General&quot; is null
	at Vision_RA.Test.RA_TranslineConfig.VAT_TAS_DC_016(RA_TranslineConfig.java:500)
	at java.base/java.util.concurrent.ThreadPoolExecutor.runWorker(ThreadPoolExecutor.java:1144)
	at java.base/java.util.concurrent.ThreadPoolExecutor$Worker.run(ThreadPoolExecutor.java:642)
	at java.base/java.lang.Thread.run(Thread.java:1583)
... Removed 10 stack frames</div></td></tr></table><p class="totop"><a href="#summary">back to summary</a></p>
<h3 id="m37">Vision_RA.Test.RA_TranslineConfig#VAT_TAS_DC_017</h3><table class="result"><tr class="param"><th>Parameter #1</th><th>Parameter #2</th></tr><tr class="param stripe"><td>RA</td><td>Vision@123</td></tr><tr><th colspan="2">Exception</th></tr><tr><td colspan="2"><div class="stacktrace">java.lang.NullPointerException: Cannot invoke &quot;Package_PageObject.POM_General.ADD()&quot; because &quot;this.General&quot; is null
	at Vision_RA.Test.RA_TranslineConfig.VAT_TAS_DC_017(RA_TranslineConfig.java:573)
	at java.base/java.util.concurrent.ThreadPoolExecutor.runWorker(ThreadPoolExecutor.java:1144)
	at java.base/java.util.concurrent.ThreadPoolExecutor$Worker.run(ThreadPoolExecutor.java:642)
	at java.base/java.lang.Thread.run(Thread.java:1583)
... Removed 10 stack frames</div></td></tr></table><p class="totop"><a href="#summary">back to summary</a></p>
<h3 id="m38">Vision_RA.Test.RA_TranslineConfig#VAT_TAS_DC_019</h3><table class="result"><tr class="param"><th>Parameter #1</th><th>Parameter #2</th></tr><tr class="param stripe"><td>RA</td><td>Vision@123</td></tr><tr><th colspan="2">Exception</th></tr><tr><td colspan="2"><div class="stacktrace">java.lang.NullPointerException: Cannot invoke &quot;Package_PageObject.POM_General.FILTER()&quot; because &quot;this.General&quot; is null
	at Vision_RA.Test.RA_TranslineConfig.VAT_TAS_DC_019(RA_TranslineConfig.java:652)
	at java.base/java.util.concurrent.ThreadPoolExecutor.runWorker(ThreadPoolExecutor.java:1144)
	at java.base/java.util.concurrent.ThreadPoolExecutor$Worker.run(ThreadPoolExecutor.java:642)
	at java.base/java.lang.Thread.run(Thread.java:1583)
... Removed 10 stack frames</div></td></tr></table><p class="totop"><a href="#summary">back to summary</a></p>
<h3 id="m39">Vision_RA.Test.RA_TranslineConfig#VAT_TAS_DC_021</h3><table class="result"><tr class="param"><th>Parameter #1</th><th>Parameter #2</th></tr><tr class="param stripe"><td>RA</td><td>Vision@123</td></tr><tr><th colspan="2">Exception</th></tr><tr><td colspan="2"><div class="stacktrace">java.lang.NullPointerException: Cannot invoke &quot;Package_PageObject.POM_General.FILTER()&quot; because &quot;this.General&quot; is null
	at Vision_RA.Test.RA_TranslineConfig.VAT_TAS_DC_021(RA_TranslineConfig.java:1293)
	at java.base/java.util.concurrent.ThreadPoolExecutor.runWorker(ThreadPoolExecutor.java:1144)
	at java.base/java.util.concurrent.ThreadPoolExecutor$Worker.run(ThreadPoolExecutor.java:642)
	at java.base/java.lang.Thread.run(Thread.java:1583)
... Removed 10 stack frames</div></td></tr></table><p class="totop"><a href="#summary">back to summary</a></p>
<h3 id="m40">Vision_RA.Test.RA_TranslineConfig#VAT_TAS_DC_023</h3><table class="result"><tr class="param"><th>Parameter #1</th><th>Parameter #2</th></tr><tr class="param stripe"><td>RA</td><td>Vision@123</td></tr><tr><th colspan="2">Exception</th></tr><tr><td colspan="2"><div class="stacktrace">java.lang.NullPointerException: Cannot invoke &quot;Package_PageObject.POM_General.FILTER()&quot; because &quot;this.General&quot; is null
	at Vision_RA.Test.RA_TranslineConfig.VAT_TAS_DC_023(RA_TranslineConfig.java:715)
	at java.base/java.util.concurrent.ThreadPoolExecutor.runWorker(ThreadPoolExecutor.java:1144)
	at java.base/java.util.concurrent.ThreadPoolExecutor$Worker.run(ThreadPoolExecutor.java:642)
	at java.base/java.lang.Thread.run(Thread.java:1583)
... Removed 10 stack frames</div></td></tr></table><p class="totop"><a href="#summary">back to summary</a></p>
<h3 id="m41">Vision_RA.Test.RA_TranslineConfig#VAT_TAS_DC_024</h3><table class="result"><tr class="param"><th>Parameter #1</th><th>Parameter #2</th></tr><tr class="param stripe"><td>RA</td><td>Vision@123</td></tr><tr><th colspan="2">Exception</th></tr><tr><td colspan="2"><div class="stacktrace">java.lang.NullPointerException: Cannot invoke &quot;Package_PageObject.POM_General.ADD()&quot; because &quot;this.General&quot; is null
	at Vision_RA.Test.RA_TranslineConfig.VAT_TAS_DC_024(RA_TranslineConfig.java:889)
	at java.base/java.util.concurrent.ThreadPoolExecutor.runWorker(ThreadPoolExecutor.java:1144)
	at java.base/java.util.concurrent.ThreadPoolExecutor$Worker.run(ThreadPoolExecutor.java:642)
	at java.base/java.lang.Thread.run(Thread.java:1583)
... Removed 10 stack frames</div></td></tr></table><p class="totop"><a href="#summary">back to summary</a></p>
<h3 id="m42">Vision_RA.Test.RA_TranslineConfig#VAT_TAS_DC_025</h3><table class="result"><tr class="param"><th>Parameter #1</th><th>Parameter #2</th></tr><tr class="param stripe"><td>RA</td><td>Vision@123</td></tr><tr><th colspan="2">Exception</th></tr><tr><td colspan="2"><div class="stacktrace">java.lang.NullPointerException: Cannot invoke &quot;Package_PageObject.POM_General.ADD()&quot; because &quot;this.General&quot; is null
	at Vision_RA.Test.RA_TranslineConfig.VAT_TAS_DC_025(RA_TranslineConfig.java:975)
	at java.base/java.util.concurrent.ThreadPoolExecutor.runWorker(ThreadPoolExecutor.java:1144)
	at java.base/java.util.concurrent.ThreadPoolExecutor$Worker.run(ThreadPoolExecutor.java:642)
	at java.base/java.lang.Thread.run(Thread.java:1583)
... Removed 10 stack frames</div></td></tr></table><p class="totop"><a href="#summary">back to summary</a></p>
<h3 id="m43">Vision_RA.Test.RA_TranslineConfig#VAT_TAS_DC_026</h3><table class="result"><tr class="param"><th>Parameter #1</th><th>Parameter #2</th></tr><tr class="param stripe"><td>RA</td><td>Vision@123</td></tr><tr><th colspan="2">Exception</th></tr><tr><td colspan="2"><div class="stacktrace">java.lang.NullPointerException: Cannot invoke &quot;Package_PageObject.POM_General.ADD()&quot; because &quot;this.General&quot; is null
	at Vision_RA.Test.RA_TranslineConfig.VAT_TAS_DC_026(RA_TranslineConfig.java:764)
	at java.base/java.util.concurrent.ThreadPoolExecutor.runWorker(ThreadPoolExecutor.java:1144)
	at java.base/java.util.concurrent.ThreadPoolExecutor$Worker.run(ThreadPoolExecutor.java:642)
	at java.base/java.lang.Thread.run(Thread.java:1583)
... Removed 10 stack frames</div></td></tr></table><p class="totop"><a href="#summary">back to summary</a></p>
<h3 id="m44">Vision_RA.Test.RA_TranslineConfig#VAT_TAS_DC_028</h3><table class="result"><tr class="param"><th>Parameter #1</th><th>Parameter #2</th></tr><tr class="param stripe"><td>RA</td><td>Vision@123</td></tr><tr><th colspan="2">Exception</th></tr><tr><td colspan="2"><div class="stacktrace">java.lang.NullPointerException: Cannot invoke &quot;Package_PageObject.POM_General.FILTER()&quot; because &quot;this.General&quot; is null
	at Vision_RA.Test.RA_TranslineConfig.VAT_TAS_DC_028(RA_TranslineConfig.java:1045)
	at java.base/java.util.concurrent.ThreadPoolExecutor.runWorker(ThreadPoolExecutor.java:1144)
	at java.base/java.util.concurrent.ThreadPoolExecutor$Worker.run(ThreadPoolExecutor.java:642)
	at java.base/java.lang.Thread.run(Thread.java:1583)
... Removed 10 stack frames</div></td></tr></table><p class="totop"><a href="#summary">back to summary</a></p>
<h3 id="m45">Vision_RA.Test.RA_TranslineConfig#VAT_TAS_DC_029</h3><table class="result"><tr class="param"><th>Parameter #1</th><th>Parameter #2</th></tr><tr class="param stripe"><td>RA</td><td>Vision@123</td></tr><tr><th colspan="2">Exception</th></tr><tr><td colspan="2"><div class="stacktrace">java.lang.NullPointerException: Cannot invoke &quot;Package_PageObject.POM_General.ADD()&quot; because &quot;this.General&quot; is null
	at Vision_RA.Test.RA_TranslineConfig.VAT_TAS_DC_029(RA_TranslineConfig.java:1106)
	at java.base/java.util.concurrent.ThreadPoolExecutor.runWorker(ThreadPoolExecutor.java:1144)
	at java.base/java.util.concurrent.ThreadPoolExecutor$Worker.run(ThreadPoolExecutor.java:642)
	at java.base/java.lang.Thread.run(Thread.java:1583)
... Removed 10 stack frames</div></td></tr></table><p class="totop"><a href="#summary">back to summary</a></p>
<h3 id="m46">Vision_RA.Test.RA_TranslineConfig#VAT_TAS_DC_031</h3><table class="result"><tr class="param"><th>Parameter #1</th><th>Parameter #2</th></tr><tr class="param stripe"><td>RA</td><td>Vision@123</td></tr><tr><th colspan="2">Exception</th></tr><tr><td colspan="2"><div class="stacktrace">java.lang.NullPointerException: Cannot invoke &quot;Package_PageObject.POM_General.FILTER()&quot; because &quot;this.General&quot; is null
	at Vision_RA.Test.RA_TranslineConfig.VAT_TAS_DC_031(RA_TranslineConfig.java:1232)
	at java.base/java.util.concurrent.ThreadPoolExecutor.runWorker(ThreadPoolExecutor.java:1144)
	at java.base/java.util.concurrent.ThreadPoolExecutor$Worker.run(ThreadPoolExecutor.java:642)
	at java.base/java.lang.Thread.run(Thread.java:1583)
... Removed 10 stack frames</div></td></tr></table><p class="totop"><a href="#summary">back to summary</a></p>
<h3 id="m47">Vision_RA.Test.RA_VarianceFlaggingNewScreen#FG_CF_048</h3><table class="result"><tr class="param"><th>Parameter #1</th><th>Parameter #2</th></tr><tr class="param stripe"><td>RA</td><td>Vision@123</td></tr><tr><th colspan="2">Exception</th></tr><tr><td colspan="2"><div class="stacktrace">org.openqa.selenium.StaleElementReferenceException: stale element reference: stale element not found in the current frame
  (Session info: chrome=129.0.6668.101)
For documentation on this error, please visit: https://www.selenium.dev/documentation/webdriver/troubleshooting/errors#stale-element-reference-exception
Build info: version: &apos;4.14.1&apos;, revision: &apos;03f8ede370&apos;
System info: os.name: &apos;Windows 10&apos;, os.arch: &apos;amd64&apos;, os.version: &apos;10.0&apos;, java.version: &apos;21.0.2&apos;
Driver info: org.openqa.selenium.chrome.ChromeDriver
Command: [22fc56a71d563a634e12b6e86064a3dc, getElementText {id=f.3851C5ECD28442094B66A1D308AFBB23.d.365D0BD7D4F72ABDDB07F117C5893081.e.9785}]
Capabilities {acceptInsecureCerts: false, browserName: chrome, browserVersion: 129.0.6668.101, chrome: {chromedriverVersion: 129.0.6668.100 (cf58cba358d..., userDataDir: C:\Users\Welcome\AppData\Lo...}, fedcm:accounts: true, goog:chromeOptions: {debuggerAddress: localhost:49594}, networkConnectionEnabled: false, pageLoadStrategy: normal, platformName: windows, proxy: Proxy(), se:cdp: ws://localhost:49594/devtoo..., se:cdpVersion: 129.0.6668.101, setWindowRect: true, strictFileInteractability: false, timeouts: {implicit: 0, pageLoad: 300000, script: 30000}, unhandledPromptBehavior: dismiss and notify, webauthn:extension:credBlob: true, webauthn:extension:largeBlob: true, webauthn:extension:minPinLength: true, webauthn:extension:prf: true, webauthn:virtualAuthenticators: true}
Element: [[ChromeDriver: chrome on windows (22fc56a71d563a634e12b6e86064a3dc)] -&gt; xpath: //div[contains(text(),&apos;- Successful&apos;)]]
Session ID: 22fc56a71d563a634e12b6e86064a3dc
	at org.openqa.selenium.remote.codec.w3c.W3CHttpResponseCodec.createException(W3CHttpResponseCodec.java:200)
	at org.openqa.selenium.remote.codec.w3c.W3CHttpResponseCodec.decode(W3CHttpResponseCodec.java:133)
	at org.openqa.selenium.remote.codec.w3c.W3CHttpResponseCodec.decode(W3CHttpResponseCodec.java:52)
	at org.openqa.selenium.remote.HttpCommandExecutor.execute(HttpCommandExecutor.java:191)
	at org.openqa.selenium.remote.service.DriverCommandExecutor.invokeExecute(DriverCommandExecutor.java:200)
	at org.openqa.selenium.remote.service.DriverCommandExecutor.execute(DriverCommandExecutor.java:175)
	at org.openqa.selenium.remote.RemoteWebDriver.execute(RemoteWebDriver.java:602)
	at org.openqa.selenium.remote.RemoteWebElement.execute(RemoteWebElement.java:224)
	at org.openqa.selenium.remote.RemoteWebElement.getText(RemoteWebElement.java:192)
	at Vision_RA.Test.RA_VarianceFlaggingNewScreen.FG_CF_048(RA_VarianceFlaggingNewScreen.java:814)
	at java.base/java.util.concurrent.ThreadPoolExecutor.runWorker(ThreadPoolExecutor.java:1144)
	at java.base/java.util.concurrent.ThreadPoolExecutor$Worker.run(ThreadPoolExecutor.java:642)
	at java.base/java.lang.Thread.run(Thread.java:1583)
... Removed 13 stack frames</div></td></tr></table><p class="totop"><a href="#summary">back to summary</a></p>
<h3 id="m48">Vision_RA.Test.RA_VarianceFlaggingNewScreen#FG_CF_053</h3><table class="result"><tr class="param"><th>Parameter #1</th><th>Parameter #2</th></tr><tr class="param stripe"><td>RA</td><td>Vision@123</td></tr><tr><th colspan="2">Exception</th></tr><tr><td colspan="2"><div class="stacktrace">org.openqa.selenium.NoSuchElementException: no such element: Unable to locate element: {&quot;method&quot;:&quot;xpath&quot;,&quot;selector&quot;:&quot;//tbody/tr[1]/td[19]/div[1]/input[1]&quot;}
  (Session info: chrome=129.0.6668.101)
For documentation on this error, please visit: https://www.selenium.dev/documentation/webdriver/troubleshooting/errors#no-such-element-exception
Build info: version: &apos;4.14.1&apos;, revision: &apos;03f8ede370&apos;
System info: os.name: &apos;Windows 10&apos;, os.arch: &apos;amd64&apos;, os.version: &apos;10.0&apos;, java.version: &apos;21.0.2&apos;
Driver info: org.openqa.selenium.chrome.ChromeDriver
Command: [bcb75d90b4e4c3ab0bf318e29c9d880f, findElement {using=xpath, value=//tbody/tr[1]/td[19]/div[1]/input[1]}]
Capabilities {acceptInsecureCerts: false, browserName: chrome, browserVersion: 129.0.6668.101, chrome: {chromedriverVersion: 129.0.6668.100 (cf58cba358d..., userDataDir: C:\Users\Welcome\AppData\Lo...}, fedcm:accounts: true, goog:chromeOptions: {debuggerAddress: localhost:50762}, networkConnectionEnabled: false, pageLoadStrategy: normal, platformName: windows, proxy: Proxy(), se:cdp: ws://localhost:50762/devtoo..., se:cdpVersion: 129.0.6668.101, setWindowRect: true, strictFileInteractability: false, timeouts: {implicit: 0, pageLoad: 300000, script: 30000}, unhandledPromptBehavior: dismiss and notify, webauthn:extension:credBlob: true, webauthn:extension:largeBlob: true, webauthn:extension:minPinLength: true, webauthn:extension:prf: true, webauthn:virtualAuthenticators: true}
Session ID: bcb75d90b4e4c3ab0bf318e29c9d880f
	at org.openqa.selenium.remote.codec.w3c.W3CHttpResponseCodec.createException(W3CHttpResponseCodec.java:200)
	at org.openqa.selenium.remote.codec.w3c.W3CHttpResponseCodec.decode(W3CHttpResponseCodec.java:133)
	at org.openqa.selenium.remote.codec.w3c.W3CHttpResponseCodec.decode(W3CHttpResponseCodec.java:52)
	at org.openqa.selenium.remote.HttpCommandExecutor.execute(HttpCommandExecutor.java:191)
	at org.openqa.selenium.remote.service.DriverCommandExecutor.invokeExecute(DriverCommandExecutor.java:200)
	at org.openqa.selenium.remote.service.DriverCommandExecutor.execute(DriverCommandExecutor.java:175)
	at org.openqa.selenium.remote.RemoteWebDriver.execute(RemoteWebDriver.java:602)
	at org.openqa.selenium.remote.ElementLocation$ElementFinder$2.findElement(ElementLocation.java:165)
	at org.openqa.selenium.remote.ElementLocation.findElement(ElementLocation.java:59)
	at org.openqa.selenium.remote.RemoteWebDriver.findElement(RemoteWebDriver.java:359)
	at org.openqa.selenium.remote.RemoteWebDriver.findElement(RemoteWebDriver.java:353)
	at Vision_RA.Test.RA_VarianceFlaggingNewScreen.FG_CF_053(RA_VarianceFlaggingNewScreen.java:1215)
	at java.base/java.util.concurrent.ThreadPoolExecutor.runWorker(ThreadPoolExecutor.java:1144)
	at java.base/java.util.concurrent.ThreadPoolExecutor$Worker.run(ThreadPoolExecutor.java:642)
	at java.base/java.lang.Thread.run(Thread.java:1583)
... Removed 13 stack frames</div></td></tr></table><p class="totop"><a href="#summary">back to summary</a></p>
<h3 id="m49">Vision_RA.Test.RA_VarianceFlaggingNewScreen#FG_CF_058</h3><table class="result"><tr class="param"><th>Parameter #1</th><th>Parameter #2</th></tr><tr class="param stripe"><td>RA</td><td>Vision@123</td></tr><tr><th colspan="2">Exception</th></tr><tr><td colspan="2"><div class="stacktrace">org.openqa.selenium.NoSuchElementException: no such element: Unable to locate element: {&quot;method&quot;:&quot;xpath&quot;,&quot;selector&quot;:&quot;//div[contains(text(),&apos;- Successful&apos;)]&quot;}
  (Session info: chrome=129.0.6668.101)
For documentation on this error, please visit: https://www.selenium.dev/documentation/webdriver/troubleshooting/errors#no-such-element-exception
Build info: version: &apos;4.14.1&apos;, revision: &apos;03f8ede370&apos;
System info: os.name: &apos;Windows 10&apos;, os.arch: &apos;amd64&apos;, os.version: &apos;10.0&apos;, java.version: &apos;21.0.2&apos;
Driver info: org.openqa.selenium.chrome.ChromeDriver
Command: [e119f63cd2ab7c338d3b3fdd96197794, findElement {using=xpath, value=//div[contains(text(),&apos;- Successful&apos;)]}]
Capabilities {acceptInsecureCerts: false, browserName: chrome, browserVersion: 129.0.6668.101, chrome: {chromedriverVersion: 129.0.6668.100 (cf58cba358d..., userDataDir: C:\Users\Welcome\AppData\Lo...}, fedcm:accounts: true, goog:chromeOptions: {debuggerAddress: localhost:51283}, networkConnectionEnabled: false, pageLoadStrategy: normal, platformName: windows, proxy: Proxy(), se:cdp: ws://localhost:51283/devtoo..., se:cdpVersion: 129.0.6668.101, setWindowRect: true, strictFileInteractability: false, timeouts: {implicit: 0, pageLoad: 300000, script: 30000}, unhandledPromptBehavior: dismiss and notify, webauthn:extension:credBlob: true, webauthn:extension:largeBlob: true, webauthn:extension:minPinLength: true, webauthn:extension:prf: true, webauthn:virtualAuthenticators: true}
Session ID: e119f63cd2ab7c338d3b3fdd96197794
	at org.openqa.selenium.remote.codec.w3c.W3CHttpResponseCodec.createException(W3CHttpResponseCodec.java:200)
	at org.openqa.selenium.remote.codec.w3c.W3CHttpResponseCodec.decode(W3CHttpResponseCodec.java:133)
	at org.openqa.selenium.remote.codec.w3c.W3CHttpResponseCodec.decode(W3CHttpResponseCodec.java:52)
	at org.openqa.selenium.remote.HttpCommandExecutor.execute(HttpCommandExecutor.java:191)
	at org.openqa.selenium.remote.service.DriverCommandExecutor.invokeExecute(DriverCommandExecutor.java:200)
	at org.openqa.selenium.remote.service.DriverCommandExecutor.execute(DriverCommandExecutor.java:175)
	at org.openqa.selenium.remote.RemoteWebDriver.execute(RemoteWebDriver.java:602)
	at org.openqa.selenium.remote.ElementLocation$ElementFinder$2.findElement(ElementLocation.java:165)
	at org.openqa.selenium.remote.ElementLocation.findElement(ElementLocation.java:59)
	at org.openqa.selenium.remote.RemoteWebDriver.findElement(RemoteWebDriver.java:359)
	at org.openqa.selenium.remote.RemoteWebDriver.findElement(RemoteWebDriver.java:353)
	at Vision_RA.Test.RA_VarianceFlaggingNewScreen.FG_CF_058(RA_VarianceFlaggingNewScreen.java:1504)
	at java.base/java.util.concurrent.ThreadPoolExecutor.runWorker(ThreadPoolExecutor.java:1144)
	at java.base/java.util.concurrent.ThreadPoolExecutor$Worker.run(ThreadPoolExecutor.java:642)
	at java.base/java.lang.Thread.run(Thread.java:1583)
... Removed 13 stack frames</div></td></tr></table><p class="totop"><a href="#summary">back to summary</a></p>
<h3 id="m50">Vision_RA.Test.RA_VarianceFlaggingNewScreen#FG_CF_059</h3><table class="result"><tr class="param"><th>Parameter #1</th><th>Parameter #2</th></tr><tr class="param stripe"><td>RA</td><td>Vision@123</td></tr><tr><th colspan="2">Exception</th></tr><tr><td colspan="2"><div class="stacktrace">org.openqa.selenium.StaleElementReferenceException: stale element reference: stale element not found in the current frame
  (Session info: chrome=129.0.6668.101)
For documentation on this error, please visit: https://www.selenium.dev/documentation/webdriver/troubleshooting/errors#stale-element-reference-exception
Build info: version: &apos;4.14.1&apos;, revision: &apos;03f8ede370&apos;
System info: os.name: &apos;Windows 10&apos;, os.arch: &apos;amd64&apos;, os.version: &apos;10.0&apos;, java.version: &apos;21.0.2&apos;
Driver info: org.openqa.selenium.chrome.ChromeDriver
Command: [032947ccdd462cfb5f1566582b29a0a6, getElementText {id=f.55799EC3144EAF757B570361ED567222.d.3D1E30059935EB950BB0C9EF2E6BF802.e.7934}]
Capabilities {acceptInsecureCerts: false, browserName: chrome, browserVersion: 129.0.6668.101, chrome: {chromedriverVersion: 129.0.6668.100 (cf58cba358d..., userDataDir: C:\Users\Welcome\AppData\Lo...}, fedcm:accounts: true, goog:chromeOptions: {debuggerAddress: localhost:51809}, networkConnectionEnabled: false, pageLoadStrategy: normal, platformName: windows, proxy: Proxy(), se:cdp: ws://localhost:51809/devtoo..., se:cdpVersion: 129.0.6668.101, setWindowRect: true, strictFileInteractability: false, timeouts: {implicit: 0, pageLoad: 300000, script: 30000}, unhandledPromptBehavior: dismiss and notify, webauthn:extension:credBlob: true, webauthn:extension:largeBlob: true, webauthn:extension:minPinLength: true, webauthn:extension:prf: true, webauthn:virtualAuthenticators: true}
Element: [[ChromeDriver: chrome on windows (032947ccdd462cfb5f1566582b29a0a6)] -&gt; xpath: //div[contains(text(),&apos;- Successful&apos;)]]
Session ID: 032947ccdd462cfb5f1566582b29a0a6
	at org.openqa.selenium.remote.codec.w3c.W3CHttpResponseCodec.createException(W3CHttpResponseCodec.java:200)
	at org.openqa.selenium.remote.codec.w3c.W3CHttpResponseCodec.decode(W3CHttpResponseCodec.java:133)
	at org.openqa.selenium.remote.codec.w3c.W3CHttpResponseCodec.decode(W3CHttpResponseCodec.java:52)
	at org.openqa.selenium.remote.HttpCommandExecutor.execute(HttpCommandExecutor.java:191)
	at org.openqa.selenium.remote.service.DriverCommandExecutor.invokeExecute(DriverCommandExecutor.java:200)
	at org.openqa.selenium.remote.service.DriverCommandExecutor.execute(DriverCommandExecutor.java:175)
	at org.openqa.selenium.remote.RemoteWebDriver.execute(RemoteWebDriver.java:602)
	at org.openqa.selenium.remote.RemoteWebElement.execute(RemoteWebElement.java:224)
	at org.openqa.selenium.remote.RemoteWebElement.getText(RemoteWebElement.java:192)
	at Vision_RA.Test.RA_VarianceFlaggingNewScreen.FG_CF_059(RA_VarianceFlaggingNewScreen.java:1829)
	at java.base/java.util.concurrent.ThreadPoolExecutor.runWorker(ThreadPoolExecutor.java:1144)
	at java.base/java.util.concurrent.ThreadPoolExecutor$Worker.run(ThreadPoolExecutor.java:642)
	at java.base/java.lang.Thread.run(Thread.java:1583)
... Removed 13 stack frames</div></td></tr></table><p class="totop"><a href="#summary">back to summary</a></p>
<h3 id="m51">Vision_RA.Test.RA_VarianceFlaggingNewScreen#FG_CF_068</h3><table class="result"><tr class="param"><th>Parameter #1</th><th>Parameter #2</th></tr><tr class="param stripe"><td>RA</td><td>Vision@123</td></tr><tr><th colspan="2">Exception</th></tr><tr><td colspan="2"><div class="stacktrace">org.openqa.selenium.NoSuchElementException: no such element: Unable to locate element: {&quot;method&quot;:&quot;xpath&quot;,&quot;selector&quot;:&quot;//i[contains(text(),&apos;chevron_right&apos;)]&quot;}
  (Session info: chrome=129.0.6668.101)
For documentation on this error, please visit: https://www.selenium.dev/documentation/webdriver/troubleshooting/errors#no-such-element-exception
Build info: version: &apos;4.14.1&apos;, revision: &apos;03f8ede370&apos;
System info: os.name: &apos;Windows 10&apos;, os.arch: &apos;amd64&apos;, os.version: &apos;10.0&apos;, java.version: &apos;21.0.2&apos;
Driver info: org.openqa.selenium.chrome.ChromeDriver
Command: [e9598888e948a8ef0e098f0666efedc0, findElement {using=xpath, value=//i[contains(text(),&apos;chevron_right&apos;)]}]
Capabilities {acceptInsecureCerts: false, browserName: chrome, browserVersion: 129.0.6668.101, chrome: {chromedriverVersion: 129.0.6668.100 (cf58cba358d..., userDataDir: C:\Users\Welcome\AppData\Lo...}, fedcm:accounts: true, goog:chromeOptions: {debuggerAddress: localhost:52338}, networkConnectionEnabled: false, pageLoadStrategy: normal, platformName: windows, proxy: Proxy(), se:cdp: ws://localhost:52338/devtoo..., se:cdpVersion: 129.0.6668.101, setWindowRect: true, strictFileInteractability: false, timeouts: {implicit: 0, pageLoad: 300000, script: 30000}, unhandledPromptBehavior: dismiss and notify, webauthn:extension:credBlob: true, webauthn:extension:largeBlob: true, webauthn:extension:minPinLength: true, webauthn:extension:prf: true, webauthn:virtualAuthenticators: true}
Session ID: e9598888e948a8ef0e098f0666efedc0
	at org.openqa.selenium.remote.codec.w3c.W3CHttpResponseCodec.createException(W3CHttpResponseCodec.java:200)
	at org.openqa.selenium.remote.codec.w3c.W3CHttpResponseCodec.decode(W3CHttpResponseCodec.java:133)
	at org.openqa.selenium.remote.codec.w3c.W3CHttpResponseCodec.decode(W3CHttpResponseCodec.java:52)
	at org.openqa.selenium.remote.HttpCommandExecutor.execute(HttpCommandExecutor.java:191)
	at org.openqa.selenium.remote.service.DriverCommandExecutor.invokeExecute(DriverCommandExecutor.java:200)
	at org.openqa.selenium.remote.service.DriverCommandExecutor.execute(DriverCommandExecutor.java:175)
	at org.openqa.selenium.remote.RemoteWebDriver.execute(RemoteWebDriver.java:602)
	at org.openqa.selenium.remote.ElementLocation$ElementFinder$2.findElement(ElementLocation.java:165)
	at org.openqa.selenium.remote.ElementLocation.findElement(ElementLocation.java:59)
	at org.openqa.selenium.remote.RemoteWebDriver.findElement(RemoteWebDriver.java:359)
	at org.openqa.selenium.remote.RemoteWebDriver.findElement(RemoteWebDriver.java:353)
	at Vision_RA.Test.RA_VarianceFlaggingNewScreen.FG_CF_068(RA_VarianceFlaggingNewScreen.java:2207)
	at java.base/java.util.concurrent.ThreadPoolExecutor.runWorker(ThreadPoolExecutor.java:1144)
	at java.base/java.util.concurrent.ThreadPoolExecutor$Worker.run(ThreadPoolExecutor.java:642)
	at java.base/java.lang.Thread.run(Thread.java:1583)
... Removed 13 stack frames</div></td></tr></table><p class="totop"><a href="#summary">back to summary</a></p>
<h3 id="m52">Vision_RA.Test.RA_VarianceFlaggingNewScreen#FG_CF_069</h3><table class="result"><tr class="param"><th>Parameter #1</th><th>Parameter #2</th></tr><tr class="param stripe"><td>RA</td><td>Vision@123</td></tr><tr><th colspan="2">Exception</th></tr><tr><td colspan="2"><div class="stacktrace">org.openqa.selenium.NoSuchElementException: no such element: Unable to locate element: {&quot;method&quot;:&quot;xpath&quot;,&quot;selector&quot;:&quot;//i[contains(text(),&apos;chevron_right&apos;)]&quot;}
  (Session info: chrome=129.0.6668.101)
For documentation on this error, please visit: https://www.selenium.dev/documentation/webdriver/troubleshooting/errors#no-such-element-exception
Build info: version: &apos;4.14.1&apos;, revision: &apos;03f8ede370&apos;
System info: os.name: &apos;Windows 10&apos;, os.arch: &apos;amd64&apos;, os.version: &apos;10.0&apos;, java.version: &apos;21.0.2&apos;
Driver info: org.openqa.selenium.chrome.ChromeDriver
Command: [d0ac9d0ab495963b87e5922e16ba6630, findElement {using=xpath, value=//i[contains(text(),&apos;chevron_right&apos;)]}]
Capabilities {acceptInsecureCerts: false, browserName: chrome, browserVersion: 129.0.6668.101, chrome: {chromedriverVersion: 129.0.6668.100 (cf58cba358d..., userDataDir: C:\Users\Welcome\AppData\Lo...}, fedcm:accounts: true, goog:chromeOptions: {debuggerAddress: localhost:52497}, networkConnectionEnabled: false, pageLoadStrategy: normal, platformName: windows, proxy: Proxy(), se:cdp: ws://localhost:52497/devtoo..., se:cdpVersion: 129.0.6668.101, setWindowRect: true, strictFileInteractability: false, timeouts: {implicit: 0, pageLoad: 300000, script: 30000}, unhandledPromptBehavior: dismiss and notify, webauthn:extension:credBlob: true, webauthn:extension:largeBlob: true, webauthn:extension:minPinLength: true, webauthn:extension:prf: true, webauthn:virtualAuthenticators: true}
Session ID: d0ac9d0ab495963b87e5922e16ba6630
	at org.openqa.selenium.remote.codec.w3c.W3CHttpResponseCodec.createException(W3CHttpResponseCodec.java:200)
	at org.openqa.selenium.remote.codec.w3c.W3CHttpResponseCodec.decode(W3CHttpResponseCodec.java:133)
	at org.openqa.selenium.remote.codec.w3c.W3CHttpResponseCodec.decode(W3CHttpResponseCodec.java:52)
	at org.openqa.selenium.remote.HttpCommandExecutor.execute(HttpCommandExecutor.java:191)
	at org.openqa.selenium.remote.service.DriverCommandExecutor.invokeExecute(DriverCommandExecutor.java:200)
	at org.openqa.selenium.remote.service.DriverCommandExecutor.execute(DriverCommandExecutor.java:175)
	at org.openqa.selenium.remote.RemoteWebDriver.execute(RemoteWebDriver.java:602)
	at org.openqa.selenium.remote.ElementLocation$ElementFinder$2.findElement(ElementLocation.java:165)
	at org.openqa.selenium.remote.ElementLocation.findElement(ElementLocation.java:59)
	at org.openqa.selenium.remote.RemoteWebDriver.findElement(RemoteWebDriver.java:359)
	at org.openqa.selenium.remote.RemoteWebDriver.findElement(RemoteWebDriver.java:353)
	at Vision_RA.Test.RA_VarianceFlaggingNewScreen.FG_CF_069(RA_VarianceFlaggingNewScreen.java:2402)
	at java.base/java.util.concurrent.ThreadPoolExecutor.runWorker(ThreadPoolExecutor.java:1144)
	at java.base/java.util.concurrent.ThreadPoolExecutor$Worker.run(ThreadPoolExecutor.java:642)
	at java.base/java.lang.Thread.run(Thread.java:1583)
... Removed 13 stack frames</div></td></tr></table><p class="totop"><a href="#summary">back to summary</a></p>
<h3 id="m53">Vision_RA.Test.RA_VarianceFlaggingNewScreen#FG_CF_070</h3><table class="result"><tr class="param"><th>Parameter #1</th><th>Parameter #2</th></tr><tr class="param stripe"><td>RA</td><td>Vision@123</td></tr><tr><th colspan="2">Exception</th></tr><tr><td colspan="2"><div class="stacktrace">org.openqa.selenium.NoSuchElementException: no such element: Unable to locate element: {&quot;method&quot;:&quot;xpath&quot;,&quot;selector&quot;:&quot;//tbody/tr[1]/td[11]&quot;}
  (Session info: chrome=129.0.6668.101)
For documentation on this error, please visit: https://www.selenium.dev/documentation/webdriver/troubleshooting/errors#no-such-element-exception
Build info: version: &apos;4.14.1&apos;, revision: &apos;03f8ede370&apos;
System info: os.name: &apos;Windows 10&apos;, os.arch: &apos;amd64&apos;, os.version: &apos;10.0&apos;, java.version: &apos;21.0.2&apos;
Driver info: org.openqa.selenium.chrome.ChromeDriver
Command: [ae8dd8959e67dc0661332f3f4a55088d, findElement {using=xpath, value=//tbody/tr[1]/td[11]}]
Capabilities {acceptInsecureCerts: false, browserName: chrome, browserVersion: 129.0.6668.101, chrome: {chromedriverVersion: 129.0.6668.100 (cf58cba358d..., userDataDir: C:\Users\Welcome\AppData\Lo...}, fedcm:accounts: true, goog:chromeOptions: {debuggerAddress: localhost:52663}, networkConnectionEnabled: false, pageLoadStrategy: normal, platformName: windows, proxy: Proxy(), se:cdp: ws://localhost:52663/devtoo..., se:cdpVersion: 129.0.6668.101, setWindowRect: true, strictFileInteractability: false, timeouts: {implicit: 0, pageLoad: 300000, script: 30000}, unhandledPromptBehavior: dismiss and notify, webauthn:extension:credBlob: true, webauthn:extension:largeBlob: true, webauthn:extension:minPinLength: true, webauthn:extension:prf: true, webauthn:virtualAuthenticators: true}
Session ID: ae8dd8959e67dc0661332f3f4a55088d
	at org.openqa.selenium.remote.codec.w3c.W3CHttpResponseCodec.createException(W3CHttpResponseCodec.java:200)
	at org.openqa.selenium.remote.codec.w3c.W3CHttpResponseCodec.decode(W3CHttpResponseCodec.java:133)
	at org.openqa.selenium.remote.codec.w3c.W3CHttpResponseCodec.decode(W3CHttpResponseCodec.java:52)
	at org.openqa.selenium.remote.HttpCommandExecutor.execute(HttpCommandExecutor.java:191)
	at org.openqa.selenium.remote.service.DriverCommandExecutor.invokeExecute(DriverCommandExecutor.java:200)
	at org.openqa.selenium.remote.service.DriverCommandExecutor.execute(DriverCommandExecutor.java:175)
	at org.openqa.selenium.remote.RemoteWebDriver.execute(RemoteWebDriver.java:602)
	at org.openqa.selenium.remote.ElementLocation$ElementFinder$2.findElement(ElementLocation.java:165)
	at org.openqa.selenium.remote.ElementLocation.findElement(ElementLocation.java:59)
	at org.openqa.selenium.remote.RemoteWebDriver.findElement(RemoteWebDriver.java:359)
	at org.openqa.selenium.remote.RemoteWebDriver.findElement(RemoteWebDriver.java:353)
	at Vision_RA.Test.RA_VarianceFlaggingNewScreen.FG_CF_070(RA_VarianceFlaggingNewScreen.java:2599)
	at java.base/java.util.concurrent.ThreadPoolExecutor.runWorker(ThreadPoolExecutor.java:1144)
	at java.base/java.util.concurrent.ThreadPoolExecutor$Worker.run(ThreadPoolExecutor.java:642)
	at java.base/java.lang.Thread.run(Thread.java:1583)
... Removed 13 stack frames</div></td></tr></table><p class="totop"><a href="#summary">back to summary</a></p>
<h3 id="m54">Vision_RA.Test.RA_VarianceFlaggingNewScreen#FG_CF_071</h3><table class="result"><tr class="param"><th>Parameter #1</th><th>Parameter #2</th></tr><tr class="param stripe"><td>RA</td><td>Vision@123</td></tr><tr><th colspan="2">Exception</th></tr><tr><td colspan="2"><div class="stacktrace">org.openqa.selenium.NoSuchElementException: no such element: Unable to locate element: {&quot;method&quot;:&quot;xpath&quot;,&quot;selector&quot;:&quot;//i[contains(text(),&apos;chevron_right&apos;)]&quot;}
  (Session info: chrome=129.0.6668.101)
For documentation on this error, please visit: https://www.selenium.dev/documentation/webdriver/troubleshooting/errors#no-such-element-exception
Build info: version: &apos;4.14.1&apos;, revision: &apos;03f8ede370&apos;
System info: os.name: &apos;Windows 10&apos;, os.arch: &apos;amd64&apos;, os.version: &apos;10.0&apos;, java.version: &apos;21.0.2&apos;
Driver info: org.openqa.selenium.chrome.ChromeDriver
Command: [6920b21b36ae0b133adb8af7bded653d, findElement {using=xpath, value=//i[contains(text(),&apos;chevron_right&apos;)]}]
Capabilities {acceptInsecureCerts: false, browserName: chrome, browserVersion: 129.0.6668.101, chrome: {chromedriverVersion: 129.0.6668.100 (cf58cba358d..., userDataDir: C:\Users\Welcome\AppData\Lo...}, fedcm:accounts: true, goog:chromeOptions: {debuggerAddress: localhost:52862}, networkConnectionEnabled: false, pageLoadStrategy: normal, platformName: windows, proxy: Proxy(), se:cdp: ws://localhost:52862/devtoo..., se:cdpVersion: 129.0.6668.101, setWindowRect: true, strictFileInteractability: false, timeouts: {implicit: 0, pageLoad: 300000, script: 30000}, unhandledPromptBehavior: dismiss and notify, webauthn:extension:credBlob: true, webauthn:extension:largeBlob: true, webauthn:extension:minPinLength: true, webauthn:extension:prf: true, webauthn:virtualAuthenticators: true}
Session ID: 6920b21b36ae0b133adb8af7bded653d
	at org.openqa.selenium.remote.codec.w3c.W3CHttpResponseCodec.createException(W3CHttpResponseCodec.java:200)
	at org.openqa.selenium.remote.codec.w3c.W3CHttpResponseCodec.decode(W3CHttpResponseCodec.java:133)
	at org.openqa.selenium.remote.codec.w3c.W3CHttpResponseCodec.decode(W3CHttpResponseCodec.java:52)
	at org.openqa.selenium.remote.HttpCommandExecutor.execute(HttpCommandExecutor.java:191)
	at org.openqa.selenium.remote.service.DriverCommandExecutor.invokeExecute(DriverCommandExecutor.java:200)
	at org.openqa.selenium.remote.service.DriverCommandExecutor.execute(DriverCommandExecutor.java:175)
	at org.openqa.selenium.remote.RemoteWebDriver.execute(RemoteWebDriver.java:602)
	at org.openqa.selenium.remote.ElementLocation$ElementFinder$2.findElement(ElementLocation.java:165)
	at org.openqa.selenium.remote.ElementLocation.findElement(ElementLocation.java:59)
	at org.openqa.selenium.remote.RemoteWebDriver.findElement(RemoteWebDriver.java:359)
	at org.openqa.selenium.remote.RemoteWebDriver.findElement(RemoteWebDriver.java:353)
	at Vision_RA.Test.RA_VarianceFlaggingNewScreen.FG_CF_071(RA_VarianceFlaggingNewScreen.java:2798)
	at java.base/java.util.concurrent.ThreadPoolExecutor.runWorker(ThreadPoolExecutor.java:1144)
	at java.base/java.util.concurrent.ThreadPoolExecutor$Worker.run(ThreadPoolExecutor.java:642)
	at java.base/java.lang.Thread.run(Thread.java:1583)
... Removed 13 stack frames</div></td></tr></table><p class="totop"><a href="#summary">back to summary</a></p>
<h3 id="m55">Vision_RA.Test.RA_BusinessLineConfig#VAT_BUS_DC_001</h3><table class="result"><tr class="param"><th>Parameter #1</th><th>Parameter #2</th></tr><tr class="param stripe"><td>RA</td><td>Vision@123</td></tr></table><p class="totop"><a href="#summary">back to summary</a></p>
<h3 id="m56">Vision_RA.Test.RA_BusinessLineConfig#VAT_BUS_DC_002</h3><table class="result"><tr class="param"><th>Parameter #1</th><th>Parameter #2</th></tr><tr class="param stripe"><td>RA</td><td>Vision@123</td></tr></table><p class="totop"><a href="#summary">back to summary</a></p>
<h3 id="m57">Vision_RA.Test.RA_BusinessLineConfig#VAT_BUS_DC_003</h3><table class="result"><tr class="param"><th>Parameter #1</th><th>Parameter #2</th></tr><tr class="param stripe"><td>RA</td><td>Vision@123</td></tr></table><p class="totop"><a href="#summary">back to summary</a></p>
<h3 id="m58">Vision_RA.Test.RA_BusinessLineConfig#VAT_BUS_DC_004</h3><table class="result"><tr class="param"><th>Parameter #1</th><th>Parameter #2</th></tr><tr class="param stripe"><td>RA</td><td>Vision@123</td></tr></table><p class="totop"><a href="#summary">back to summary</a></p>
<h3 id="m59">Vision_RA.Test.RA_BusinessLineConfig#VAT_BUS_DC_005</h3><table class="result"><tr class="param"><th>Parameter #1</th><th>Parameter #2</th></tr><tr class="param stripe"><td>RA</td><td>Vision@123</td></tr></table><p class="totop"><a href="#summary">back to summary</a></p>
<h3 id="m60">Vision_RA.Test.RA_BusinessLineConfig#VAT_BUS_DC_006</h3><table class="result"><tr class="param"><th>Parameter #1</th><th>Parameter #2</th></tr><tr class="param stripe"><td>RA</td><td>Vision@123</td></tr></table><p class="totop"><a href="#summary">back to summary</a></p>
<h3 id="m61">Vision_RA.Test.RA_BusinessLineConfig#VAT_BUS_DC_007</h3><table class="result"><tr class="param"><th>Parameter #1</th><th>Parameter #2</th></tr><tr class="param stripe"><td>RA</td><td>Vision@123</td></tr></table><p class="totop"><a href="#summary">back to summary</a></p>
<h3 id="m62">Vision_RA.Test.RA_BusinessLineConfig#VAT_BUS_DC_008</h3><table class="result"><tr class="param"><th>Parameter #1</th><th>Parameter #2</th></tr><tr class="param stripe"><td>RA</td><td>Vision@123</td></tr></table><p class="totop"><a href="#summary">back to summary</a></p>
<h3 id="m63">Vision_RA.Test.RA_BusinessLineConfig#VAT_BUS_DC_009</h3><table class="result"><tr class="param"><th>Parameter #1</th><th>Parameter #2</th></tr><tr class="param stripe"><td>RA</td><td>Vision@123</td></tr></table><p class="totop"><a href="#summary">back to summary</a></p>
<h3 id="m64">Vision_RA.Test.RA_BusinessLineConfig#VAT_BUS_DC_010</h3><table class="result"><tr class="param"><th>Parameter #1</th><th>Parameter #2</th></tr><tr class="param stripe"><td>RA</td><td>Vision@123</td></tr></table><p class="totop"><a href="#summary">back to summary</a></p>
<h3 id="m65">Vision_RA.Test.RA_BusinessLineConfig#VAT_BUS_DC_013</h3><table class="result"><tr class="param"><th>Parameter #1</th><th>Parameter #2</th></tr><tr class="param stripe"><td>RA</td><td>Vision@123</td></tr></table><p class="totop"><a href="#summary">back to summary</a></p>
<h3 id="m66">Vision_RA.Test.RA_BusinessLineConfig#VAT_BUS_DC_014</h3><table class="result"><tr class="param"><th>Parameter #1</th><th>Parameter #2</th></tr><tr class="param stripe"><td>RA</td><td>Vision@123</td></tr></table><p class="totop"><a href="#summary">back to summary</a></p>
<h3 id="m67">Vision_RA.Test.RA_BusinessLineConfig#VAT_BUS_DC_015</h3><table class="result"><tr class="param"><th>Parameter #1</th><th>Parameter #2</th></tr><tr class="param stripe"><td>System</td><td>Vision@123</td></tr></table><p class="totop"><a href="#summary">back to summary</a></p>
<h3 id="m68">Vision_RA.Test.RA_BusinessLineConfig#VAT_BUS_DC_016</h3><table class="result"><tr class="param"><th>Parameter #1</th><th>Parameter #2</th></tr><tr class="param stripe"><td>System</td><td>Vision@123</td></tr></table><p class="totop"><a href="#summary">back to summary</a></p>
<h3 id="m69">Vision_RA.Test.RA_BusinessLineConfig#VAT_BUS_DC_017</h3><table class="result"><tr class="param"><th>Parameter #1</th><th>Parameter #2</th></tr><tr class="param stripe"><td>System</td><td>Vision@123</td></tr></table><p class="totop"><a href="#summary">back to summary</a></p>
<h3 id="m70">Vision_RA.Test.RA_BusinessLineConfig#VAT_BUS_DC_019</h3><table class="result"><tr class="param"><th>Parameter #1</th><th>Parameter #2</th></tr><tr class="param stripe"><td>RA</td><td>Vision@123</td></tr></table><p class="totop"><a href="#summary">back to summary</a></p>
<h3 id="m71">Vision_RA.Test.RA_BusinessLineConfig#VAT_BUS_DC_020</h3><table class="result"><tr class="param"><th>Parameter #1</th><th>Parameter #2</th></tr><tr class="param stripe"><td>System</td><td>Vision@123</td></tr></table><p class="totop"><a href="#summary">back to summary</a></p>
<h3 id="m72">Vision_RA.Test.RA_BusinessLineConfig#VAT_BUS_DC_021</h3><table class="result"><tr class="param"><th>Parameter #1</th><th>Parameter #2</th></tr><tr class="param stripe"><td>RA</td><td>Vision@123</td></tr></table><p class="totop"><a href="#summary">back to summary</a></p>
<h3 id="m73">Vision_RA.Test.RA_FeesConfig#VAT_FEE_DC_001</h3><table class="result"><tr class="param"><th>Parameter #1</th><th>Parameter #2</th></tr><tr class="param stripe"><td>RA</td><td>Vision@123</td></tr></table><p class="totop"><a href="#summary">back to summary</a></p>
<h3 id="m74">Vision_RA.Test.RA_FeesConfig#VAT_FEE_DC_002</h3><table class="result"><tr class="param"><th>Parameter #1</th><th>Parameter #2</th></tr><tr class="param stripe"><td>RA</td><td>Vision@123</td></tr></table><p class="totop"><a href="#summary">back to summary</a></p>
<h3 id="m75">Vision_RA.Test.RA_FeesConfig#VAT_FEE_DC_002_01</h3><table class="result"><tr class="param"><th>Parameter #1</th><th>Parameter #2</th></tr><tr class="param stripe"><td>RA</td><td>Vision@123</td></tr></table><p class="totop"><a href="#summary">back to summary</a></p>
<h3 id="m76">Vision_RA.Test.RA_FeesConfig#VAT_FEE_DC_003</h3><table class="result"><tr class="param"><th>Parameter #1</th><th>Parameter #2</th></tr><tr class="param stripe"><td>RA</td><td>Vision@123</td></tr></table><p class="totop"><a href="#summary">back to summary</a></p>
<h3 id="m77">Vision_RA.Test.RA_FeesConfig#VAT_FEE_DC_004</h3><table class="result"><tr class="param"><th>Parameter #1</th><th>Parameter #2</th></tr><tr class="param stripe"><td>RA</td><td>Vision@123</td></tr></table><p class="totop"><a href="#summary">back to summary</a></p>
<h3 id="m78">Vision_RA.Test.RA_FeesConfig#VAT_FEE_DC_005</h3><table class="result"><tr class="param"><th>Parameter #1</th><th>Parameter #2</th></tr><tr class="param stripe"><td>RA</td><td>Vision@123</td></tr></table><p class="totop"><a href="#summary">back to summary</a></p>
<h3 id="m79">Vision_RA.Test.RA_FeesConfig#VAT_FEE_DC_006</h3><table class="result"><tr class="param"><th>Parameter #1</th><th>Parameter #2</th></tr><tr class="param stripe"><td>RA</td><td>Vision@123</td></tr></table><p class="totop"><a href="#summary">back to summary</a></p>
<h3 id="m80">Vision_RA.Test.RA_FeesConfig#VAT_FEE_DC_007</h3><table class="result"><tr class="param"><th>Parameter #1</th><th>Parameter #2</th></tr><tr class="param stripe"><td>RA</td><td>Vision@123</td></tr></table><p class="totop"><a href="#summary">back to summary</a></p>
<h3 id="m81">Vision_RA.Test.RA_FeesConfig#VAT_FEE_DC_008</h3><table class="result"><tr class="param"><th>Parameter #1</th><th>Parameter #2</th></tr><tr class="param stripe"><td>RA</td><td>Vision@123</td></tr></table><p class="totop"><a href="#summary">back to summary</a></p>
<h3 id="m82">Vision_RA.Test.RA_FeesConfig#VAT_FEE_DC_012</h3><table class="result"><tr class="param"><th>Parameter #1</th><th>Parameter #2</th></tr><tr class="param stripe"><td>RA</td><td>Vision@123</td></tr></table><p class="totop"><a href="#summary">back to summary</a></p>
<h3 id="m83">Vision_RA.Test.RA_FeesConfig#VAT_FEE_DC_013</h3><table class="result"><tr class="param"><th>Parameter #1</th><th>Parameter #2</th></tr><tr class="param stripe"><td>RA</td><td>Vision@123</td></tr></table><p class="totop"><a href="#summary">back to summary</a></p>
<h3 id="m84">Vision_RA.Test.RA_FeesConfig#VAT_FEE_DC_014</h3><table class="result"><tr class="param"><th>Parameter #1</th><th>Parameter #2</th></tr><tr class="param stripe"><td>RA</td><td>Vision@123</td></tr></table><p class="totop"><a href="#summary">back to summary</a></p>
<h3 id="m85">Vision_RA.Test.RA_FeesConfig#VAT_FEE_DC_017</h3><table class="result"><tr class="param"><th>Parameter #1</th><th>Parameter #2</th></tr><tr class="param stripe"><td>RA</td><td>Vision@123</td></tr></table><p class="totop"><a href="#summary">back to summary</a></p>
<h3 id="m86">Vision_RA.Test.RA_FeesConfig#VAT_FEE_DC_019</h3><table class="result"><tr class="param"><th>Parameter #1</th><th>Parameter #2</th></tr><tr class="param stripe"><td>RA</td><td>Vision@123</td></tr></table><p class="totop"><a href="#summary">back to summary</a></p>
<h3 id="m87">Vision_RA.Test.RA_FeesConfig#VAT_FEE_DC_022</h3><table class="result"><tr class="param"><th>Parameter #1</th><th>Parameter #2</th></tr><tr class="param stripe"><td>RA</td><td>Vision@123</td></tr></table><p class="totop"><a href="#summary">back to summary</a></p>
<h3 id="m88">Vision_RA.Test.RA_FeesConfig#VAT_FEE_DC_026</h3><table class="result"><tr class="param"><th>Parameter #1</th><th>Parameter #2</th></tr><tr class="param stripe"><td>RA</td><td>Vision@123</td></tr></table><p class="totop"><a href="#summary">back to summary</a></p>
<h3 id="m89">Vision_RA.Test.RA_FeesConfig#VAT_FEE_DC_027</h3><table class="result"><tr class="param"><th>Parameter #1</th><th>Parameter #2</th></tr><tr class="param stripe"><td>RA</td><td>Vision@123</td></tr></table><p class="totop"><a href="#summary">back to summary</a></p>
<h3 id="m90">Vision_RA.Test.RA_FeesConfig#VAT_FEE_DC_028</h3><table class="result"><tr class="param"><th>Parameter #1</th><th>Parameter #2</th></tr><tr class="param stripe"><td>RA</td><td>Vision@123</td></tr></table><p class="totop"><a href="#summary">back to summary</a></p>
<h3 id="m91">Vision_RA.Test.RA_FeesConfig#VAT_FEE_DC_029</h3><table class="result"><tr class="param"><th>Parameter #1</th><th>Parameter #2</th></tr><tr class="param stripe"><td>RA</td><td>Vision@123</td></tr></table><p class="totop"><a href="#summary">back to summary</a></p>
<h3 id="m92">Vision_RA.Test.RA_FeesConfig#VAT_FEE_DC_030</h3><table class="result"><tr class="param"><th>Parameter #1</th><th>Parameter #2</th></tr><tr class="param stripe"><td>RA</td><td>Vision@123</td></tr></table><p class="totop"><a href="#summary">back to summary</a></p>
<h3 id="m93">Vision_RA.Test.RA_FeesConfig#VAT_FEE_DC_032</h3><table class="result"><tr class="param"><th>Parameter #1</th><th>Parameter #2</th></tr><tr class="param stripe"><td>RA</td><td>Vision@123</td></tr></table><p class="totop"><a href="#summary">back to summary</a></p>
<h3 id="m94">Vision_RA.Test.RA_FeesConfig#VAT_FEE_DC_034</h3><table class="result"><tr class="param"><th>Parameter #1</th><th>Parameter #2</th></tr><tr class="param stripe"><td>RA</td><td>Vision@123</td></tr></table><p class="totop"><a href="#summary">back to summary</a></p>
<h3 id="m95">Vision_RA.Test.RA_FeesConfig#VAT_FEE_DC_037</h3><table class="result"><tr class="param"><th>Parameter #1</th><th>Parameter #2</th></tr><tr class="param stripe"><td>RA</td><td>Vision@123</td></tr></table><p class="totop"><a href="#summary">back to summary</a></p>
<h3 id="m96">Vision_RA.Test.RA_FeesConfig#VAT_FEE_DC_039</h3><table class="result"><tr class="param"><th>Parameter #1</th><th>Parameter #2</th></tr><tr class="param stripe"><td>RA</td><td>Vision@123</td></tr></table><p class="totop"><a href="#summary">back to summary</a></p>
<h3 id="m97">Vision_RA.Test.RA_FeesConfig#VAT_FEE_DC_042</h3><table class="result"><tr class="param"><th>Parameter #1</th><th>Parameter #2</th></tr><tr class="param stripe"><td>RA</td><td>Vision@123</td></tr></table><p class="totop"><a href="#summary">back to summary</a></p>
<h3 id="m98">Vision_RA.Test.RA_FeesConfig#VAT_FEE_DC_045</h3><table class="result"><tr class="param"><th>Parameter #1</th><th>Parameter #2</th></tr><tr class="param stripe"><td>RA</td><td>Vision@123</td></tr></table><p class="totop"><a href="#summary">back to summary</a></p>
<h3 id="m99">Vision_RA.Test.RA_General#RA_GL_006</h3><table class="result"><tr class="param"><th>Parameter #1</th><th>Parameter #2</th></tr><tr class="param stripe"><td>RA</td><td>Vision@123</td></tr></table><p class="totop"><a href="#summary">back to summary</a></p>
<h3 id="m100">Vision_RA.Test.RA_General#RA_GL_009</h3><table class="result"><tr class="param"><th>Parameter #1</th><th>Parameter #2</th></tr><tr class="param stripe"><td>RA</td><td>Vision@123</td></tr></table><p class="totop"><a href="#summary">back to summary</a></p>
<h3 id="m101">Vision_RA.Test.RA_General#RA_GL_014</h3><table class="result"><tr class="param"><th>Parameter #1</th><th>Parameter #2</th></tr><tr class="param stripe"><td>RA</td><td>Vision@123</td></tr></table><p class="totop"><a href="#summary">back to summary</a></p>
<h3 id="m102">Vision_RA.Test.RA_General#RA_GL_015</h3><table class="result"><tr class="param"><th>Parameter #1</th><th>Parameter #2</th></tr><tr class="param stripe"><td>RA</td><td>Vision@123</td></tr></table><p class="totop"><a href="#summary">back to summary</a></p>
<h3 id="m103">Vision_RA.Test.RA_ReconConfiguration#RA_RC_001</h3><table class="result"><tr class="param"><th>Parameter #1</th><th>Parameter #2</th></tr><tr class="param stripe"><td>RA</td><td>Vision@123</td></tr></table><p class="totop"><a href="#summary">back to summary</a></p>
<h3 id="m104">Vision_RA.Test.RA_ReconConfiguration#RA_RC_002</h3><table class="result"><tr class="param"><th>Parameter #1</th><th>Parameter #2</th></tr><tr class="param stripe"><td>RA</td><td>Vision@123</td></tr></table><p class="totop"><a href="#summary">back to summary</a></p>
<h3 id="m105">Vision_RA.Test.RA_ReconConfiguration#RA_RC_003</h3><table class="result"><tr class="param"><th>Parameter #1</th><th>Parameter #2</th></tr><tr class="param stripe"><td>RA</td><td>Vision@123</td></tr></table><p class="totop"><a href="#summary">back to summary</a></p>
<h3 id="m106">Vision_RA.Test.RA_ReconConfiguration#RA_RC_006</h3><table class="result"><tr class="param"><th>Parameter #1</th><th>Parameter #2</th></tr><tr class="param stripe"><td>RA</td><td>Vision@123</td></tr></table><p class="totop"><a href="#summary">back to summary</a></p>
<h3 id="m107">Vision_RA.Test.RA_ReconConfiguration#RA_RC_007</h3><table class="result"><tr class="param"><th>Parameter #1</th><th>Parameter #2</th></tr><tr class="param stripe"><td>RA</td><td>Vision@123</td></tr></table><p class="totop"><a href="#summary">back to summary</a></p>
<h3 id="m108">Vision_RA.Test.RA_ReconConfiguration#RA_RC_008</h3><table class="result"><tr class="param"><th>Parameter #1</th><th>Parameter #2</th></tr><tr class="param stripe"><td>RA</td><td>Vision@123</td></tr></table><p class="totop"><a href="#summary">back to summary</a></p>
<h3 id="m109">Vision_RA.Test.RA_ReconConfiguration#RA_RC_009</h3><table class="result"><tr class="param"><th>Parameter #1</th><th>Parameter #2</th></tr><tr class="param stripe"><td>RA</td><td>Vision@123</td></tr></table><p class="totop"><a href="#summary">back to summary</a></p>
<h3 id="m110">Vision_RA.Test.RA_ReconConfiguration#RA_RC_010</h3><table class="result"><tr class="param"><th>Parameter #1</th><th>Parameter #2</th></tr><tr class="param stripe"><td>RA</td><td>Vision@123</td></tr></table><p class="totop"><a href="#summary">back to summary</a></p>
<h3 id="m111">Vision_RA.Test.RA_ReconConfiguration#RA_RC_013</h3><table class="result"><tr class="param"><th>Parameter #1</th><th>Parameter #2</th></tr><tr class="param stripe"><td>RA</td><td>Vision@123</td></tr></table><p class="totop"><a href="#summary">back to summary</a></p>
<h3 id="m112">Vision_RA.Test.RA_TranslineConfig#VAT_TAS_DC_001</h3><table class="result"><tr class="param"><th>Parameter #1</th><th>Parameter #2</th></tr><tr class="param stripe"><td>RA</td><td>Vision@123</td></tr></table><p class="totop"><a href="#summary">back to summary</a></p>
<h3 id="m113">Vision_RA.Test.RA_TranslineConfig#VAT_TAS_DC_004</h3><table class="result"><tr class="param"><th>Parameter #1</th><th>Parameter #2</th></tr><tr class="param stripe"><td>RA</td><td>Vision@123</td></tr></table><p class="totop"><a href="#summary">back to summary</a></p>
<h3 id="m114">Vision_RA.Test.RA_VarianceFlaggingNewScreen#FG_CF_036</h3><table class="result"><tr class="param"><th>Parameter #1</th><th>Parameter #2</th></tr><tr class="param stripe"><td>RA</td><td>Vision@123</td></tr></table><p class="totop"><a href="#summary">back to summary</a></p>
<h3 id="m115">Vision_RA.Test.RA_VarianceFlaggingNewScreen#FG_CF_037</h3><table class="result"><tr class="param"><th>Parameter #1</th><th>Parameter #2</th></tr><tr class="param stripe"><td>RA</td><td>Vision@123</td></tr></table><p class="totop"><a href="#summary">back to summary</a></p>
<h3 id="m116">Vision_RA.Test.RA_VarianceFlaggingNewScreen#FG_CF_038</h3><table class="result"><tr class="param"><th>Parameter #1</th><th>Parameter #2</th></tr><tr class="param stripe"><td>RA</td><td>Vision@123</td></tr></table><p class="totop"><a href="#summary">back to summary</a></p>
<h3 id="m117">Vision_RA.Test.RA_VarianceFlaggingNewScreen#FG_CF_039</h3><table class="result"><tr class="param"><th>Parameter #1</th><th>Parameter #2</th></tr><tr class="param stripe"><td>RA</td><td>Vision@123</td></tr></table><p class="totop"><a href="#summary">back to summary</a></p>
<h3 id="m118">Vision_RA.Test.RA_VarianceFlaggingNewScreen#FG_CF_041</h3><table class="result"><tr class="param"><th>Parameter #1</th><th>Parameter #2</th></tr><tr class="param stripe"><td>RA</td><td>Vision@123</td></tr></table><p class="totop"><a href="#summary">back to summary</a></p>
<h3 id="m119">Vision_RA.Test.RA_VarianceFlaggingNewScreen#FG_CF_042</h3><table class="result"><tr class="param"><th>Parameter #1</th><th>Parameter #2</th></tr><tr class="param stripe"><td>RA</td><td>Vision@123</td></tr></table><p class="totop"><a href="#summary">back to summary</a></p>
<h3 id="m120">Vision_RA.Test.RA_VarianceFlaggingNewScreen#FG_CF_043</h3><table class="result"><tr class="param"><th>Parameter #1</th><th>Parameter #2</th></tr><tr class="param stripe"><td>RA</td><td>Vision@123</td></tr></table><p class="totop"><a href="#summary">back to summary</a></p>
<h3 id="m121">Vision_RA.Test.RA_VarianceFlaggingNewScreen#FG_CF_044</h3><table class="result"><tr class="param"><th>Parameter #1</th><th>Parameter #2</th></tr><tr class="param stripe"><td>RA</td><td>Vision@123</td></tr></table><p class="totop"><a href="#summary">back to summary</a></p>
<h3 id="m122">Vision_RA.Test.RA_VarianceFlaggingNewScreen#FG_CF_046</h3><table class="result"><tr class="param"><th>Parameter #1</th><th>Parameter #2</th></tr><tr class="param stripe"><td>RA</td><td>Vision@123</td></tr></table><p class="totop"><a href="#summary">back to summary</a></p>
<h3 id="m123">Vision_RA.Test.RA_VarianceFlaggingNewScreen#FG_CF_050</h3><table class="result"><tr class="param"><th>Parameter #1</th><th>Parameter #2</th></tr><tr class="param stripe"><td>RA</td><td>Vision@123</td></tr></table><p class="totop"><a href="#summary">back to summary</a></p>
<h3 id="m124">Vision_RA.Test.RA_VarianceFlaggingNewScreen#FG_CF_051</h3><table class="result"><tr class="param"><th>Parameter #1</th><th>Parameter #2</th></tr><tr class="param stripe"><td>RA</td><td>Vision@123</td></tr></table><p class="totop"><a href="#summary">back to summary</a></p>
<h3 id="m125">Vision_RA.Test.RA_VarianceFlaggingNewScreen#FG_CF_052</h3><table class="result"><tr class="param"><th>Parameter #1</th><th>Parameter #2</th></tr><tr class="param stripe"><td>RA</td><td>Vision@123</td></tr></table><p class="totop"><a href="#summary">back to summary</a></p>
<h3 id="m126">Vision_RA.Test.RA_VarianceFlaggingNewScreen#FG_CF_055</h3><table class="result"><tr class="param"><th>Parameter #1</th><th>Parameter #2</th></tr><tr class="param stripe"><td>RA</td><td>Vision@123</td></tr></table><p class="totop"><a href="#summary">back to summary</a></p>
<h3 id="m127">Vision_RA.Test.RA_VarianceFlaggingNewScreen#FG_CF_057</h3><table class="result"><tr class="param"><th>Parameter #1</th><th>Parameter #2</th></tr><tr class="param stripe"><td>RA</td><td>Vision@123</td></tr></table><p class="totop"><a href="#summary">back to summary</a></p>
<h3 id="m128">Vision_RA.Test.RA_VarianceFlaggingNewScreen#FG_CF_063</h3><table class="result"><tr class="param"><th>Parameter #1</th><th>Parameter #2</th></tr><tr class="param stripe"><td>RA</td><td>Vision@123</td></tr></table><p class="totop"><a href="#summary">back to summary</a></p>
<h3 id="m129">Vision_RA.Test.RA_VarianceFlaggingNewScreen#FG_CF_064</h3><table class="result"><tr class="param"><th>Parameter #1</th><th>Parameter #2</th></tr><tr class="param stripe"><td>RA</td><td>Vision@123</td></tr></table><p class="totop"><a href="#summary">back to summary</a></p>
<h3 id="m130">Vision_RA.Test.RA_VarianceFlaggingNewScreen#FG_CF_065</h3><table class="result"><tr class="param"><th>Parameter #1</th><th>Parameter #2</th></tr><tr class="param stripe"><td>RA</td><td>Vision@123</td></tr></table><p class="totop"><a href="#summary">back to summary</a></p>
<h3 id="m131">Vision_RA.Test.RA_VarianceFlaggingNewScreen#FG_CF_074</h3><table class="result"><tr class="param"><th>Parameter #1</th><th>Parameter #2</th></tr><tr class="param stripe"><td>RA</td><td>Vision@123</td></tr></table><p class="totop"><a href="#summary">back to summary</a></p>
<h3 id="m132">Vision_RA.Test.RA_VarianceFlaggingNewScreen#FG_CF_075</h3><table class="result"><tr class="param"><th>Parameter #1</th><th>Parameter #2</th></tr><tr class="param stripe"><td>RA</td><td>Vision@123</td></tr></table><p class="totop"><a href="#summary">back to summary</a></p>
</body>
</html>
