<?xml version="1.0" encoding="UTF-8"?>
<!-- Generated by org.testng.reporters.JUnitXMLReporter -->
<testsuite ignored="11" hostname="DESKTOP-4JORBA0" failures="7" tests="37" name="Test" time="252.364" errors="0" timestamp="2024-12-04T14:57:43 IST">
  <testcase classname="visionETL.Test.BaseClass" name="@BeforeMethod setUp" time="2.49">
    <failure type="org.openqa.selenium.NoSuchWindowException" message="no such window: target window already closed
from unknown error: web view not found
  (Session info: chrome=130.0.6723.117)
Build info: version: &amp;apos;4.14.1&amp;apos;, revision: &amp;apos;03f8ede370&amp;apos;
System info: os.name: &amp;apos;Windows 10&amp;apos;, os.arch: &amp;apos;amd64&amp;apos;, os.version: &amp;apos;10.0&amp;apos;, java.version: &amp;apos;21.0.2&amp;apos;
Driver info: org.openqa.selenium.chrome.ChromeDriver
Command: [c65e41056216cfcbe5fa11854e150c36, maximizeCurrentWindow {}]
Capabilities {acceptInsecureCerts: false, browserName: chrome, browserVersion: 130.0.6723.117, chrome: {chromedriverVersion: 130.0.6723.116 (6ac35f94ae3..., userDataDir: C:\Users\Welcome\AppData\Lo...}, fedcm:accounts: true, goog:chromeOptions: {debuggerAddress: localhost:60241}, networkConnectionEnabled: false, pageLoadStrategy: normal, platformName: windows, proxy: Proxy(), setWindowRect: true, strictFileInteractability: false, timeouts: {implicit: 0, pageLoad: 300000, script: 30000}, unhandledPromptBehavior: dismiss and notify, webauthn:extension:credBlob: true, webauthn:extension:largeBlob: true, webauthn:extension:minPinLength: true, webauthn:extension:prf: true, webauthn:virtualAuthenticators: true}
Session ID: c65e41056216cfcbe5fa11854e150c36">
      <![CDATA[org.openqa.selenium.NoSuchWindowException: no such window: target window already closed
from unknown error: web view not found
  (Session info: chrome=130.0.6723.117)
Build info: version: '4.14.1', revision: '03f8ede370'
System info: os.name: 'Windows 10', os.arch: 'amd64', os.version: '10.0', java.version: '21.0.2'
Driver info: org.openqa.selenium.chrome.ChromeDriver
Command: [c65e41056216cfcbe5fa11854e150c36, maximizeCurrentWindow {}]
Capabilities {acceptInsecureCerts: false, browserName: chrome, browserVersion: 130.0.6723.117, chrome: {chromedriverVersion: 130.0.6723.116 (6ac35f94ae3..., userDataDir: C:\Users\Welcome\AppData\Lo...}, fedcm:accounts: true, goog:chromeOptions: {debuggerAddress: localhost:60241}, networkConnectionEnabled: false, pageLoadStrategy: normal, platformName: windows, proxy: Proxy(), setWindowRect: true, strictFileInteractability: false, timeouts: {implicit: 0, pageLoad: 300000, script: 30000}, unhandledPromptBehavior: dismiss and notify, webauthn:extension:credBlob: true, webauthn:extension:largeBlob: true, webauthn:extension:minPinLength: true, webauthn:extension:prf: true, webauthn:virtualAuthenticators: true}
Session ID: c65e41056216cfcbe5fa11854e150c36
at org.openqa.selenium.remote.codec.w3c.W3CHttpResponseCodec.createException(W3CHttpResponseCodec.java:200)
at org.openqa.selenium.remote.codec.w3c.W3CHttpResponseCodec.decode(W3CHttpResponseCodec.java:133)
at org.openqa.selenium.remote.codec.w3c.W3CHttpResponseCodec.decode(W3CHttpResponseCodec.java:52)
at org.openqa.selenium.remote.HttpCommandExecutor.execute(HttpCommandExecutor.java:191)
at org.openqa.selenium.remote.service.DriverCommandExecutor.invokeExecute(DriverCommandExecutor.java:200)
at org.openqa.selenium.remote.service.DriverCommandExecutor.execute(DriverCommandExecutor.java:175)
at org.openqa.selenium.remote.RemoteWebDriver.execute(RemoteWebDriver.java:602)
at org.openqa.selenium.remote.RemoteWebDriver.execute(RemoteWebDriver.java:675)
at org.openqa.selenium.remote.RemoteWebDriver.execute(RemoteWebDriver.java:679)
at org.openqa.selenium.remote.RemoteWebDriver$RemoteWebDriverOptions$RemoteWindow.maximize(RemoteWebDriver.java:1073)
at visionETL.Test.BaseClass.setUp(BaseClass.java:18)
at java.base/java.util.ArrayList.forEach(ArrayList.java:1596)
... Removed 32 stack frames]]>
    </failure>
  </testcase> <!-- @BeforeMethod setUp -->
  <testcase classname="visionETL.Test.ETLConnector" name="@BeforeMethod Connector" time="-1.733304458862E9">
    <skipped/>
  </testcase> <!-- @BeforeMethod Connector -->
  <testcase classname="visionETL.Test.ETLConnector" name="@BeforeMethod ETL" time="-1.733304458867E9">
    <skipped/>
  </testcase> <!-- @BeforeMethod ETL -->
  <testcase classname="visionETL.Test.ETLConnector" name="@BeforeMethod setUpLogin" time="-1.73330445887E9">
    <skipped/>
  </testcase> <!-- @BeforeMethod setUpLogin -->
  <testcase classname="visionETL.Test.BaseClass" name="@AfterMethod tearDown" time="-1.733304458882E9">
    <skipped/>
  </testcase> <!-- @AfterMethod tearDown -->
  <testcase classname="visionETL.Test.BaseClass" name="@BeforeMethod setUp" time="-1.733304458888E9">
    <skipped/>
  </testcase> <!-- @BeforeMethod setUp -->
  <testcase classname="visionETL.Test.ETLConnector" name="@BeforeMethod Connector" time="-1.733304458889E9">
    <skipped/>
  </testcase> <!-- @BeforeMethod Connector -->
  <testcase classname="visionETL.Test.ETLConnector" name="@BeforeMethod ETL" time="-1.733304458894E9">
    <skipped/>
  </testcase> <!-- @BeforeMethod ETL -->
  <testcase classname="visionETL.Test.ETLConnector" name="@BeforeMethod setUpLogin" time="-1.733304458896E9">
    <skipped/>
  </testcase> <!-- @BeforeMethod setUpLogin -->
  <testcase classname="visionETL.Test.BaseClass" name="@AfterMethod tearDown" time="-1.733304458908E9">
    <skipped/>
  </testcase> <!-- @AfterMethod tearDown -->
  <testcase classname="visionETL.Test.BaseClass" name="@BeforeMethod setUp" time="-1.73330445891E9">
    <skipped/>
  </testcase> <!-- @BeforeMethod setUp -->
  <testcase classname="visionETL.Test.ETLConnector" name="@BeforeMethod Connector" time="-1.733304458912E9">
    <skipped/>
  </testcase> <!-- @BeforeMethod Connector -->
  <testcase classname="visionETL.Test.ETLConnector" name="@BeforeMethod ETL" time="-1.733304458913E9">
    <skipped/>
  </testcase> <!-- @BeforeMethod ETL -->
  <testcase classname="visionETL.Test.ETLConnector" name="@BeforeMethod setUpLogin" time="-1.733304458919E9">
    <skipped/>
  </testcase> <!-- @BeforeMethod setUpLogin -->
  <testcase classname="visionETL.Test.BaseClass" name="@AfterMethod tearDown" time="-1.733304458937E9">
    <skipped/>
  </testcase> <!-- @AfterMethod tearDown -->
  <testcase classname="visionETL.Test.BaseClass" name="@BeforeMethod setUp" time="-1.733304458942E9">
    <skipped/>
  </testcase> <!-- @BeforeMethod setUp -->
  <testcase classname="visionETL.Test.ETLConnector" name="@BeforeMethod Connector" time="-1.733304458945E9">
    <skipped/>
  </testcase> <!-- @BeforeMethod Connector -->
  <testcase classname="visionETL.Test.ETLConnector" name="@BeforeMethod ETL" time="-1.733304458946E9">
    <skipped/>
  </testcase> <!-- @BeforeMethod ETL -->
  <testcase classname="visionETL.Test.ETLConnector" name="@BeforeMethod setUpLogin" time="-1.733304458947E9">
    <skipped/>
  </testcase> <!-- @BeforeMethod setUpLogin -->
  <testcase classname="visionETL.Test.BaseClass" name="@AfterMethod tearDown" time="-1.733304458955E9">
    <skipped/>
  </testcase> <!-- @AfterMethod tearDown -->
  <testcase classname="visionETL.Test.BaseClass" name="@BeforeMethod setUp" time="-1.733304458957E9">
    <skipped/>
  </testcase> <!-- @BeforeMethod setUp -->
  <testcase classname="visionETL.Test.ETLConnector" name="@BeforeMethod Connector" time="-1.733304458957E9">
    <skipped/>
  </testcase> <!-- @BeforeMethod Connector -->
  <testcase classname="visionETL.Test.ETLConnector" name="@BeforeMethod ETL" time="-1.73330445896E9">
    <skipped/>
  </testcase> <!-- @BeforeMethod ETL -->
  <testcase classname="visionETL.Test.ETLConnector" name="@BeforeMethod setUpLogin" time="-1.733304458962E9">
    <skipped/>
  </testcase> <!-- @BeforeMethod setUpLogin -->
  <testcase classname="visionETL.Test.BaseClass" name="@AfterMethod tearDown" time="-1.733304458979E9">
    <skipped/>
  </testcase> <!-- @AfterMethod tearDown -->
  <testcase classname="visionETL.Test.BaseClass" name="@BeforeMethod setUp" time="-1.733304458982E9">
    <skipped/>
  </testcase> <!-- @BeforeMethod setUp -->
  <testcase classname="visionETL.Test.ETLConnector" name="@BeforeMethod Connector" time="-1.733304458985E9">
    <skipped/>
  </testcase> <!-- @BeforeMethod Connector -->
  <testcase classname="visionETL.Test.ETLConnector" name="@BeforeMethod ETL" time="-1.733304458986E9">
    <skipped/>
  </testcase> <!-- @BeforeMethod ETL -->
  <testcase classname="visionETL.Test.ETLConnector" name="@BeforeMethod setUpLogin" time="-1.733304458987E9">
    <skipped/>
  </testcase> <!-- @BeforeMethod setUpLogin -->
  <testcase classname="visionETL.Test.BaseClass" name="@AfterMethod tearDown" time="-1.733304458994E9">
    <skipped/>
  </testcase> <!-- @AfterMethod tearDown -->
  <testcase classname="visionETL.Test.BaseClass" name="@BeforeMethod setUp" time="-1.733304459002E9">
    <skipped/>
  </testcase> <!-- @BeforeMethod setUp -->
  <testcase classname="visionETL.Test.ETLConnector" name="@BeforeMethod Connector" time="-1.733304459004E9">
    <skipped/>
  </testcase> <!-- @BeforeMethod Connector -->
  <testcase classname="visionETL.Test.ETLConnector" name="@BeforeMethod ETL" time="-1.733304459005E9">
    <skipped/>
  </testcase> <!-- @BeforeMethod ETL -->
  <testcase classname="visionETL.Test.ETLConnector" name="@BeforeMethod setUpLogin" time="-1.733304459007E9">
    <skipped/>
  </testcase> <!-- @BeforeMethod setUpLogin -->
  <testcase classname="visionETL.Test.BaseClass" name="@AfterMethod tearDown" time="-1.733304459017E9">
    <skipped/>
  </testcase> <!-- @AfterMethod tearDown -->
  <testcase classname="visionETL.Test.BaseClass" name="@BeforeMethod setUp" time="-1.733304459025E9">
    <skipped/>
  </testcase> <!-- @BeforeMethod setUp -->
  <testcase classname="visionETL.Test.ETLConnector" name="@BeforeMethod Connector" time="-1.733304459027E9">
    <skipped/>
  </testcase> <!-- @BeforeMethod Connector -->
  <testcase classname="visionETL.Test.ETLConnector" name="@BeforeMethod ETL" time="-1.733304459029E9">
    <skipped/>
  </testcase> <!-- @BeforeMethod ETL -->
  <testcase classname="visionETL.Test.ETLConnector" name="@BeforeMethod setUpLogin" time="-1.73330445903E9">
    <skipped/>
  </testcase> <!-- @BeforeMethod setUpLogin -->
  <testcase classname="visionETL.Test.BaseClass" name="@AfterMethod tearDown" time="-1.733304459039E9">
    <skipped/>
  </testcase> <!-- @AfterMethod tearDown -->
  <testcase classname="visionETL.Test.BaseClass" name="@BeforeMethod setUp" time="-1.733304459046E9">
    <skipped/>
  </testcase> <!-- @BeforeMethod setUp -->
  <testcase classname="visionETL.Test.ETLConnector" name="@BeforeMethod Connector" time="-1.733304459047E9">
    <skipped/>
  </testcase> <!-- @BeforeMethod Connector -->
  <testcase classname="visionETL.Test.ETLConnector" name="@BeforeMethod ETL" time="-1.733304459051E9">
    <skipped/>
  </testcase> <!-- @BeforeMethod ETL -->
  <testcase classname="visionETL.Test.ETLConnector" name="@BeforeMethod setUpLogin" time="-1.733304459054E9">
    <skipped/>
  </testcase> <!-- @BeforeMethod setUpLogin -->
  <testcase classname="visionETL.Test.BaseClass" name="@AfterMethod tearDown" time="-1.733304459061E9">
    <skipped/>
  </testcase> <!-- @AfterMethod tearDown -->
  <testcase classname="visionETL.Test.BaseClass" name="@BeforeMethod setUp" time="-1.733304459076E9">
    <skipped/>
  </testcase> <!-- @BeforeMethod setUp -->
  <testcase classname="visionETL.Test.ETLConnector" name="@BeforeMethod Connector" time="-1.733304459091E9">
    <skipped/>
  </testcase> <!-- @BeforeMethod Connector -->
  <testcase classname="visionETL.Test.ETLConnector" name="@BeforeMethod ETL" time="-1.733304459102E9">
    <skipped/>
  </testcase> <!-- @BeforeMethod ETL -->
  <testcase classname="visionETL.Test.ETLConnector" name="@BeforeMethod setUpLogin" time="-1.733304459108E9">
    <skipped/>
  </testcase> <!-- @BeforeMethod setUpLogin -->
  <testcase classname="visionETL.Test.BaseClass" name="@AfterMethod tearDown" time="-1.733304459122E9">
    <skipped/>
  </testcase> <!-- @AfterMethod tearDown -->
  <testcase classname="visionETL.Test.BaseClass" name="@BeforeMethod setUp" time="-1.733304459124E9">
    <skipped/>
  </testcase> <!-- @BeforeMethod setUp -->
  <testcase classname="visionETL.Test.ETLConnector" name="@BeforeMethod Connector" time="-1.733304459125E9">
    <skipped/>
  </testcase> <!-- @BeforeMethod Connector -->
  <testcase classname="visionETL.Test.ETLConnector" name="@BeforeMethod ETL" time="-1.733304459126E9">
    <skipped/>
  </testcase> <!-- @BeforeMethod ETL -->
  <testcase classname="visionETL.Test.ETLConnector" name="@BeforeMethod setUpLogin" time="-1.733304459128E9">
    <skipped/>
  </testcase> <!-- @BeforeMethod setUpLogin -->
  <testcase classname="visionETL.Test.BaseClass" name="@AfterMethod tearDown" time="-1.733304459153E9">
    <skipped/>
  </testcase> <!-- @AfterMethod tearDown -->
  <testcase classname="visionETL.Test.BaseClass" name="@BeforeMethod setUp" time="-1.733304459155E9">
    <skipped/>
  </testcase> <!-- @BeforeMethod setUp -->
  <testcase classname="visionETL.Test.ETLConnector" name="@BeforeMethod Connector" time="-1.733304459157E9">
    <skipped/>
  </testcase> <!-- @BeforeMethod Connector -->
  <testcase classname="visionETL.Test.ETLConnector" name="@BeforeMethod ETL" time="-1.733304459158E9">
    <skipped/>
  </testcase> <!-- @BeforeMethod ETL -->
  <testcase classname="visionETL.Test.ETLConnector" name="@BeforeMethod setUpLogin" time="-1.73330445916E9">
    <skipped/>
  </testcase> <!-- @BeforeMethod setUpLogin -->
  <testcase classname="visionETL.Test.BaseClass" name="@AfterMethod tearDown" time="-1.733304459172E9">
    <skipped/>
  </testcase> <!-- @AfterMethod tearDown -->
  <testcase classname="visionETL.Test.BaseClass" name="@BeforeMethod setUp" time="-1.733304459179E9">
    <skipped/>
  </testcase> <!-- @BeforeMethod setUp -->
  <testcase classname="visionETL.Test.ETLConnector" name="@BeforeMethod Connector" time="-1.733304459183E9">
    <skipped/>
  </testcase> <!-- @BeforeMethod Connector -->
  <testcase classname="visionETL.Test.ETLConnector" name="@BeforeMethod ETL" time="-1.733304459185E9">
    <skipped/>
  </testcase> <!-- @BeforeMethod ETL -->
  <testcase classname="visionETL.Test.ETLConnector" name="@BeforeMethod setUpLogin" time="-1.733304459187E9">
    <skipped/>
  </testcase> <!-- @BeforeMethod setUpLogin -->
  <testcase classname="visionETL.Test.BaseClass" name="@AfterMethod tearDown" time="-1.733304459197E9">
    <skipped/>
  </testcase> <!-- @AfterMethod tearDown -->
  <testcase classname="visionETL.Test.BaseClass" name="@BeforeMethod setUp" time="-1.733304459203E9">
    <skipped/>
  </testcase> <!-- @BeforeMethod setUp -->
  <testcase classname="visionETL.Test.ETLConnector" name="@BeforeMethod Connector" time="-1.733304459205E9">
    <skipped/>
  </testcase> <!-- @BeforeMethod Connector -->
  <testcase classname="visionETL.Test.ETLConnector" name="@BeforeMethod ETL" time="-1.733304459206E9">
    <skipped/>
  </testcase> <!-- @BeforeMethod ETL -->
  <testcase classname="visionETL.Test.ETLConnector" name="@BeforeMethod setUpLogin" time="-1.733304459207E9">
    <skipped/>
  </testcase> <!-- @BeforeMethod setUpLogin -->
  <testcase classname="visionETL.Test.BaseClass" name="@AfterMethod tearDown" time="-1.733304459224E9">
    <skipped/>
  </testcase> <!-- @AfterMethod tearDown -->
  <testcase classname="visionETL.Test.BaseClass" name="@BeforeMethod setUp" time="-1.733304459228E9">
    <skipped/>
  </testcase> <!-- @BeforeMethod setUp -->
  <testcase classname="visionETL.Test.ETLConnector" name="@BeforeMethod Connector" time="-1.73330445923E9">
    <skipped/>
  </testcase> <!-- @BeforeMethod Connector -->
  <testcase classname="visionETL.Test.ETLConnector" name="@BeforeMethod ETL" time="-1.733304459231E9">
    <skipped/>
  </testcase> <!-- @BeforeMethod ETL -->
  <testcase classname="visionETL.Test.ETLConnector" name="@BeforeMethod setUpLogin" time="-1.733304459232E9">
    <skipped/>
  </testcase> <!-- @BeforeMethod setUpLogin -->
  <testcase classname="visionETL.Test.BaseClass" name="@AfterMethod tearDown" time="-1.733304459238E9">
    <skipped/>
  </testcase> <!-- @AfterMethod tearDown -->
  <testcase classname="visionETL.Test.BaseClass" name="@BeforeMethod setUp" time="-1.73330445924E9">
    <skipped/>
  </testcase> <!-- @BeforeMethod setUp -->
  <testcase classname="visionETL.Test.ETLConnector" name="@BeforeMethod Connector" time="-1.733304459243E9">
    <skipped/>
  </testcase> <!-- @BeforeMethod Connector -->
  <testcase classname="visionETL.Test.ETLConnector" name="@BeforeMethod ETL" time="-1.733304459245E9">
    <skipped/>
  </testcase> <!-- @BeforeMethod ETL -->
  <testcase classname="visionETL.Test.ETLConnector" name="@BeforeMethod setUpLogin" time="-1.733304459246E9">
    <skipped/>
  </testcase> <!-- @BeforeMethod setUpLogin -->
  <testcase classname="visionETL.Test.BaseClass" name="@AfterMethod tearDown" time="-1.733304459255E9">
    <skipped/>
  </testcase> <!-- @AfterMethod tearDown -->
  <testcase classname="visionETL.Test.BaseClass" name="@BeforeMethod setUp" time="-1.733304459257E9">
    <skipped/>
  </testcase> <!-- @BeforeMethod setUp -->
  <testcase classname="visionETL.Test.ETLConnector" name="@BeforeMethod Connector" time="-1.733304459258E9">
    <skipped/>
  </testcase> <!-- @BeforeMethod Connector -->
  <testcase classname="visionETL.Test.ETLConnector" name="@BeforeMethod ETL" time="-1.733304459259E9">
    <skipped/>
  </testcase> <!-- @BeforeMethod ETL -->
  <testcase classname="visionETL.Test.ETLConnector" name="@BeforeMethod setUpLogin" time="-1.73330445926E9">
    <skipped/>
  </testcase> <!-- @BeforeMethod setUpLogin -->
  <testcase classname="visionETL.Test.BaseClass" name="@AfterMethod tearDown" time="-1.733304459265E9">
    <skipped/>
  </testcase> <!-- @AfterMethod tearDown -->
  <testcase classname="visionETL.Test.BaseClass" name="@BeforeMethod setUp" time="-1.733304459268E9">
    <skipped/>
  </testcase> <!-- @BeforeMethod setUp -->
  <testcase classname="visionETL.Test.ETLConnector" name="@BeforeMethod Connector" time="-1.733304459269E9">
    <skipped/>
  </testcase> <!-- @BeforeMethod Connector -->
  <testcase classname="visionETL.Test.ETLConnector" name="@BeforeMethod ETL" time="-1.73330445927E9">
    <skipped/>
  </testcase> <!-- @BeforeMethod ETL -->
  <testcase classname="visionETL.Test.ETLConnector" name="@BeforeMethod setUpLogin" time="-1.733304459271E9">
    <skipped/>
  </testcase> <!-- @BeforeMethod setUpLogin -->
  <testcase classname="visionETL.Test.BaseClass" name="@AfterMethod tearDown" time="-1.733304459276E9">
    <skipped/>
  </testcase> <!-- @AfterMethod tearDown -->
  <testcase classname="visionETL.Test.BaseClass" name="@BeforeMethod setUp" time="-1.733304459278E9">
    <skipped/>
  </testcase> <!-- @BeforeMethod setUp -->
  <testcase classname="visionETL.Test.ETLConnector" name="@BeforeMethod Connector" time="-1.733304459279E9">
    <skipped/>
  </testcase> <!-- @BeforeMethod Connector -->
  <testcase classname="visionETL.Test.ETLConnector" name="@BeforeMethod ETL" time="-1.73330445928E9">
    <skipped/>
  </testcase> <!-- @BeforeMethod ETL -->
  <testcase classname="visionETL.Test.ETLConnector" name="@BeforeMethod setUpLogin" time="-1.733304459281E9">
    <skipped/>
  </testcase> <!-- @BeforeMethod setUpLogin -->
  <testcase classname="visionETL.Test.BaseClass" name="@AfterMethod tearDown" time="-1.733304459286E9">
    <skipped/>
  </testcase> <!-- @AfterMethod tearDown -->
  <testcase classname="visionETL.Test.BaseClass" name="@BeforeMethod setUp" time="-1.733304459288E9">
    <skipped/>
  </testcase> <!-- @BeforeMethod setUp -->
  <testcase classname="visionETL.Test.ETLConnector" name="@BeforeMethod Connector" time="-1.733304459289E9">
    <skipped/>
  </testcase> <!-- @BeforeMethod Connector -->
  <testcase classname="visionETL.Test.ETLConnector" name="@BeforeMethod ETL" time="-1.73330445929E9">
    <skipped/>
  </testcase> <!-- @BeforeMethod ETL -->
  <testcase classname="visionETL.Test.ETLConnector" name="@BeforeMethod setUpLogin" time="-1.73330445929E9">
    <skipped/>
  </testcase> <!-- @BeforeMethod setUpLogin -->
  <testcase classname="visionETL.Test.BaseClass" name="@AfterMethod tearDown" time="-1.733304459295E9">
    <skipped/>
  </testcase> <!-- @AfterMethod tearDown -->
  <testcase classname="visionETL.Test.BaseClass" name="@BeforeMethod setUp" time="-1.733304459298E9">
    <skipped/>
  </testcase> <!-- @BeforeMethod setUp -->
  <testcase classname="visionETL.Test.ETLConnector" name="@BeforeMethod Connector" time="-1.733304459299E9">
    <skipped/>
  </testcase> <!-- @BeforeMethod Connector -->
  <testcase classname="visionETL.Test.ETLConnector" name="@BeforeMethod ETL" time="-1.7333044593E9">
    <skipped/>
  </testcase> <!-- @BeforeMethod ETL -->
  <testcase classname="visionETL.Test.ETLConnector" name="@BeforeMethod setUpLogin" time="-1.7333044593E9">
    <skipped/>
  </testcase> <!-- @BeforeMethod setUpLogin -->
  <testcase classname="visionETL.Test.BaseClass" name="@AfterMethod tearDown" time="-1.733304459317E9">
    <skipped/>
  </testcase> <!-- @AfterMethod tearDown -->
  <testcase classname="visionETL.Test.BaseClass" name="@BeforeMethod setUp" time="-1.733304459322E9">
    <skipped/>
  </testcase> <!-- @BeforeMethod setUp -->
  <testcase classname="visionETL.Test.ETLConnector" name="@BeforeMethod Connector" time="-1.733304459324E9">
    <skipped/>
  </testcase> <!-- @BeforeMethod Connector -->
  <testcase classname="visionETL.Test.ETLConnector" name="@BeforeMethod ETL" time="-1.733304459327E9">
    <skipped/>
  </testcase> <!-- @BeforeMethod ETL -->
  <testcase classname="visionETL.Test.ETLConnector" name="@BeforeMethod setUpLogin" time="-1.733304459334E9">
    <skipped/>
  </testcase> <!-- @BeforeMethod setUpLogin -->
  <testcase classname="visionETL.Test.BaseClass" name="@AfterMethod tearDown" time="-1.73330445934E9">
    <skipped/>
  </testcase> <!-- @AfterMethod tearDown -->
  <testcase classname="visionETL.Test.BaseClass" name="@BeforeMethod setUp" time="-1.733304459344E9">
    <skipped/>
  </testcase> <!-- @BeforeMethod setUp -->
  <testcase classname="visionETL.Test.ETLConnector" name="@BeforeMethod Connector" time="-1.73330445935E9">
    <skipped/>
  </testcase> <!-- @BeforeMethod Connector -->
  <testcase classname="visionETL.Test.ETLConnector" name="@BeforeMethod ETL" time="-1.733304459351E9">
    <skipped/>
  </testcase> <!-- @BeforeMethod ETL -->
  <testcase classname="visionETL.Test.ETLConnector" name="@BeforeMethod setUpLogin" time="-1.733304459367E9">
    <skipped/>
  </testcase> <!-- @BeforeMethod setUpLogin -->
  <testcase classname="visionETL.Test.BaseClass" name="@AfterMethod tearDown" time="-1.733304459384E9">
    <skipped/>
  </testcase> <!-- @AfterMethod tearDown -->
  <testcase classname="visionETL.Test.BaseClass" name="@BeforeMethod setUp" time="-1.73330445939E9">
    <skipped/>
  </testcase> <!-- @BeforeMethod setUp -->
  <testcase classname="visionETL.Test.ETLConnector" name="@BeforeMethod Connector" time="-1.733304459392E9">
    <skipped/>
  </testcase> <!-- @BeforeMethod Connector -->
  <testcase classname="visionETL.Test.ETLConnector" name="@BeforeMethod ETL" time="-1.733304459393E9">
    <skipped/>
  </testcase> <!-- @BeforeMethod ETL -->
  <testcase classname="visionETL.Test.ETLConnector" name="@BeforeMethod setUpLogin" time="-1.733304459395E9">
    <skipped/>
  </testcase> <!-- @BeforeMethod setUpLogin -->
  <testcase classname="visionETL.Test.BaseClass" name="@AfterMethod tearDown" time="-1.733304459408E9">
    <skipped/>
  </testcase> <!-- @AfterMethod tearDown -->
  <testcase classname="visionETL.Test.BaseClass" name="@BeforeMethod setUp" time="-1.733304459418E9">
    <skipped/>
  </testcase> <!-- @BeforeMethod setUp -->
  <testcase classname="visionETL.Test.ETLConnector" name="@BeforeMethod Connector" time="-1.733304459419E9">
    <skipped/>
  </testcase> <!-- @BeforeMethod Connector -->
  <testcase classname="visionETL.Test.ETLConnector" name="@BeforeMethod ETL" time="-1.733304459421E9">
    <skipped/>
  </testcase> <!-- @BeforeMethod ETL -->
  <testcase classname="visionETL.Test.ETLConnector" name="@BeforeMethod setUpLogin" time="-1.733304459425E9">
    <skipped/>
  </testcase> <!-- @BeforeMethod setUpLogin -->
  <testcase classname="visionETL.Test.BaseClass" name="@AfterMethod tearDown" time="-1.733304459436E9">
    <skipped/>
  </testcase> <!-- @AfterMethod tearDown -->
  <testcase classname="visionETL.Test.BaseClass" name="@BeforeMethod setUp" time="-1.733304459438E9">
    <skipped/>
  </testcase> <!-- @BeforeMethod setUp -->
  <testcase classname="visionETL.Test.ETLConnector" name="@BeforeMethod Connector" time="-1.733304459439E9">
    <skipped/>
  </testcase> <!-- @BeforeMethod Connector -->
  <testcase classname="visionETL.Test.ETLConnector" name="@BeforeMethod ETL" time="-1.73330445944E9">
    <skipped/>
  </testcase> <!-- @BeforeMethod ETL -->
  <testcase classname="visionETL.Test.ETLConnector" name="@BeforeMethod setUpLogin" time="-1.733304459441E9">
    <skipped/>
  </testcase> <!-- @BeforeMethod setUpLogin -->
  <testcase classname="visionETL.Test.BaseClass" name="@AfterMethod tearDown" time="-1.733304459446E9">
    <skipped/>
  </testcase> <!-- @AfterMethod tearDown -->
  <testcase classname="visionETL.Test.ETLConnector" name="ETL_CC_001" time="18.681"/>
  <testcase classname="visionETL.Test.ETLConnector" name="ETL_CC_005" time="29.261">
    <failure type="org.openqa.selenium.NoSuchElementException" message="no such element: Unable to locate element: {&amp;quot;method&amp;quot;:&amp;quot;xpath&amp;quot;,&amp;quot;selector&amp;quot;:&amp;quot;//body/app-root[1]/app-main-container[1]/div[1]/div[2]/div[1]/app-connector[1]/div[1]/div[1]/div[1]/div[1]/div[2]/div[2]/div[1]/div[1]/div[1]/div[1]/div[1]/div[1]/div[1]/div[1]/div[1]/div[2]/div[1]/perfect-scrollbar[1]/div[1]/div[1]/form[1]/div[1]/div[1]/div[1]/div[4]/input[1]&amp;quot;}
  (Session info: chrome=130.0.6723.117)
For documentation on this error, please visit: https://www.selenium.dev/documentation/webdriver/troubleshooting/errors#no-such-element-exception
Build info: version: &amp;apos;4.14.1&amp;apos;, revision: &amp;apos;03f8ede370&amp;apos;
System info: os.name: &amp;apos;Windows 10&amp;apos;, os.arch: &amp;apos;amd64&amp;apos;, os.version: &amp;apos;10.0&amp;apos;, java.version: &amp;apos;21.0.2&amp;apos;
Driver info: org.openqa.selenium.chrome.ChromeDriver
Command: [6965ee72a27e58f36d8e38b208272e2f, findElement {using=xpath, value=//body/app-root[1]/app-main-container[1]/div[1]/div[2]/div[1]/app-connector[1]/div[1]/div[1]/div[1]/div[1]/div[2]/div[2]/div[1]/div[1]/div[1]/div[1]/div[1]/div[1]/div[1]/div[1]/div[1]/div[2]/div[1]/perfect-scrollbar[1]/div[1]/div[1]/form[1]/div[1]/div[1]/div[1]/div[4]/input[1]}]
Capabilities {acceptInsecureCerts: false, browserName: chrome, browserVersion: 130.0.6723.117, chrome: {chromedriverVersion: 130.0.6723.116 (6ac35f94ae3..., userDataDir: C:\Users\Welcome\AppData\Lo...}, fedcm:accounts: true, goog:chromeOptions: {debuggerAddress: localhost:59724}, networkConnectionEnabled: false, pageLoadStrategy: normal, platformName: windows, proxy: Proxy(), se:cdp: ws://localhost:59724/devtoo..., se:cdpVersion: 130.0.6723.117, setWindowRect: true, strictFileInteractability: false, timeouts: {implicit: 0, pageLoad: 300000, script: 30000}, unhandledPromptBehavior: dismiss and notify, webauthn:extension:credBlob: true, webauthn:extension:largeBlob: true, webauthn:extension:minPinLength: true, webauthn:extension:prf: true, webauthn:virtualAuthenticators: true}
Session ID: 6965ee72a27e58f36d8e38b208272e2f">
      <![CDATA[org.openqa.selenium.NoSuchElementException: no such element: Unable to locate element: {"method":"xpath","selector":"//body/app-root[1]/app-main-container[1]/div[1]/div[2]/div[1]/app-connector[1]/div[1]/div[1]/div[1]/div[1]/div[2]/div[2]/div[1]/div[1]/div[1]/div[1]/div[1]/div[1]/div[1]/div[1]/div[1]/div[2]/div[1]/perfect-scrollbar[1]/div[1]/div[1]/form[1]/div[1]/div[1]/div[1]/div[4]/input[1]"}
  (Session info: chrome=130.0.6723.117)
For documentation on this error, please visit: https://www.selenium.dev/documentation/webdriver/troubleshooting/errors#no-such-element-exception
Build info: version: '4.14.1', revision: '03f8ede370'
System info: os.name: 'Windows 10', os.arch: 'amd64', os.version: '10.0', java.version: '21.0.2'
Driver info: org.openqa.selenium.chrome.ChromeDriver
Command: [6965ee72a27e58f36d8e38b208272e2f, findElement {using=xpath, value=//body/app-root[1]/app-main-container[1]/div[1]/div[2]/div[1]/app-connector[1]/div[1]/div[1]/div[1]/div[1]/div[2]/div[2]/div[1]/div[1]/div[1]/div[1]/div[1]/div[1]/div[1]/div[1]/div[1]/div[2]/div[1]/perfect-scrollbar[1]/div[1]/div[1]/form[1]/div[1]/div[1]/div[1]/div[4]/input[1]}]
Capabilities {acceptInsecureCerts: false, browserName: chrome, browserVersion: 130.0.6723.117, chrome: {chromedriverVersion: 130.0.6723.116 (6ac35f94ae3..., userDataDir: C:\Users\Welcome\AppData\Lo...}, fedcm:accounts: true, goog:chromeOptions: {debuggerAddress: localhost:59724}, networkConnectionEnabled: false, pageLoadStrategy: normal, platformName: windows, proxy: Proxy(), se:cdp: ws://localhost:59724/devtoo..., se:cdpVersion: 130.0.6723.117, setWindowRect: true, strictFileInteractability: false, timeouts: {implicit: 0, pageLoad: 300000, script: 30000}, unhandledPromptBehavior: dismiss and notify, webauthn:extension:credBlob: true, webauthn:extension:largeBlob: true, webauthn:extension:minPinLength: true, webauthn:extension:prf: true, webauthn:virtualAuthenticators: true}
Session ID: 6965ee72a27e58f36d8e38b208272e2f
at org.openqa.selenium.remote.codec.w3c.W3CHttpResponseCodec.createException(W3CHttpResponseCodec.java:200)
at org.openqa.selenium.remote.codec.w3c.W3CHttpResponseCodec.decode(W3CHttpResponseCodec.java:133)
at org.openqa.selenium.remote.codec.w3c.W3CHttpResponseCodec.decode(W3CHttpResponseCodec.java:52)
at org.openqa.selenium.remote.HttpCommandExecutor.execute(HttpCommandExecutor.java:191)
at org.openqa.selenium.remote.service.DriverCommandExecutor.invokeExecute(DriverCommandExecutor.java:200)
at org.openqa.selenium.remote.service.DriverCommandExecutor.execute(DriverCommandExecutor.java:175)
at org.openqa.selenium.remote.RemoteWebDriver.execute(RemoteWebDriver.java:602)
at org.openqa.selenium.remote.ElementLocation$ElementFinder$2.findElement(ElementLocation.java:165)
at org.openqa.selenium.remote.ElementLocation.findElement(ElementLocation.java:59)
at org.openqa.selenium.remote.RemoteWebDriver.findElement(RemoteWebDriver.java:359)
at org.openqa.selenium.remote.RemoteWebDriver.findElement(RemoteWebDriver.java:353)
at visionETL.Test.ETLConnector.ETL_CC_005(ETLConnector.java:220)
at java.base/java.util.ArrayList.forEach(ArrayList.java:1596)
... Removed 28 stack frames]]>
    </failure>
  </testcase> <!-- ETL_CC_005 -->
  <testcase classname="visionETL.Test.ETLConnector" name="ETL_CC_009" time="22.536">
    <failure type="org.openqa.selenium.NoSuchElementException" message="no such element: Unable to locate element: {&amp;quot;method&amp;quot;:&amp;quot;xpath&amp;quot;,&amp;quot;selector&amp;quot;:&amp;quot;//body/app-root[1]/app-main-container[1]/div[1]/div[2]/div[1]/app-etl-script[1]/div[1]/div[1]/div[1]/div[1]/div[1]/div[2]/div[1]/div[1]/div[1]/div[1]/div[1]/div[1]/form[1]/div[1]/div[1]/div[1]/div[1]/ng-select[1]/div[1]&amp;quot;}
  (Session info: chrome=130.0.6723.117)
For documentation on this error, please visit: https://www.selenium.dev/documentation/webdriver/troubleshooting/errors#no-such-element-exception
Build info: version: &amp;apos;4.14.1&amp;apos;, revision: &amp;apos;03f8ede370&amp;apos;
System info: os.name: &amp;apos;Windows 10&amp;apos;, os.arch: &amp;apos;amd64&amp;apos;, os.version: &amp;apos;10.0&amp;apos;, java.version: &amp;apos;21.0.2&amp;apos;
Driver info: org.openqa.selenium.chrome.ChromeDriver
Command: [8afdb9890978a958021e84869da4008a, findElement {using=xpath, value=//body/app-root[1]/app-main-container[1]/div[1]/div[2]/div[1]/app-etl-script[1]/div[1]/div[1]/div[1]/div[1]/div[1]/div[2]/div[1]/div[1]/div[1]/div[1]/div[1]/div[1]/form[1]/div[1]/div[1]/div[1]/div[1]/ng-select[1]/div[1]}]
Capabilities {acceptInsecureCerts: false, browserName: chrome, browserVersion: 130.0.6723.117, chrome: {chromedriverVersion: 130.0.6723.116 (6ac35f94ae3..., userDataDir: C:\Users\Welcome\AppData\Lo...}, fedcm:accounts: true, goog:chromeOptions: {debuggerAddress: localhost:59805}, networkConnectionEnabled: false, pageLoadStrategy: normal, platformName: windows, proxy: Proxy(), se:cdp: ws://localhost:59805/devtoo..., se:cdpVersion: 130.0.6723.117, setWindowRect: true, strictFileInteractability: false, timeouts: {implicit: 0, pageLoad: 300000, script: 30000}, unhandledPromptBehavior: dismiss and notify, webauthn:extension:credBlob: true, webauthn:extension:largeBlob: true, webauthn:extension:minPinLength: true, webauthn:extension:prf: true, webauthn:virtualAuthenticators: true}
Session ID: 8afdb9890978a958021e84869da4008a">
      <![CDATA[org.openqa.selenium.NoSuchElementException: no such element: Unable to locate element: {"method":"xpath","selector":"//body/app-root[1]/app-main-container[1]/div[1]/div[2]/div[1]/app-etl-script[1]/div[1]/div[1]/div[1]/div[1]/div[1]/div[2]/div[1]/div[1]/div[1]/div[1]/div[1]/div[1]/form[1]/div[1]/div[1]/div[1]/div[1]/ng-select[1]/div[1]"}
  (Session info: chrome=130.0.6723.117)
For documentation on this error, please visit: https://www.selenium.dev/documentation/webdriver/troubleshooting/errors#no-such-element-exception
Build info: version: '4.14.1', revision: '03f8ede370'
System info: os.name: 'Windows 10', os.arch: 'amd64', os.version: '10.0', java.version: '21.0.2'
Driver info: org.openqa.selenium.chrome.ChromeDriver
Command: [8afdb9890978a958021e84869da4008a, findElement {using=xpath, value=//body/app-root[1]/app-main-container[1]/div[1]/div[2]/div[1]/app-etl-script[1]/div[1]/div[1]/div[1]/div[1]/div[1]/div[2]/div[1]/div[1]/div[1]/div[1]/div[1]/div[1]/form[1]/div[1]/div[1]/div[1]/div[1]/ng-select[1]/div[1]}]
Capabilities {acceptInsecureCerts: false, browserName: chrome, browserVersion: 130.0.6723.117, chrome: {chromedriverVersion: 130.0.6723.116 (6ac35f94ae3..., userDataDir: C:\Users\Welcome\AppData\Lo...}, fedcm:accounts: true, goog:chromeOptions: {debuggerAddress: localhost:59805}, networkConnectionEnabled: false, pageLoadStrategy: normal, platformName: windows, proxy: Proxy(), se:cdp: ws://localhost:59805/devtoo..., se:cdpVersion: 130.0.6723.117, setWindowRect: true, strictFileInteractability: false, timeouts: {implicit: 0, pageLoad: 300000, script: 30000}, unhandledPromptBehavior: dismiss and notify, webauthn:extension:credBlob: true, webauthn:extension:largeBlob: true, webauthn:extension:minPinLength: true, webauthn:extension:prf: true, webauthn:virtualAuthenticators: true}
Session ID: 8afdb9890978a958021e84869da4008a
at org.openqa.selenium.remote.codec.w3c.W3CHttpResponseCodec.createException(W3CHttpResponseCodec.java:200)
at org.openqa.selenium.remote.codec.w3c.W3CHttpResponseCodec.decode(W3CHttpResponseCodec.java:133)
at org.openqa.selenium.remote.codec.w3c.W3CHttpResponseCodec.decode(W3CHttpResponseCodec.java:52)
at org.openqa.selenium.remote.HttpCommandExecutor.execute(HttpCommandExecutor.java:191)
at org.openqa.selenium.remote.service.DriverCommandExecutor.invokeExecute(DriverCommandExecutor.java:200)
at org.openqa.selenium.remote.service.DriverCommandExecutor.execute(DriverCommandExecutor.java:175)
at org.openqa.selenium.remote.RemoteWebDriver.execute(RemoteWebDriver.java:602)
at org.openqa.selenium.remote.ElementLocation$ElementFinder$2.findElement(ElementLocation.java:165)
at org.openqa.selenium.remote.ElementLocation.findElement(ElementLocation.java:59)
at org.openqa.selenium.remote.RemoteWebDriver.findElement(RemoteWebDriver.java:359)
at org.openqa.selenium.remote.RemoteWebDriver.findElement(RemoteWebDriver.java:353)
at visionETL.Test.ETLConnector.ETL_CC_009(ETLConnector.java:363)
at java.base/java.util.ArrayList.forEach(ArrayList.java:1596)
... Removed 28 stack frames]]>
    </failure>
  </testcase> <!-- ETL_CC_009 -->
  <testcase classname="visionETL.Test.ETLConnector" name="ETL_CC_011" time="26.074"/>
  <testcase classname="visionETL.Test.ETLConnector" name="ETL_CC_012" time="22.926"/>
  <testcase classname="visionETL.Test.ETLConnector" name="ETL_CC_013" time="24.845"/>
  <testcase classname="visionETL.Test.ETLConnector" name="ETL_CC_014" time="17.917">
    <failure type="org.openqa.selenium.NoSuchElementException" message="no such element: Unable to locate element: {&amp;quot;method&amp;quot;:&amp;quot;xpath&amp;quot;,&amp;quot;selector&amp;quot;:&amp;quot;//body/app-root[1]/app-main-container[1]/div[1]/div[2]/div[1]/app-connector[1]/div[1]/div[1]/div[1]/div[1]/div[1]/div[2]/div[1]/div[1]/div[1]/div[1]/div[1]/div[1]/div[1]/div[1]/div[1]/div[2]/div[1]/perfect-scrollbar[1]/div[1]/div[1]/form[1]/div[1]/div[1]/div[1]/div[1]/ng-select[1]/div[1]/span[2]&amp;quot;}
  (Session info: chrome=130.0.6723.117)
For documentation on this error, please visit: https://www.selenium.dev/documentation/webdriver/troubleshooting/errors#no-such-element-exception
Build info: version: &amp;apos;4.14.1&amp;apos;, revision: &amp;apos;03f8ede370&amp;apos;
System info: os.name: &amp;apos;Windows 10&amp;apos;, os.arch: &amp;apos;amd64&amp;apos;, os.version: &amp;apos;10.0&amp;apos;, java.version: &amp;apos;21.0.2&amp;apos;
Driver info: org.openqa.selenium.chrome.ChromeDriver
Command: [4c0e482e11e09cb39c1765b09d0307c8, findElement {using=xpath, value=//body/app-root[1]/app-main-container[1]/div[1]/div[2]/div[1]/app-connector[1]/div[1]/div[1]/div[1]/div[1]/div[1]/div[2]/div[1]/div[1]/div[1]/div[1]/div[1]/div[1]/div[1]/div[1]/div[1]/div[2]/div[1]/perfect-scrollbar[1]/div[1]/div[1]/form[1]/div[1]/div[1]/div[1]/div[1]/ng-select[1]/div[1]/span[2]}]
Capabilities {acceptInsecureCerts: false, browserName: chrome, browserVersion: 130.0.6723.117, chrome: {chromedriverVersion: 130.0.6723.116 (6ac35f94ae3..., userDataDir: C:\Users\Welcome\AppData\Lo...}, fedcm:accounts: true, goog:chromeOptions: {debuggerAddress: localhost:60054}, networkConnectionEnabled: false, pageLoadStrategy: normal, platformName: windows, proxy: Proxy(), se:cdp: ws://localhost:60054/devtoo..., se:cdpVersion: 130.0.6723.117, setWindowRect: true, strictFileInteractability: false, timeouts: {implicit: 0, pageLoad: 300000, script: 30000}, unhandledPromptBehavior: dismiss and notify, webauthn:extension:credBlob: true, webauthn:extension:largeBlob: true, webauthn:extension:minPinLength: true, webauthn:extension:prf: true, webauthn:virtualAuthenticators: true}
Session ID: 4c0e482e11e09cb39c1765b09d0307c8">
      <![CDATA[org.openqa.selenium.NoSuchElementException: no such element: Unable to locate element: {"method":"xpath","selector":"//body/app-root[1]/app-main-container[1]/div[1]/div[2]/div[1]/app-connector[1]/div[1]/div[1]/div[1]/div[1]/div[1]/div[2]/div[1]/div[1]/div[1]/div[1]/div[1]/div[1]/div[1]/div[1]/div[1]/div[2]/div[1]/perfect-scrollbar[1]/div[1]/div[1]/form[1]/div[1]/div[1]/div[1]/div[1]/ng-select[1]/div[1]/span[2]"}
  (Session info: chrome=130.0.6723.117)
For documentation on this error, please visit: https://www.selenium.dev/documentation/webdriver/troubleshooting/errors#no-such-element-exception
Build info: version: '4.14.1', revision: '03f8ede370'
System info: os.name: 'Windows 10', os.arch: 'amd64', os.version: '10.0', java.version: '21.0.2'
Driver info: org.openqa.selenium.chrome.ChromeDriver
Command: [4c0e482e11e09cb39c1765b09d0307c8, findElement {using=xpath, value=//body/app-root[1]/app-main-container[1]/div[1]/div[2]/div[1]/app-connector[1]/div[1]/div[1]/div[1]/div[1]/div[1]/div[2]/div[1]/div[1]/div[1]/div[1]/div[1]/div[1]/div[1]/div[1]/div[1]/div[2]/div[1]/perfect-scrollbar[1]/div[1]/div[1]/form[1]/div[1]/div[1]/div[1]/div[1]/ng-select[1]/div[1]/span[2]}]
Capabilities {acceptInsecureCerts: false, browserName: chrome, browserVersion: 130.0.6723.117, chrome: {chromedriverVersion: 130.0.6723.116 (6ac35f94ae3..., userDataDir: C:\Users\Welcome\AppData\Lo...}, fedcm:accounts: true, goog:chromeOptions: {debuggerAddress: localhost:60054}, networkConnectionEnabled: false, pageLoadStrategy: normal, platformName: windows, proxy: Proxy(), se:cdp: ws://localhost:60054/devtoo..., se:cdpVersion: 130.0.6723.117, setWindowRect: true, strictFileInteractability: false, timeouts: {implicit: 0, pageLoad: 300000, script: 30000}, unhandledPromptBehavior: dismiss and notify, webauthn:extension:credBlob: true, webauthn:extension:largeBlob: true, webauthn:extension:minPinLength: true, webauthn:extension:prf: true, webauthn:virtualAuthenticators: true}
Session ID: 4c0e482e11e09cb39c1765b09d0307c8
at org.openqa.selenium.remote.codec.w3c.W3CHttpResponseCodec.createException(W3CHttpResponseCodec.java:200)
at org.openqa.selenium.remote.codec.w3c.W3CHttpResponseCodec.decode(W3CHttpResponseCodec.java:133)
at org.openqa.selenium.remote.codec.w3c.W3CHttpResponseCodec.decode(W3CHttpResponseCodec.java:52)
at org.openqa.selenium.remote.HttpCommandExecutor.execute(HttpCommandExecutor.java:191)
at org.openqa.selenium.remote.service.DriverCommandExecutor.invokeExecute(DriverCommandExecutor.java:200)
at org.openqa.selenium.remote.service.DriverCommandExecutor.execute(DriverCommandExecutor.java:175)
at org.openqa.selenium.remote.RemoteWebDriver.execute(RemoteWebDriver.java:602)
at org.openqa.selenium.remote.ElementLocation$ElementFinder$2.findElement(ElementLocation.java:165)
at org.openqa.selenium.remote.ElementLocation.findElement(ElementLocation.java:59)
at org.openqa.selenium.remote.RemoteWebDriver.findElement(RemoteWebDriver.java:359)
at org.openqa.selenium.remote.RemoteWebDriver.findElement(RemoteWebDriver.java:353)
at visionETL.Test.ETLConnector.ETL_CC_014(ETLConnector.java:554)
at java.base/java.util.ArrayList.forEach(ArrayList.java:1596)
... Removed 28 stack frames]]>
    </failure>
  </testcase> <!-- ETL_CC_014 -->
  <testcase classname="visionETL.Test.ETLConnector" name="ETL_CC_015" time="19.384">
    <failure type="org.openqa.selenium.NoSuchElementException" message="no such element: Unable to locate element: {&amp;quot;method&amp;quot;:&amp;quot;xpath&amp;quot;,&amp;quot;selector&amp;quot;:&amp;quot;//body/app-root[1]/app-main-container[1]/div[1]/div[2]/div[1]/app-connector[1]/div[1]/div[1]/div[1]/div[1]/div[1]/div[2]/div[1]/div[1]/div[1]/div[1]/div[1]/div[1]/div[1]/div[1]/div[1]/div[2]/div[1]/perfect-scrollbar[1]/div[1]/div[1]/form[1]/div[1]/div[1]/div[1]/div[1]/ng-select[1]/div[1]/span[2]&amp;quot;}
  (Session info: chrome=130.0.6723.117)
For documentation on this error, please visit: https://www.selenium.dev/documentation/webdriver/troubleshooting/errors#no-such-element-exception
Build info: version: &amp;apos;4.14.1&amp;apos;, revision: &amp;apos;03f8ede370&amp;apos;
System info: os.name: &amp;apos;Windows 10&amp;apos;, os.arch: &amp;apos;amd64&amp;apos;, os.version: &amp;apos;10.0&amp;apos;, java.version: &amp;apos;21.0.2&amp;apos;
Driver info: org.openqa.selenium.chrome.ChromeDriver
Command: [d533d7714a51b655394c42dc64849cab, findElement {using=xpath, value=//body/app-root[1]/app-main-container[1]/div[1]/div[2]/div[1]/app-connector[1]/div[1]/div[1]/div[1]/div[1]/div[1]/div[2]/div[1]/div[1]/div[1]/div[1]/div[1]/div[1]/div[1]/div[1]/div[1]/div[2]/div[1]/perfect-scrollbar[1]/div[1]/div[1]/form[1]/div[1]/div[1]/div[1]/div[1]/ng-select[1]/div[1]/span[2]}]
Capabilities {acceptInsecureCerts: false, browserName: chrome, browserVersion: 130.0.6723.117, chrome: {chromedriverVersion: 130.0.6723.116 (6ac35f94ae3..., userDataDir: C:\Users\Welcome\AppData\Lo...}, fedcm:accounts: true, goog:chromeOptions: {debuggerAddress: localhost:60120}, networkConnectionEnabled: false, pageLoadStrategy: normal, platformName: windows, proxy: Proxy(), se:cdp: ws://localhost:60120/devtoo..., se:cdpVersion: 130.0.6723.117, setWindowRect: true, strictFileInteractability: false, timeouts: {implicit: 0, pageLoad: 300000, script: 30000}, unhandledPromptBehavior: dismiss and notify, webauthn:extension:credBlob: true, webauthn:extension:largeBlob: true, webauthn:extension:minPinLength: true, webauthn:extension:prf: true, webauthn:virtualAuthenticators: true}
Session ID: d533d7714a51b655394c42dc64849cab">
      <![CDATA[org.openqa.selenium.NoSuchElementException: no such element: Unable to locate element: {"method":"xpath","selector":"//body/app-root[1]/app-main-container[1]/div[1]/div[2]/div[1]/app-connector[1]/div[1]/div[1]/div[1]/div[1]/div[1]/div[2]/div[1]/div[1]/div[1]/div[1]/div[1]/div[1]/div[1]/div[1]/div[1]/div[2]/div[1]/perfect-scrollbar[1]/div[1]/div[1]/form[1]/div[1]/div[1]/div[1]/div[1]/ng-select[1]/div[1]/span[2]"}
  (Session info: chrome=130.0.6723.117)
For documentation on this error, please visit: https://www.selenium.dev/documentation/webdriver/troubleshooting/errors#no-such-element-exception
Build info: version: '4.14.1', revision: '03f8ede370'
System info: os.name: 'Windows 10', os.arch: 'amd64', os.version: '10.0', java.version: '21.0.2'
Driver info: org.openqa.selenium.chrome.ChromeDriver
Command: [d533d7714a51b655394c42dc64849cab, findElement {using=xpath, value=//body/app-root[1]/app-main-container[1]/div[1]/div[2]/div[1]/app-connector[1]/div[1]/div[1]/div[1]/div[1]/div[1]/div[2]/div[1]/div[1]/div[1]/div[1]/div[1]/div[1]/div[1]/div[1]/div[1]/div[2]/div[1]/perfect-scrollbar[1]/div[1]/div[1]/form[1]/div[1]/div[1]/div[1]/div[1]/ng-select[1]/div[1]/span[2]}]
Capabilities {acceptInsecureCerts: false, browserName: chrome, browserVersion: 130.0.6723.117, chrome: {chromedriverVersion: 130.0.6723.116 (6ac35f94ae3..., userDataDir: C:\Users\Welcome\AppData\Lo...}, fedcm:accounts: true, goog:chromeOptions: {debuggerAddress: localhost:60120}, networkConnectionEnabled: false, pageLoadStrategy: normal, platformName: windows, proxy: Proxy(), se:cdp: ws://localhost:60120/devtoo..., se:cdpVersion: 130.0.6723.117, setWindowRect: true, strictFileInteractability: false, timeouts: {implicit: 0, pageLoad: 300000, script: 30000}, unhandledPromptBehavior: dismiss and notify, webauthn:extension:credBlob: true, webauthn:extension:largeBlob: true, webauthn:extension:minPinLength: true, webauthn:extension:prf: true, webauthn:virtualAuthenticators: true}
Session ID: d533d7714a51b655394c42dc64849cab
at org.openqa.selenium.remote.codec.w3c.W3CHttpResponseCodec.createException(W3CHttpResponseCodec.java:200)
at org.openqa.selenium.remote.codec.w3c.W3CHttpResponseCodec.decode(W3CHttpResponseCodec.java:133)
at org.openqa.selenium.remote.codec.w3c.W3CHttpResponseCodec.decode(W3CHttpResponseCodec.java:52)
at org.openqa.selenium.remote.HttpCommandExecutor.execute(HttpCommandExecutor.java:191)
at org.openqa.selenium.remote.service.DriverCommandExecutor.invokeExecute(DriverCommandExecutor.java:200)
at org.openqa.selenium.remote.service.DriverCommandExecutor.execute(DriverCommandExecutor.java:175)
at org.openqa.selenium.remote.RemoteWebDriver.execute(RemoteWebDriver.java:602)
at org.openqa.selenium.remote.ElementLocation$ElementFinder$2.findElement(ElementLocation.java:165)
at org.openqa.selenium.remote.ElementLocation.findElement(ElementLocation.java:59)
at org.openqa.selenium.remote.RemoteWebDriver.findElement(RemoteWebDriver.java:359)
at org.openqa.selenium.remote.RemoteWebDriver.findElement(RemoteWebDriver.java:353)
at visionETL.Test.ETLConnector.ETL_CC_015(ETLConnector.java:613)
at java.base/java.util.ArrayList.forEach(ArrayList.java:1596)
... Removed 28 stack frames]]>
    </failure>
  </testcase> <!-- ETL_CC_015 -->
  <testcase classname="visionETL.Test.ETLConnector" name="ETL_CC_016" time="18.87">
    <failure type="org.openqa.selenium.NoSuchElementException" message="no such element: Unable to locate element: {&amp;quot;method&amp;quot;:&amp;quot;xpath&amp;quot;,&amp;quot;selector&amp;quot;:&amp;quot;//body/app-root[1]/app-main-container[1]/div[1]/div[2]/div[1]/app-connector[1]/div[1]/div[1]/div[1]/div[1]/div[1]/div[2]/div[1]/div[1]/div[1]/div[1]/div[1]/div[1]/div[1]/div[1]/div[1]/div[2]/div[1]/perfect-scrollbar[1]/div[1]/div[1]/form[1]/div[1]/div[1]/div[1]/div[1]/ng-select[1]/div[1]/span[2]&amp;quot;}
  (Session info: chrome=130.0.6723.117)
For documentation on this error, please visit: https://www.selenium.dev/documentation/webdriver/troubleshooting/errors#no-such-element-exception
Build info: version: &amp;apos;4.14.1&amp;apos;, revision: &amp;apos;03f8ede370&amp;apos;
System info: os.name: &amp;apos;Windows 10&amp;apos;, os.arch: &amp;apos;amd64&amp;apos;, os.version: &amp;apos;10.0&amp;apos;, java.version: &amp;apos;21.0.2&amp;apos;
Driver info: org.openqa.selenium.chrome.ChromeDriver
Command: [ef4109a8df664e275a35914cd125328e, findElement {using=xpath, value=//body/app-root[1]/app-main-container[1]/div[1]/div[2]/div[1]/app-connector[1]/div[1]/div[1]/div[1]/div[1]/div[1]/div[2]/div[1]/div[1]/div[1]/div[1]/div[1]/div[1]/div[1]/div[1]/div[1]/div[2]/div[1]/perfect-scrollbar[1]/div[1]/div[1]/form[1]/div[1]/div[1]/div[1]/div[1]/ng-select[1]/div[1]/span[2]}]
Capabilities {acceptInsecureCerts: false, browserName: chrome, browserVersion: 130.0.6723.117, chrome: {chromedriverVersion: 130.0.6723.116 (6ac35f94ae3..., userDataDir: C:\Users\Welcome\AppData\Lo...}, fedcm:accounts: true, goog:chromeOptions: {debuggerAddress: localhost:60183}, networkConnectionEnabled: false, pageLoadStrategy: normal, platformName: windows, proxy: Proxy(), se:cdp: ws://localhost:60183/devtoo..., se:cdpVersion: 130.0.6723.117, setWindowRect: true, strictFileInteractability: false, timeouts: {implicit: 0, pageLoad: 300000, script: 30000}, unhandledPromptBehavior: dismiss and notify, webauthn:extension:credBlob: true, webauthn:extension:largeBlob: true, webauthn:extension:minPinLength: true, webauthn:extension:prf: true, webauthn:virtualAuthenticators: true}
Session ID: ef4109a8df664e275a35914cd125328e">
      <![CDATA[org.openqa.selenium.NoSuchElementException: no such element: Unable to locate element: {"method":"xpath","selector":"//body/app-root[1]/app-main-container[1]/div[1]/div[2]/div[1]/app-connector[1]/div[1]/div[1]/div[1]/div[1]/div[1]/div[2]/div[1]/div[1]/div[1]/div[1]/div[1]/div[1]/div[1]/div[1]/div[1]/div[2]/div[1]/perfect-scrollbar[1]/div[1]/div[1]/form[1]/div[1]/div[1]/div[1]/div[1]/ng-select[1]/div[1]/span[2]"}
  (Session info: chrome=130.0.6723.117)
For documentation on this error, please visit: https://www.selenium.dev/documentation/webdriver/troubleshooting/errors#no-such-element-exception
Build info: version: '4.14.1', revision: '03f8ede370'
System info: os.name: 'Windows 10', os.arch: 'amd64', os.version: '10.0', java.version: '21.0.2'
Driver info: org.openqa.selenium.chrome.ChromeDriver
Command: [ef4109a8df664e275a35914cd125328e, findElement {using=xpath, value=//body/app-root[1]/app-main-container[1]/div[1]/div[2]/div[1]/app-connector[1]/div[1]/div[1]/div[1]/div[1]/div[1]/div[2]/div[1]/div[1]/div[1]/div[1]/div[1]/div[1]/div[1]/div[1]/div[1]/div[2]/div[1]/perfect-scrollbar[1]/div[1]/div[1]/form[1]/div[1]/div[1]/div[1]/div[1]/ng-select[1]/div[1]/span[2]}]
Capabilities {acceptInsecureCerts: false, browserName: chrome, browserVersion: 130.0.6723.117, chrome: {chromedriverVersion: 130.0.6723.116 (6ac35f94ae3..., userDataDir: C:\Users\Welcome\AppData\Lo...}, fedcm:accounts: true, goog:chromeOptions: {debuggerAddress: localhost:60183}, networkConnectionEnabled: false, pageLoadStrategy: normal, platformName: windows, proxy: Proxy(), se:cdp: ws://localhost:60183/devtoo..., se:cdpVersion: 130.0.6723.117, setWindowRect: true, strictFileInteractability: false, timeouts: {implicit: 0, pageLoad: 300000, script: 30000}, unhandledPromptBehavior: dismiss and notify, webauthn:extension:credBlob: true, webauthn:extension:largeBlob: true, webauthn:extension:minPinLength: true, webauthn:extension:prf: true, webauthn:virtualAuthenticators: true}
Session ID: ef4109a8df664e275a35914cd125328e
at org.openqa.selenium.remote.codec.w3c.W3CHttpResponseCodec.createException(W3CHttpResponseCodec.java:200)
at org.openqa.selenium.remote.codec.w3c.W3CHttpResponseCodec.decode(W3CHttpResponseCodec.java:133)
at org.openqa.selenium.remote.codec.w3c.W3CHttpResponseCodec.decode(W3CHttpResponseCodec.java:52)
at org.openqa.selenium.remote.HttpCommandExecutor.execute(HttpCommandExecutor.java:191)
at org.openqa.selenium.remote.service.DriverCommandExecutor.invokeExecute(DriverCommandExecutor.java:200)
at org.openqa.selenium.remote.service.DriverCommandExecutor.execute(DriverCommandExecutor.java:175)
at org.openqa.selenium.remote.RemoteWebDriver.execute(RemoteWebDriver.java:602)
at org.openqa.selenium.remote.ElementLocation$ElementFinder$2.findElement(ElementLocation.java:165)
at org.openqa.selenium.remote.ElementLocation.findElement(ElementLocation.java:59)
at org.openqa.selenium.remote.RemoteWebDriver.findElement(RemoteWebDriver.java:359)
at org.openqa.selenium.remote.RemoteWebDriver.findElement(RemoteWebDriver.java:353)
at visionETL.Test.ETLConnector.ETL_CC_016(ETLConnector.java:690)
at java.base/java.util.ArrayList.forEach(ArrayList.java:1596)
... Removed 28 stack frames]]>
    </failure>
  </testcase> <!-- ETL_CC_016 -->
  <testcase classname="visionETL.Test.ETLConnector" name="ETL_CC_017" time="0.0">
    <skipped/>
  </testcase> <!-- ETL_CC_017 -->
  <testcase classname="visionETL.Test.ETLConnector" name="ETL_CC_018" time="0.0">
    <skipped/>
  </testcase> <!-- ETL_CC_018 -->
  <testcase classname="visionETL.Test.ETLConnector" name="ETL_CC_019" time="0.0">
    <skipped/>
  </testcase> <!-- ETL_CC_019 -->
  <testcase classname="visionETL.Test.ETLConnector" name="ETL_CC_020" time="0.0">
    <skipped/>
  </testcase> <!-- ETL_CC_020 -->
  <testcase classname="visionETL.Test.ETLConnector" name="ETL_CC_021" time="0.0">
    <skipped/>
  </testcase> <!-- ETL_CC_021 -->
  <testcase classname="visionETL.Test.ETLConnector" name="ETL_CC_022" time="0.0">
    <skipped/>
  </testcase> <!-- ETL_CC_022 -->
  <testcase classname="visionETL.Test.ETLConnector" name="ETL_CC_026" time="0.0">
    <skipped/>
  </testcase> <!-- ETL_CC_026 -->
  <testcase classname="visionETL.Test.ETLConnector" name="ETL_CC_027" time="0.0">
    <skipped/>
  </testcase> <!-- ETL_CC_027 -->
  <testcase classname="visionETL.Test.ETLConnector" name="ETL_CC_028" time="0.0">
    <skipped/>
  </testcase> <!-- ETL_CC_028 -->
  <testcase classname="visionETL.Test.ETLConnector" name="ETL_CC_029" time="0.0">
    <skipped/>
  </testcase> <!-- ETL_CC_029 -->
  <testcase classname="visionETL.Test.ETLConnector" name="ETL_CC_030" time="0.0">
    <skipped/>
  </testcase> <!-- ETL_CC_030 -->
  <testcase classname="visionETL.Test.ETLConnector" name="ETL_CC_034" time="0.0">
    <skipped/>
  </testcase> <!-- ETL_CC_034 -->
  <testcase classname="visionETL.Test.ETLConnector" name="ETL_CC_031" time="0.0">
    <skipped/>
  </testcase> <!-- ETL_CC_031 -->
  <testcase classname="visionETL.Test.ETLConnector" name="ETL_CC_032" time="0.0">
    <skipped/>
  </testcase> <!-- ETL_CC_032 -->
  <testcase classname="visionETL.Test.ETLConnector" name="ETL_CC_023" time="0.0">
    <skipped/>
  </testcase> <!-- ETL_CC_023 -->
  <testcase classname="visionETL.Test.ETLConnector" name="ETL_CC_024" time="0.0">
    <skipped/>
  </testcase> <!-- ETL_CC_024 -->
  <testcase classname="visionETL.Test.ETLConnector" name="ETL_CC_025" time="0.0">
    <skipped/>
  </testcase> <!-- ETL_CC_025 -->
  <testcase classname="visionETL.Test.ETLConnector" name="ETL_CC_033" time="0.0">
    <skipped/>
  </testcase> <!-- ETL_CC_033 -->
  <testcase classname="visionETL.Test.ETLConnector" name="ETL_CC_035" time="0.0">
    <skipped/>
  </testcase> <!-- ETL_CC_035 -->
  <testcase classname="visionETL.Test.ETLConnector" name="ETL_CC_036" time="0.0">
    <skipped/>
  </testcase> <!-- ETL_CC_036 -->
  <testcase classname="visionETL.Test.ETLConnector" name="ETL_CC_037" time="0.0">
    <skipped/>
  </testcase> <!-- ETL_CC_037 -->
  <testcase classname="visionETL.Test.ETLConnector" name="ETL_CC_038" time="0.0">
    <skipped/>
  </testcase> <!-- ETL_CC_038 -->
  <testcase classname="visionETL.Test.ETLConnector" name="ETL_CC_042" time="0.0">
    <skipped/>
  </testcase> <!-- ETL_CC_042 -->
  <testcase classname="visionETL.Test.ETLConnector" name="ETL_CC_043" time="0.0">
    <skipped/>
  </testcase> <!-- ETL_CC_043 -->
  <testcase classname="visionETL.Test.ETLConnector" name="ETL_CC_049" time="0.0">
    <skipped/>
  </testcase> <!-- ETL_CC_049 -->
  <testcase classname="visionETL.Test.ETLConnector" name="ETL_CC_047" time="0.0">
    <skipped/>
  </testcase> <!-- ETL_CC_047 -->
  <testcase classname="visionETL.Test.ETL_Category" name="ETL_CT_002" time="0.042">
    <failure type="org.openqa.selenium.NoSuchWindowException" message="no such window: target window already closed
from unknown error: web view not found
  (Session info: chrome=130.0.6723.117)
Build info: version: &amp;apos;4.14.1&amp;apos;, revision: &amp;apos;03f8ede370&amp;apos;
System info: os.name: &amp;apos;Windows 10&amp;apos;, os.arch: &amp;apos;amd64&amp;apos;, os.version: &amp;apos;10.0&amp;apos;, java.version: &amp;apos;21.0.2&amp;apos;
Driver info: org.openqa.selenium.chrome.ChromeDriver
Command: [7ac4f86327f07f66e1820377bfa72c8b, findElement {using=xpath, value=//span[@class = &amp;apos;bmd-form-group pb-4&amp;apos;]//input[@formcontrolname=&amp;apos;user_name&amp;apos;]}]
Capabilities {acceptInsecureCerts: false, browserName: chrome, browserVersion: 130.0.6723.117, chrome: {chromedriverVersion: 130.0.6723.116 (6ac35f94ae3..., userDataDir: C:\Users\Welcome\AppData\Lo...}, fedcm:accounts: true, goog:chromeOptions: {debuggerAddress: localhost:60255}, networkConnectionEnabled: false, pageLoadStrategy: normal, platformName: windows, proxy: Proxy(), se:cdp: ws://localhost:60255/devtoo..., se:cdpVersion: 130.0.6723.117, setWindowRect: true, strictFileInteractability: false, timeouts: {implicit: 0, pageLoad: 300000, script: 30000}, unhandledPromptBehavior: dismiss and notify, webauthn:extension:credBlob: true, webauthn:extension:largeBlob: true, webauthn:extension:minPinLength: true, webauthn:extension:prf: true, webauthn:virtualAuthenticators: true}
Session ID: 7ac4f86327f07f66e1820377bfa72c8b">
      <![CDATA[org.openqa.selenium.NoSuchWindowException: no such window: target window already closed
from unknown error: web view not found
  (Session info: chrome=130.0.6723.117)
Build info: version: '4.14.1', revision: '03f8ede370'
System info: os.name: 'Windows 10', os.arch: 'amd64', os.version: '10.0', java.version: '21.0.2'
Driver info: org.openqa.selenium.chrome.ChromeDriver
Command: [7ac4f86327f07f66e1820377bfa72c8b, findElement {using=xpath, value=//span[@class = 'bmd-form-group pb-4']//input[@formcontrolname='user_name']}]
Capabilities {acceptInsecureCerts: false, browserName: chrome, browserVersion: 130.0.6723.117, chrome: {chromedriverVersion: 130.0.6723.116 (6ac35f94ae3..., userDataDir: C:\Users\Welcome\AppData\Lo...}, fedcm:accounts: true, goog:chromeOptions: {debuggerAddress: localhost:60255}, networkConnectionEnabled: false, pageLoadStrategy: normal, platformName: windows, proxy: Proxy(), se:cdp: ws://localhost:60255/devtoo..., se:cdpVersion: 130.0.6723.117, setWindowRect: true, strictFileInteractability: false, timeouts: {implicit: 0, pageLoad: 300000, script: 30000}, unhandledPromptBehavior: dismiss and notify, webauthn:extension:credBlob: true, webauthn:extension:largeBlob: true, webauthn:extension:minPinLength: true, webauthn:extension:prf: true, webauthn:virtualAuthenticators: true}
Session ID: 7ac4f86327f07f66e1820377bfa72c8b
at org.openqa.selenium.remote.codec.w3c.W3CHttpResponseCodec.createException(W3CHttpResponseCodec.java:200)
at org.openqa.selenium.remote.codec.w3c.W3CHttpResponseCodec.decode(W3CHttpResponseCodec.java:133)
at org.openqa.selenium.remote.codec.w3c.W3CHttpResponseCodec.decode(W3CHttpResponseCodec.java:52)
at org.openqa.selenium.remote.HttpCommandExecutor.execute(HttpCommandExecutor.java:191)
at org.openqa.selenium.remote.service.DriverCommandExecutor.invokeExecute(DriverCommandExecutor.java:200)
at org.openqa.selenium.remote.service.DriverCommandExecutor.execute(DriverCommandExecutor.java:175)
at org.openqa.selenium.remote.RemoteWebDriver.execute(RemoteWebDriver.java:602)
at org.openqa.selenium.remote.ElementLocation$ElementFinder$2.findElement(ElementLocation.java:165)
at org.openqa.selenium.remote.ElementLocation.findElement(ElementLocation.java:59)
at org.openqa.selenium.remote.RemoteWebDriver.findElement(RemoteWebDriver.java:359)
at org.openqa.selenium.remote.RemoteWebDriver.findElement(RemoteWebDriver.java:353)
at org.openqa.selenium.support.pagefactory.DefaultElementLocator.findElement(DefaultElementLocator.java:68)
at org.openqa.selenium.support.pagefactory.internal.LocatingElementHandler.invoke(LocatingElementHandler.java:38)
at jdk.proxy2/jdk.proxy2.$Proxy17.sendKeys(Unknown Source)
at Package_PageObject.Login.loginUsername(Login.java:31)
at visionETL.Test.ETL_Category.ETL_CT_002(ETL_Category.java:95)
at java.base/java.util.ArrayList.forEach(ArrayList.java:1596)
... Removed 28 stack frames]]>
    </failure>
  </testcase> <!-- ETL_CT_002 -->
  <testcase classname="visionETL.Test.ETL_Category" name="ETL_CT_002" time="3.442">
    <failure type="org.openqa.selenium.NoSuchWindowException" message="no such window: target window already closed
from unknown error: web view not found
  (Session info: chrome=130.0.6723.117)
Build info: version: &amp;apos;4.14.1&amp;apos;, revision: &amp;apos;03f8ede370&amp;apos;
System info: os.name: &amp;apos;Windows 10&amp;apos;, os.arch: &amp;apos;amd64&amp;apos;, os.version: &amp;apos;10.0&amp;apos;, java.version: &amp;apos;21.0.2&amp;apos;
Driver info: org.openqa.selenium.chrome.ChromeDriver
Command: [7ac4f86327f07f66e1820377bfa72c8b, screenshot {}]
Capabilities {acceptInsecureCerts: false, browserName: chrome, browserVersion: 130.0.6723.117, chrome: {chromedriverVersion: 130.0.6723.116 (6ac35f94ae3..., userDataDir: C:\Users\Welcome\AppData\Lo...}, fedcm:accounts: true, goog:chromeOptions: {debuggerAddress: localhost:60255}, networkConnectionEnabled: false, pageLoadStrategy: normal, platformName: windows, proxy: Proxy(), se:cdp: ws://localhost:60255/devtoo..., se:cdpVersion: 130.0.6723.117, setWindowRect: true, strictFileInteractability: false, timeouts: {implicit: 0, pageLoad: 300000, script: 30000}, unhandledPromptBehavior: dismiss and notify, webauthn:extension:credBlob: true, webauthn:extension:largeBlob: true, webauthn:extension:minPinLength: true, webauthn:extension:prf: true, webauthn:virtualAuthenticators: true}
Session ID: 7ac4f86327f07f66e1820377bfa72c8b">
      <![CDATA[org.openqa.selenium.NoSuchWindowException: no such window: target window already closed
from unknown error: web view not found
  (Session info: chrome=130.0.6723.117)
Build info: version: '4.14.1', revision: '03f8ede370'
System info: os.name: 'Windows 10', os.arch: 'amd64', os.version: '10.0', java.version: '21.0.2'
Driver info: org.openqa.selenium.chrome.ChromeDriver
Command: [7ac4f86327f07f66e1820377bfa72c8b, screenshot {}]
Capabilities {acceptInsecureCerts: false, browserName: chrome, browserVersion: 130.0.6723.117, chrome: {chromedriverVersion: 130.0.6723.116 (6ac35f94ae3..., userDataDir: C:\Users\Welcome\AppData\Lo...}, fedcm:accounts: true, goog:chromeOptions: {debuggerAddress: localhost:60255}, networkConnectionEnabled: false, pageLoadStrategy: normal, platformName: windows, proxy: Proxy(), se:cdp: ws://localhost:60255/devtoo..., se:cdpVersion: 130.0.6723.117, setWindowRect: true, strictFileInteractability: false, timeouts: {implicit: 0, pageLoad: 300000, script: 30000}, unhandledPromptBehavior: dismiss and notify, webauthn:extension:credBlob: true, webauthn:extension:largeBlob: true, webauthn:extension:minPinLength: true, webauthn:extension:prf: true, webauthn:virtualAuthenticators: true}
Session ID: 7ac4f86327f07f66e1820377bfa72c8b
at org.openqa.selenium.remote.codec.w3c.W3CHttpResponseCodec.createException(W3CHttpResponseCodec.java:200)
at org.openqa.selenium.remote.codec.w3c.W3CHttpResponseCodec.decode(W3CHttpResponseCodec.java:133)
at org.openqa.selenium.remote.codec.w3c.W3CHttpResponseCodec.decode(W3CHttpResponseCodec.java:52)
at org.openqa.selenium.remote.HttpCommandExecutor.execute(HttpCommandExecutor.java:191)
at org.openqa.selenium.remote.service.DriverCommandExecutor.invokeExecute(DriverCommandExecutor.java:200)
at org.openqa.selenium.remote.service.DriverCommandExecutor.execute(DriverCommandExecutor.java:175)
at org.openqa.selenium.remote.RemoteWebDriver.execute(RemoteWebDriver.java:602)
at org.openqa.selenium.remote.RemoteWebDriver.execute(RemoteWebDriver.java:675)
at org.openqa.selenium.remote.RemoteWebDriver.execute(RemoteWebDriver.java:679)
at org.openqa.selenium.remote.RemoteWebDriver.getScreenshotAs(RemoteWebDriver.java:325)
at visionETL.Test.ListenersETL.captureScreenshot(ListenersETL.java:222)
at visionETL.Test.ListenersETL.attachScreenshotIfAvailable(ListenersETL.java:200)
at visionETL.Test.ListenersETL.onTestFailure(ListenersETL.java:139)
at java.base/java.util.ArrayList.forEach(ArrayList.java:1596)
... Removed 27 stack frames]]>
    </failure>
  </testcase> <!-- ETL_CT_002 -->
  <testcase classname="visionETL.Test.ETLConnector" name="ETL_CC_010" time="0.0">
    <ignored/>
  </testcase> <!-- ETL_CC_010 -->
  <testcase classname="visionETL.Test.ETLConnector" name="ETL_CC_004" time="0.0">
    <ignored/>
  </testcase> <!-- ETL_CC_004 -->
  <testcase classname="visionETL.Test.ETL_Category" name="ETL_CT_001" time="0.0">
    <ignored/>
  </testcase> <!-- ETL_CT_001 -->
  <testcase classname="visionETL.Test.ETLConnector" name="ETL_CC_003" time="0.0">
    <ignored/>
  </testcase> <!-- ETL_CC_003 -->
  <testcase classname="visionETL.Test.ETLConnector" name="ETL_CC_002" time="0.0">
    <ignored/>
  </testcase> <!-- ETL_CC_002 -->
  <testcase classname="visionETL.Test.ETLConnector" name="ETL_CC_008" time="0.0">
    <ignored/>
  </testcase> <!-- ETL_CC_008 -->
  <testcase classname="visionETL.Test.ETLLandingPage" name="ETL_LP_036" time="0.0">
    <ignored/>
  </testcase> <!-- ETL_LP_036 -->
  <testcase classname="visionETL.Test.ETLConnector" name="ETL_CC_007" time="0.0">
    <ignored/>
  </testcase> <!-- ETL_CC_007 -->
  <testcase classname="visionETL.Test.ETLFeedConfiguration" name="ETL_FC_020" time="0.0">
    <ignored/>
  </testcase> <!-- ETL_FC_020 -->
  <testcase classname="visionETL.Test.ETLConnector" name="ETL_CC_006" time="0.0">
    <ignored/>
  </testcase> <!-- ETL_CC_006 -->
  <testcase classname="visionETL.Test.ETLFeedConfiguration" name="ETL_FC_022" time="0.0">
    <ignored/>
  </testcase> <!-- ETL_FC_022 -->
</testsuite> <!-- Test -->
